[ 2018-09-11T00:01:43+08:00 ] 127.0.0.1 /home
INFO: [ app_init ] --START--
INFO: Run Behavior\BuildLiteBehavior [ RunTime:0.000016s ]
INFO: [ app_init ] --END-- [ RunTime:0.000374s ]
INFO: [ app_begin ] --START--
INFO: Run Behavior\ReadHtmlCacheBehavior [ RunTime:0.000603s ]
INFO: [ app_begin ] --END-- [ RunTime:0.000658s ]
SQL: SHOW COLUMNS FROM `album` [ RunTime:0.0035s ]
SQL: SHOW COLUMNS FROM `album` [ RunTime:0.0031s ]
SQL: SELECT album.* FROM `album` left join photo_album_relation ON photo_album_relation.album_id = album.id  WHERE ( album.is_delete=0 and photo_album_relation.album_id <> '' ) GROUP BY album.id ORDER BY album.sort desc,album.id asc  [ RunTime:0.0005s ]
INFO: [ view_parse ] --START--
INFO: [ template_filter ] --START--
INFO: Run Behavior\ContentReplaceBehavior [ RunTime:0.000111s ]
INFO: [ template_filter ] --END-- [ RunTime:0.000177s ]
INFO: Run Behavior\ParseTemplateBehavior [ RunTime:0.007540s ]
INFO: [ view_parse ] --END-- [ RunTime:0.007597s ]
INFO: [ view_filter ] --START--
INFO: Run Behavior\WriteHtmlCacheBehavior [ RunTime:0.000436s ]
INFO: [ view_filter ] --END-- [ RunTime:0.000511s ]
INFO: [ app_end ] --START--
INFO: Run Behavior\ShowPageTraceBehavior [ RunTime:0.000486s ]
INFO: [ app_end ] --END-- [ RunTime:0.000543s ]

[ 2018-09-11T00:01:44+08:00 ] 127.0.0.1 /Home/Index/album_show.html
INFO: [ app_init ] --START--
INFO: Run Behavior\BuildLiteBehavior [ RunTime:0.000016s ]
INFO: [ app_init ] --END-- [ RunTime:0.000393s ]
INFO: [ app_begin ] --START--
INFO: Run Behavior\ReadHtmlCacheBehavior [ RunTime:0.000535s ]
INFO: [ app_begin ] --END-- [ RunTime:0.000601s ]
SQL: SHOW COLUMNS FROM `album` [ RunTime:0.0033s ]
SQL: SHOW COLUMNS FROM `theme` [ RunTime:0.0029s ]
SQL: SHOW COLUMNS FROM `album_theme_relation` [ RunTime:0.0033s ]
SQL: SELECT * FROM `theme` WHERE ( is_delete=0 )  [ RunTime:0.0002s ]
SQL: SELECT album.* FROM `album` left join photo_album_relation ON photo_album_relation.album_id = album.id  WHERE ( album.is_delete=0 and photo_album_relation.album_id <> '' ) GROUP BY album.id ORDER BY album.sort desc,album.id asc  [ RunTime:0.0004s ]
SQL: SELECT `theme_name` FROM `album_theme_relation` INNER JOIN theme ON theme.id = album_theme_relation.theme_id  WHERE ( album_theme_relation.album_id='1' )  [ RunTime:0.0001s ]
NOTIC: [8] Undefined index: theme_names D:\wamp\www\photo\App\Home\Controller\IndexController.class.php 第 93 行.
SQL: SELECT `theme_name` FROM `album_theme_relation` INNER JOIN theme ON theme.id = album_theme_relation.theme_id  WHERE ( album_theme_relation.album_id='2' )  [ RunTime:0.0001s ]
NOTIC: [8] Undefined index: theme_names D:\wamp\www\photo\App\Home\Controller\IndexController.class.php 第 93 行.
SQL: SELECT `theme_name` FROM `album_theme_relation` INNER JOIN theme ON theme.id = album_theme_relation.theme_id  WHERE ( album_theme_relation.album_id='5' )  [ RunTime:0.0001s ]
NOTIC: [8] Undefined index: theme_names D:\wamp\www\photo\App\Home\Controller\IndexController.class.php 第 93 行.
SQL: SELECT `theme_name` FROM `album_theme_relation` INNER JOIN theme ON theme.id = album_theme_relation.theme_id  WHERE ( album_theme_relation.album_id='6' )  [ RunTime:0.0001s ]
NOTIC: [8] Undefined index: theme_names D:\wamp\www\photo\App\Home\Controller\IndexController.class.php 第 93 行.
SQL: SELECT `theme_name` FROM `album_theme_relation` INNER JOIN theme ON theme.id = album_theme_relation.theme_id  WHERE ( album_theme_relation.album_id='7' )  [ RunTime:0.0001s ]
NOTIC: [8] Undefined index: theme_names D:\wamp\www\photo\App\Home\Controller\IndexController.class.php 第 93 行.
INFO: [ view_parse ] --START--
INFO: [ template_filter ] --START--
INFO: Run Behavior\ContentReplaceBehavior [ RunTime:0.000047s ]
INFO: [ template_filter ] --END-- [ RunTime:0.000101s ]
INFO: Run Behavior\ParseTemplateBehavior [ RunTime:0.005015s ]
INFO: [ view_parse ] --END-- [ RunTime:0.005072s ]
INFO: [ view_filter ] --START--
INFO: Run Behavior\WriteHtmlCacheBehavior [ RunTime:0.000305s ]
INFO: [ view_filter ] --END-- [ RunTime:0.000354s ]
INFO: [ app_end ] --START--
INFO: Run Behavior\ShowPageTraceBehavior [ RunTime:0.000458s ]
INFO: [ app_end ] --END-- [ RunTime:0.000508s ]

[ 2018-09-11T00:01:45+08:00 ] 127.0.0.1 /Home/Index/photo_show/album_id/7.html
INFO: [ app_init ] --START--
INFO: Run Behavior\BuildLiteBehavior [ RunTime:0.000018s ]
INFO: [ app_init ] --END-- [ RunTime:0.000462s ]
INFO: [ app_begin ] --START--
INFO: Run Behavior\ReadHtmlCacheBehavior [ RunTime:0.000559s ]
INFO: [ app_begin ] --END-- [ RunTime:0.000633s ]
SQL: SHOW COLUMNS FROM `photo` [ RunTime:0.0030s ]
SQL: SELECT * FROM `photo` INNER JOIN photo_album_relation ON photo_album_relation.photo_id = photo.id  WHERE ( photo_album_relation.album_id='7' ) ORDER BY photo.sort desc,photo.id asc  [ RunTime:0.0004s ]
INFO: [ view_parse ] --START--
INFO: [ template_filter ] --START--
INFO: Run Behavior\ContentReplaceBehavior [ RunTime:0.000040s ]
INFO: [ template_filter ] --END-- [ RunTime:0.000103s ]
INFO: Run Behavior\ParseTemplateBehavior [ RunTime:0.005173s ]
INFO: [ view_parse ] --END-- [ RunTime:0.005237s ]
INFO: [ view_filter ] --START--
INFO: Run Behavior\WriteHtmlCacheBehavior [ RunTime:0.000357s ]
INFO: [ view_filter ] --END-- [ RunTime:0.000410s ]
INFO: [ app_end ] --START--
INFO: Run Behavior\ShowPageTraceBehavior [ RunTime:0.000533s ]
INFO: [ app_end ] --END-- [ RunTime:0.000584s ]

[ 2018-09-11T00:03:04+08:00 ] 127.0.0.1 /Home/Index/album_show.html
INFO: [ app_init ] --START--
INFO: Run Behavior\BuildLiteBehavior [ RunTime:0.000017s ]
INFO: [ app_init ] --END-- [ RunTime:0.000408s ]
INFO: [ app_begin ] --START--
INFO: Run Behavior\ReadHtmlCacheBehavior [ RunTime:0.000507s ]
INFO: [ app_begin ] --END-- [ RunTime:0.000570s ]
SQL: SHOW COLUMNS FROM `album` [ RunTime:0.0033s ]
SQL: SHOW COLUMNS FROM `theme` [ RunTime:0.0031s ]
SQL: SHOW COLUMNS FROM `album_theme_relation` [ RunTime:0.0035s ]
SQL: SELECT * FROM `theme` WHERE ( is_delete=0 )  [ RunTime:0.0002s ]
SQL: SELECT album.* FROM `album` left join photo_album_relation ON photo_album_relation.album_id = album.id  WHERE ( album.is_delete=0 and photo_album_relation.album_id <> '' ) GROUP BY album.id ORDER BY album.sort desc,album.id asc  [ RunTime:0.0004s ]
SQL: SELECT `theme_name` FROM `album_theme_relation` INNER JOIN theme ON theme.id = album_theme_relation.theme_id  WHERE ( album_theme_relation.album_id='1' )  [ RunTime:0.0002s ]
NOTIC: [8] Undefined index: theme_names D:\wamp\www\photo\App\Home\Controller\IndexController.class.php 第 93 行.
SQL: SELECT `theme_name` FROM `album_theme_relation` INNER JOIN theme ON theme.id = album_theme_relation.theme_id  WHERE ( album_theme_relation.album_id='2' )  [ RunTime:0.0002s ]
NOTIC: [8] Undefined index: theme_names D:\wamp\www\photo\App\Home\Controller\IndexController.class.php 第 93 行.
SQL: SELECT `theme_name` FROM `album_theme_relation` INNER JOIN theme ON theme.id = album_theme_relation.theme_id  WHERE ( album_theme_relation.album_id='5' )  [ RunTime:0.0002s ]
NOTIC: [8] Undefined index: theme_names D:\wamp\www\photo\App\Home\Controller\IndexController.class.php 第 93 行.
SQL: SELECT `theme_name` FROM `album_theme_relation` INNER JOIN theme ON theme.id = album_theme_relation.theme_id  WHERE ( album_theme_relation.album_id='6' )  [ RunTime:0.0001s ]
NOTIC: [8] Undefined index: theme_names D:\wamp\www\photo\App\Home\Controller\IndexController.class.php 第 93 行.
SQL: SELECT `theme_name` FROM `album_theme_relation` INNER JOIN theme ON theme.id = album_theme_relation.theme_id  WHERE ( album_theme_relation.album_id='7' )  [ RunTime:0.0001s ]
NOTIC: [8] Undefined index: theme_names D:\wamp\www\photo\App\Home\Controller\IndexController.class.php 第 93 行.
INFO: [ view_parse ] --START--
INFO: [ template_filter ] --START--
INFO: Run Behavior\ContentReplaceBehavior [ RunTime:0.000045s ]
INFO: [ template_filter ] --END-- [ RunTime:0.000103s ]
INFO: Run Behavior\ParseTemplateBehavior [ RunTime:0.005242s ]
INFO: [ view_parse ] --END-- [ RunTime:0.005298s ]
INFO: [ view_filter ] --START--
INFO: Run Behavior\WriteHtmlCacheBehavior [ RunTime:0.000331s ]
INFO: [ view_filter ] --END-- [ RunTime:0.000380s ]
INFO: [ app_end ] --START--
INFO: Run Behavior\ShowPageTraceBehavior [ RunTime:0.000519s ]
INFO: [ app_end ] --END-- [ RunTime:0.000570s ]

[ 2018-09-11T00:04:43+08:00 ] 127.0.0.1 /Home/Index/album_show.html
INFO: [ app_init ] --START--
INFO: Run Behavior\BuildLiteBehavior [ RunTime:0.000015s ]
INFO: [ app_init ] --END-- [ RunTime:0.000381s ]
INFO: [ app_begin ] --START--
INFO: Run Behavior\ReadHtmlCacheBehavior [ RunTime:0.000518s ]
INFO: [ app_begin ] --END-- [ RunTime:0.000574s ]
SQL: SHOW COLUMNS FROM `album` [ RunTime:0.0031s ]
SQL: SHOW COLUMNS FROM `theme` [ RunTime:0.0028s ]
SQL: SHOW COLUMNS FROM `album_theme_relation` [ RunTime:0.0027s ]
SQL: SELECT * FROM `theme` WHERE ( is_delete=0 )  [ RunTime:0.0002s ]
SQL: SELECT album.* FROM `album` left join photo_album_relation ON photo_album_relation.album_id = album.id  WHERE ( album.is_delete=0 and photo_album_relation.album_id <> '' ) GROUP BY album.id ORDER BY album.sort desc,album.id asc  [ RunTime:0.0004s ]
SQL: SELECT `theme_name` FROM `album_theme_relation` INNER JOIN theme ON theme.id = album_theme_relation.theme_id  WHERE ( album_theme_relation.album_id='1' )  [ RunTime:0.0002s ]
NOTIC: [8] Undefined index: theme_names D:\wamp\www\photo\App\Home\Controller\IndexController.class.php 第 93 行.
SQL: SELECT `theme_name` FROM `album_theme_relation` INNER JOIN theme ON theme.id = album_theme_relation.theme_id  WHERE ( album_theme_relation.album_id='2' )  [ RunTime:0.0001s ]
NOTIC: [8] Undefined index: theme_names D:\wamp\www\photo\App\Home\Controller\IndexController.class.php 第 93 行.
SQL: SELECT `theme_name` FROM `album_theme_relation` INNER JOIN theme ON theme.id = album_theme_relation.theme_id  WHERE ( album_theme_relation.album_id='5' )  [ RunTime:0.0001s ]
NOTIC: [8] Undefined index: theme_names D:\wamp\www\photo\App\Home\Controller\IndexController.class.php 第 93 行.
SQL: SELECT `theme_name` FROM `album_theme_relation` INNER JOIN theme ON theme.id = album_theme_relation.theme_id  WHERE ( album_theme_relation.album_id='6' )  [ RunTime:0.0001s ]
NOTIC: [8] Undefined index: theme_names D:\wamp\www\photo\App\Home\Controller\IndexController.class.php 第 93 行.
SQL: SELECT `theme_name` FROM `album_theme_relation` INNER JOIN theme ON theme.id = album_theme_relation.theme_id  WHERE ( album_theme_relation.album_id='7' )  [ RunTime:0.0001s ]
NOTIC: [8] Undefined index: theme_names D:\wamp\www\photo\App\Home\Controller\IndexController.class.php 第 93 行.
INFO: [ view_parse ] --START--
INFO: [ template_filter ] --START--
INFO: Run Behavior\ContentReplaceBehavior [ RunTime:0.000046s ]
INFO: [ template_filter ] --END-- [ RunTime:0.000107s ]
INFO: Run Behavior\ParseTemplateBehavior [ RunTime:0.005380s ]
INFO: [ view_parse ] --END-- [ RunTime:0.005436s ]
INFO: [ view_filter ] --START--
INFO: Run Behavior\WriteHtmlCacheBehavior [ RunTime:0.000375s ]
INFO: [ view_filter ] --END-- [ RunTime:0.000424s ]
INFO: [ app_end ] --START--
INFO: Run Behavior\ShowPageTraceBehavior [ RunTime:0.000514s ]
INFO: [ app_end ] --END-- [ RunTime:0.000563s ]

[ 2018-09-11T00:04:52+08:00 ] 127.0.0.1 /Home/Index/album_show.html
INFO: [ app_init ] --START--
INFO: Run Behavior\BuildLiteBehavior [ RunTime:0.000015s ]
INFO: [ app_init ] --END-- [ RunTime:0.000358s ]
INFO: [ app_begin ] --START--
INFO: Run Behavior\ReadHtmlCacheBehavior [ RunTime:0.000506s ]
INFO: [ app_begin ] --END-- [ RunTime:0.000572s ]
SQL: SHOW COLUMNS FROM `album` [ RunTime:0.0034s ]
SQL: SHOW COLUMNS FROM `theme` [ RunTime:0.0027s ]
SQL: SHOW COLUMNS FROM `album_theme_relation` [ RunTime:0.0032s ]
SQL: SELECT * FROM `theme` WHERE ( is_delete=0 )  [ RunTime:0.0004s ]
SQL: SELECT album.* FROM `album` left join photo_album_relation ON photo_album_relation.album_id = album.id  WHERE ( album.is_delete=0 and photo_album_relation.album_id <> '' ) GROUP BY album.id ORDER BY album.sort desc,album.id asc  [ RunTime:0.0005s ]
SQL: SELECT `theme_name` FROM `album_theme_relation` INNER JOIN theme ON theme.id = album_theme_relation.theme_id  WHERE ( album_theme_relation.album_id='1' )  [ RunTime:0.0002s ]
NOTIC: [8] Undefined index: theme_names D:\wamp\www\photo\App\Home\Controller\IndexController.class.php 第 93 行.
SQL: SELECT `theme_name` FROM `album_theme_relation` INNER JOIN theme ON theme.id = album_theme_relation.theme_id  WHERE ( album_theme_relation.album_id='2' )  [ RunTime:0.0002s ]
NOTIC: [8] Undefined index: theme_names D:\wamp\www\photo\App\Home\Controller\IndexController.class.php 第 93 行.
SQL: SELECT `theme_name` FROM `album_theme_relation` INNER JOIN theme ON theme.id = album_theme_relation.theme_id  WHERE ( album_theme_relation.album_id='5' )  [ RunTime:0.0002s ]
NOTIC: [8] Undefined index: theme_names D:\wamp\www\photo\App\Home\Controller\IndexController.class.php 第 93 行.
SQL: SELECT `theme_name` FROM `album_theme_relation` INNER JOIN theme ON theme.id = album_theme_relation.theme_id  WHERE ( album_theme_relation.album_id='6' )  [ RunTime:0.0001s ]
NOTIC: [8] Undefined index: theme_names D:\wamp\www\photo\App\Home\Controller\IndexController.class.php 第 93 行.
SQL: SELECT `theme_name` FROM `album_theme_relation` INNER JOIN theme ON theme.id = album_theme_relation.theme_id  WHERE ( album_theme_relation.album_id='7' )  [ RunTime:0.0001s ]
NOTIC: [8] Undefined index: theme_names D:\wamp\www\photo\App\Home\Controller\IndexController.class.php 第 93 行.
INFO: [ view_parse ] --START--
INFO: [ template_filter ] --START--
INFO: Run Behavior\ContentReplaceBehavior [ RunTime:0.000044s ]
INFO: [ template_filter ] --END-- [ RunTime:0.000107s ]
INFO: Run Behavior\ParseTemplateBehavior [ RunTime:0.005119s ]
INFO: [ view_parse ] --END-- [ RunTime:0.005179s ]
INFO: [ view_filter ] --START--
INFO: Run Behavior\WriteHtmlCacheBehavior [ RunTime:0.000327s ]
INFO: [ view_filter ] --END-- [ RunTime:0.000380s ]
INFO: [ app_end ] --START--
INFO: Run Behavior\ShowPageTraceBehavior [ RunTime:0.000488s ]
INFO: [ app_end ] --END-- [ RunTime:0.000539s ]

[ 2018-09-11T00:04:52+08:00 ] 127.0.0.1 /Home/Index/photo_show/album_id/1.html
INFO: [ app_init ] --START--
INFO: Run Behavior\BuildLiteBehavior [ RunTime:0.000021s ]
INFO: [ app_init ] --END-- [ RunTime:0.000448s ]
INFO: [ app_begin ] --START--
INFO: Run Behavior\ReadHtmlCacheBehavior [ RunTime:0.000712s ]
INFO: [ app_begin ] --END-- [ RunTime:0.000793s ]
SQL: SHOW COLUMNS FROM `photo` [ RunTime:0.0046s ]
SQL: SELECT * FROM `photo` INNER JOIN photo_album_relation ON photo_album_relation.photo_id = photo.id  WHERE ( photo_album_relation.album_id='1' ) ORDER BY photo.sort desc,photo.id asc  [ RunTime:0.0005s ]
INFO: [ view_parse ] --START--
INFO: [ template_filter ] --START--
INFO: Run Behavior\ContentReplaceBehavior [ RunTime:0.000038s ]
INFO: [ template_filter ] --END-- [ RunTime:0.000091s ]
INFO: Run Behavior\ParseTemplateBehavior [ RunTime:0.004650s ]
INFO: [ view_parse ] --END-- [ RunTime:0.004706s ]
INFO: [ view_filter ] --START--
INFO: Run Behavior\WriteHtmlCacheBehavior [ RunTime:0.000345s ]
INFO: [ view_filter ] --END-- [ RunTime:0.000392s ]
INFO: [ app_end ] --START--
INFO: Run Behavior\ShowPageTraceBehavior [ RunTime:0.000504s ]
INFO: [ app_end ] --END-- [ RunTime:0.000553s ]

[ 2018-09-11T00:05:04+08:00 ] 127.0.0.1 /Home/Index/album_show.html
INFO: [ app_init ] --START--
INFO: Run Behavior\BuildLiteBehavior [ RunTime:0.000017s ]
INFO: [ app_init ] --END-- [ RunTime:0.000542s ]
INFO: [ app_begin ] --START--
INFO: Run Behavior\ReadHtmlCacheBehavior [ RunTime:0.001534s ]
INFO: [ app_begin ] --END-- [ RunTime:0.001633s ]
SQL: SHOW COLUMNS FROM `album` [ RunTime:0.0044s ]
SQL: SHOW COLUMNS FROM `theme` [ RunTime:0.0043s ]
SQL: SHOW COLUMNS FROM `album_theme_relation` [ RunTime:0.0046s ]
SQL: SELECT * FROM `theme` WHERE ( is_delete=0 )  [ RunTime:0.0003s ]
SQL: SELECT album.* FROM `album` left join photo_album_relation ON photo_album_relation.album_id = album.id  WHERE ( album.is_delete=0 and photo_album_relation.album_id <> '' ) GROUP BY album.id ORDER BY album.sort desc,album.id asc  [ RunTime:0.0005s ]
SQL: SELECT `theme_name` FROM `album_theme_relation` INNER JOIN theme ON theme.id = album_theme_relation.theme_id  WHERE ( album_theme_relation.album_id='1' )  [ RunTime:0.0003s ]
NOTIC: [8] Undefined index: theme_names D:\wamp\www\photo\App\Home\Controller\IndexController.class.php 第 93 行.
SQL: SELECT `theme_name` FROM `album_theme_relation` INNER JOIN theme ON theme.id = album_theme_relation.theme_id  WHERE ( album_theme_relation.album_id='2' )  [ RunTime:0.0001s ]
NOTIC: [8] Undefined index: theme_names D:\wamp\www\photo\App\Home\Controller\IndexController.class.php 第 93 行.
SQL: SELECT `theme_name` FROM `album_theme_relation` INNER JOIN theme ON theme.id = album_theme_relation.theme_id  WHERE ( album_theme_relation.album_id='5' )  [ RunTime:0.0003s ]
NOTIC: [8] Undefined index: theme_names D:\wamp\www\photo\App\Home\Controller\IndexController.class.php 第 93 行.
SQL: SELECT `theme_name` FROM `album_theme_relation` INNER JOIN theme ON theme.id = album_theme_relation.theme_id  WHERE ( album_theme_relation.album_id='6' )  [ RunTime:0.0002s ]
NOTIC: [8] Undefined index: theme_names D:\wamp\www\photo\App\Home\Controller\IndexController.class.php 第 93 行.
SQL: SELECT `theme_name` FROM `album_theme_relation` INNER JOIN theme ON theme.id = album_theme_relation.theme_id  WHERE ( album_theme_relation.album_id='7' )  [ RunTime:0.0002s ]
NOTIC: [8] Undefined index: theme_names D:\wamp\www\photo\App\Home\Controller\IndexController.class.php 第 93 行.
INFO: [ view_parse ] --START--
INFO: [ template_filter ] --START--
INFO: Run Behavior\ContentReplaceBehavior [ RunTime:0.000056s ]
INFO: [ template_filter ] --END-- [ RunTime:0.000130s ]
INFO: Run Behavior\ParseTemplateBehavior [ RunTime:0.006290s ]
INFO: [ view_parse ] --END-- [ RunTime:0.006354s ]
INFO: [ view_filter ] --START--
INFO: Run Behavior\WriteHtmlCacheBehavior [ RunTime:0.000365s ]
INFO: [ view_filter ] --END-- [ RunTime:0.000420s ]
INFO: [ app_end ] --START--
INFO: Run Behavior\ShowPageTraceBehavior [ RunTime:0.000826s ]
INFO: [ app_end ] --END-- [ RunTime:0.000934s ]

[ 2018-09-11T00:05:12+08:00 ] 127.0.0.1 /Home/Index/album_show.html
INFO: [ app_init ] --START--
INFO: Run Behavior\BuildLiteBehavior [ RunTime:0.000014s ]
INFO: [ app_init ] --END-- [ RunTime:0.000301s ]
INFO: [ app_begin ] --START--
INFO: Run Behavior\ReadHtmlCacheBehavior [ RunTime:0.000408s ]
INFO: [ app_begin ] --END-- [ RunTime:0.000462s ]
SQL: SHOW COLUMNS FROM `album` [ RunTime:0.0032s ]
SQL: SHOW COLUMNS FROM `theme` [ RunTime:0.0033s ]
SQL: SHOW COLUMNS FROM `album_theme_relation` [ RunTime:0.0036s ]
SQL: SELECT * FROM `theme` WHERE ( is_delete=0 )  [ RunTime:0.0002s ]
SQL: SELECT album.* FROM `album` left join photo_album_relation ON photo_album_relation.album_id = album.id  WHERE ( album.is_delete=0 and photo_album_relation.album_id <> '' ) GROUP BY album.id ORDER BY album.sort desc,album.id asc  [ RunTime:0.0005s ]
SQL: SELECT `theme_name` FROM `album_theme_relation` INNER JOIN theme ON theme.id = album_theme_relation.theme_id  WHERE ( album_theme_relation.album_id='1' )  [ RunTime:0.0002s ]
NOTIC: [8] Undefined index: theme_names D:\wamp\www\photo\App\Home\Controller\IndexController.class.php 第 93 行.
SQL: SELECT `theme_name` FROM `album_theme_relation` INNER JOIN theme ON theme.id = album_theme_relation.theme_id  WHERE ( album_theme_relation.album_id='2' )  [ RunTime:0.0002s ]
NOTIC: [8] Undefined index: theme_names D:\wamp\www\photo\App\Home\Controller\IndexController.class.php 第 93 行.
SQL: SELECT `theme_name` FROM `album_theme_relation` INNER JOIN theme ON theme.id = album_theme_relation.theme_id  WHERE ( album_theme_relation.album_id='5' )  [ RunTime:0.0001s ]
NOTIC: [8] Undefined index: theme_names D:\wamp\www\photo\App\Home\Controller\IndexController.class.php 第 93 行.
SQL: SELECT `theme_name` FROM `album_theme_relation` INNER JOIN theme ON theme.id = album_theme_relation.theme_id  WHERE ( album_theme_relation.album_id='6' )  [ RunTime:0.0002s ]
NOTIC: [8] Undefined index: theme_names D:\wamp\www\photo\App\Home\Controller\IndexController.class.php 第 93 行.
SQL: SELECT `theme_name` FROM `album_theme_relation` INNER JOIN theme ON theme.id = album_theme_relation.theme_id  WHERE ( album_theme_relation.album_id='7' )  [ RunTime:0.0001s ]
NOTIC: [8] Undefined index: theme_names D:\wamp\www\photo\App\Home\Controller\IndexController.class.php 第 93 行.
INFO: [ view_parse ] --START--
INFO: [ template_filter ] --START--
INFO: Run Behavior\ContentReplaceBehavior [ RunTime:0.000041s ]
INFO: [ template_filter ] --END-- [ RunTime:0.000093s ]
INFO: Run Behavior\ParseTemplateBehavior [ RunTime:0.004801s ]
INFO: [ view_parse ] --END-- [ RunTime:0.004854s ]
INFO: [ view_filter ] --START--
INFO: Run Behavior\WriteHtmlCacheBehavior [ RunTime:0.000253s ]
INFO: [ view_filter ] --END-- [ RunTime:0.000300s ]
INFO: [ app_end ] --START--
INFO: Run Behavior\ShowPageTraceBehavior [ RunTime:0.000404s ]
INFO: [ app_end ] --END-- [ RunTime:0.000452s ]

[ 2018-09-11T00:05:19+08:00 ] 127.0.0.1 /Home/Index/album_show.html
INFO: [ app_init ] --START--
INFO: Run Behavior\BuildLiteBehavior [ RunTime:0.000015s ]
INFO: [ app_init ] --END-- [ RunTime:0.000350s ]
INFO: [ app_begin ] --START--
INFO: Run Behavior\ReadHtmlCacheBehavior [ RunTime:0.000656s ]
INFO: [ app_begin ] --END-- [ RunTime:0.000722s ]
SQL: SHOW COLUMNS FROM `album` [ RunTime:0.0035s ]
SQL: SHOW COLUMNS FROM `theme` [ RunTime:0.0031s ]
SQL: SHOW COLUMNS FROM `album_theme_relation` [ RunTime:0.0030s ]
SQL: SELECT * FROM `theme` WHERE ( is_delete=0 )  [ RunTime:0.0002s ]
SQL: SELECT album.* FROM `album` left join photo_album_relation ON photo_album_relation.album_id = album.id  WHERE ( album.is_delete=0 and photo_album_relation.album_id <> '' ) GROUP BY album.id ORDER BY album.sort desc,album.id asc  [ RunTime:0.0004s ]
SQL: SELECT `theme_name` FROM `album_theme_relation` INNER JOIN theme ON theme.id = album_theme_relation.theme_id  WHERE ( album_theme_relation.album_id='1' )  [ RunTime:0.0002s ]
NOTIC: [8] Undefined index: theme_names D:\wamp\www\photo\App\Home\Controller\IndexController.class.php 第 93 行.
SQL: SELECT `theme_name` FROM `album_theme_relation` INNER JOIN theme ON theme.id = album_theme_relation.theme_id  WHERE ( album_theme_relation.album_id='2' )  [ RunTime:0.0001s ]
NOTIC: [8] Undefined index: theme_names D:\wamp\www\photo\App\Home\Controller\IndexController.class.php 第 93 行.
SQL: SELECT `theme_name` FROM `album_theme_relation` INNER JOIN theme ON theme.id = album_theme_relation.theme_id  WHERE ( album_theme_relation.album_id='5' )  [ RunTime:0.0001s ]
NOTIC: [8] Undefined index: theme_names D:\wamp\www\photo\App\Home\Controller\IndexController.class.php 第 93 行.
SQL: SELECT `theme_name` FROM `album_theme_relation` INNER JOIN theme ON theme.id = album_theme_relation.theme_id  WHERE ( album_theme_relation.album_id='6' )  [ RunTime:0.0001s ]
NOTIC: [8] Undefined index: theme_names D:\wamp\www\photo\App\Home\Controller\IndexController.class.php 第 93 行.
SQL: SELECT `theme_name` FROM `album_theme_relation` INNER JOIN theme ON theme.id = album_theme_relation.theme_id  WHERE ( album_theme_relation.album_id='7' )  [ RunTime:0.0002s ]
NOTIC: [8] Undefined index: theme_names D:\wamp\www\photo\App\Home\Controller\IndexController.class.php 第 93 行.
INFO: [ view_parse ] --START--
INFO: [ template_filter ] --START--
INFO: Run Behavior\ContentReplaceBehavior [ RunTime:0.000046s ]
INFO: [ template_filter ] --END-- [ RunTime:0.000105s ]
INFO: Run Behavior\ParseTemplateBehavior [ RunTime:0.004948s ]
INFO: [ view_parse ] --END-- [ RunTime:0.005009s ]
INFO: [ view_filter ] --START--
INFO: Run Behavior\WriteHtmlCacheBehavior [ RunTime:0.000315s ]
INFO: [ view_filter ] --END-- [ RunTime:0.000365s ]
INFO: [ app_end ] --START--
INFO: Run Behavior\ShowPageTraceBehavior [ RunTime:0.000478s ]
INFO: [ app_end ] --END-- [ RunTime:0.000529s ]

[ 2018-09-11T00:05:28+08:00 ] 127.0.0.1 /Home/Index/album_show.html
INFO: [ app_init ] --START--
INFO: Run Behavior\BuildLiteBehavior [ RunTime:0.000015s ]
INFO: [ app_init ] --END-- [ RunTime:0.000379s ]
INFO: [ app_begin ] --START--
INFO: Run Behavior\ReadHtmlCacheBehavior [ RunTime:0.000518s ]
INFO: [ app_begin ] --END-- [ RunTime:0.000582s ]
SQL: SHOW COLUMNS FROM `album` [ RunTime:0.0031s ]
SQL: SHOW COLUMNS FROM `theme` [ RunTime:0.0027s ]
SQL: SHOW COLUMNS FROM `album_theme_relation` [ RunTime:0.0027s ]
SQL: SELECT * FROM `theme` WHERE ( is_delete=0 )  [ RunTime:0.0002s ]
SQL: SELECT album.* FROM `album` left join photo_album_relation ON photo_album_relation.album_id = album.id  WHERE ( album.is_delete=0 and photo_album_relation.album_id <> '' ) GROUP BY album.id ORDER BY album.sort desc,album.id asc  [ RunTime:0.0005s ]
SQL: SELECT `theme_name` FROM `album_theme_relation` INNER JOIN theme ON theme.id = album_theme_relation.theme_id  WHERE ( album_theme_relation.album_id='1' )  [ RunTime:0.0002s ]
NOTIC: [8] Undefined index: theme_names D:\wamp\www\photo\App\Home\Controller\IndexController.class.php 第 93 行.
SQL: SELECT `theme_name` FROM `album_theme_relation` INNER JOIN theme ON theme.id = album_theme_relation.theme_id  WHERE ( album_theme_relation.album_id='2' )  [ RunTime:0.0001s ]
NOTIC: [8] Undefined index: theme_names D:\wamp\www\photo\App\Home\Controller\IndexController.class.php 第 93 行.
SQL: SELECT `theme_name` FROM `album_theme_relation` INNER JOIN theme ON theme.id = album_theme_relation.theme_id  WHERE ( album_theme_relation.album_id='5' )  [ RunTime:0.0001s ]
NOTIC: [8] Undefined index: theme_names D:\wamp\www\photo\App\Home\Controller\IndexController.class.php 第 93 行.
SQL: SELECT `theme_name` FROM `album_theme_relation` INNER JOIN theme ON theme.id = album_theme_relation.theme_id  WHERE ( album_theme_relation.album_id='6' )  [ RunTime:0.0001s ]
NOTIC: [8] Undefined index: theme_names D:\wamp\www\photo\App\Home\Controller\IndexController.class.php 第 93 行.
SQL: SELECT `theme_name` FROM `album_theme_relation` INNER JOIN theme ON theme.id = album_theme_relation.theme_id  WHERE ( album_theme_relation.album_id='7' )  [ RunTime:0.0001s ]
NOTIC: [8] Undefined index: theme_names D:\wamp\www\photo\App\Home\Controller\IndexController.class.php 第 93 行.
INFO: [ view_parse ] --START--
INFO: [ template_filter ] --START--
INFO: Run Behavior\ContentReplaceBehavior [ RunTime:0.000044s ]
INFO: [ template_filter ] --END-- [ RunTime:0.000109s ]
INFO: Run Behavior\ParseTemplateBehavior [ RunTime:0.004883s ]
INFO: [ view_parse ] --END-- [ RunTime:0.004939s ]
INFO: [ view_filter ] --START--
INFO: Run Behavior\WriteHtmlCacheBehavior [ RunTime:0.000302s ]
INFO: [ view_filter ] --END-- [ RunTime:0.000352s ]
INFO: [ app_end ] --START--
INFO: Run Behavior\ShowPageTraceBehavior [ RunTime:0.000453s ]
INFO: [ app_end ] --END-- [ RunTime:0.000502s ]

[ 2018-09-11T00:05:28+08:00 ] 127.0.0.1 /Home/Index/photo_show/album_id/1.html
INFO: [ app_init ] --START--
INFO: Run Behavior\BuildLiteBehavior [ RunTime:0.000015s ]
INFO: [ app_init ] --END-- [ RunTime:0.000372s ]
INFO: [ app_begin ] --START--
INFO: Run Behavior\ReadHtmlCacheBehavior [ RunTime:0.000626s ]
INFO: [ app_begin ] --END-- [ RunTime:0.000700s ]
SQL: SHOW COLUMNS FROM `photo` [ RunTime:0.0037s ]
SQL: SELECT * FROM `photo` INNER JOIN photo_album_relation ON photo_album_relation.photo_id = photo.id  WHERE ( photo_album_relation.album_id='1' ) ORDER BY photo.sort desc,photo.id asc  [ RunTime:0.0004s ]
INFO: [ view_parse ] --START--
INFO: [ template_filter ] --START--
INFO: Run Behavior\ContentReplaceBehavior [ RunTime:0.000066s ]
INFO: [ template_filter ] --END-- [ RunTime:0.000146s ]
INFO: Run Behavior\ParseTemplateBehavior [ RunTime:0.005354s ]
INFO: [ view_parse ] --END-- [ RunTime:0.005411s ]
INFO: [ view_filter ] --START--
INFO: Run Behavior\WriteHtmlCacheBehavior [ RunTime:0.000303s ]
INFO: [ view_filter ] --END-- [ RunTime:0.000349s ]
INFO: [ app_end ] --START--
INFO: Run Behavior\ShowPageTraceBehavior [ RunTime:0.000431s ]
INFO: [ app_end ] --END-- [ RunTime:0.000481s ]

[ 2018-09-11T00:06:30+08:00 ] 127.0.0.1 /home
INFO: [ app_init ] --START--
INFO: Run Behavior\BuildLiteBehavior [ RunTime:0.000014s ]
INFO: [ app_init ] --END-- [ RunTime:0.000353s ]
INFO: [ app_begin ] --START--
INFO: Run Behavior\ReadHtmlCacheBehavior [ RunTime:0.000468s ]
INFO: [ app_begin ] --END-- [ RunTime:0.000528s ]
SQL: SHOW COLUMNS FROM `album` [ RunTime:0.0031s ]
SQL: SHOW COLUMNS FROM `album` [ RunTime:0.0028s ]
SQL: SELECT album.* FROM `album` left join photo_album_relation ON photo_album_relation.album_id = album.id  WHERE ( album.is_delete=0 and photo_album_relation.album_id <> '' ) GROUP BY album.id ORDER BY album.sort desc,album.id asc  [ RunTime:0.0004s ]
INFO: [ view_parse ] --START--
INFO: [ template_filter ] --START--
INFO: Run Behavior\ContentReplaceBehavior [ RunTime:0.000108s ]
INFO: [ template_filter ] --END-- [ RunTime:0.000168s ]
INFO: Run Behavior\ParseTemplateBehavior [ RunTime:0.007595s ]
INFO: [ view_parse ] --END-- [ RunTime:0.007649s ]
INFO: [ view_filter ] --START--
INFO: Run Behavior\WriteHtmlCacheBehavior [ RunTime:0.000362s ]
INFO: [ view_filter ] --END-- [ RunTime:0.000409s ]
INFO: [ app_end ] --START--
INFO: Run Behavior\ShowPageTraceBehavior [ RunTime:0.000453s ]
INFO: [ app_end ] --END-- [ RunTime:0.000503s ]

[ 2018-09-11T00:09:13+08:00 ] 127.0.0.1 /Home/Index/album_show.html
INFO: [ app_init ] --START--
INFO: Run Behavior\BuildLiteBehavior [ RunTime:0.000014s ]
INFO: [ app_init ] --END-- [ RunTime:0.000379s ]
INFO: [ app_begin ] --START--
INFO: Run Behavior\ReadHtmlCacheBehavior [ RunTime:0.000525s ]
INFO: [ app_begin ] --END-- [ RunTime:0.000581s ]
SQL: SHOW COLUMNS FROM `album` [ RunTime:0.0031s ]
SQL: SHOW COLUMNS FROM `theme` [ RunTime:0.0027s ]
SQL: SHOW COLUMNS FROM `album_theme_relation` [ RunTime:0.0036s ]
SQL: SELECT * FROM `theme` WHERE ( is_delete=0 )  [ RunTime:0.0003s ]
SQL: SELECT album.* FROM `album` left join photo_album_relation ON photo_album_relation.album_id = album.id  WHERE ( album.is_delete=0 and photo_album_relation.album_id <> '' ) GROUP BY album.id ORDER BY album.sort desc,album.id asc  [ RunTime:0.0004s ]
SQL: SELECT `theme_name` FROM `album_theme_relation` INNER JOIN theme ON theme.id = album_theme_relation.theme_id  WHERE ( album_theme_relation.album_id='1' )  [ RunTime:0.0002s ]
NOTIC: [8] Undefined index: theme_names D:\wamp\www\photo\App\Home\Controller\IndexController.class.php 第 93 行.
SQL: SELECT `theme_name` FROM `album_theme_relation` INNER JOIN theme ON theme.id = album_theme_relation.theme_id  WHERE ( album_theme_relation.album_id='2' )  [ RunTime:0.0002s ]
NOTIC: [8] Undefined index: theme_names D:\wamp\www\photo\App\Home\Controller\IndexController.class.php 第 93 行.
SQL: SELECT `theme_name` FROM `album_theme_relation` INNER JOIN theme ON theme.id = album_theme_relation.theme_id  WHERE ( album_theme_relation.album_id='5' )  [ RunTime:0.0002s ]
NOTIC: [8] Undefined index: theme_names D:\wamp\www\photo\App\Home\Controller\IndexController.class.php 第 93 行.
SQL: SELECT `theme_name` FROM `album_theme_relation` INNER JOIN theme ON theme.id = album_theme_relation.theme_id  WHERE ( album_theme_relation.album_id='6' )  [ RunTime:0.0002s ]
NOTIC: [8] Undefined index: theme_names D:\wamp\www\photo\App\Home\Controller\IndexController.class.php 第 93 行.
SQL: SELECT `theme_name` FROM `album_theme_relation` INNER JOIN theme ON theme.id = album_theme_relation.theme_id  WHERE ( album_theme_relation.album_id='7' )  [ RunTime:0.0002s ]
NOTIC: [8] Undefined index: theme_names D:\wamp\www\photo\App\Home\Controller\IndexController.class.php 第 93 行.
INFO: [ view_parse ] --START--
INFO: [ template_filter ] --START--
INFO: Run Behavior\ContentReplaceBehavior [ RunTime:0.000041s ]
INFO: [ template_filter ] --END-- [ RunTime:0.000100s ]
INFO: Run Behavior\ParseTemplateBehavior [ RunTime:0.005062s ]
INFO: [ view_parse ] --END-- [ RunTime:0.005117s ]
INFO: [ view_filter ] --START--
INFO: Run Behavior\WriteHtmlCacheBehavior [ RunTime:0.000358s ]
INFO: [ view_filter ] --END-- [ RunTime:0.000405s ]
INFO: [ app_end ] --START--
INFO: Run Behavior\ShowPageTraceBehavior [ RunTime:0.000512s ]
INFO: [ app_end ] --END-- [ RunTime:0.000563s ]

[ 2018-09-11T00:09:14+08:00 ] 127.0.0.1 /home
INFO: [ app_init ] --START--
INFO: Run Behavior\BuildLiteBehavior [ RunTime:0.000015s ]
INFO: [ app_init ] --END-- [ RunTime:0.000366s ]
INFO: [ app_begin ] --START--
INFO: Run Behavior\ReadHtmlCacheBehavior [ RunTime:0.000456s ]
INFO: [ app_begin ] --END-- [ RunTime:0.000522s ]
SQL: SHOW COLUMNS FROM `album` [ RunTime:0.0037s ]
SQL: SHOW COLUMNS FROM `album` [ RunTime:0.0037s ]
SQL: SELECT album.* FROM `album` left join photo_album_relation ON photo_album_relation.album_id = album.id  WHERE ( album.is_delete=0 and photo_album_relation.album_id <> '' ) GROUP BY album.id ORDER BY album.sort desc,album.id asc  [ RunTime:0.0005s ]
INFO: [ view_parse ] --START--
INFO: [ template_filter ] --START--
INFO: Run Behavior\ContentReplaceBehavior [ RunTime:0.000106s ]
INFO: [ template_filter ] --END-- [ RunTime:0.000161s ]
INFO: Run Behavior\ParseTemplateBehavior [ RunTime:0.007826s ]
INFO: [ view_parse ] --END-- [ RunTime:0.007880s ]
INFO: [ view_filter ] --START--
INFO: Run Behavior\WriteHtmlCacheBehavior [ RunTime:0.000301s ]
INFO: [ view_filter ] --END-- [ RunTime:0.000347s ]
INFO: [ app_end ] --START--
INFO: Run Behavior\ShowPageTraceBehavior [ RunTime:0.000446s ]
INFO: [ app_end ] --END-- [ RunTime:0.000498s ]

[ 2018-09-11T00:09:42+08:00 ] 127.0.0.1 /home
INFO: [ app_init ] --START--
INFO: Run Behavior\BuildLiteBehavior [ RunTime:0.000015s ]
INFO: [ app_init ] --END-- [ RunTime:0.000346s ]
INFO: [ app_begin ] --START--
INFO: Run Behavior\ReadHtmlCacheBehavior [ RunTime:0.000515s ]
INFO: [ app_begin ] --END-- [ RunTime:0.000575s ]
SQL: SHOW COLUMNS FROM `album` [ RunTime:0.0035s ]
SQL: SHOW COLUMNS FROM `album` [ RunTime:0.0029s ]
SQL: SELECT album.* FROM `album` left join photo_album_relation ON photo_album_relation.album_id = album.id  WHERE ( album.is_delete=0 and photo_album_relation.album_id <> '' ) GROUP BY album.id ORDER BY album.sort desc,album.id asc  [ RunTime:0.0004s ]
INFO: [ view_parse ] --START--
INFO: [ template_filter ] --START--
INFO: Run Behavior\ContentReplaceBehavior [ RunTime:0.000081s ]
INFO: [ template_filter ] --END-- [ RunTime:0.000130s ]
INFO: Run Behavior\ParseTemplateBehavior [ RunTime:0.007219s ]
INFO: [ view_parse ] --END-- [ RunTime:0.007285s ]
INFO: [ view_filter ] --START--
INFO: Run Behavior\WriteHtmlCacheBehavior [ RunTime:0.000335s ]
INFO: [ view_filter ] --END-- [ RunTime:0.000403s ]
INFO: [ app_end ] --START--
INFO: Run Behavior\ShowPageTraceBehavior [ RunTime:0.000468s ]
INFO: [ app_end ] --END-- [ RunTime:0.000517s ]

[ 2018-09-11T00:10:19+08:00 ] 127.0.0.1 /home
INFO: [ app_init ] --START--
INFO: Run Behavior\BuildLiteBehavior [ RunTime:0.000016s ]
INFO: [ app_init ] --END-- [ RunTime:0.000374s ]
INFO: [ app_begin ] --START--
INFO: Run Behavior\ReadHtmlCacheBehavior [ RunTime:0.000512s ]
INFO: [ app_begin ] --END-- [ RunTime:0.000603s ]
SQL: SHOW COLUMNS FROM `album` [ RunTime:0.0033s ]
SQL: SHOW COLUMNS FROM `album` [ RunTime:0.0028s ]
SQL: SELECT album.* FROM `album` left join photo_album_relation ON photo_album_relation.album_id = album.id  WHERE ( album.is_delete=0 and photo_album_relation.album_id <> '' ) GROUP BY album.id ORDER BY album.sort desc,album.id asc  [ RunTime:0.0004s ]
INFO: [ view_parse ] --START--
INFO: [ template_filter ] --START--
INFO: Run Behavior\ContentReplaceBehavior [ RunTime:0.000081s ]
INFO: [ template_filter ] --END-- [ RunTime:0.000135s ]
INFO: Run Behavior\ParseTemplateBehavior [ RunTime:0.007491s ]
INFO: [ view_parse ] --END-- [ RunTime:0.007542s ]
INFO: [ view_filter ] --START--
INFO: Run Behavior\WriteHtmlCacheBehavior [ RunTime:0.000346s ]
INFO: [ view_filter ] --END-- [ RunTime:0.000474s ]
INFO: [ app_end ] --START--
INFO: Run Behavior\ShowPageTraceBehavior [ RunTime:0.000473s ]
INFO: [ app_end ] --END-- [ RunTime:0.000520s ]

[ 2018-09-11T00:10:28+08:00 ] 127.0.0.1 /Home/Index/album_show.html
INFO: [ app_init ] --START--
INFO: Run Behavior\BuildLiteBehavior [ RunTime:0.000030s ]
INFO: [ app_init ] --END-- [ RunTime:0.000513s ]
INFO: [ app_begin ] --START--
INFO: Run Behavior\ReadHtmlCacheBehavior [ RunTime:0.000518s ]
INFO: [ app_begin ] --END-- [ RunTime:0.000584s ]
SQL: SHOW COLUMNS FROM `album` [ RunTime:0.0030s ]
SQL: SHOW COLUMNS FROM `theme` [ RunTime:0.0027s ]
SQL: SHOW COLUMNS FROM `album_theme_relation` [ RunTime:0.0027s ]
SQL: SELECT * FROM `theme` WHERE ( is_delete=0 )  [ RunTime:0.0002s ]
SQL: SELECT album.* FROM `album` left join photo_album_relation ON photo_album_relation.album_id = album.id  WHERE ( album.is_delete=0 and photo_album_relation.album_id <> '' ) GROUP BY album.id ORDER BY album.sort desc,album.id asc  [ RunTime:0.0005s ]
SQL: SELECT `theme_name` FROM `album_theme_relation` INNER JOIN theme ON theme.id = album_theme_relation.theme_id  WHERE ( album_theme_relation.album_id='1' )  [ RunTime:0.0002s ]
NOTIC: [8] Undefined index: theme_names D:\wamp\www\photo\App\Home\Controller\IndexController.class.php 第 93 行.
SQL: SELECT `theme_name` FROM `album_theme_relation` INNER JOIN theme ON theme.id = album_theme_relation.theme_id  WHERE ( album_theme_relation.album_id='2' )  [ RunTime:0.0002s ]
NOTIC: [8] Undefined index: theme_names D:\wamp\www\photo\App\Home\Controller\IndexController.class.php 第 93 行.
SQL: SELECT `theme_name` FROM `album_theme_relation` INNER JOIN theme ON theme.id = album_theme_relation.theme_id  WHERE ( album_theme_relation.album_id='5' )  [ RunTime:0.0003s ]
NOTIC: [8] Undefined index: theme_names D:\wamp\www\photo\App\Home\Controller\IndexController.class.php 第 93 行.
SQL: SELECT `theme_name` FROM `album_theme_relation` INNER JOIN theme ON theme.id = album_theme_relation.theme_id  WHERE ( album_theme_relation.album_id='6' )  [ RunTime:0.0002s ]
NOTIC: [8] Undefined index: theme_names D:\wamp\www\photo\App\Home\Controller\IndexController.class.php 第 93 行.
SQL: SELECT `theme_name` FROM `album_theme_relation` INNER JOIN theme ON theme.id = album_theme_relation.theme_id  WHERE ( album_theme_relation.album_id='7' )  [ RunTime:0.0002s ]
NOTIC: [8] Undefined index: theme_names D:\wamp\www\photo\App\Home\Controller\IndexController.class.php 第 93 行.
INFO: [ view_parse ] --START--
INFO: [ template_filter ] --START--
INFO: Run Behavior\ContentReplaceBehavior [ RunTime:0.000041s ]
INFO: [ template_filter ] --END-- [ RunTime:0.000102s ]
INFO: Run Behavior\ParseTemplateBehavior [ RunTime:0.004814s ]
INFO: [ view_parse ] --END-- [ RunTime:0.004869s ]
INFO: [ view_filter ] --START--
INFO: Run Behavior\WriteHtmlCacheBehavior [ RunTime:0.000307s ]
INFO: [ view_filter ] --END-- [ RunTime:0.000352s ]
INFO: [ app_end ] --START--
INFO: Run Behavior\ShowPageTraceBehavior [ RunTime:0.000458s ]
INFO: [ app_end ] --END-- [ RunTime:0.000509s ]

[ 2018-09-11T00:11:22+08:00 ] 127.0.0.1 /home
INFO: [ app_init ] --START--
INFO: Run Behavior\BuildLiteBehavior [ RunTime:0.000016s ]
INFO: [ app_init ] --END-- [ RunTime:0.000469s ]
INFO: [ app_begin ] --START--
INFO: Run Behavior\ReadHtmlCacheBehavior [ RunTime:0.000468s ]
INFO: [ app_begin ] --END-- [ RunTime:0.000535s ]
SQL: SHOW COLUMNS FROM `album` [ RunTime:0.0034s ]
SQL: SHOW COLUMNS FROM `album` [ RunTime:0.0037s ]
SQL: SELECT album.* FROM `album` left join photo_album_relation ON photo_album_relation.album_id = album.id  WHERE ( album.is_delete=0 and photo_album_relation.album_id <> '' ) GROUP BY album.id ORDER BY album.sort desc,album.id asc  [ RunTime:0.0005s ]
INFO: [ view_parse ] --START--
INFO: [ template_filter ] --START--
INFO: Run Behavior\ContentReplaceBehavior [ RunTime:0.000082s ]
INFO: [ template_filter ] --END-- [ RunTime:0.000133s ]
INFO: Run Behavior\ParseTemplateBehavior [ RunTime:0.007460s ]
INFO: [ view_parse ] --END-- [ RunTime:0.007602s ]
INFO: [ view_filter ] --START--
INFO: Run Behavior\WriteHtmlCacheBehavior [ RunTime:0.000301s ]
INFO: [ view_filter ] --END-- [ RunTime:0.000382s ]
INFO: [ app_end ] --START--
INFO: Run Behavior\ShowPageTraceBehavior [ RunTime:0.000584s ]
INFO: [ app_end ] --END-- [ RunTime:0.000636s ]

[ 2018-09-11T00:12:53+08:00 ] 127.0.0.1 /home
INFO: [ app_init ] --START--
INFO: Run Behavior\BuildLiteBehavior [ RunTime:0.000013s ]
INFO: [ app_init ] --END-- [ RunTime:0.000352s ]
INFO: [ app_begin ] --START--
INFO: Run Behavior\ReadHtmlCacheBehavior [ RunTime:0.000542s ]
INFO: [ app_begin ] --END-- [ RunTime:0.000626s ]
SQL: SHOW COLUMNS FROM `album` [ RunTime:0.0031s ]
SQL: SHOW COLUMNS FROM `album` [ RunTime:0.0027s ]
SQL: SELECT album.* FROM `album` left join photo_album_relation ON photo_album_relation.album_id = album.id  WHERE ( album.is_delete=0 and photo_album_relation.album_id <> '' ) GROUP BY album.id ORDER BY album.sort desc,album.id asc  [ RunTime:0.0004s ]
INFO: [ view_parse ] --START--
INFO: [ template_filter ] --START--
INFO: Run Behavior\ContentReplaceBehavior [ RunTime:0.000083s ]
INFO: [ template_filter ] --END-- [ RunTime:0.000229s ]
INFO: Run Behavior\ParseTemplateBehavior [ RunTime:0.007746s ]
INFO: [ view_parse ] --END-- [ RunTime:0.007802s ]
INFO: [ view_filter ] --START--
INFO: Run Behavior\WriteHtmlCacheBehavior [ RunTime:0.000397s ]
INFO: [ view_filter ] --END-- [ RunTime:0.000445s ]
INFO: [ app_end ] --START--
INFO: Run Behavior\ShowPageTraceBehavior [ RunTime:0.000540s ]
INFO: [ app_end ] --END-- [ RunTime:0.000594s ]

[ 2018-09-11T00:14:50+08:00 ] 127.0.0.1 /Home/Index/photo_show/album_id/2.html
INFO: [ app_init ] --START--
INFO: Run Behavior\BuildLiteBehavior [ RunTime:0.000019s ]
INFO: [ app_init ] --END-- [ RunTime:0.000364s ]
INFO: [ app_begin ] --START--
INFO: Run Behavior\ReadHtmlCacheBehavior [ RunTime:0.000570s ]
INFO: [ app_begin ] --END-- [ RunTime:0.000638s ]
SQL: SHOW COLUMNS FROM `photo` [ RunTime:0.0038s ]
SQL: SELECT * FROM `photo` INNER JOIN photo_album_relation ON photo_album_relation.photo_id = photo.id  WHERE ( photo_album_relation.album_id='2' ) ORDER BY photo.sort desc,photo.id asc  [ RunTime:0.0005s ]
INFO: [ view_parse ] --START--
INFO: [ template_filter ] --START--
INFO: Run Behavior\ContentReplaceBehavior [ RunTime:0.000039s ]
INFO: [ template_filter ] --END-- [ RunTime:0.000097s ]
INFO: Run Behavior\ParseTemplateBehavior [ RunTime:0.005259s ]
INFO: [ view_parse ] --END-- [ RunTime:0.005323s ]
INFO: [ view_filter ] --START--
INFO: Run Behavior\WriteHtmlCacheBehavior [ RunTime:0.000345s ]
INFO: [ view_filter ] --END-- [ RunTime:0.000398s ]
INFO: [ app_end ] --START--
INFO: Run Behavior\ShowPageTraceBehavior [ RunTime:0.000520s ]
INFO: [ app_end ] --END-- [ RunTime:0.000572s ]

[ 2018-09-11T00:14:52+08:00 ] 127.0.0.1 /Home/Index/album_show.html
INFO: [ app_init ] --START--
INFO: Run Behavior\BuildLiteBehavior [ RunTime:0.000014s ]
INFO: [ app_init ] --END-- [ RunTime:0.000406s ]
INFO: [ app_begin ] --START--
INFO: Run Behavior\ReadHtmlCacheBehavior [ RunTime:0.000501s ]
INFO: [ app_begin ] --END-- [ RunTime:0.000561s ]
SQL: SHOW COLUMNS FROM `album` [ RunTime:0.0040s ]
SQL: SHOW COLUMNS FROM `theme` [ RunTime:0.0034s ]
SQL: SHOW COLUMNS FROM `album_theme_relation` [ RunTime:0.0032s ]
SQL: SELECT * FROM `theme` WHERE ( is_delete=0 )  [ RunTime:0.0003s ]
SQL: SELECT album.* FROM `album` left join photo_album_relation ON photo_album_relation.album_id = album.id  WHERE ( album.is_delete=0 and photo_album_relation.album_id <> '' ) GROUP BY album.id ORDER BY album.sort desc,album.id asc  [ RunTime:0.0005s ]
SQL: SELECT `theme_name` FROM `album_theme_relation` INNER JOIN theme ON theme.id = album_theme_relation.theme_id  WHERE ( album_theme_relation.album_id='1' )  [ RunTime:0.0002s ]
NOTIC: [8] Undefined index: theme_names D:\wamp\www\photo\App\Home\Controller\IndexController.class.php 第 93 行.
SQL: SELECT `theme_name` FROM `album_theme_relation` INNER JOIN theme ON theme.id = album_theme_relation.theme_id  WHERE ( album_theme_relation.album_id='2' )  [ RunTime:0.0002s ]
NOTIC: [8] Undefined index: theme_names D:\wamp\www\photo\App\Home\Controller\IndexController.class.php 第 93 行.
SQL: SELECT `theme_name` FROM `album_theme_relation` INNER JOIN theme ON theme.id = album_theme_relation.theme_id  WHERE ( album_theme_relation.album_id='5' )  [ RunTime:0.0002s ]
NOTIC: [8] Undefined index: theme_names D:\wamp\www\photo\App\Home\Controller\IndexController.class.php 第 93 行.
SQL: SELECT `theme_name` FROM `album_theme_relation` INNER JOIN theme ON theme.id = album_theme_relation.theme_id  WHERE ( album_theme_relation.album_id='6' )  [ RunTime:0.0002s ]
NOTIC: [8] Undefined index: theme_names D:\wamp\www\photo\App\Home\Controller\IndexController.class.php 第 93 行.
SQL: SELECT `theme_name` FROM `album_theme_relation` INNER JOIN theme ON theme.id = album_theme_relation.theme_id  WHERE ( album_theme_relation.album_id='7' )  [ RunTime:0.0002s ]
NOTIC: [8] Undefined index: theme_names D:\wamp\www\photo\App\Home\Controller\IndexController.class.php 第 93 行.
INFO: [ view_parse ] --START--
INFO: [ template_filter ] --START--
INFO: Run Behavior\ContentReplaceBehavior [ RunTime:0.000045s ]
INFO: [ template_filter ] --END-- [ RunTime:0.000108s ]
INFO: Run Behavior\ParseTemplateBehavior [ RunTime:0.006138s ]
INFO: [ view_parse ] --END-- [ RunTime:0.006195s ]
INFO: [ view_filter ] --START--
INFO: Run Behavior\WriteHtmlCacheBehavior [ RunTime:0.000347s ]
INFO: [ view_filter ] --END-- [ RunTime:0.000394s ]
INFO: [ app_end ] --START--
INFO: Run Behavior\ShowPageTraceBehavior [ RunTime:0.000497s ]
INFO: [ app_end ] --END-- [ RunTime:0.000547s ]

[ 2018-09-11T00:14:58+08:00 ] 127.0.0.1 /home
INFO: [ app_init ] --START--
INFO: Run Behavior\BuildLiteBehavior [ RunTime:0.000014s ]
INFO: [ app_init ] --END-- [ RunTime:0.000368s ]
INFO: [ app_begin ] --START--
INFO: Run Behavior\ReadHtmlCacheBehavior [ RunTime:0.000553s ]
INFO: [ app_begin ] --END-- [ RunTime:0.000610s ]
SQL: SHOW COLUMNS FROM `album` [ RunTime:0.0032s ]
SQL: SHOW COLUMNS FROM `album` [ RunTime:0.0029s ]
SQL: SELECT album.* FROM `album` left join photo_album_relation ON photo_album_relation.album_id = album.id  WHERE ( album.is_delete=0 and photo_album_relation.album_id <> '' ) GROUP BY album.id ORDER BY album.sort desc,album.id asc  [ RunTime:0.0004s ]
INFO: [ view_parse ] --START--
INFO: [ template_filter ] --START--
INFO: Run Behavior\ContentReplaceBehavior [ RunTime:0.000088s ]
INFO: [ template_filter ] --END-- [ RunTime:0.000179s ]
INFO: Run Behavior\ParseTemplateBehavior [ RunTime:0.008855s ]
INFO: [ view_parse ] --END-- [ RunTime:0.008911s ]
INFO: [ view_filter ] --START--
INFO: Run Behavior\WriteHtmlCacheBehavior [ RunTime:0.000347s ]
INFO: [ view_filter ] --END-- [ RunTime:0.000394s ]
INFO: [ app_end ] --START--
INFO: Run Behavior\ShowPageTraceBehavior [ RunTime:0.000473s ]
INFO: [ app_end ] --END-- [ RunTime:0.000522s ]

[ 2018-09-11T00:15:42+08:00 ] 127.0.0.1 /home
INFO: [ app_init ] --START--
INFO: Run Behavior\BuildLiteBehavior [ RunTime:0.000014s ]
INFO: [ app_init ] --END-- [ RunTime:0.000359s ]
INFO: [ app_begin ] --START--
INFO: Run Behavior\ReadHtmlCacheBehavior [ RunTime:0.000513s ]
INFO: [ app_begin ] --END-- [ RunTime:0.000569s ]
SQL: SHOW COLUMNS FROM `album` [ RunTime:0.0032s ]
SQL: SHOW COLUMNS FROM `album` [ RunTime:0.0027s ]
SQL: SELECT album.* FROM `album` left join photo_album_relation ON photo_album_relation.album_id = album.id  WHERE ( album.is_delete=0 and photo_album_relation.album_id <> '' ) GROUP BY album.id ORDER BY album.sort desc,album.id asc  [ RunTime:0.0004s ]
INFO: [ view_parse ] --START--
INFO: [ template_filter ] --START--
INFO: Run Behavior\ContentReplaceBehavior [ RunTime:0.000114s ]
INFO: [ template_filter ] --END-- [ RunTime:0.000172s ]
INFO: Run Behavior\ParseTemplateBehavior [ RunTime:0.007639s ]
INFO: [ view_parse ] --END-- [ RunTime:0.007692s ]
INFO: [ view_filter ] --START--
INFO: Run Behavior\WriteHtmlCacheBehavior [ RunTime:0.000366s ]
INFO: [ view_filter ] --END-- [ RunTime:0.000428s ]
INFO: [ app_end ] --START--
INFO: Run Behavior\ShowPageTraceBehavior [ RunTime:0.000480s ]
INFO: [ app_end ] --END-- [ RunTime:0.000534s ]

[ 2018-09-11T00:16:00+08:00 ] 127.0.0.1 /home
INFO: [ app_init ] --START--
INFO: Run Behavior\BuildLiteBehavior [ RunTime:0.000013s ]
INFO: [ app_init ] --END-- [ RunTime:0.000340s ]
INFO: [ app_begin ] --START--
INFO: Run Behavior\ReadHtmlCacheBehavior [ RunTime:0.000754s ]
INFO: [ app_begin ] --END-- [ RunTime:0.000820s ]
SQL: SHOW COLUMNS FROM `album` [ RunTime:0.0031s ]
SQL: SHOW COLUMNS FROM `album` [ RunTime:0.0027s ]
SQL: SELECT album.* FROM `album` left join photo_album_relation ON photo_album_relation.album_id = album.id  WHERE ( album.is_delete=0 and photo_album_relation.album_id <> '' ) GROUP BY album.id ORDER BY album.sort desc,album.id asc  [ RunTime:0.0004s ]
INFO: [ view_parse ] --START--
INFO: [ template_filter ] --START--
INFO: Run Behavior\ContentReplaceBehavior [ RunTime:0.000081s ]
INFO: [ template_filter ] --END-- [ RunTime:0.000131s ]
INFO: Run Behavior\ParseTemplateBehavior [ RunTime:0.007505s ]
INFO: [ view_parse ] --END-- [ RunTime:0.007560s ]
INFO: [ view_filter ] --START--
INFO: Run Behavior\WriteHtmlCacheBehavior [ RunTime:0.000397s ]
INFO: [ view_filter ] --END-- [ RunTime:0.000451s ]
INFO: [ app_end ] --START--
INFO: Run Behavior\ShowPageTraceBehavior [ RunTime:0.000507s ]
INFO: [ app_end ] --END-- [ RunTime:0.000558s ]

[ 2018-09-11T00:20:09+08:00 ] 127.0.0.1 /home
INFO: [ app_init ] --START--
INFO: Run Behavior\BuildLiteBehavior [ RunTime:0.000015s ]
INFO: [ app_init ] --END-- [ RunTime:0.000377s ]
INFO: [ app_begin ] --START--
INFO: Run Behavior\ReadHtmlCacheBehavior [ RunTime:0.000485s ]
INFO: [ app_begin ] --END-- [ RunTime:0.000543s ]
SQL: SHOW COLUMNS FROM `album` [ RunTime:0.0034s ]
SQL: SHOW COLUMNS FROM `album` [ RunTime:0.0044s ]
SQL: SELECT album.* FROM `album` left join photo_album_relation ON photo_album_relation.album_id = album.id  WHERE ( album.is_delete=0 and photo_album_relation.album_id <> '' ) GROUP BY album.id ORDER BY album.sort desc,album.id asc  [ RunTime:0.0007s ]
INFO: [ view_parse ] --START--
INFO: [ template_filter ] --START--
INFO: Run Behavior\ContentReplaceBehavior [ RunTime:0.000093s ]
INFO: [ template_filter ] --END-- [ RunTime:0.000153s ]
INFO: Run Behavior\ParseTemplateBehavior [ RunTime:0.008690s ]
INFO: [ view_parse ] --END-- [ RunTime:0.008760s ]
INFO: [ view_filter ] --START--
INFO: Run Behavior\WriteHtmlCacheBehavior [ RunTime:0.000324s ]
INFO: [ view_filter ] --END-- [ RunTime:0.000373s ]
INFO: [ app_end ] --START--
INFO: Run Behavior\ShowPageTraceBehavior [ RunTime:0.000454s ]
INFO: [ app_end ] --END-- [ RunTime:0.000510s ]

[ 2018-09-11T00:20:19+08:00 ] 127.0.0.1 /home
INFO: [ app_init ] --START--
INFO: Run Behavior\BuildLiteBehavior [ RunTime:0.000014s ]
INFO: [ app_init ] --END-- [ RunTime:0.000345s ]
INFO: [ app_begin ] --START--
INFO: Run Behavior\ReadHtmlCacheBehavior [ RunTime:0.000498s ]
INFO: [ app_begin ] --END-- [ RunTime:0.000554s ]
SQL: SHOW COLUMNS FROM `album` [ RunTime:0.0037s ]
SQL: SHOW COLUMNS FROM `album` [ RunTime:0.0030s ]
SQL: SELECT album.* FROM `album` left join photo_album_relation ON photo_album_relation.album_id = album.id  WHERE ( album.is_delete=0 and photo_album_relation.album_id <> '' ) GROUP BY album.id ORDER BY album.sort desc,album.id asc  [ RunTime:0.0004s ]
INFO: [ view_parse ] --START--
INFO: [ template_filter ] --START--
INFO: Run Behavior\ContentReplaceBehavior [ RunTime:0.000104s ]
INFO: [ template_filter ] --END-- [ RunTime:0.000155s ]
INFO: Run Behavior\ParseTemplateBehavior [ RunTime:0.007462s ]
INFO: [ view_parse ] --END-- [ RunTime:0.007514s ]
INFO: [ view_filter ] --START--
INFO: Run Behavior\WriteHtmlCacheBehavior [ RunTime:0.000340s ]
INFO: [ view_filter ] --END-- [ RunTime:0.000387s ]
INFO: [ app_end ] --START--
INFO: Run Behavior\ShowPageTraceBehavior [ RunTime:0.000502s ]
INFO: [ app_end ] --END-- [ RunTime:0.000558s ]

[ 2018-09-11T00:20:34+08:00 ] 127.0.0.1 /home
INFO: [ app_init ] --START--
INFO: Run Behavior\BuildLiteBehavior [ RunTime:0.000015s ]
INFO: [ app_init ] --END-- [ RunTime:0.000353s ]
INFO: [ app_begin ] --START--
INFO: Run Behavior\ReadHtmlCacheBehavior [ RunTime:0.000506s ]
INFO: [ app_begin ] --END-- [ RunTime:0.000568s ]
SQL: SHOW COLUMNS FROM `album` [ RunTime:0.0029s ]
SQL: SHOW COLUMNS FROM `album` [ RunTime:0.0027s ]
SQL: SELECT album.* FROM `album` left join photo_album_relation ON photo_album_relation.album_id = album.id  WHERE ( album.is_delete=0 and photo_album_relation.album_id <> '' ) GROUP BY album.id ORDER BY album.sort desc,album.id asc  [ RunTime:0.0004s ]
INFO: [ view_parse ] --START--
INFO: [ template_filter ] --START--
INFO: Run Behavior\ContentReplaceBehavior [ RunTime:0.000087s ]
INFO: [ template_filter ] --END-- [ RunTime:0.000148s ]
INFO: Run Behavior\ParseTemplateBehavior [ RunTime:0.007833s ]
INFO: [ view_parse ] --END-- [ RunTime:0.007887s ]
INFO: [ view_filter ] --START--
INFO: Run Behavior\WriteHtmlCacheBehavior [ RunTime:0.000385s ]
INFO: [ view_filter ] --END-- [ RunTime:0.000433s ]
INFO: [ app_end ] --START--
INFO: Run Behavior\ShowPageTraceBehavior [ RunTime:0.000495s ]
INFO: [ app_end ] --END-- [ RunTime:0.000543s ]

[ 2018-09-11T00:20:36+08:00 ] 127.0.0.1 /Home/Index/photo_show/album_id/2.html
INFO: [ app_init ] --START--
INFO: Run Behavior\BuildLiteBehavior [ RunTime:0.000015s ]
INFO: [ app_init ] --END-- [ RunTime:0.000364s ]
INFO: [ app_begin ] --START--
INFO: Run Behavior\ReadHtmlCacheBehavior [ RunTime:0.000535s ]
INFO: [ app_begin ] --END-- [ RunTime:0.000596s ]
SQL: SHOW COLUMNS FROM `photo` [ RunTime:0.0037s ]
SQL: SELECT * FROM `photo` INNER JOIN photo_album_relation ON photo_album_relation.photo_id = photo.id  WHERE ( photo_album_relation.album_id='2' ) ORDER BY photo.sort desc,photo.id asc  [ RunTime:0.0007s ]
INFO: [ view_parse ] --START--
INFO: [ template_filter ] --START--
INFO: Run Behavior\ContentReplaceBehavior [ RunTime:0.000040s ]
INFO: [ template_filter ] --END-- [ RunTime:0.000102s ]
INFO: Run Behavior\ParseTemplateBehavior [ RunTime:0.004976s ]
INFO: [ view_parse ] --END-- [ RunTime:0.005041s ]
INFO: [ view_filter ] --START--
INFO: Run Behavior\WriteHtmlCacheBehavior [ RunTime:0.000361s ]
INFO: [ view_filter ] --END-- [ RunTime:0.000414s ]
INFO: [ app_end ] --START--
INFO: Run Behavior\ShowPageTraceBehavior [ RunTime:0.000532s ]
INFO: [ app_end ] --END-- [ RunTime:0.000596s ]

[ 2018-09-11T00:21:21+08:00 ] 127.0.0.1 /home
INFO: [ app_init ] --START--
INFO: Run Behavior\BuildLiteBehavior [ RunTime:0.000016s ]
INFO: [ app_init ] --END-- [ RunTime:0.000362s ]
INFO: [ app_begin ] --START--
INFO: Run Behavior\ReadHtmlCacheBehavior [ RunTime:0.000524s ]
INFO: [ app_begin ] --END-- [ RunTime:0.000582s ]
SQL: SHOW COLUMNS FROM `album` [ RunTime:0.0032s ]
SQL: SHOW COLUMNS FROM `album` [ RunTime:0.0028s ]
SQL: SELECT album.* FROM `album` left join photo_album_relation ON photo_album_relation.album_id = album.id  WHERE ( album.is_delete=0 and photo_album_relation.album_id <> '' ) GROUP BY album.id ORDER BY album.sort desc,album.id asc  [ RunTime:0.0004s ]
INFO: [ view_parse ] --START--
INFO: [ template_filter ] --START--
INFO: Run Behavior\ContentReplaceBehavior [ RunTime:0.000081s ]
INFO: [ template_filter ] --END-- [ RunTime:0.000136s ]
INFO: Run Behavior\ParseTemplateBehavior [ RunTime:0.007645s ]
INFO: [ view_parse ] --END-- [ RunTime:0.007701s ]
INFO: [ view_filter ] --START--
INFO: Run Behavior\WriteHtmlCacheBehavior [ RunTime:0.000365s ]
INFO: [ view_filter ] --END-- [ RunTime:0.000411s ]
INFO: [ app_end ] --START--
INFO: Run Behavior\ShowPageTraceBehavior [ RunTime:0.000490s ]
INFO: [ app_end ] --END-- [ RunTime:0.000538s ]

[ 2018-09-11T00:21:23+08:00 ] 127.0.0.1 /Home/Index/album_show.html
INFO: [ app_init ] --START--
INFO: Run Behavior\BuildLiteBehavior [ RunTime:0.000016s ]
INFO: [ app_init ] --END-- [ RunTime:0.000395s ]
INFO: [ app_begin ] --START--
INFO: Run Behavior\ReadHtmlCacheBehavior [ RunTime:0.000469s ]
INFO: [ app_begin ] --END-- [ RunTime:0.000524s ]
SQL: SHOW COLUMNS FROM `album` [ RunTime:0.0041s ]
SQL: SHOW COLUMNS FROM `theme` [ RunTime:0.0032s ]
SQL: SHOW COLUMNS FROM `album_theme_relation` [ RunTime:0.0033s ]
SQL: SELECT * FROM `theme` WHERE ( is_delete=0 )  [ RunTime:0.0003s ]
SQL: SELECT album.* FROM `album` left join photo_album_relation ON photo_album_relation.album_id = album.id  WHERE ( album.is_delete=0 and photo_album_relation.album_id <> '' ) GROUP BY album.id ORDER BY album.sort desc,album.id asc  [ RunTime:0.0007s ]
SQL: SELECT `theme_name` FROM `album_theme_relation` INNER JOIN theme ON theme.id = album_theme_relation.theme_id  WHERE ( album_theme_relation.album_id='1' )  [ RunTime:0.0002s ]
NOTIC: [8] Undefined index: theme_names D:\wamp\www\photo\App\Home\Controller\IndexController.class.php 第 93 行.
SQL: SELECT `theme_name` FROM `album_theme_relation` INNER JOIN theme ON theme.id = album_theme_relation.theme_id  WHERE ( album_theme_relation.album_id='2' )  [ RunTime:0.0002s ]
NOTIC: [8] Undefined index: theme_names D:\wamp\www\photo\App\Home\Controller\IndexController.class.php 第 93 行.
SQL: SELECT `theme_name` FROM `album_theme_relation` INNER JOIN theme ON theme.id = album_theme_relation.theme_id  WHERE ( album_theme_relation.album_id='5' )  [ RunTime:0.0001s ]
NOTIC: [8] Undefined index: theme_names D:\wamp\www\photo\App\Home\Controller\IndexController.class.php 第 93 行.
SQL: SELECT `theme_name` FROM `album_theme_relation` INNER JOIN theme ON theme.id = album_theme_relation.theme_id  WHERE ( album_theme_relation.album_id='6' )  [ RunTime:0.0002s ]
NOTIC: [8] Undefined index: theme_names D:\wamp\www\photo\App\Home\Controller\IndexController.class.php 第 93 行.
SQL: SELECT `theme_name` FROM `album_theme_relation` INNER JOIN theme ON theme.id = album_theme_relation.theme_id  WHERE ( album_theme_relation.album_id='7' )  [ RunTime:0.0002s ]
NOTIC: [8] Undefined index: theme_names D:\wamp\www\photo\App\Home\Controller\IndexController.class.php 第 93 行.
INFO: [ view_parse ] --START--
INFO: [ template_filter ] --START--
INFO: Run Behavior\ContentReplaceBehavior [ RunTime:0.000041s ]
INFO: [ template_filter ] --END-- [ RunTime:0.000092s ]
INFO: Run Behavior\ParseTemplateBehavior [ RunTime:0.004698s ]
INFO: [ view_parse ] --END-- [ RunTime:0.004753s ]
INFO: [ view_filter ] --START--
INFO: Run Behavior\WriteHtmlCacheBehavior [ RunTime:0.000296s ]
INFO: [ view_filter ] --END-- [ RunTime:0.000341s ]
INFO: [ app_end ] --START--
INFO: Run Behavior\ShowPageTraceBehavior [ RunTime:0.000466s ]
INFO: [ app_end ] --END-- [ RunTime:0.000516s ]

[ 2018-09-11T00:22:16+08:00 ] 127.0.0.1 /home
INFO: [ app_init ] --START--
INFO: Run Behavior\BuildLiteBehavior [ RunTime:0.000015s ]
INFO: [ app_init ] --END-- [ RunTime:0.000499s ]
INFO: [ app_begin ] --START--
INFO: Run Behavior\ReadHtmlCacheBehavior [ RunTime:0.000474s ]
INFO: [ app_begin ] --END-- [ RunTime:0.000534s ]
SQL: SHOW COLUMNS FROM `album` [ RunTime:0.0098s ]
SQL: SHOW COLUMNS FROM `album` [ RunTime:0.0035s ]
SQL: SELECT album.* FROM `album` left join photo_album_relation ON photo_album_relation.album_id = album.id  WHERE ( album.is_delete=0 and photo_album_relation.album_id <> '' ) GROUP BY album.id ORDER BY album.sort desc,album.id asc  [ RunTime:0.0008s ]
INFO: [ view_parse ] --START--
INFO: [ template_filter ] --START--
INFO: Run Behavior\ContentReplaceBehavior [ RunTime:0.000109s ]
INFO: [ template_filter ] --END-- [ RunTime:0.000159s ]
INFO: Run Behavior\ParseTemplateBehavior [ RunTime:0.007853s ]
INFO: [ view_parse ] --END-- [ RunTime:0.007907s ]
INFO: [ view_filter ] --START--
INFO: Run Behavior\WriteHtmlCacheBehavior [ RunTime:0.000301s ]
INFO: [ view_filter ] --END-- [ RunTime:0.000348s ]
INFO: [ app_end ] --START--
INFO: Run Behavior\ShowPageTraceBehavior [ RunTime:0.000444s ]
INFO: [ app_end ] --END-- [ RunTime:0.000497s ]

[ 2018-09-11T00:22:50+08:00 ] 127.0.0.1 /home
INFO: [ app_init ] --START--
INFO: Run Behavior\BuildLiteBehavior [ RunTime:0.000014s ]
INFO: [ app_init ] --END-- [ RunTime:0.000372s ]
INFO: [ app_begin ] --START--
INFO: Run Behavior\ReadHtmlCacheBehavior [ RunTime:0.000510s ]
INFO: [ app_begin ] --END-- [ RunTime:0.000565s ]
SQL: SHOW COLUMNS FROM `album` [ RunTime:0.0039s ]
SQL: SHOW COLUMNS FROM `album` [ RunTime:0.0033s ]
SQL: SELECT album.* FROM `album` left join photo_album_relation ON photo_album_relation.album_id = album.id  WHERE ( album.is_delete=0 and photo_album_relation.album_id <> '' ) GROUP BY album.id ORDER BY album.sort desc,album.id asc  [ RunTime:0.0005s ]
INFO: [ view_parse ] --START--
INFO: [ template_filter ] --START--
INFO: Run Behavior\ContentReplaceBehavior [ RunTime:0.000087s ]
INFO: [ template_filter ] --END-- [ RunTime:0.000144s ]
INFO: Run Behavior\ParseTemplateBehavior [ RunTime:0.008799s ]
INFO: [ view_parse ] --END-- [ RunTime:0.008860s ]
INFO: [ view_filter ] --START--
INFO: Run Behavior\WriteHtmlCacheBehavior [ RunTime:0.000382s ]
INFO: [ view_filter ] --END-- [ RunTime:0.000488s ]
INFO: [ app_end ] --START--
INFO: Run Behavior\ShowPageTraceBehavior [ RunTime:0.000558s ]
INFO: [ app_end ] --END-- [ RunTime:0.000607s ]

[ 2018-09-11T00:22:54+08:00 ] 127.0.0.1 /home
INFO: [ app_init ] --START--
INFO: Run Behavior\BuildLiteBehavior [ RunTime:0.000017s ]
INFO: [ app_init ] --END-- [ RunTime:0.000545s ]
INFO: [ app_begin ] --START--
INFO: Run Behavior\ReadHtmlCacheBehavior [ RunTime:0.000853s ]
INFO: [ app_begin ] --END-- [ RunTime:0.000940s ]
SQL: SHOW COLUMNS FROM `album` [ RunTime:0.0036s ]
SQL: SHOW COLUMNS FROM `album` [ RunTime:0.0032s ]
SQL: SELECT album.* FROM `album` left join photo_album_relation ON photo_album_relation.album_id = album.id  WHERE ( album.is_delete=0 and photo_album_relation.album_id <> '' ) GROUP BY album.id ORDER BY album.sort desc,album.id asc  [ RunTime:0.0004s ]
INFO: [ view_parse ] --START--
INFO: [ template_filter ] --START--
INFO: Run Behavior\ContentReplaceBehavior [ RunTime:0.000085s ]
INFO: [ template_filter ] --END-- [ RunTime:0.000139s ]
INFO: Run Behavior\ParseTemplateBehavior [ RunTime:0.007803s ]
INFO: [ view_parse ] --END-- [ RunTime:0.007859s ]
INFO: [ view_filter ] --START--
INFO: Run Behavior\WriteHtmlCacheBehavior [ RunTime:0.000392s ]
INFO: [ view_filter ] --END-- [ RunTime:0.000444s ]
INFO: [ app_end ] --START--
INFO: Run Behavior\ShowPageTraceBehavior [ RunTime:0.000497s ]
INFO: [ app_end ] --END-- [ RunTime:0.000548s ]

[ 2018-09-11T00:23:13+08:00 ] 127.0.0.1 /Home/Index/photo_show/album_id/2.html
INFO: [ app_init ] --START--
INFO: Run Behavior\BuildLiteBehavior [ RunTime:0.000022s ]
INFO: [ app_init ] --END-- [ RunTime:0.000519s ]
INFO: [ app_begin ] --START--
INFO: Run Behavior\ReadHtmlCacheBehavior [ RunTime:0.000571s ]
INFO: [ app_begin ] --END-- [ RunTime:0.000644s ]
SQL: SHOW COLUMNS FROM `photo` [ RunTime:0.0032s ]
SQL: SELECT * FROM `photo` INNER JOIN photo_album_relation ON photo_album_relation.photo_id = photo.id  WHERE ( photo_album_relation.album_id='2' ) ORDER BY photo.sort desc,photo.id asc  [ RunTime:0.0004s ]
INFO: [ view_parse ] --START--
INFO: [ template_filter ] --START--
INFO: Run Behavior\ContentReplaceBehavior [ RunTime:0.000037s ]
INFO: [ template_filter ] --END-- [ RunTime:0.000089s ]
INFO: Run Behavior\ParseTemplateBehavior [ RunTime:0.004417s ]
INFO: [ view_parse ] --END-- [ RunTime:0.004477s ]
INFO: [ view_filter ] --START--
INFO: Run Behavior\WriteHtmlCacheBehavior [ RunTime:0.000302s ]
INFO: [ view_filter ] --END-- [ RunTime:0.000351s ]
INFO: [ app_end ] --START--
INFO: Run Behavior\ShowPageTraceBehavior [ RunTime:0.000449s ]
INFO: [ app_end ] --END-- [ RunTime:0.000500s ]

[ 2018-09-11T00:23:17+08:00 ] 127.0.0.1 /Home/Index/album_show.html
INFO: [ app_init ] --START--
INFO: Run Behavior\BuildLiteBehavior [ RunTime:0.000015s ]
INFO: [ app_init ] --END-- [ RunTime:0.000388s ]
INFO: [ app_begin ] --START--
INFO: Run Behavior\ReadHtmlCacheBehavior [ RunTime:0.000472s ]
INFO: [ app_begin ] --END-- [ RunTime:0.000534s ]
SQL: SHOW COLUMNS FROM `album` [ RunTime:0.0038s ]
SQL: SHOW COLUMNS FROM `theme` [ RunTime:0.0032s ]
SQL: SHOW COLUMNS FROM `album_theme_relation` [ RunTime:0.0028s ]
SQL: SELECT * FROM `theme` WHERE ( is_delete=0 )  [ RunTime:0.0002s ]
SQL: SELECT album.* FROM `album` left join photo_album_relation ON photo_album_relation.album_id = album.id  WHERE ( album.is_delete=0 and photo_album_relation.album_id <> '' ) GROUP BY album.id ORDER BY album.sort desc,album.id asc  [ RunTime:0.0004s ]
SQL: SELECT `theme_name` FROM `album_theme_relation` INNER JOIN theme ON theme.id = album_theme_relation.theme_id  WHERE ( album_theme_relation.album_id='1' )  [ RunTime:0.0002s ]
NOTIC: [8] Undefined index: theme_names D:\wamp\www\photo\App\Home\Controller\IndexController.class.php 第 93 行.
SQL: SELECT `theme_name` FROM `album_theme_relation` INNER JOIN theme ON theme.id = album_theme_relation.theme_id  WHERE ( album_theme_relation.album_id='2' )  [ RunTime:0.0001s ]
NOTIC: [8] Undefined index: theme_names D:\wamp\www\photo\App\Home\Controller\IndexController.class.php 第 93 行.
SQL: SELECT `theme_name` FROM `album_theme_relation` INNER JOIN theme ON theme.id = album_theme_relation.theme_id  WHERE ( album_theme_relation.album_id='5' )  [ RunTime:0.0001s ]
NOTIC: [8] Undefined index: theme_names D:\wamp\www\photo\App\Home\Controller\IndexController.class.php 第 93 行.
SQL: SELECT `theme_name` FROM `album_theme_relation` INNER JOIN theme ON theme.id = album_theme_relation.theme_id  WHERE ( album_theme_relation.album_id='6' )  [ RunTime:0.0002s ]
NOTIC: [8] Undefined index: theme_names D:\wamp\www\photo\App\Home\Controller\IndexController.class.php 第 93 行.
SQL: SELECT `theme_name` FROM `album_theme_relation` INNER JOIN theme ON theme.id = album_theme_relation.theme_id  WHERE ( album_theme_relation.album_id='7' )  [ RunTime:0.0001s ]
NOTIC: [8] Undefined index: theme_names D:\wamp\www\photo\App\Home\Controller\IndexController.class.php 第 93 行.
INFO: [ view_parse ] --START--
INFO: [ template_filter ] --START--
INFO: Run Behavior\ContentReplaceBehavior [ RunTime:0.000042s ]
INFO: [ template_filter ] --END-- [ RunTime:0.000094s ]
INFO: Run Behavior\ParseTemplateBehavior [ RunTime:0.004887s ]
INFO: [ view_parse ] --END-- [ RunTime:0.004951s ]
INFO: [ view_filter ] --START--
INFO: Run Behavior\WriteHtmlCacheBehavior [ RunTime:0.000335s ]
INFO: [ view_filter ] --END-- [ RunTime:0.000387s ]
INFO: [ app_end ] --START--
INFO: Run Behavior\ShowPageTraceBehavior [ RunTime:0.000483s ]
INFO: [ app_end ] --END-- [ RunTime:0.000533s ]

[ 2018-09-11T00:23:19+08:00 ] 127.0.0.1 /Home/Index/photo_show/album_id/1.html
INFO: [ app_init ] --START--
INFO: Run Behavior\BuildLiteBehavior [ RunTime:0.000014s ]
INFO: [ app_init ] --END-- [ RunTime:0.000370s ]
INFO: [ app_begin ] --START--
INFO: Run Behavior\ReadHtmlCacheBehavior [ RunTime:0.000467s ]
INFO: [ app_begin ] --END-- [ RunTime:0.000530s ]
SQL: SHOW COLUMNS FROM `photo` [ RunTime:0.0120s ]
SQL: SELECT * FROM `photo` INNER JOIN photo_album_relation ON photo_album_relation.photo_id = photo.id  WHERE ( photo_album_relation.album_id='1' ) ORDER BY photo.sort desc,photo.id asc  [ RunTime:0.0010s ]
INFO: [ view_parse ] --START--
INFO: [ template_filter ] --START--
INFO: Run Behavior\ContentReplaceBehavior [ RunTime:0.000065s ]
INFO: [ template_filter ] --END-- [ RunTime:0.000163s ]
INFO: Run Behavior\ParseTemplateBehavior [ RunTime:0.009263s ]
INFO: [ view_parse ] --END-- [ RunTime:0.009414s ]
INFO: [ view_filter ] --START--
INFO: Run Behavior\WriteHtmlCacheBehavior [ RunTime:0.000549s ]
INFO: [ view_filter ] --END-- [ RunTime:0.000649s ]
INFO: [ app_end ] --START--
INFO: Run Behavior\ShowPageTraceBehavior [ RunTime:0.000723s ]
INFO: [ app_end ] --END-- [ RunTime:0.000810s ]

[ 2018-09-11T00:23:32+08:00 ] 127.0.0.1 /Home/Index/wechat_img.html
INFO: [ app_init ] --START--
INFO: Run Behavior\BuildLiteBehavior [ RunTime:0.000015s ]
INFO: [ app_init ] --END-- [ RunTime:0.000367s ]
INFO: [ app_begin ] --START--
INFO: Run Behavior\ReadHtmlCacheBehavior [ RunTime:0.000470s ]
INFO: [ app_begin ] --END-- [ RunTime:0.000532s ]
INFO: [ view_parse ] --START--
INFO: [ template_filter ] --START--
INFO: Run Behavior\ContentReplaceBehavior [ RunTime:0.000066s ]
INFO: [ template_filter ] --END-- [ RunTime:0.000161s ]
INFO: Run Behavior\ParseTemplateBehavior [ RunTime:0.004830s ]
INFO: [ view_parse ] --END-- [ RunTime:0.004921s ]
INFO: [ view_filter ] --START--
INFO: Run Behavior\WriteHtmlCacheBehavior [ RunTime:0.000349s ]
INFO: [ view_filter ] --END-- [ RunTime:0.000398s ]
INFO: [ app_end ] --START--
INFO: Run Behavior\ShowPageTraceBehavior [ RunTime:0.000470s ]
INFO: [ app_end ] --END-- [ RunTime:0.000520s ]

[ 2018-09-11T00:24:05+08:00 ] 127.0.0.1 /home
INFO: [ app_init ] --START--
INFO: Run Behavior\BuildLiteBehavior [ RunTime:0.000015s ]
INFO: [ app_init ] --END-- [ RunTime:0.000358s ]
INFO: [ app_begin ] --START--
INFO: Run Behavior\ReadHtmlCacheBehavior [ RunTime:0.000478s ]
INFO: [ app_begin ] --END-- [ RunTime:0.000542s ]
SQL: SHOW COLUMNS FROM `album` [ RunTime:0.0033s ]
SQL: SHOW COLUMNS FROM `album` [ RunTime:0.0034s ]
SQL: SELECT album.* FROM `album` left join photo_album_relation ON photo_album_relation.album_id = album.id  WHERE ( album.is_delete=0 and photo_album_relation.album_id <> '' ) GROUP BY album.id ORDER BY album.sort desc,album.id asc  [ RunTime:0.0004s ]
INFO: [ view_parse ] --START--
INFO: [ template_filter ] --START--
INFO: Run Behavior\ContentReplaceBehavior [ RunTime:0.000081s ]
INFO: [ template_filter ] --END-- [ RunTime:0.000131s ]
INFO: Run Behavior\ParseTemplateBehavior [ RunTime:0.007218s ]
INFO: [ view_parse ] --END-- [ RunTime:0.007275s ]
INFO: [ view_filter ] --START--
INFO: Run Behavior\WriteHtmlCacheBehavior [ RunTime:0.000338s ]
INFO: [ view_filter ] --END-- [ RunTime:0.000388s ]
INFO: [ app_end ] --START--
INFO: Run Behavior\ShowPageTraceBehavior [ RunTime:0.000453s ]
INFO: [ app_end ] --END-- [ RunTime:0.000502s ]

[ 2018-09-11T00:24:08+08:00 ] 127.0.0.1 /Home/Index/wechat_img.html
INFO: [ app_init ] --START--
INFO: Run Behavior\BuildLiteBehavior [ RunTime:0.000015s ]
INFO: [ app_init ] --END-- [ RunTime:0.000374s ]
INFO: [ app_begin ] --START--
INFO: Run Behavior\ReadHtmlCacheBehavior [ RunTime:0.000520s ]
INFO: [ app_begin ] --END-- [ RunTime:0.000605s ]
INFO: [ view_parse ] --START--
INFO: [ template_filter ] --START--
INFO: Run Behavior\ContentReplaceBehavior [ RunTime:0.000051s ]
INFO: [ template_filter ] --END-- [ RunTime:0.000117s ]
INFO: Run Behavior\ParseTemplateBehavior [ RunTime:0.005043s ]
INFO: [ view_parse ] --END-- [ RunTime:0.005138s ]
INFO: [ view_filter ] --START--
INFO: Run Behavior\WriteHtmlCacheBehavior [ RunTime:0.000481s ]
INFO: [ view_filter ] --END-- [ RunTime:0.000555s ]
INFO: [ app_end ] --START--
INFO: Run Behavior\ShowPageTraceBehavior [ RunTime:0.000551s ]
INFO: [ app_end ] --END-- [ RunTime:0.000607s ]

[ 2018-09-11T00:24:59+08:00 ] 127.0.0.1 /home
INFO: [ app_init ] --START--
INFO: Run Behavior\BuildLiteBehavior [ RunTime:0.000014s ]
INFO: [ app_init ] --END-- [ RunTime:0.000367s ]
INFO: [ app_begin ] --START--
INFO: Run Behavior\ReadHtmlCacheBehavior [ RunTime:0.000444s ]
INFO: [ app_begin ] --END-- [ RunTime:0.000498s ]
SQL: SHOW COLUMNS FROM `album` [ RunTime:0.0030s ]
SQL: SHOW COLUMNS FROM `album` [ RunTime:0.0028s ]
SQL: SELECT album.* FROM `album` left join photo_album_relation ON photo_album_relation.album_id = album.id  WHERE ( album.is_delete=0 and photo_album_relation.album_id <> '' ) GROUP BY album.id ORDER BY album.sort desc,album.id asc  [ RunTime:0.0004s ]
INFO: [ view_parse ] --START--
INFO: [ template_filter ] --START--
INFO: Run Behavior\ContentReplaceBehavior [ RunTime:0.000116s ]
INFO: [ template_filter ] --END-- [ RunTime:0.000197s ]
INFO: Run Behavior\ParseTemplateBehavior [ RunTime:0.007505s ]
INFO: [ view_parse ] --END-- [ RunTime:0.007559s ]
INFO: [ view_filter ] --START--
INFO: Run Behavior\WriteHtmlCacheBehavior [ RunTime:0.000336s ]
INFO: [ view_filter ] --END-- [ RunTime:0.000386s ]
INFO: [ app_end ] --START--
INFO: Run Behavior\ShowPageTraceBehavior [ RunTime:0.000467s ]
INFO: [ app_end ] --END-- [ RunTime:0.000531s ]

[ 2018-09-11T00:25:00+08:00 ] 127.0.0.1 /Home/Index/wechat_img.html
INFO: [ app_init ] --START--
INFO: Run Behavior\BuildLiteBehavior [ RunTime:0.000016s ]
INFO: [ app_init ] --END-- [ RunTime:0.000364s ]
INFO: [ app_begin ] --START--
INFO: Run Behavior\ReadHtmlCacheBehavior [ RunTime:0.000536s ]
INFO: [ app_begin ] --END-- [ RunTime:0.000593s ]
INFO: [ view_parse ] --START--
INFO: [ template_filter ] --START--
INFO: Run Behavior\ContentReplaceBehavior [ RunTime:0.000086s ]
INFO: [ template_filter ] --END-- [ RunTime:0.000195s ]
INFO: Run Behavior\ParseTemplateBehavior [ RunTime:0.005059s ]
INFO: [ view_parse ] --END-- [ RunTime:0.005145s ]
INFO: [ view_filter ] --START--
INFO: Run Behavior\WriteHtmlCacheBehavior [ RunTime:0.000435s ]
INFO: [ view_filter ] --END-- [ RunTime:0.000501s ]
INFO: [ app_end ] --START--
INFO: Run Behavior\ShowPageTraceBehavior [ RunTime:0.000560s ]
INFO: [ app_end ] --END-- [ RunTime:0.000613s ]

[ 2018-09-11T00:25:04+08:00 ] 127.0.0.1 /Home/Index/wechat_img.html
INFO: [ app_init ] --START--
INFO: Run Behavior\BuildLiteBehavior [ RunTime:0.000016s ]
INFO: [ app_init ] --END-- [ RunTime:0.000374s ]
INFO: [ app_begin ] --START--
INFO: Run Behavior\ReadHtmlCacheBehavior [ RunTime:0.000569s ]
INFO: [ app_begin ] --END-- [ RunTime:0.000747s ]
INFO: [ view_parse ] --START--
INFO: [ template_filter ] --START--
INFO: Run Behavior\ContentReplaceBehavior [ RunTime:0.000036s ]
INFO: [ template_filter ] --END-- [ RunTime:0.000100s ]
INFO: Run Behavior\ParseTemplateBehavior [ RunTime:0.004493s ]
INFO: [ view_parse ] --END-- [ RunTime:0.004582s ]
INFO: [ view_filter ] --START--
INFO: Run Behavior\WriteHtmlCacheBehavior [ RunTime:0.000345s ]
INFO: [ view_filter ] --END-- [ RunTime:0.000395s ]
INFO: [ app_end ] --START--
INFO: Run Behavior\ShowPageTraceBehavior [ RunTime:0.000499s ]
INFO: [ app_end ] --END-- [ RunTime:0.000550s ]

[ 2018-09-11T00:25:15+08:00 ] 127.0.0.1 /home
INFO: [ app_init ] --START--
INFO: Run Behavior\BuildLiteBehavior [ RunTime:0.000015s ]
INFO: [ app_init ] --END-- [ RunTime:0.000369s ]
INFO: [ app_begin ] --START--
INFO: Run Behavior\ReadHtmlCacheBehavior [ RunTime:0.000461s ]
INFO: [ app_begin ] --END-- [ RunTime:0.000522s ]
SQL: SHOW COLUMNS FROM `album` [ RunTime:0.0035s ]
SQL: SHOW COLUMNS FROM `album` [ RunTime:0.0040s ]
SQL: SELECT album.* FROM `album` left join photo_album_relation ON photo_album_relation.album_id = album.id  WHERE ( album.is_delete=0 and photo_album_relation.album_id <> '' ) GROUP BY album.id ORDER BY album.sort desc,album.id asc  [ RunTime:0.0006s ]
INFO: [ view_parse ] --START--
INFO: [ template_filter ] --START--
INFO: Run Behavior\ContentReplaceBehavior [ RunTime:0.000087s ]
INFO: [ template_filter ] --END-- [ RunTime:0.000140s ]
INFO: Run Behavior\ParseTemplateBehavior [ RunTime:0.007530s ]
INFO: [ view_parse ] --END-- [ RunTime:0.007583s ]
INFO: [ view_filter ] --START--
INFO: Run Behavior\WriteHtmlCacheBehavior [ RunTime:0.000311s ]
INFO: [ view_filter ] --END-- [ RunTime:0.000356s ]
INFO: [ app_end ] --START--
INFO: Run Behavior\ShowPageTraceBehavior [ RunTime:0.000443s ]
INFO: [ app_end ] --END-- [ RunTime:0.000493s ]

[ 2018-09-11T00:25:16+08:00 ] 127.0.0.1 /Home/Index/wechat_img.html
INFO: [ app_init ] --START--
INFO: Run Behavior\BuildLiteBehavior [ RunTime:0.000017s ]
INFO: [ app_init ] --END-- [ RunTime:0.000369s ]
INFO: [ app_begin ] --START--
INFO: Run Behavior\ReadHtmlCacheBehavior [ RunTime:0.000545s ]
INFO: [ app_begin ] --END-- [ RunTime:0.000611s ]
INFO: [ view_parse ] --START--
INFO: [ template_filter ] --START--
INFO: Run Behavior\ContentReplaceBehavior [ RunTime:0.000036s ]
INFO: [ template_filter ] --END-- [ RunTime:0.000126s ]
INFO: Run Behavior\ParseTemplateBehavior [ RunTime:0.004700s ]
INFO: [ view_parse ] --END-- [ RunTime:0.004776s ]
INFO: [ view_filter ] --START--
INFO: Run Behavior\WriteHtmlCacheBehavior [ RunTime:0.000409s ]
INFO: [ view_filter ] --END-- [ RunTime:0.000469s ]
INFO: [ app_end ] --START--
INFO: Run Behavior\ShowPageTraceBehavior [ RunTime:0.000706s ]
INFO: [ app_end ] --END-- [ RunTime:0.000818s ]

[ 2018-09-11T00:25:26+08:00 ] 127.0.0.1 /home
INFO: [ app_init ] --START--
INFO: Run Behavior\BuildLiteBehavior [ RunTime:0.000015s ]
INFO: [ app_init ] --END-- [ RunTime:0.000511s ]
INFO: [ app_begin ] --START--
INFO: Run Behavior\ReadHtmlCacheBehavior [ RunTime:0.000558s ]
INFO: [ app_begin ] --END-- [ RunTime:0.000620s ]
SQL: SHOW COLUMNS FROM `album` [ RunTime:0.0030s ]
SQL: SHOW COLUMNS FROM `album` [ RunTime:0.0029s ]
SQL: SELECT album.* FROM `album` left join photo_album_relation ON photo_album_relation.album_id = album.id  WHERE ( album.is_delete=0 and photo_album_relation.album_id <> '' ) GROUP BY album.id ORDER BY album.sort desc,album.id asc  [ RunTime:0.0005s ]
INFO: [ view_parse ] --START--
INFO: [ template_filter ] --START--
INFO: Run Behavior\ContentReplaceBehavior [ RunTime:0.000081s ]
INFO: [ template_filter ] --END-- [ RunTime:0.000135s ]
INFO: Run Behavior\ParseTemplateBehavior [ RunTime:0.007484s ]
INFO: [ view_parse ] --END-- [ RunTime:0.007539s ]
INFO: [ view_filter ] --START--
INFO: Run Behavior\WriteHtmlCacheBehavior [ RunTime:0.000329s ]
INFO: [ view_filter ] --END-- [ RunTime:0.000391s ]
INFO: [ app_end ] --START--
INFO: Run Behavior\ShowPageTraceBehavior [ RunTime:0.000426s ]
INFO: [ app_end ] --END-- [ RunTime:0.000482s ]

[ 2018-09-11T00:25:27+08:00 ] 127.0.0.1 /Home/Index/wechat_img.html
INFO: [ app_init ] --START--
INFO: Run Behavior\BuildLiteBehavior [ RunTime:0.000015s ]
INFO: [ app_init ] --END-- [ RunTime:0.000449s ]
INFO: [ app_begin ] --START--
INFO: Run Behavior\ReadHtmlCacheBehavior [ RunTime:0.000478s ]
INFO: [ app_begin ] --END-- [ RunTime:0.000537s ]
INFO: [ view_parse ] --START--
INFO: [ template_filter ] --START--
INFO: Run Behavior\ContentReplaceBehavior [ RunTime:0.000043s ]
INFO: [ template_filter ] --END-- [ RunTime:0.000117s ]
INFO: Run Behavior\ParseTemplateBehavior [ RunTime:0.004268s ]
INFO: [ view_parse ] --END-- [ RunTime:0.004336s ]
INFO: [ view_filter ] --START--
INFO: Run Behavior\WriteHtmlCacheBehavior [ RunTime:0.000380s ]
INFO: [ view_filter ] --END-- [ RunTime:0.000452s ]
INFO: [ app_end ] --START--
INFO: Run Behavior\ShowPageTraceBehavior [ RunTime:0.000608s ]
INFO: [ app_end ] --END-- [ RunTime:0.000673s ]

[ 2018-09-11T00:25:29+08:00 ] 127.0.0.1 /Home/Index/wechat_img.html
INFO: [ app_init ] --START--
INFO: Run Behavior\BuildLiteBehavior [ RunTime:0.000019s ]
INFO: [ app_init ] --END-- [ RunTime:0.000406s ]
INFO: [ app_begin ] --START--
INFO: Run Behavior\ReadHtmlCacheBehavior [ RunTime:0.000479s ]
INFO: [ app_begin ] --END-- [ RunTime:0.000543s ]
INFO: [ view_parse ] --START--
INFO: [ template_filter ] --START--
INFO: Run Behavior\ContentReplaceBehavior [ RunTime:0.000035s ]
INFO: [ template_filter ] --END-- [ RunTime:0.000092s ]
INFO: Run Behavior\ParseTemplateBehavior [ RunTime:0.003741s ]
INFO: [ view_parse ] --END-- [ RunTime:0.003808s ]
INFO: [ view_filter ] --START--
INFO: Run Behavior\WriteHtmlCacheBehavior [ RunTime:0.000303s ]
INFO: [ view_filter ] --END-- [ RunTime:0.000356s ]
INFO: [ app_end ] --START--
INFO: Run Behavior\ShowPageTraceBehavior [ RunTime:0.000454s ]
INFO: [ app_end ] --END-- [ RunTime:0.000505s ]

[ 2018-09-11T00:26:12+08:00 ] 127.0.0.1 /home
INFO: [ app_init ] --START--
INFO: Run Behavior\BuildLiteBehavior [ RunTime:0.000015s ]
INFO: [ app_init ] --END-- [ RunTime:0.000349s ]
INFO: [ app_begin ] --START--
INFO: Run Behavior\ReadHtmlCacheBehavior [ RunTime:0.000443s ]
INFO: [ app_begin ] --END-- [ RunTime:0.000505s ]
SQL: SHOW COLUMNS FROM `album` [ RunTime:0.0137s ]
SQL: SHOW COLUMNS FROM `album` [ RunTime:0.0079s ]
SQL: SELECT album.* FROM `album` left join photo_album_relation ON photo_album_relation.album_id = album.id  WHERE ( album.is_delete=0 and photo_album_relation.album_id <> '' ) GROUP BY album.id ORDER BY album.sort desc,album.id asc  [ RunTime:0.0007s ]
INFO: [ view_parse ] --START--
INFO: [ template_filter ] --START--
INFO: Run Behavior\ContentReplaceBehavior [ RunTime:0.000081s ]
INFO: [ template_filter ] --END-- [ RunTime:0.000134s ]
INFO: Run Behavior\ParseTemplateBehavior [ RunTime:0.011706s ]
INFO: [ view_parse ] --END-- [ RunTime:0.011783s ]
INFO: [ view_filter ] --START--
INFO: Run Behavior\WriteHtmlCacheBehavior [ RunTime:0.000510s ]
INFO: [ view_filter ] --END-- [ RunTime:0.000559s ]
INFO: [ app_end ] --START--
INFO: Run Behavior\ShowPageTraceBehavior [ RunTime:0.000450s ]
INFO: [ app_end ] --END-- [ RunTime:0.000498s ]

[ 2018-09-11T00:26:13+08:00 ] 127.0.0.1 /Home/Index/wechat_img.html
INFO: [ app_init ] --START--
INFO: Run Behavior\BuildLiteBehavior [ RunTime:0.000015s ]
INFO: [ app_init ] --END-- [ RunTime:0.000367s ]
INFO: [ app_begin ] --START--
INFO: Run Behavior\ReadHtmlCacheBehavior [ RunTime:0.000641s ]
INFO: [ app_begin ] --END-- [ RunTime:0.000705s ]
INFO: [ view_parse ] --START--
INFO: [ template_filter ] --START--
INFO: Run Behavior\ContentReplaceBehavior [ RunTime:0.000036s ]
INFO: [ template_filter ] --END-- [ RunTime:0.000100s ]
INFO: Run Behavior\ParseTemplateBehavior [ RunTime:0.004284s ]
INFO: [ view_parse ] --END-- [ RunTime:0.004357s ]
INFO: [ view_filter ] --START--
INFO: Run Behavior\WriteHtmlCacheBehavior [ RunTime:0.000330s ]
INFO: [ view_filter ] --END-- [ RunTime:0.000387s ]
INFO: [ app_end ] --START--
INFO: Run Behavior\ShowPageTraceBehavior [ RunTime:0.000494s ]
INFO: [ app_end ] --END-- [ RunTime:0.000546s ]

[ 2018-09-11T00:26:47+08:00 ] 127.0.0.1 /home
INFO: [ app_init ] --START--
INFO: Run Behavior\BuildLiteBehavior [ RunTime:0.000015s ]
INFO: [ app_init ] --END-- [ RunTime:0.000343s ]
INFO: [ app_begin ] --START--
INFO: Run Behavior\ReadHtmlCacheBehavior [ RunTime:0.000467s ]
INFO: [ app_begin ] --END-- [ RunTime:0.000529s ]
SQL: SHOW COLUMNS FROM `album` [ RunTime:0.0031s ]
SQL: SHOW COLUMNS FROM `album` [ RunTime:0.0031s ]
SQL: SELECT album.* FROM `album` left join photo_album_relation ON photo_album_relation.album_id = album.id  WHERE ( album.is_delete=0 and photo_album_relation.album_id <> '' ) GROUP BY album.id ORDER BY album.sort desc,album.id asc  [ RunTime:0.0004s ]
INFO: [ view_parse ] --START--
INFO: [ template_filter ] --START--
INFO: Run Behavior\ContentReplaceBehavior [ RunTime:0.000083s ]
INFO: [ template_filter ] --END-- [ RunTime:0.000135s ]
INFO: Run Behavior\ParseTemplateBehavior [ RunTime:0.007327s ]
INFO: [ view_parse ] --END-- [ RunTime:0.007382s ]
INFO: [ view_filter ] --START--
INFO: Run Behavior\WriteHtmlCacheBehavior [ RunTime:0.000356s ]
INFO: [ view_filter ] --END-- [ RunTime:0.000404s ]
INFO: [ app_end ] --START--
INFO: Run Behavior\ShowPageTraceBehavior [ RunTime:0.000451s ]
INFO: [ app_end ] --END-- [ RunTime:0.000499s ]

[ 2018-09-11T00:26:52+08:00 ] 127.0.0.1 /Home/Index/wechat_img.html
INFO: [ app_init ] --START--
INFO: Run Behavior\BuildLiteBehavior [ RunTime:0.000017s ]
INFO: [ app_init ] --END-- [ RunTime:0.000365s ]
INFO: [ app_begin ] --START--
INFO: Run Behavior\ReadHtmlCacheBehavior [ RunTime:0.000561s ]
INFO: [ app_begin ] --END-- [ RunTime:0.000637s ]
INFO: [ view_parse ] --START--
INFO: [ template_filter ] --START--
INFO: Run Behavior\ContentReplaceBehavior [ RunTime:0.000038s ]
INFO: [ template_filter ] --END-- [ RunTime:0.000103s ]
INFO: Run Behavior\ParseTemplateBehavior [ RunTime:0.004418s ]
INFO: [ view_parse ] --END-- [ RunTime:0.004486s ]
INFO: [ view_filter ] --START--
INFO: Run Behavior\WriteHtmlCacheBehavior [ RunTime:0.000408s ]
INFO: [ view_filter ] --END-- [ RunTime:0.000458s ]
INFO: [ app_end ] --START--
INFO: Run Behavior\ShowPageTraceBehavior [ RunTime:0.000487s ]
INFO: [ app_end ] --END-- [ RunTime:0.000545s ]

[ 2018-09-11T00:27:01+08:00 ] 127.0.0.1 /Home/Index/wechat_img.html
INFO: [ app_init ] --START--
INFO: Run Behavior\BuildLiteBehavior [ RunTime:0.000014s ]
INFO: [ app_init ] --END-- [ RunTime:0.000380s ]
INFO: [ app_begin ] --START--
INFO: Run Behavior\ReadHtmlCacheBehavior [ RunTime:0.000452s ]
INFO: [ app_begin ] --END-- [ RunTime:0.000509s ]
INFO: [ view_parse ] --START--
INFO: [ template_filter ] --START--
INFO: Run Behavior\ContentReplaceBehavior [ RunTime:0.000039s ]
INFO: [ template_filter ] --END-- [ RunTime:0.000101s ]
INFO: Run Behavior\ParseTemplateBehavior [ RunTime:0.004161s ]
INFO: [ view_parse ] --END-- [ RunTime:0.004227s ]
INFO: [ view_filter ] --START--
INFO: Run Behavior\WriteHtmlCacheBehavior [ RunTime:0.000387s ]
INFO: [ view_filter ] --END-- [ RunTime:0.000455s ]
INFO: [ app_end ] --START--
INFO: Run Behavior\ShowPageTraceBehavior [ RunTime:0.000535s ]
INFO: [ app_end ] --END-- [ RunTime:0.000616s ]

[ 2018-09-11T00:28:57+08:00 ] 127.0.0.1 /home
INFO: [ app_init ] --START--
INFO: Run Behavior\BuildLiteBehavior [ RunTime:0.000014s ]
INFO: [ app_init ] --END-- [ RunTime:0.000357s ]
INFO: [ app_begin ] --START--
INFO: Run Behavior\ReadHtmlCacheBehavior [ RunTime:0.000512s ]
INFO: [ app_begin ] --END-- [ RunTime:0.000568s ]
SQL: SHOW COLUMNS FROM `album` [ RunTime:0.0030s ]
SQL: SHOW COLUMNS FROM `album` [ RunTime:0.0029s ]
SQL: SELECT album.* FROM `album` left join photo_album_relation ON photo_album_relation.album_id = album.id  WHERE ( album.is_delete=0 and photo_album_relation.album_id <> '' ) GROUP BY album.id ORDER BY album.sort desc,album.id asc  [ RunTime:0.0006s ]
INFO: [ view_parse ] --START--
INFO: [ template_filter ] --START--
INFO: Run Behavior\ContentReplaceBehavior [ RunTime:0.000082s ]
INFO: [ template_filter ] --END-- [ RunTime:0.000134s ]
INFO: Run Behavior\ParseTemplateBehavior [ RunTime:0.007714s ]
INFO: [ view_parse ] --END-- [ RunTime:0.007770s ]
INFO: [ view_filter ] --START--
INFO: Run Behavior\WriteHtmlCacheBehavior [ RunTime:0.000346s ]
INFO: [ view_filter ] --END-- [ RunTime:0.000394s ]
INFO: [ app_end ] --START--
INFO: Run Behavior\ShowPageTraceBehavior [ RunTime:0.000495s ]
INFO: [ app_end ] --END-- [ RunTime:0.000549s ]

[ 2018-09-11T00:28:59+08:00 ] 127.0.0.1 /home
INFO: [ app_init ] --START--
INFO: Run Behavior\BuildLiteBehavior [ RunTime:0.000015s ]
INFO: [ app_init ] --END-- [ RunTime:0.000361s ]
INFO: [ app_begin ] --START--
INFO: Run Behavior\ReadHtmlCacheBehavior [ RunTime:0.000463s ]
INFO: [ app_begin ] --END-- [ RunTime:0.000517s ]
SQL: SHOW COLUMNS FROM `album` [ RunTime:0.0034s ]
SQL: SHOW COLUMNS FROM `album` [ RunTime:0.0029s ]
SQL: SELECT album.* FROM `album` left join photo_album_relation ON photo_album_relation.album_id = album.id  WHERE ( album.is_delete=0 and photo_album_relation.album_id <> '' ) GROUP BY album.id ORDER BY album.sort desc,album.id asc  [ RunTime:0.0004s ]
INFO: [ view_parse ] --START--
INFO: [ template_filter ] --START--
INFO: Run Behavior\ContentReplaceBehavior [ RunTime:0.000112s ]
INFO: [ template_filter ] --END-- [ RunTime:0.000173s ]
INFO: Run Behavior\ParseTemplateBehavior [ RunTime:0.007698s ]
INFO: [ view_parse ] --END-- [ RunTime:0.007753s ]
INFO: [ view_filter ] --START--
INFO: Run Behavior\WriteHtmlCacheBehavior [ RunTime:0.000321s ]
INFO: [ view_filter ] --END-- [ RunTime:0.000370s ]
INFO: [ app_end ] --START--
INFO: Run Behavior\ShowPageTraceBehavior [ RunTime:0.000453s ]
INFO: [ app_end ] --END-- [ RunTime:0.000501s ]

[ 2018-09-11T00:30:13+08:00 ] 127.0.0.1 /home
INFO: [ app_init ] --START--
INFO: Run Behavior\BuildLiteBehavior [ RunTime:0.000016s ]
INFO: [ app_init ] --END-- [ RunTime:0.000503s ]
INFO: [ app_begin ] --START--
INFO: Run Behavior\ReadHtmlCacheBehavior [ RunTime:0.000526s ]
INFO: [ app_begin ] --END-- [ RunTime:0.000590s ]
SQL: SHOW COLUMNS FROM `album` [ RunTime:0.0037s ]
SQL: SHOW COLUMNS FROM `album` [ RunTime:0.0032s ]
SQL: SELECT album.* FROM `album` left join photo_album_relation ON photo_album_relation.album_id = album.id  WHERE ( album.is_delete=0 and photo_album_relation.album_id <> '' ) GROUP BY album.id ORDER BY album.sort desc,album.id asc  [ RunTime:0.0004s ]
INFO: [ view_parse ] --START--
INFO: [ template_filter ] --START--
INFO: Run Behavior\ContentReplaceBehavior [ RunTime:0.000084s ]
INFO: [ template_filter ] --END-- [ RunTime:0.000146s ]
INFO: Run Behavior\ParseTemplateBehavior [ RunTime:0.007689s ]
INFO: [ view_parse ] --END-- [ RunTime:0.007745s ]
INFO: [ view_filter ] --START--
INFO: Run Behavior\WriteHtmlCacheBehavior [ RunTime:0.000342s ]
INFO: [ view_filter ] --END-- [ RunTime:0.000389s ]
INFO: [ app_end ] --START--
INFO: Run Behavior\ShowPageTraceBehavior [ RunTime:0.000475s ]
INFO: [ app_end ] --END-- [ RunTime:0.000523s ]

[ 2018-09-11T00:31:15+08:00 ] 127.0.0.1 /home
INFO: [ app_init ] --START--
INFO: Run Behavior\BuildLiteBehavior [ RunTime:0.000014s ]
INFO: [ app_init ] --END-- [ RunTime:0.000371s ]
INFO: [ app_begin ] --START--
INFO: Run Behavior\ReadHtmlCacheBehavior [ RunTime:0.000521s ]
INFO: [ app_begin ] --END-- [ RunTime:0.000584s ]
SQL: SHOW COLUMNS FROM `album` [ RunTime:0.0031s ]
SQL: SHOW COLUMNS FROM `album` [ RunTime:0.0033s ]
SQL: SELECT album.* FROM `album` left join photo_album_relation ON photo_album_relation.album_id = album.id  WHERE ( album.is_delete=0 and photo_album_relation.album_id <> '' ) GROUP BY album.id ORDER BY album.sort desc,album.id asc  [ RunTime:0.0005s ]
INFO: [ view_parse ] --START--
INFO: [ template_filter ] --START--
INFO: Run Behavior\ContentReplaceBehavior [ RunTime:0.000085s ]
INFO: [ template_filter ] --END-- [ RunTime:0.000143s ]
INFO: Run Behavior\ParseTemplateBehavior [ RunTime:0.007656s ]
INFO: [ view_parse ] --END-- [ RunTime:0.007709s ]
INFO: [ view_filter ] --START--
INFO: Run Behavior\WriteHtmlCacheBehavior [ RunTime:0.000359s ]
INFO: [ view_filter ] --END-- [ RunTime:0.000406s ]
INFO: [ app_end ] --START--
INFO: Run Behavior\ShowPageTraceBehavior [ RunTime:0.000497s ]
INFO: [ app_end ] --END-- [ RunTime:0.000545s ]

[ 2018-09-11T00:31:34+08:00 ] 127.0.0.1 /home
INFO: [ app_init ] --START--
INFO: Run Behavior\BuildLiteBehavior [ RunTime:0.000014s ]
INFO: [ app_init ] --END-- [ RunTime:0.000353s ]
INFO: [ app_begin ] --START--
INFO: Run Behavior\ReadHtmlCacheBehavior [ RunTime:0.000496s ]
INFO: [ app_begin ] --END-- [ RunTime:0.000557s ]
SQL: SHOW COLUMNS FROM `album` [ RunTime:0.0030s ]
SQL: SHOW COLUMNS FROM `album` [ RunTime:0.0040s ]
SQL: SELECT album.* FROM `album` left join photo_album_relation ON photo_album_relation.album_id = album.id  WHERE ( album.is_delete=0 and photo_album_relation.album_id <> '' ) GROUP BY album.id ORDER BY album.sort desc,album.id asc  [ RunTime:0.0006s ]
INFO: [ view_parse ] --START--
INFO: [ template_filter ] --START--
INFO: Run Behavior\ContentReplaceBehavior [ RunTime:0.000082s ]
INFO: [ template_filter ] --END-- [ RunTime:0.000133s ]
INFO: Run Behavior\ParseTemplateBehavior [ RunTime:0.007459s ]
INFO: [ view_parse ] --END-- [ RunTime:0.007512s ]
INFO: [ view_filter ] --START--
INFO: Run Behavior\WriteHtmlCacheBehavior [ RunTime:0.000334s ]
INFO: [ view_filter ] --END-- [ RunTime:0.000381s ]
INFO: [ app_end ] --START--
INFO: Run Behavior\ShowPageTraceBehavior [ RunTime:0.000478s ]
INFO: [ app_end ] --END-- [ RunTime:0.000526s ]

[ 2018-09-11T00:32:03+08:00 ] 127.0.0.1 /home
INFO: [ app_init ] --START--
INFO: Run Behavior\BuildLiteBehavior [ RunTime:0.000016s ]
INFO: [ app_init ] --END-- [ RunTime:0.000484s ]
INFO: [ app_begin ] --START--
INFO: Run Behavior\ReadHtmlCacheBehavior [ RunTime:0.000565s ]
INFO: [ app_begin ] --END-- [ RunTime:0.000622s ]
SQL: SHOW COLUMNS FROM `album` [ RunTime:0.0095s ]
SQL: SHOW COLUMNS FROM `album` [ RunTime:0.0063s ]
SQL: SELECT album.* FROM `album` left join photo_album_relation ON photo_album_relation.album_id = album.id  WHERE ( album.is_delete=0 and photo_album_relation.album_id <> '' ) GROUP BY album.id ORDER BY album.sort desc,album.id asc  [ RunTime:0.0008s ]
INFO: [ view_parse ] --START--
INFO: [ template_filter ] --START--
INFO: Run Behavior\ContentReplaceBehavior [ RunTime:0.000105s ]
INFO: [ template_filter ] --END-- [ RunTime:0.000168s ]
INFO: Run Behavior\ParseTemplateBehavior [ RunTime:0.011444s ]
INFO: [ view_parse ] --END-- [ RunTime:0.011524s ]
INFO: [ view_filter ] --START--
INFO: Run Behavior\WriteHtmlCacheBehavior [ RunTime:0.000425s ]
INFO: [ view_filter ] --END-- [ RunTime:0.000484s ]
INFO: [ app_end ] --START--
INFO: Run Behavior\ShowPageTraceBehavior [ RunTime:0.000592s ]
INFO: [ app_end ] --END-- [ RunTime:0.000651s ]

[ 2018-09-11T00:32:17+08:00 ] 127.0.0.1 /home
INFO: [ app_init ] --START--
INFO: Run Behavior\BuildLiteBehavior [ RunTime:0.000012s ]
INFO: [ app_init ] --END-- [ RunTime:0.000360s ]
INFO: [ app_begin ] --START--
INFO: Run Behavior\ReadHtmlCacheBehavior [ RunTime:0.000448s ]
INFO: [ app_begin ] --END-- [ RunTime:0.000504s ]
SQL: SHOW COLUMNS FROM `album` [ RunTime:0.0031s ]
SQL: SHOW COLUMNS FROM `album` [ RunTime:0.0028s ]
SQL: SELECT album.* FROM `album` left join photo_album_relation ON photo_album_relation.album_id = album.id  WHERE ( album.is_delete=0 and photo_album_relation.album_id <> '' ) GROUP BY album.id ORDER BY album.sort desc,album.id asc  [ RunTime:0.0004s ]
INFO: [ view_parse ] --START--
INFO: [ template_filter ] --START--
INFO: Run Behavior\ContentReplaceBehavior [ RunTime:0.000088s ]
INFO: [ template_filter ] --END-- [ RunTime:0.000144s ]
INFO: Run Behavior\ParseTemplateBehavior [ RunTime:0.008129s ]
INFO: [ view_parse ] --END-- [ RunTime:0.008181s ]
INFO: [ view_filter ] --START--
INFO: Run Behavior\WriteHtmlCacheBehavior [ RunTime:0.000305s ]
INFO: [ view_filter ] --END-- [ RunTime:0.000352s ]
INFO: [ app_end ] --START--
INFO: Run Behavior\ShowPageTraceBehavior [ RunTime:0.000445s ]
INFO: [ app_end ] --END-- [ RunTime:0.000499s ]

[ 2018-09-11T00:32:23+08:00 ] 127.0.0.1 /home
INFO: [ app_init ] --START--
INFO: Run Behavior\BuildLiteBehavior [ RunTime:0.000014s ]
INFO: [ app_init ] --END-- [ RunTime:0.000371s ]
INFO: [ app_begin ] --START--
INFO: Run Behavior\ReadHtmlCacheBehavior [ RunTime:0.000493s ]
INFO: [ app_begin ] --END-- [ RunTime:0.000552s ]
SQL: SHOW COLUMNS FROM `album` [ RunTime:0.0033s ]
SQL: SHOW COLUMNS FROM `album` [ RunTime:0.0038s ]
SQL: SELECT album.* FROM `album` left join photo_album_relation ON photo_album_relation.album_id = album.id  WHERE ( album.is_delete=0 and photo_album_relation.album_id <> '' ) GROUP BY album.id ORDER BY album.sort desc,album.id asc  [ RunTime:0.0006s ]
INFO: [ view_parse ] --START--
INFO: [ template_filter ] --START--
INFO: Run Behavior\ContentReplaceBehavior [ RunTime:0.000087s ]
INFO: [ template_filter ] --END-- [ RunTime:0.000138s ]
INFO: Run Behavior\ParseTemplateBehavior [ RunTime:0.008219s ]
INFO: [ view_parse ] --END-- [ RunTime:0.008273s ]
INFO: [ view_filter ] --START--
INFO: Run Behavior\WriteHtmlCacheBehavior [ RunTime:0.000331s ]
INFO: [ view_filter ] --END-- [ RunTime:0.000377s ]
INFO: [ app_end ] --START--
INFO: Run Behavior\ShowPageTraceBehavior [ RunTime:0.000471s ]
INFO: [ app_end ] --END-- [ RunTime:0.000520s ]

[ 2018-09-11T00:32:36+08:00 ] 127.0.0.1 /home
INFO: [ app_init ] --START--
INFO: Run Behavior\BuildLiteBehavior [ RunTime:0.000016s ]
INFO: [ app_init ] --END-- [ RunTime:0.000362s ]
INFO: [ app_begin ] --START--
INFO: Run Behavior\ReadHtmlCacheBehavior [ RunTime:0.000592s ]
INFO: [ app_begin ] --END-- [ RunTime:0.000650s ]
SQL: SHOW COLUMNS FROM `album` [ RunTime:0.0096s ]
SQL: SHOW COLUMNS FROM `album` [ RunTime:0.0053s ]
SQL: SELECT album.* FROM `album` left join photo_album_relation ON photo_album_relation.album_id = album.id  WHERE ( album.is_delete=0 and photo_album_relation.album_id <> '' ) GROUP BY album.id ORDER BY album.sort desc,album.id asc  [ RunTime:0.0007s ]
INFO: [ view_parse ] --START--
INFO: [ template_filter ] --START--
INFO: Run Behavior\ContentReplaceBehavior [ RunTime:0.000104s ]
INFO: [ template_filter ] --END-- [ RunTime:0.000171s ]
INFO: Run Behavior\ParseTemplateBehavior [ RunTime:0.012393s ]
INFO: [ view_parse ] --END-- [ RunTime:0.012468s ]
INFO: [ view_filter ] --START--
INFO: Run Behavior\WriteHtmlCacheBehavior [ RunTime:0.000441s ]
INFO: [ view_filter ] --END-- [ RunTime:0.000498s ]
INFO: [ app_end ] --START--
INFO: Run Behavior\ShowPageTraceBehavior [ RunTime:0.000582s ]
INFO: [ app_end ] --END-- [ RunTime:0.000639s ]

[ 2018-09-11T00:32:55+08:00 ] 127.0.0.1 /home
INFO: [ app_init ] --START--
INFO: Run Behavior\BuildLiteBehavior [ RunTime:0.000015s ]
INFO: [ app_init ] --END-- [ RunTime:0.000355s ]
INFO: [ app_begin ] --START--
INFO: Run Behavior\ReadHtmlCacheBehavior [ RunTime:0.000548s ]
INFO: [ app_begin ] --END-- [ RunTime:0.000604s ]
SQL: SHOW COLUMNS FROM `album` [ RunTime:0.0038s ]
SQL: SHOW COLUMNS FROM `album` [ RunTime:0.0029s ]
SQL: SELECT album.* FROM `album` left join photo_album_relation ON photo_album_relation.album_id = album.id  WHERE ( album.is_delete=0 and photo_album_relation.album_id <> '' ) GROUP BY album.id ORDER BY album.sort desc,album.id asc  [ RunTime:0.0005s ]
INFO: [ view_parse ] --START--
INFO: [ template_filter ] --START--
INFO: Run Behavior\ContentReplaceBehavior [ RunTime:0.000081s ]
INFO: [ template_filter ] --END-- [ RunTime:0.000135s ]
INFO: Run Behavior\ParseTemplateBehavior [ RunTime:0.008170s ]
INFO: [ view_parse ] --END-- [ RunTime:0.008230s ]
INFO: [ view_filter ] --START--
INFO: Run Behavior\WriteHtmlCacheBehavior [ RunTime:0.000373s ]
INFO: [ view_filter ] --END-- [ RunTime:0.000460s ]
INFO: [ app_end ] --START--
INFO: Run Behavior\ShowPageTraceBehavior [ RunTime:0.000472s ]
INFO: [ app_end ] --END-- [ RunTime:0.000520s ]

