[ 2018-09-10T15:26:33+08:00 ] 127.0.0.1 /home/index/photo_show/album_id/1.html
INFO: [ app_init ] --START--
INFO: Run Behavior\BuildLiteBehavior [ RunTime:0.000024s ]
INFO: [ app_init ] --END-- [ RunTime:0.001187s ]
INFO: [ app_begin ] --START--
INFO: Run Behavior\ReadHtmlCacheBehavior [ RunTime:0.035840s ]
INFO: [ app_begin ] --END-- [ RunTime:0.035975s ]
SQL: SHOW COLUMNS FROM `photo` [ RunTime:0.1135s ]
SQL: SELECT * FROM `photo` INNER JOIN photo_album_relation ON photo_album_relation.photo_id = photo.id  WHERE ( photo_album_relation.album_id='1' and photo.is_delete = 0 ) ORDER BY photo.sort desc,photo.id asc  [ RunTime:0.0466s ]

[ 2018-09-10T15:28:06+08:00 ] 127.0.0.1 /home/index/photo_show/album_id/1.html
INFO: [ app_init ] --START--
INFO: Run Behavior\BuildLiteBehavior [ RunTime:0.000018s ]
INFO: [ app_init ] --END-- [ RunTime:0.000335s ]
INFO: [ app_begin ] --START--
INFO: Run Behavior\ReadHtmlCacheBehavior [ RunTime:0.000430s ]
INFO: [ app_begin ] --END-- [ RunTime:0.000499s ]
SQL: SHOW COLUMNS FROM `photo` [ RunTime:0.0022s ]
SQL: SELECT * FROM `photo` INNER JOIN photo_album_relation ON photo_album_relation.photo_id = photo.id  WHERE ( photo_album_relation.album_id='1' and photo.is_delete = 0 ) ORDER BY photo.sort desc,photo.id asc  [ RunTime:0.0005s ]

[ 2018-09-10T15:29:19+08:00 ] 127.0.0.1 /home/index/photo_show/album_id/1.html
INFO: [ app_init ] --START--
INFO: Run Behavior\BuildLiteBehavior [ RunTime:0.000023s ]
INFO: [ app_init ] --END-- [ RunTime:0.000413s ]
INFO: [ app_begin ] --START--
INFO: Run Behavior\ReadHtmlCacheBehavior [ RunTime:0.000558s ]
INFO: [ app_begin ] --END-- [ RunTime:0.000628s ]
SQL: SHOW COLUMNS FROM `photo` [ RunTime:0.0025s ]
SQL: SELECT * FROM `photo` INNER JOIN photo_album_relation ON photo_album_relation.photo_id = photo.id  WHERE ( photo_album_relation.album_id='1' and photo.is_delete = 0 ) ORDER BY photo.sort desc,photo.id asc  [ RunTime:0.0005s ]
INFO: [ view_parse ] --START--
INFO: [ template_filter ] --START--
INFO: Run Behavior\ContentReplaceBehavior [ RunTime:0.029326s ]
INFO: [ template_filter ] --END-- [ RunTime:0.029488s ]
INFO: Run Behavior\ParseTemplateBehavior [ RunTime:0.213856s ]
INFO: [ view_parse ] --END-- [ RunTime:0.213936s ]
INFO: [ view_filter ] --START--
INFO: Run Behavior\WriteHtmlCacheBehavior [ RunTime:0.029393s ]
INFO: [ view_filter ] --END-- [ RunTime:0.029475s ]
INFO: [ app_end ] --START--
INFO: Run Behavior\ShowPageTraceBehavior [ RunTime:0.023733s ]
INFO: [ app_end ] --END-- [ RunTime:0.023818s ]

[ 2018-09-10T15:40:07+08:00 ] 127.0.0.1 /Home
INFO: [ app_init ] --START--
INFO: Run Behavior\BuildLiteBehavior [ RunTime:0.000021s ]
INFO: [ app_init ] --END-- [ RunTime:0.000430s ]
INFO: [ app_begin ] --START--
INFO: Run Behavior\ReadHtmlCacheBehavior [ RunTime:0.000687s ]
INFO: [ app_begin ] --END-- [ RunTime:0.000765s ]
SQL: SHOW COLUMNS FROM `album` [ RunTime:0.0025s ]
SQL: SHOW COLUMNS FROM `album` [ RunTime:0.0020s ]
SQL: SELECT album.* FROM `album` left join photo_album_relation ON photo_album_relation.album_id = album.id  WHERE ( album.is_delete=0 and photo_album_relation.album_id <> '' ) GROUP BY album.id ORDER BY album.sort desc,album.id asc  [ RunTime:0.0005s ]
INFO: [ view_parse ] --START--
INFO: [ template_filter ] --START--
INFO: Run Behavior\ContentReplaceBehavior [ RunTime:0.000108s ]
INFO: [ template_filter ] --END-- [ RunTime:0.000185s ]
INFO: Run Behavior\ParseTemplateBehavior [ RunTime:0.034786s ]
INFO: [ view_parse ] --END-- [ RunTime:0.034861s ]
INFO: [ view_filter ] --START--
INFO: Run Behavior\WriteHtmlCacheBehavior [ RunTime:0.000358s ]
INFO: [ view_filter ] --END-- [ RunTime:0.000419s ]
INFO: [ app_end ] --START--
INFO: Run Behavior\ShowPageTraceBehavior [ RunTime:0.000523s ]
INFO: [ app_end ] --END-- [ RunTime:0.000585s ]

[ 2018-09-10T15:40:10+08:00 ] 127.0.0.1 /Home/Index/album_show.html
INFO: [ app_init ] --START--
INFO: Run Behavior\BuildLiteBehavior [ RunTime:0.000020s ]
INFO: [ app_init ] --END-- [ RunTime:0.000362s ]
INFO: [ app_begin ] --START--
INFO: Run Behavior\ReadHtmlCacheBehavior [ RunTime:0.000617s ]
INFO: [ app_begin ] --END-- [ RunTime:0.000695s ]
INFO: [ view_parse ] --START--
INFO: [ template_filter ] --START--
INFO: Run Behavior\ContentReplaceBehavior [ RunTime:0.000080s ]
INFO: [ template_filter ] --END-- [ RunTime:0.000188s ]
NOTIC: [8] Undefined variable: album_list D:\wamp\www\photo\App\Runtime\Cache\Home\4a609f545941f682401437fc136865ec.php 第 17 行.
INFO: Run Behavior\ParseTemplateBehavior [ RunTime:0.097464s ]
INFO: [ view_parse ] --END-- [ RunTime:0.097573s ]
INFO: [ view_filter ] --START--
INFO: Run Behavior\WriteHtmlCacheBehavior [ RunTime:0.000323s ]
INFO: [ view_filter ] --END-- [ RunTime:0.000381s ]
INFO: [ app_end ] --START--
INFO: Run Behavior\ShowPageTraceBehavior [ RunTime:0.000529s ]
INFO: [ app_end ] --END-- [ RunTime:0.000593s ]

[ 2018-09-10T15:41:43+08:00 ] 127.0.0.1 /Home/Index/album_show.html
INFO: [ app_init ] --START--
INFO: Run Behavior\BuildLiteBehavior [ RunTime:0.000018s ]
INFO: [ app_init ] --END-- [ RunTime:0.000369s ]
INFO: [ app_begin ] --START--
INFO: Run Behavior\ReadHtmlCacheBehavior [ RunTime:0.000456s ]
INFO: [ app_begin ] --END-- [ RunTime:0.000522s ]
INFO: [ view_parse ] --START--
INFO: [ template_filter ] --START--
INFO: Run Behavior\ContentReplaceBehavior [ RunTime:0.000051s ]
INFO: [ template_filter ] --END-- [ RunTime:0.000123s ]
NOTIC: [8] Undefined variable: album_list D:\wamp\www\photo\App\Runtime\Cache\Home\4a609f545941f682401437fc136865ec.php 第 17 行.
INFO: Run Behavior\ParseTemplateBehavior [ RunTime:0.005522s ]
INFO: [ view_parse ] --END-- [ RunTime:0.005588s ]
INFO: [ view_filter ] --START--
INFO: Run Behavior\WriteHtmlCacheBehavior [ RunTime:0.000214s ]
INFO: [ view_filter ] --END-- [ RunTime:0.000270s ]
INFO: [ app_end ] --START--
INFO: Run Behavior\ShowPageTraceBehavior [ RunTime:0.000468s ]
INFO: [ app_end ] --END-- [ RunTime:0.000533s ]

[ 2018-09-10T15:42:14+08:00 ] 127.0.0.1 /Home/Index/album_show.html
INFO: [ app_init ] --START--
INFO: Run Behavior\BuildLiteBehavior [ RunTime:0.000019s ]
INFO: [ app_init ] --END-- [ RunTime:0.000402s ]
INFO: [ app_begin ] --START--
INFO: Run Behavior\ReadHtmlCacheBehavior [ RunTime:0.000633s ]
INFO: [ app_begin ] --END-- [ RunTime:0.000725s ]
INFO: [ view_parse ] --START--
INFO: [ template_filter ] --START--
INFO: Run Behavior\ContentReplaceBehavior [ RunTime:0.000054s ]
INFO: [ template_filter ] --END-- [ RunTime:0.000130s ]
NOTIC: [8] Undefined variable: album_list D:\wamp\www\photo\App\Runtime\Cache\Home\4a609f545941f682401437fc136865ec.php 第 17 行.
INFO: Run Behavior\ParseTemplateBehavior [ RunTime:0.006301s ]
INFO: [ view_parse ] --END-- [ RunTime:0.006374s ]
INFO: [ view_filter ] --START--
INFO: Run Behavior\WriteHtmlCacheBehavior [ RunTime:0.000337s ]
INFO: [ view_filter ] --END-- [ RunTime:0.000394s ]
INFO: [ app_end ] --START--
INFO: Run Behavior\ShowPageTraceBehavior [ RunTime:0.000521s ]
INFO: [ app_end ] --END-- [ RunTime:0.000582s ]

[ 2018-09-10T15:42:15+08:00 ] 127.0.0.1 /Home/Index/album_show.html
INFO: [ app_init ] --START--
INFO: Run Behavior\BuildLiteBehavior [ RunTime:0.000021s ]
INFO: [ app_init ] --END-- [ RunTime:0.000478s ]
INFO: [ app_begin ] --START--
INFO: Run Behavior\ReadHtmlCacheBehavior [ RunTime:0.000440s ]
INFO: [ app_begin ] --END-- [ RunTime:0.000510s ]
INFO: [ view_parse ] --START--
INFO: [ template_filter ] --START--
INFO: Run Behavior\ContentReplaceBehavior [ RunTime:0.000049s ]
INFO: [ template_filter ] --END-- [ RunTime:0.000132s ]
NOTIC: [8] Undefined variable: album_list D:\wamp\www\photo\App\Runtime\Cache\Home\4a609f545941f682401437fc136865ec.php 第 17 行.
INFO: Run Behavior\ParseTemplateBehavior [ RunTime:0.005627s ]
INFO: [ view_parse ] --END-- [ RunTime:0.005709s ]
INFO: [ view_filter ] --START--
INFO: Run Behavior\WriteHtmlCacheBehavior [ RunTime:0.000212s ]
INFO: [ view_filter ] --END-- [ RunTime:0.000268s ]
INFO: [ app_end ] --START--
INFO: Run Behavior\ShowPageTraceBehavior [ RunTime:0.000429s ]
INFO: [ app_end ] --END-- [ RunTime:0.000491s ]

[ 2018-09-10T15:47:15+08:00 ] 127.0.0.1 /Home/Index/album_show.html
INFO: [ app_init ] --START--
INFO: Run Behavior\BuildLiteBehavior [ RunTime:0.000019s ]
INFO: [ app_init ] --END-- [ RunTime:0.000408s ]
INFO: [ app_begin ] --START--
INFO: Run Behavior\ReadHtmlCacheBehavior [ RunTime:0.000648s ]
INFO: [ app_begin ] --END-- [ RunTime:0.000750s ]
SQL: SHOW COLUMNS FROM `album` [ RunTime:0.0025s ]
SQL: SHOW COLUMNS FROM `theme` [ RunTime:0.0027s ]
SQL: SHOW COLUMNS FROM `album_theme_relation` [ RunTime:0.0023s ]
SQL: SELECT * FROM `theme` WHERE ( is_delete=0 )  [ RunTime:0.0004s ]
SQL: SELECT album.* FROM `album` left join photo_album_relation ON photo_album_relation.album_id = album.id  WHERE ( album.is_delete=0 and photo_album_relation.album_id <> '' ) GROUP BY album.id ORDER BY album.sort desc,album.id asc  [ RunTime:0.0030s ]
SQL: SELECT `theme_name` FROM `album_theme_relation` INNER JOIN theme ON theme.id = album_theme_relation.theme_id  WHERE ( album_theme_relation.album_id='1' )  [ RunTime:0.0003s ]
INFO: [ view_parse ] --START--
INFO: [ template_filter ] --START--
INFO: Run Behavior\ContentReplaceBehavior [ RunTime:0.000054s ]
INFO: [ template_filter ] --END-- [ RunTime:0.000148s ]
NOTIC: [8] Undefined index: theme_names D:\wamp\www\photo\App\Runtime\Cache\Home\4a609f545941f682401437fc136865ec.php 第 17 行.
INFO: Run Behavior\ParseTemplateBehavior [ RunTime:0.006224s ]
INFO: [ view_parse ] --END-- [ RunTime:0.006312s ]
INFO: [ view_filter ] --START--
INFO: Run Behavior\WriteHtmlCacheBehavior [ RunTime:0.000331s ]
INFO: [ view_filter ] --END-- [ RunTime:0.000389s ]
INFO: [ app_end ] --START--
INFO: Run Behavior\ShowPageTraceBehavior [ RunTime:0.000555s ]
INFO: [ app_end ] --END-- [ RunTime:0.000633s ]

[ 2018-09-10T15:47:16+08:00 ] 127.0.0.1 /Home/Index/album_show.html
INFO: [ app_init ] --START--
INFO: Run Behavior\BuildLiteBehavior [ RunTime:0.000022s ]
INFO: [ app_init ] --END-- [ RunTime:0.000473s ]
INFO: [ app_begin ] --START--
INFO: Run Behavior\ReadHtmlCacheBehavior [ RunTime:0.000656s ]
INFO: [ app_begin ] --END-- [ RunTime:0.000754s ]
SQL: SHOW COLUMNS FROM `album` [ RunTime:0.0044s ]
SQL: SHOW COLUMNS FROM `theme` [ RunTime:0.0051s ]
SQL: SHOW COLUMNS FROM `album_theme_relation` [ RunTime:0.0023s ]
SQL: SELECT * FROM `theme` WHERE ( is_delete=0 )  [ RunTime:0.0003s ]
SQL: SELECT album.* FROM `album` left join photo_album_relation ON photo_album_relation.album_id = album.id  WHERE ( album.is_delete=0 and photo_album_relation.album_id <> '' ) GROUP BY album.id ORDER BY album.sort desc,album.id asc  [ RunTime:0.0004s ]
SQL: SELECT `theme_name` FROM `album_theme_relation` INNER JOIN theme ON theme.id = album_theme_relation.theme_id  WHERE ( album_theme_relation.album_id='1' )  [ RunTime:0.0002s ]
INFO: [ view_parse ] --START--
INFO: [ template_filter ] --START--
INFO: Run Behavior\ContentReplaceBehavior [ RunTime:0.000100s ]
INFO: [ template_filter ] --END-- [ RunTime:0.000264s ]
NOTIC: [8] Undefined index: theme_names D:\wamp\www\photo\App\Runtime\Cache\Home\4a609f545941f682401437fc136865ec.php 第 17 行.
INFO: Run Behavior\ParseTemplateBehavior [ RunTime:0.008022s ]
INFO: [ view_parse ] --END-- [ RunTime:0.008128s ]
INFO: [ view_filter ] --START--
INFO: Run Behavior\WriteHtmlCacheBehavior [ RunTime:0.000359s ]
INFO: [ view_filter ] --END-- [ RunTime:0.000423s ]
INFO: [ app_end ] --START--
INFO: Run Behavior\ShowPageTraceBehavior [ RunTime:0.000617s ]
INFO: [ app_end ] --END-- [ RunTime:0.000699s ]

[ 2018-09-10T15:47:17+08:00 ] 127.0.0.1 /Home/Index/photo_show/album_id/1.html
INFO: [ app_init ] --START--
INFO: Run Behavior\BuildLiteBehavior [ RunTime:0.000040s ]
INFO: [ app_init ] --END-- [ RunTime:0.000573s ]
INFO: [ app_begin ] --START--
INFO: Run Behavior\ReadHtmlCacheBehavior [ RunTime:0.000479s ]
INFO: [ app_begin ] --END-- [ RunTime:0.000618s ]
SQL: SHOW COLUMNS FROM `photo` [ RunTime:0.0035s ]
SQL: SELECT * FROM `photo` INNER JOIN photo_album_relation ON photo_album_relation.photo_id = photo.id  WHERE ( photo_album_relation.album_id='1' ) ORDER BY photo.sort desc,photo.id asc  [ RunTime:0.0004s ]
INFO: [ view_parse ] --START--
INFO: [ template_filter ] --START--
INFO: Run Behavior\ContentReplaceBehavior [ RunTime:0.000051s ]
INFO: [ template_filter ] --END-- [ RunTime:0.000135s ]
INFO: Run Behavior\ParseTemplateBehavior [ RunTime:0.006620s ]
INFO: [ view_parse ] --END-- [ RunTime:0.006796s ]
INFO: [ view_filter ] --START--
INFO: Run Behavior\WriteHtmlCacheBehavior [ RunTime:0.000577s ]
INFO: [ view_filter ] --END-- [ RunTime:0.000675s ]
INFO: [ app_end ] --START--
INFO: Run Behavior\ShowPageTraceBehavior [ RunTime:0.000695s ]
INFO: [ app_end ] --END-- [ RunTime:0.000795s ]

[ 2018-09-10T15:49:16+08:00 ] 127.0.0.1 /Home/Index/album_show.html
INFO: [ app_init ] --START--
INFO: Run Behavior\BuildLiteBehavior [ RunTime:0.000020s ]
INFO: [ app_init ] --END-- [ RunTime:0.000395s ]
INFO: [ app_begin ] --START--
INFO: Run Behavior\ReadHtmlCacheBehavior [ RunTime:0.000550s ]
INFO: [ app_begin ] --END-- [ RunTime:0.000621s ]
SQL: SHOW COLUMNS FROM `album` [ RunTime:0.0024s ]
SQL: SHOW COLUMNS FROM `theme` [ RunTime:0.0042s ]
SQL: SHOW COLUMNS FROM `album_theme_relation` [ RunTime:0.0065s ]
SQL: SELECT * FROM `theme` WHERE ( is_delete=0 )  [ RunTime:0.0004s ]
SQL: SELECT album.* FROM `album` left join photo_album_relation ON photo_album_relation.album_id = album.id  WHERE ( album.is_delete=0 and photo_album_relation.album_id <> '' ) GROUP BY album.id ORDER BY album.sort desc,album.id asc  [ RunTime:0.0005s ]
SQL: SELECT `theme_name` FROM `album_theme_relation` INNER JOIN theme ON theme.id = album_theme_relation.theme_id  WHERE ( album_theme_relation.album_id='1' )  [ RunTime:0.0002s ]
NOTIC: [8] Undefined index: theme_names D:\wamp\www\photo\App\Home\Controller\IndexController.class.php 第 93 行.
SQL: SELECT `theme_name` FROM `album_theme_relation` INNER JOIN theme ON theme.id = album_theme_relation.theme_id  WHERE ( album_theme_relation.album_id='2' )  [ RunTime:0.0002s ]
NOTIC: [8] Undefined index: theme_names D:\wamp\www\photo\App\Home\Controller\IndexController.class.php 第 93 行.
INFO: [ view_parse ] --START--
INFO: [ template_filter ] --START--
INFO: Run Behavior\ContentReplaceBehavior [ RunTime:0.000080s ]
INFO: [ template_filter ] --END-- [ RunTime:0.000159s ]
INFO: Run Behavior\ParseTemplateBehavior [ RunTime:0.008109s ]
INFO: [ view_parse ] --END-- [ RunTime:0.008189s ]
INFO: [ view_filter ] --START--
INFO: Run Behavior\WriteHtmlCacheBehavior [ RunTime:0.000356s ]
INFO: [ view_filter ] --END-- [ RunTime:0.000420s ]
INFO: [ app_end ] --START--
INFO: Run Behavior\ShowPageTraceBehavior [ RunTime:0.000554s ]
INFO: [ app_end ] --END-- [ RunTime:0.000620s ]

[ 2018-09-10T15:49:59+08:00 ] 127.0.0.1 /Home/Index/album_show.html
INFO: [ app_init ] --START--
INFO: Run Behavior\BuildLiteBehavior [ RunTime:0.000020s ]
INFO: [ app_init ] --END-- [ RunTime:0.000420s ]
INFO: [ app_begin ] --START--
INFO: Run Behavior\ReadHtmlCacheBehavior [ RunTime:0.000569s ]
INFO: [ app_begin ] --END-- [ RunTime:0.000645s ]
SQL: SHOW COLUMNS FROM `album` [ RunTime:0.0023s ]
SQL: SHOW COLUMNS FROM `theme` [ RunTime:0.0049s ]
SQL: SHOW COLUMNS FROM `album_theme_relation` [ RunTime:0.0022s ]
SQL: SELECT * FROM `theme` WHERE ( is_delete=0 )  [ RunTime:0.0002s ]
SQL: SELECT album.* FROM `album` left join photo_album_relation ON photo_album_relation.album_id = album.id  WHERE ( album.is_delete=0 and photo_album_relation.album_id <> '' ) GROUP BY album.id ORDER BY album.sort desc,album.id asc  [ RunTime:0.0004s ]
SQL: SELECT `theme_name` FROM `album_theme_relation` INNER JOIN theme ON theme.id = album_theme_relation.theme_id  WHERE ( album_theme_relation.album_id='1' )  [ RunTime:0.0002s ]
NOTIC: [8] Undefined index: theme_names D:\wamp\www\photo\App\Home\Controller\IndexController.class.php 第 93 行.
SQL: SELECT `theme_name` FROM `album_theme_relation` INNER JOIN theme ON theme.id = album_theme_relation.theme_id  WHERE ( album_theme_relation.album_id='2' )  [ RunTime:0.0002s ]
NOTIC: [8] Undefined index: theme_names D:\wamp\www\photo\App\Home\Controller\IndexController.class.php 第 93 行.
INFO: [ view_parse ] --START--
INFO: [ template_filter ] --START--
INFO: Run Behavior\ContentReplaceBehavior [ RunTime:0.000054s ]
INFO: [ template_filter ] --END-- [ RunTime:0.000130s ]
INFO: Run Behavior\ParseTemplateBehavior [ RunTime:0.006010s ]
INFO: [ view_parse ] --END-- [ RunTime:0.006088s ]
INFO: [ view_filter ] --START--
INFO: Run Behavior\WriteHtmlCacheBehavior [ RunTime:0.001029s ]
INFO: [ view_filter ] --END-- [ RunTime:0.001160s ]
INFO: [ app_end ] --START--
INFO: Run Behavior\ShowPageTraceBehavior [ RunTime:0.000725s ]
INFO: [ app_end ] --END-- [ RunTime:0.000825s ]

