[ 2018-08-30T01:34:06+08:00 ] 127.0.0.1 /Admin/Album/relation_photo_list/id/1/p/1.html
INFO: [ app_init ] --START--
INFO: Run Behavior\BuildLiteBehavior [ RunTime:0.000019s ]
INFO: [ app_init ] --END-- [ RunTime:0.003471s ]
INFO: [ app_begin ] --START--
INFO: Run Behavior\ReadHtmlCacheBehavior [ RunTime:0.000999s ]
INFO: [ app_begin ] --END-- [ RunTime:0.001066s ]
SQL: SHOW COLUMNS FROM `album` [ RunTime:0.0325s ]
SQL: SHOW COLUMNS FROM `photo` [ RunTime:0.0038s ]
SQL: SELECT COUNT(*) AS tp_count FROM `photo` INNER JOIN photo_album_relation ON photo_album_relation.photo_id = photo.id  WHERE ( photo_album_relation.album_id='1' ) LIMIT 1   [ RunTime:0.0225s ]
SQL: SELECT * FROM `photo` INNER JOIN photo_album_relation ON photo_album_relation.photo_id = photo.id  WHERE ( photo_album_relation.album_id='1' )  [ RunTime:0.0013s ]
INFO: [ view_parse ] --START--
INFO: [ template_filter ] --START--
INFO: Run Behavior\ContentReplaceBehavior [ RunTime:0.000937s ]
INFO: [ template_filter ] --END-- [ RunTime:0.001014s ]
INFO: Run Behavior\ParseTemplateBehavior [ RunTime:0.018574s ]
INFO: [ view_parse ] --END-- [ RunTime:0.018645s ]
INFO: [ view_filter ] --START--
INFO: Run Behavior\WriteHtmlCacheBehavior [ RunTime:0.000855s ]
INFO: [ view_filter ] --END-- [ RunTime:0.000912s ]
INFO: [ app_end ] --START--
INFO: Run Behavior\ShowPageTraceBehavior [ RunTime:0.002314s ]
INFO: [ app_end ] --END-- [ RunTime:0.002372s ]

[ 2018-08-30T01:34:49+08:00 ] 127.0.0.1 /Admin/Album/relation_photo_list/id/1/p/1.html
INFO: [ app_init ] --START--
INFO: Run Behavior\BuildLiteBehavior [ RunTime:0.000015s ]
INFO: [ app_init ] --END-- [ RunTime:0.000404s ]
INFO: [ app_begin ] --START--
INFO: Run Behavior\ReadHtmlCacheBehavior [ RunTime:0.000543s ]
INFO: [ app_begin ] --END-- [ RunTime:0.000599s ]
SQL: SHOW COLUMNS FROM `album` [ RunTime:0.0044s ]
SQL: SHOW COLUMNS FROM `photo` [ RunTime:0.0039s ]
SQL: SELECT COUNT(*) AS tp_count FROM `photo` INNER JOIN photo_album_relation ON photo_album_relation.photo_id = photo.id  WHERE ( photo_album_relation.album_id='1' ) LIMIT 1   [ RunTime:0.0023s ]
SQL: SELECT * FROM `photo` INNER JOIN photo_album_relation ON photo_album_relation.photo_id = photo.id  WHERE ( photo_album_relation.album_id='1' )  [ RunTime:0.0004s ]
INFO: [ view_parse ] --START--
INFO: [ template_filter ] --START--
INFO: Run Behavior\ContentReplaceBehavior [ RunTime:0.000045s ]
INFO: [ template_filter ] --END-- [ RunTime:0.000105s ]
INFO: Run Behavior\ParseTemplateBehavior [ RunTime:0.005548s ]
INFO: [ view_parse ] --END-- [ RunTime:0.005615s ]
INFO: [ view_filter ] --START--
INFO: Run Behavior\WriteHtmlCacheBehavior [ RunTime:0.000324s ]
INFO: [ view_filter ] --END-- [ RunTime:0.000382s ]
INFO: [ app_end ] --START--
INFO: Run Behavior\ShowPageTraceBehavior [ RunTime:0.000529s ]
INFO: [ app_end ] --END-- [ RunTime:0.000581s ]

[ 2018-08-30T01:35:12+08:00 ] 127.0.0.1 /Admin/Album/relation_photo_list/id/1/p/1.html
INFO: [ app_init ] --START--
INFO: Run Behavior\BuildLiteBehavior [ RunTime:0.000014s ]
INFO: [ app_init ] --END-- [ RunTime:0.000346s ]
INFO: [ app_begin ] --START--
INFO: Run Behavior\ReadHtmlCacheBehavior [ RunTime:0.000512s ]
INFO: [ app_begin ] --END-- [ RunTime:0.000568s ]
SQL: SHOW COLUMNS FROM `album` [ RunTime:0.0034s ]
SQL: SHOW COLUMNS FROM `photo` [ RunTime:0.0044s ]
SQL: SELECT COUNT(*) AS tp_count FROM `photo` INNER JOIN photo_album_relation ON photo_album_relation.photo_id = photo.id  WHERE ( photo_album_relation.album_id='1' ) LIMIT 1   [ RunTime:0.0003s ]
SQL: SELECT * FROM `photo` INNER JOIN photo_album_relation ON photo_album_relation.photo_id = photo.id  WHERE ( photo_album_relation.album_id='1' )  [ RunTime:0.0002s ]
INFO: [ view_parse ] --START--
INFO: [ template_filter ] --START--
INFO: Run Behavior\ContentReplaceBehavior [ RunTime:0.000047s ]
INFO: [ template_filter ] --END-- [ RunTime:0.000107s ]
INFO: Run Behavior\ParseTemplateBehavior [ RunTime:0.005392s ]
INFO: [ view_parse ] --END-- [ RunTime:0.005449s ]
INFO: [ view_filter ] --START--
INFO: Run Behavior\WriteHtmlCacheBehavior [ RunTime:0.000348s ]
INFO: [ view_filter ] --END-- [ RunTime:0.000399s ]
INFO: [ app_end ] --START--
INFO: Run Behavior\ShowPageTraceBehavior [ RunTime:0.000519s ]
INFO: [ app_end ] --END-- [ RunTime:0.000572s ]

[ 2018-08-30T01:35:35+08:00 ] 127.0.0.1 /Admin/Album/relation_photo_list/id/1/p/1.html
INFO: [ app_init ] --START--
INFO: Run Behavior\BuildLiteBehavior [ RunTime:0.000015s ]
INFO: [ app_init ] --END-- [ RunTime:0.000379s ]
INFO: [ app_begin ] --START--
INFO: Run Behavior\ReadHtmlCacheBehavior [ RunTime:0.000537s ]
INFO: [ app_begin ] --END-- [ RunTime:0.000597s ]
SQL: SHOW COLUMNS FROM `album` [ RunTime:0.0046s ]
SQL: SHOW COLUMNS FROM `photo` [ RunTime:0.0034s ]
SQL: SELECT COUNT(*) AS tp_count FROM `photo` INNER JOIN photo_album_relation ON photo_album_relation.photo_id = photo.id  WHERE ( photo_album_relation.album_id='1' ) LIMIT 1   [ RunTime:0.0002s ]
SQL: SELECT * FROM `photo` INNER JOIN photo_album_relation ON photo_album_relation.photo_id = photo.id  WHERE ( photo_album_relation.album_id='1' )  [ RunTime:0.0002s ]
INFO: [ view_parse ] --START--
INFO: [ template_filter ] --START--
INFO: Run Behavior\ContentReplaceBehavior [ RunTime:0.000045s ]
INFO: [ template_filter ] --END-- [ RunTime:0.000107s ]
INFO: Run Behavior\ParseTemplateBehavior [ RunTime:0.005471s ]
INFO: [ view_parse ] --END-- [ RunTime:0.005531s ]
INFO: [ view_filter ] --START--
INFO: Run Behavior\WriteHtmlCacheBehavior [ RunTime:0.000375s ]
INFO: [ view_filter ] --END-- [ RunTime:0.000426s ]
INFO: [ app_end ] --START--
INFO: Run Behavior\ShowPageTraceBehavior [ RunTime:0.000538s ]
INFO: [ app_end ] --END-- [ RunTime:0.000598s ]

[ 2018-08-30T01:35:37+08:00 ] 127.0.0.1 /Admin/Album/relation_photo_list/id/1/p/1.html
INFO: [ app_init ] --START--
INFO: Run Behavior\BuildLiteBehavior [ RunTime:0.000013s ]
INFO: [ app_init ] --END-- [ RunTime:0.000359s ]
INFO: [ app_begin ] --START--
INFO: Run Behavior\ReadHtmlCacheBehavior [ RunTime:0.000586s ]
INFO: [ app_begin ] --END-- [ RunTime:0.000650s ]
SQL: SHOW COLUMNS FROM `album` [ RunTime:0.0043s ]
SQL: SHOW COLUMNS FROM `photo` [ RunTime:0.0034s ]
SQL: SELECT COUNT(*) AS tp_count FROM `photo` INNER JOIN photo_album_relation ON photo_album_relation.photo_id = photo.id  WHERE ( photo_album_relation.album_id='1' ) LIMIT 1   [ RunTime:0.0002s ]
SQL: SELECT * FROM `photo` INNER JOIN photo_album_relation ON photo_album_relation.photo_id = photo.id  WHERE ( photo_album_relation.album_id='1' )  [ RunTime:0.0002s ]
INFO: [ view_parse ] --START--
INFO: [ template_filter ] --START--
INFO: Run Behavior\ContentReplaceBehavior [ RunTime:0.000047s ]
INFO: [ template_filter ] --END-- [ RunTime:0.000112s ]
INFO: Run Behavior\ParseTemplateBehavior [ RunTime:0.005529s ]
INFO: [ view_parse ] --END-- [ RunTime:0.005592s ]
INFO: [ view_filter ] --START--
INFO: Run Behavior\WriteHtmlCacheBehavior [ RunTime:0.000384s ]
INFO: [ view_filter ] --END-- [ RunTime:0.000440s ]
INFO: [ app_end ] --START--
INFO: Run Behavior\ShowPageTraceBehavior [ RunTime:0.000577s ]
INFO: [ app_end ] --END-- [ RunTime:0.000652s ]

[ 2018-08-30T01:35:50+08:00 ] 127.0.0.1 /Admin/Album/relation_photo_list/id/1/p/1.html
INFO: [ app_init ] --START--
INFO: Run Behavior\BuildLiteBehavior [ RunTime:0.000013s ]
INFO: [ app_init ] --END-- [ RunTime:0.000348s ]
INFO: [ app_begin ] --START--
INFO: Run Behavior\ReadHtmlCacheBehavior [ RunTime:0.000540s ]
INFO: [ app_begin ] --END-- [ RunTime:0.000595s ]
SQL: SHOW COLUMNS FROM `album` [ RunTime:0.0037s ]
SQL: SHOW COLUMNS FROM `photo` [ RunTime:0.0038s ]
SQL: SELECT COUNT(*) AS tp_count FROM `photo` INNER JOIN photo_album_relation ON photo_album_relation.photo_id = photo.id  WHERE ( photo_album_relation.album_id='1' ) LIMIT 1   [ RunTime:0.0002s ]
SQL: SELECT * FROM `photo` INNER JOIN photo_album_relation ON photo_album_relation.photo_id = photo.id  WHERE ( photo_album_relation.album_id='1' )  [ RunTime:0.0002s ]
INFO: [ view_parse ] --START--
INFO: [ template_filter ] --START--
INFO: Run Behavior\ContentReplaceBehavior [ RunTime:0.000041s ]
INFO: [ template_filter ] --END-- [ RunTime:0.000092s ]
INFO: Run Behavior\ParseTemplateBehavior [ RunTime:0.005307s ]
INFO: [ view_parse ] --END-- [ RunTime:0.005362s ]
INFO: [ view_filter ] --START--
INFO: Run Behavior\WriteHtmlCacheBehavior [ RunTime:0.000398s ]
INFO: [ view_filter ] --END-- [ RunTime:0.000450s ]
INFO: [ app_end ] --START--
INFO: Run Behavior\ShowPageTraceBehavior [ RunTime:0.000514s ]
INFO: [ app_end ] --END-- [ RunTime:0.000567s ]

[ 2018-08-30T01:35:58+08:00 ] 127.0.0.1 /Admin/Album/relation_photo_list/id/1/p/1.html
INFO: [ app_init ] --START--
INFO: Run Behavior\BuildLiteBehavior [ RunTime:0.000015s ]
INFO: [ app_init ] --END-- [ RunTime:0.000376s ]
INFO: [ app_begin ] --START--
INFO: Run Behavior\ReadHtmlCacheBehavior [ RunTime:0.000443s ]
INFO: [ app_begin ] --END-- [ RunTime:0.000503s ]
SQL: SHOW COLUMNS FROM `album` [ RunTime:0.0037s ]
SQL: SHOW COLUMNS FROM `photo` [ RunTime:0.0031s ]
SQL: SELECT COUNT(*) AS tp_count FROM `photo` INNER JOIN photo_album_relation ON photo_album_relation.photo_id = photo.id  WHERE ( photo_album_relation.album_id='1' ) LIMIT 1   [ RunTime:0.0002s ]
SQL: SELECT * FROM `photo` INNER JOIN photo_album_relation ON photo_album_relation.photo_id = photo.id  WHERE ( photo_album_relation.album_id='1' )  [ RunTime:0.0002s ]
INFO: [ view_parse ] --START--
INFO: [ template_filter ] --START--
INFO: Run Behavior\ContentReplaceBehavior [ RunTime:0.000045s ]
INFO: [ template_filter ] --END-- [ RunTime:0.000102s ]
INFO: Run Behavior\ParseTemplateBehavior [ RunTime:0.005541s ]
INFO: [ view_parse ] --END-- [ RunTime:0.005601s ]
INFO: [ view_filter ] --START--
INFO: Run Behavior\WriteHtmlCacheBehavior [ RunTime:0.000358s ]
INFO: [ view_filter ] --END-- [ RunTime:0.000413s ]
INFO: [ app_end ] --START--
INFO: Run Behavior\ShowPageTraceBehavior [ RunTime:0.000498s ]
INFO: [ app_end ] --END-- [ RunTime:0.000556s ]

[ 2018-08-30T01:36:14+08:00 ] 127.0.0.1 /Admin/Album/relation_photo_list/id/1/p/1.html
INFO: [ app_init ] --START--
INFO: Run Behavior\BuildLiteBehavior [ RunTime:0.000014s ]
INFO: [ app_init ] --END-- [ RunTime:0.000349s ]
INFO: [ app_begin ] --START--
INFO: Run Behavior\ReadHtmlCacheBehavior [ RunTime:0.000477s ]
INFO: [ app_begin ] --END-- [ RunTime:0.000532s ]
SQL: SHOW COLUMNS FROM `album` [ RunTime:0.0035s ]
SQL: SHOW COLUMNS FROM `photo` [ RunTime:0.0040s ]
SQL: SELECT COUNT(*) AS tp_count FROM `photo` INNER JOIN photo_album_relation ON photo_album_relation.photo_id = photo.id  WHERE ( photo_album_relation.album_id='1' ) LIMIT 1   [ RunTime:0.0003s ]
SQL: SELECT * FROM `photo` INNER JOIN photo_album_relation ON photo_album_relation.photo_id = photo.id  WHERE ( photo_album_relation.album_id='1' )  [ RunTime:0.0002s ]
INFO: [ view_parse ] --START--
INFO: [ template_filter ] --START--
INFO: Run Behavior\ContentReplaceBehavior [ RunTime:0.000044s ]
INFO: [ template_filter ] --END-- [ RunTime:0.000098s ]
INFO: Run Behavior\ParseTemplateBehavior [ RunTime:0.005164s ]
INFO: [ view_parse ] --END-- [ RunTime:0.005228s ]
INFO: [ view_filter ] --START--
INFO: Run Behavior\WriteHtmlCacheBehavior [ RunTime:0.000377s ]
INFO: [ view_filter ] --END-- [ RunTime:0.000459s ]
INFO: [ app_end ] --START--
INFO: Run Behavior\ShowPageTraceBehavior [ RunTime:0.000529s ]
INFO: [ app_end ] --END-- [ RunTime:0.000579s ]

[ 2018-08-30T01:36:23+08:00 ] 127.0.0.1 /Admin/Album/relation_photo_list/id/1/p/1.html
INFO: [ app_init ] --START--
INFO: Run Behavior\BuildLiteBehavior [ RunTime:0.000015s ]
INFO: [ app_init ] --END-- [ RunTime:0.000322s ]
INFO: [ app_begin ] --START--
INFO: Run Behavior\ReadHtmlCacheBehavior [ RunTime:0.000453s ]
INFO: [ app_begin ] --END-- [ RunTime:0.000516s ]
SQL: SHOW COLUMNS FROM `album` [ RunTime:0.0037s ]
SQL: SHOW COLUMNS FROM `photo` [ RunTime:0.0033s ]
SQL: SELECT COUNT(*) AS tp_count FROM `photo` INNER JOIN photo_album_relation ON photo_album_relation.photo_id = photo.id  WHERE ( photo_album_relation.album_id='1' ) LIMIT 1   [ RunTime:0.0003s ]
SQL: SELECT * FROM `photo` INNER JOIN photo_album_relation ON photo_album_relation.photo_id = photo.id  WHERE ( photo_album_relation.album_id='1' )  [ RunTime:0.0002s ]
INFO: [ view_parse ] --START--
INFO: [ template_filter ] --START--
INFO: Run Behavior\ContentReplaceBehavior [ RunTime:0.000045s ]
INFO: [ template_filter ] --END-- [ RunTime:0.000103s ]
INFO: Run Behavior\ParseTemplateBehavior [ RunTime:0.005454s ]
INFO: [ view_parse ] --END-- [ RunTime:0.005514s ]
INFO: [ view_filter ] --START--
INFO: Run Behavior\WriteHtmlCacheBehavior [ RunTime:0.000318s ]
INFO: [ view_filter ] --END-- [ RunTime:0.000367s ]
INFO: [ app_end ] --START--
INFO: Run Behavior\ShowPageTraceBehavior [ RunTime:0.000471s ]
INFO: [ app_end ] --END-- [ RunTime:0.000528s ]

[ 2018-08-30T01:36:46+08:00 ] 127.0.0.1 /Admin/Album/relation_photo_list/id/1/p/1.html
INFO: [ app_init ] --START--
INFO: Run Behavior\BuildLiteBehavior [ RunTime:0.000021s ]
INFO: [ app_init ] --END-- [ RunTime:0.000414s ]
INFO: [ app_begin ] --START--
INFO: Run Behavior\ReadHtmlCacheBehavior [ RunTime:0.000484s ]
INFO: [ app_begin ] --END-- [ RunTime:0.000554s ]
SQL: SHOW COLUMNS FROM `album` [ RunTime:0.0037s ]
SQL: SHOW COLUMNS FROM `photo` [ RunTime:0.0039s ]
SQL: SELECT COUNT(*) AS tp_count FROM `photo` INNER JOIN photo_album_relation ON photo_album_relation.photo_id = photo.id  WHERE ( photo_album_relation.album_id='1' ) LIMIT 1   [ RunTime:0.0004s ]
SQL: SELECT * FROM `photo` INNER JOIN photo_album_relation ON photo_album_relation.photo_id = photo.id  WHERE ( photo_album_relation.album_id='1' )  [ RunTime:0.0003s ]
INFO: [ view_parse ] --START--
INFO: [ template_filter ] --START--
INFO: Run Behavior\ContentReplaceBehavior [ RunTime:0.000044s ]
INFO: [ template_filter ] --END-- [ RunTime:0.000108s ]
INFO: Run Behavior\ParseTemplateBehavior [ RunTime:0.005451s ]
INFO: [ view_parse ] --END-- [ RunTime:0.005512s ]
INFO: [ view_filter ] --START--
INFO: Run Behavior\WriteHtmlCacheBehavior [ RunTime:0.000329s ]
INFO: [ view_filter ] --END-- [ RunTime:0.000379s ]
INFO: [ app_end ] --START--
INFO: Run Behavior\ShowPageTraceBehavior [ RunTime:0.000487s ]
INFO: [ app_end ] --END-- [ RunTime:0.000537s ]

[ 2018-08-30T01:37:03+08:00 ] 127.0.0.1 /Admin/Album/relation_photo_list/id/1/p/1.html
INFO: [ app_init ] --START--
INFO: Run Behavior\BuildLiteBehavior [ RunTime:0.000016s ]
INFO: [ app_init ] --END-- [ RunTime:0.000386s ]
INFO: [ app_begin ] --START--
INFO: Run Behavior\ReadHtmlCacheBehavior [ RunTime:0.000554s ]
INFO: [ app_begin ] --END-- [ RunTime:0.000610s ]
SQL: SHOW COLUMNS FROM `album` [ RunTime:0.0041s ]
SQL: SHOW COLUMNS FROM `photo` [ RunTime:0.0034s ]
SQL: SELECT COUNT(*) AS tp_count FROM `photo` INNER JOIN photo_album_relation ON photo_album_relation.photo_id = photo.id  WHERE ( photo_album_relation.album_id='1' ) LIMIT 1   [ RunTime:0.0002s ]
SQL: SELECT * FROM `photo` INNER JOIN photo_album_relation ON photo_album_relation.photo_id = photo.id  WHERE ( photo_album_relation.album_id='1' )  [ RunTime:0.0002s ]
INFO: [ view_parse ] --START--
INFO: [ template_filter ] --START--
INFO: Run Behavior\ContentReplaceBehavior [ RunTime:0.000047s ]
INFO: [ template_filter ] --END-- [ RunTime:0.000101s ]
INFO: Run Behavior\ParseTemplateBehavior [ RunTime:0.005641s ]
INFO: [ view_parse ] --END-- [ RunTime:0.005699s ]
INFO: [ view_filter ] --START--
INFO: Run Behavior\WriteHtmlCacheBehavior [ RunTime:0.000392s ]
INFO: [ view_filter ] --END-- [ RunTime:0.000442s ]
INFO: [ app_end ] --START--
INFO: Run Behavior\ShowPageTraceBehavior [ RunTime:0.000558s ]
INFO: [ app_end ] --END-- [ RunTime:0.000609s ]

[ 2018-08-30T01:37:23+08:00 ] 127.0.0.1 /Admin/Album/relation_photo_list/id/1/p/1.html
INFO: [ app_init ] --START--
INFO: Run Behavior\BuildLiteBehavior [ RunTime:0.000015s ]
INFO: [ app_init ] --END-- [ RunTime:0.000373s ]
INFO: [ app_begin ] --START--
INFO: Run Behavior\ReadHtmlCacheBehavior [ RunTime:0.000431s ]
INFO: [ app_begin ] --END-- [ RunTime:0.000489s ]
SQL: SHOW COLUMNS FROM `album` [ RunTime:0.0033s ]
SQL: SHOW COLUMNS FROM `photo` [ RunTime:0.0033s ]
SQL: SELECT COUNT(*) AS tp_count FROM `photo` INNER JOIN photo_album_relation ON photo_album_relation.photo_id = photo.id  WHERE ( photo_album_relation.album_id='1' ) LIMIT 1   [ RunTime:0.0005s ]
SQL: SELECT * FROM `photo` INNER JOIN photo_album_relation ON photo_album_relation.photo_id = photo.id  WHERE ( photo_album_relation.album_id='1' )  [ RunTime:0.0005s ]
INFO: [ view_parse ] --START--
INFO: [ template_filter ] --START--
INFO: Run Behavior\ContentReplaceBehavior [ RunTime:0.000058s ]
INFO: [ template_filter ] --END-- [ RunTime:0.000147s ]
INFO: Run Behavior\ParseTemplateBehavior [ RunTime:0.005641s ]
INFO: [ view_parse ] --END-- [ RunTime:0.005701s ]
INFO: [ view_filter ] --START--
INFO: Run Behavior\WriteHtmlCacheBehavior [ RunTime:0.000364s ]
INFO: [ view_filter ] --END-- [ RunTime:0.000414s ]
INFO: [ app_end ] --START--
INFO: Run Behavior\ShowPageTraceBehavior [ RunTime:0.000545s ]
INFO: [ app_end ] --END-- [ RunTime:0.000624s ]

[ 2018-08-30T01:37:54+08:00 ] 127.0.0.1 /Admin/Album/relation_photo_list/id/1/p/1.html
INFO: [ app_init ] --START--
INFO: Run Behavior\BuildLiteBehavior [ RunTime:0.000015s ]
INFO: [ app_init ] --END-- [ RunTime:0.000364s ]
INFO: [ app_begin ] --START--
INFO: Run Behavior\ReadHtmlCacheBehavior [ RunTime:0.000564s ]
INFO: [ app_begin ] --END-- [ RunTime:0.000624s ]
SQL: SHOW COLUMNS FROM `album` [ RunTime:0.0037s ]
SQL: SHOW COLUMNS FROM `photo` [ RunTime:0.0042s ]
SQL: SELECT COUNT(*) AS tp_count FROM `photo` INNER JOIN photo_album_relation ON photo_album_relation.photo_id = photo.id  WHERE ( photo_album_relation.album_id='1' ) LIMIT 1   [ RunTime:0.0004s ]
SQL: SELECT * FROM `photo` INNER JOIN photo_album_relation ON photo_album_relation.photo_id = photo.id  WHERE ( photo_album_relation.album_id='1' )  [ RunTime:0.0003s ]
INFO: [ view_parse ] --START--
INFO: [ template_filter ] --START--
INFO: Run Behavior\ContentReplaceBehavior [ RunTime:0.000046s ]
INFO: [ template_filter ] --END-- [ RunTime:0.000103s ]
INFO: Run Behavior\ParseTemplateBehavior [ RunTime:0.005312s ]
INFO: [ view_parse ] --END-- [ RunTime:0.005373s ]
INFO: [ view_filter ] --START--
INFO: Run Behavior\WriteHtmlCacheBehavior [ RunTime:0.000342s ]
INFO: [ view_filter ] --END-- [ RunTime:0.000393s ]
INFO: [ app_end ] --START--
INFO: Run Behavior\ShowPageTraceBehavior [ RunTime:0.000504s ]
INFO: [ app_end ] --END-- [ RunTime:0.000561s ]

[ 2018-08-30T01:38:12+08:00 ] 127.0.0.1 /Admin/Album/relation_photo_list/id/1/p/1.html
INFO: [ app_init ] --START--
INFO: Run Behavior\BuildLiteBehavior [ RunTime:0.000016s ]
INFO: [ app_init ] --END-- [ RunTime:0.000371s ]
INFO: [ app_begin ] --START--
INFO: Run Behavior\ReadHtmlCacheBehavior [ RunTime:0.000654s ]
INFO: [ app_begin ] --END-- [ RunTime:0.000734s ]
SQL: SHOW COLUMNS FROM `album` [ RunTime:0.0034s ]
SQL: SHOW COLUMNS FROM `photo` [ RunTime:0.0031s ]
SQL: SELECT COUNT(*) AS tp_count FROM `photo` INNER JOIN photo_album_relation ON photo_album_relation.photo_id = photo.id  WHERE ( photo_album_relation.album_id='1' ) LIMIT 1   [ RunTime:0.0002s ]
SQL: SELECT * FROM `photo` INNER JOIN photo_album_relation ON photo_album_relation.photo_id = photo.id  WHERE ( photo_album_relation.album_id='1' )  [ RunTime:0.0002s ]
INFO: [ view_parse ] --START--
INFO: [ template_filter ] --START--
INFO: Run Behavior\ContentReplaceBehavior [ RunTime:0.000045s ]
INFO: [ template_filter ] --END-- [ RunTime:0.000103s ]
INFO: Run Behavior\ParseTemplateBehavior [ RunTime:0.005469s ]
INFO: [ view_parse ] --END-- [ RunTime:0.005528s ]
INFO: [ view_filter ] --START--
INFO: Run Behavior\WriteHtmlCacheBehavior [ RunTime:0.000303s ]
INFO: [ view_filter ] --END-- [ RunTime:0.000352s ]
INFO: [ app_end ] --START--
INFO: Run Behavior\ShowPageTraceBehavior [ RunTime:0.000460s ]
INFO: [ app_end ] --END-- [ RunTime:0.000511s ]

[ 2018-08-30T01:38:52+08:00 ] 127.0.0.1 /Admin/Album/relation_photo_list/id/1/p/1.html
INFO: [ app_init ] --START--
INFO: Run Behavior\BuildLiteBehavior [ RunTime:0.000015s ]
INFO: [ app_init ] --END-- [ RunTime:0.000318s ]
INFO: [ app_begin ] --START--
INFO: Run Behavior\ReadHtmlCacheBehavior [ RunTime:0.000514s ]
INFO: [ app_begin ] --END-- [ RunTime:0.000569s ]
SQL: SHOW COLUMNS FROM `album` [ RunTime:0.0040s ]
SQL: SHOW COLUMNS FROM `photo` [ RunTime:0.0034s ]
SQL: SELECT COUNT(*) AS tp_count FROM `photo` INNER JOIN photo_album_relation ON photo_album_relation.photo_id = photo.id  WHERE ( photo_album_relation.album_id='1' ) LIMIT 1   [ RunTime:0.0002s ]
SQL: SELECT * FROM `photo` INNER JOIN photo_album_relation ON photo_album_relation.photo_id = photo.id  WHERE ( photo_album_relation.album_id='1' )  [ RunTime:0.0003s ]
INFO: [ view_parse ] --START--
INFO: [ template_filter ] --START--
INFO: Run Behavior\ContentReplaceBehavior [ RunTime:0.000044s ]
INFO: [ template_filter ] --END-- [ RunTime:0.000104s ]
INFO: Run Behavior\ParseTemplateBehavior [ RunTime:0.006152s ]
INFO: [ view_parse ] --END-- [ RunTime:0.006215s ]
INFO: [ view_filter ] --START--
INFO: Run Behavior\WriteHtmlCacheBehavior [ RunTime:0.000359s ]
INFO: [ view_filter ] --END-- [ RunTime:0.000417s ]
INFO: [ app_end ] --START--
INFO: Run Behavior\ShowPageTraceBehavior [ RunTime:0.000495s ]
INFO: [ app_end ] --END-- [ RunTime:0.000547s ]

[ 2018-08-30T01:39:15+08:00 ] 127.0.0.1 /Admin/Album/relation_photo_list/id/1/p/1.html
INFO: [ app_init ] --START--
INFO: Run Behavior\BuildLiteBehavior [ RunTime:0.000014s ]
INFO: [ app_init ] --END-- [ RunTime:0.000374s ]
INFO: [ app_begin ] --START--
INFO: Run Behavior\ReadHtmlCacheBehavior [ RunTime:0.000489s ]
INFO: [ app_begin ] --END-- [ RunTime:0.000552s ]
SQL: SHOW COLUMNS FROM `album` [ RunTime:0.0036s ]
SQL: SHOW COLUMNS FROM `photo` [ RunTime:0.0032s ]
SQL: SELECT COUNT(*) AS tp_count FROM `photo` INNER JOIN photo_album_relation ON photo_album_relation.photo_id = photo.id  WHERE ( photo_album_relation.album_id='1' ) LIMIT 1   [ RunTime:0.0002s ]
SQL: SELECT * FROM `photo` INNER JOIN photo_album_relation ON photo_album_relation.photo_id = photo.id  WHERE ( photo_album_relation.album_id='1' )  [ RunTime:0.0002s ]
INFO: [ view_parse ] --START--
INFO: [ template_filter ] --START--
INFO: Run Behavior\ContentReplaceBehavior [ RunTime:0.000054s ]
INFO: [ template_filter ] --END-- [ RunTime:0.000124s ]
INFO: Run Behavior\ParseTemplateBehavior [ RunTime:0.005546s ]
INFO: [ view_parse ] --END-- [ RunTime:0.005606s ]
INFO: [ view_filter ] --START--
INFO: Run Behavior\WriteHtmlCacheBehavior [ RunTime:0.000304s ]
INFO: [ view_filter ] --END-- [ RunTime:0.000356s ]
INFO: [ app_end ] --START--
INFO: Run Behavior\ShowPageTraceBehavior [ RunTime:0.000464s ]
INFO: [ app_end ] --END-- [ RunTime:0.000520s ]

[ 2018-08-30T01:39:27+08:00 ] 127.0.0.1 /Admin/Album/relation_photo_list/id/1/p/1.html
INFO: [ app_init ] --START--
INFO: Run Behavior\BuildLiteBehavior [ RunTime:0.000018s ]
INFO: [ app_init ] --END-- [ RunTime:0.000428s ]
INFO: [ app_begin ] --START--
INFO: Run Behavior\ReadHtmlCacheBehavior [ RunTime:0.000539s ]
INFO: [ app_begin ] --END-- [ RunTime:0.000626s ]
SQL: SHOW COLUMNS FROM `album` [ RunTime:0.0036s ]
SQL: SHOW COLUMNS FROM `photo` [ RunTime:0.0033s ]
SQL: SELECT COUNT(*) AS tp_count FROM `photo` INNER JOIN photo_album_relation ON photo_album_relation.photo_id = photo.id  WHERE ( photo_album_relation.album_id='1' ) LIMIT 1   [ RunTime:0.0002s ]
SQL: SELECT * FROM `photo` INNER JOIN photo_album_relation ON photo_album_relation.photo_id = photo.id  WHERE ( photo_album_relation.album_id='1' )  [ RunTime:0.0002s ]
INFO: [ view_parse ] --START--
INFO: [ template_filter ] --START--
INFO: Run Behavior\ContentReplaceBehavior [ RunTime:0.000048s ]
INFO: [ template_filter ] --END-- [ RunTime:0.000107s ]
INFO: Run Behavior\ParseTemplateBehavior [ RunTime:0.005219s ]
INFO: [ view_parse ] --END-- [ RunTime:0.005279s ]
INFO: [ view_filter ] --START--
INFO: Run Behavior\WriteHtmlCacheBehavior [ RunTime:0.000347s ]
INFO: [ view_filter ] --END-- [ RunTime:0.000403s ]
INFO: [ app_end ] --START--
INFO: Run Behavior\ShowPageTraceBehavior [ RunTime:0.000563s ]
INFO: [ app_end ] --END-- [ RunTime:0.000626s ]

[ 2018-08-30T01:39:32+08:00 ] 127.0.0.1 /Admin/Album/relation_photo_list/id/1/p/1.html
INFO: [ app_init ] --START--
INFO: Run Behavior\BuildLiteBehavior [ RunTime:0.000016s ]
INFO: [ app_init ] --END-- [ RunTime:0.000359s ]
INFO: [ app_begin ] --START--
INFO: Run Behavior\ReadHtmlCacheBehavior [ RunTime:0.000428s ]
INFO: [ app_begin ] --END-- [ RunTime:0.000489s ]
SQL: SHOW COLUMNS FROM `album` [ RunTime:0.0034s ]
SQL: SHOW COLUMNS FROM `photo` [ RunTime:0.0037s ]
SQL: SELECT COUNT(*) AS tp_count FROM `photo` INNER JOIN photo_album_relation ON photo_album_relation.photo_id = photo.id  WHERE ( photo_album_relation.album_id='1' ) LIMIT 1   [ RunTime:0.0003s ]
SQL: SELECT * FROM `photo` INNER JOIN photo_album_relation ON photo_album_relation.photo_id = photo.id  WHERE ( photo_album_relation.album_id='1' )  [ RunTime:0.0002s ]
INFO: [ view_parse ] --START--
INFO: [ template_filter ] --START--
INFO: Run Behavior\ContentReplaceBehavior [ RunTime:0.000046s ]
INFO: [ template_filter ] --END-- [ RunTime:0.000105s ]
INFO: Run Behavior\ParseTemplateBehavior [ RunTime:0.005794s ]
INFO: [ view_parse ] --END-- [ RunTime:0.005849s ]
INFO: [ view_filter ] --START--
INFO: Run Behavior\WriteHtmlCacheBehavior [ RunTime:0.000336s ]
INFO: [ view_filter ] --END-- [ RunTime:0.000384s ]
INFO: [ app_end ] --START--
INFO: Run Behavior\ShowPageTraceBehavior [ RunTime:0.000461s ]
INFO: [ app_end ] --END-- [ RunTime:0.000516s ]

[ 2018-08-30T01:39:33+08:00 ] 127.0.0.1 /Admin/Album/relation_photo_list/id/1/p/1.html
INFO: [ app_init ] --START--
INFO: Run Behavior\BuildLiteBehavior [ RunTime:0.000014s ]
INFO: [ app_init ] --END-- [ RunTime:0.000309s ]
INFO: [ app_begin ] --START--
INFO: Run Behavior\ReadHtmlCacheBehavior [ RunTime:0.000409s ]
INFO: [ app_begin ] --END-- [ RunTime:0.000483s ]
SQL: SHOW COLUMNS FROM `album` [ RunTime:0.0036s ]
SQL: SHOW COLUMNS FROM `photo` [ RunTime:0.0047s ]
SQL: SELECT COUNT(*) AS tp_count FROM `photo` INNER JOIN photo_album_relation ON photo_album_relation.photo_id = photo.id  WHERE ( photo_album_relation.album_id='1' ) LIMIT 1   [ RunTime:0.0002s ]
SQL: SELECT * FROM `photo` INNER JOIN photo_album_relation ON photo_album_relation.photo_id = photo.id  WHERE ( photo_album_relation.album_id='1' )  [ RunTime:0.0002s ]
INFO: [ view_parse ] --START--
INFO: [ template_filter ] --START--
INFO: Run Behavior\ContentReplaceBehavior [ RunTime:0.000046s ]
INFO: [ template_filter ] --END-- [ RunTime:0.000100s ]
INFO: Run Behavior\ParseTemplateBehavior [ RunTime:0.005237s ]
INFO: [ view_parse ] --END-- [ RunTime:0.005292s ]
INFO: [ view_filter ] --START--
INFO: Run Behavior\WriteHtmlCacheBehavior [ RunTime:0.000316s ]
INFO: [ view_filter ] --END-- [ RunTime:0.000365s ]
INFO: [ app_end ] --START--
INFO: Run Behavior\ShowPageTraceBehavior [ RunTime:0.000479s ]
INFO: [ app_end ] --END-- [ RunTime:0.000535s ]

[ 2018-08-30T01:39:47+08:00 ] 127.0.0.1 /Admin/Photo/photo_list.html
INFO: [ app_init ] --START--
INFO: Run Behavior\BuildLiteBehavior [ RunTime:0.000014s ]
INFO: [ app_init ] --END-- [ RunTime:0.000317s ]
INFO: [ app_begin ] --START--
INFO: Run Behavior\ReadHtmlCacheBehavior [ RunTime:0.000480s ]
INFO: [ app_begin ] --END-- [ RunTime:0.000540s ]
SQL: SHOW COLUMNS FROM `photo` [ RunTime:0.0033s ]
NOTIC: [8] Undefined index: p D:\wamp\www\photo\App\Admin\Controller\PhotoController.class.php 第 22 行.
NOTIC: [2] Missing argument 1 for Think\Model::where(), called in D:\wamp\www\photo\App\Admin\Controller\PhotoController.class.php on line 26 and defined D:\wamp\www\photo\ThinkPHP\Library\Think\Model.class.php 第 1797 行.
NOTIC: [8] Undefined variable: where D:\wamp\www\photo\ThinkPHP\Library\Think\Model.class.php 第 1805 行.
NOTIC: [8] Undefined variable: where D:\wamp\www\photo\ThinkPHP\Library\Think\Model.class.php 第 1808 行.
NOTIC: [8] Undefined variable: where D:\wamp\www\photo\ThinkPHP\Library\Think\Model.class.php 第 1816 行.
SQL: SELECT COUNT(*) AS tp_count FROM `photo` LIMIT 1   [ RunTime:0.0002s ]
NOTIC: [2] Missing argument 1 for Think\Model::where(), called in D:\wamp\www\photo\App\Admin\Controller\PhotoController.class.php on line 34 and defined D:\wamp\www\photo\ThinkPHP\Library\Think\Model.class.php 第 1797 行.
NOTIC: [8] Undefined variable: where D:\wamp\www\photo\ThinkPHP\Library\Think\Model.class.php 第 1805 行.
NOTIC: [8] Undefined variable: where D:\wamp\www\photo\ThinkPHP\Library\Think\Model.class.php 第 1808 行.
NOTIC: [8] Undefined variable: where D:\wamp\www\photo\ThinkPHP\Library\Think\Model.class.php 第 1816 行.
SQL: SELECT * FROM `photo` ORDER BY id LIMIT 0,10   [ RunTime:0.0002s ]
INFO: [ view_parse ] --START--
INFO: [ template_filter ] --START--
INFO: Run Behavior\ContentReplaceBehavior [ RunTime:0.000093s ]
INFO: [ template_filter ] --END-- [ RunTime:0.000162s ]
INFO: Run Behavior\ParseTemplateBehavior [ RunTime:0.010352s ]
INFO: [ view_parse ] --END-- [ RunTime:0.010421s ]
INFO: [ view_filter ] --START--
INFO: Run Behavior\WriteHtmlCacheBehavior [ RunTime:0.000426s ]
INFO: [ view_filter ] --END-- [ RunTime:0.000480s ]
INFO: [ app_end ] --START--
INFO: Run Behavior\ShowPageTraceBehavior [ RunTime:0.000486s ]
INFO: [ app_end ] --END-- [ RunTime:0.000546s ]

[ 2018-08-30T01:39:47+08:00 ] 127.0.0.1 /Admin/Photo/css/slide.css
INFO: [ app_init ] --START--
INFO: Run Behavior\BuildLiteBehavior [ RunTime:0.000019s ]
INFO: [ app_init ] --END-- [ RunTime:0.000411s ]
INFO: [ app_begin ] --START--
INFO: Run Behavior\ReadHtmlCacheBehavior [ RunTime:0.001121s ]
INFO: [ app_begin ] --END-- [ RunTime:0.001203s ]
ERR: 非法操作:css

[ 2018-08-30T01:39:47+08:00 ] 127.0.0.1 /Admin/Photo/css/jquery.nouislider.css
INFO: [ app_init ] --START--
INFO: Run Behavior\BuildLiteBehavior [ RunTime:0.000019s ]
INFO: [ app_init ] --END-- [ RunTime:0.000359s ]
INFO: [ app_begin ] --START--
INFO: Run Behavior\ReadHtmlCacheBehavior [ RunTime:0.000466s ]
INFO: [ app_begin ] --END-- [ RunTime:0.000525s ]
ERR: 非法操作:css

[ 2018-08-30T01:39:47+08:00 ] 127.0.0.1 /Admin/Photo/css/flat-ui.min.css
INFO: [ app_init ] --START--
INFO: Run Behavior\BuildLiteBehavior [ RunTime:0.000014s ]
INFO: [ app_init ] --END-- [ RunTime:0.000351s ]
INFO: [ app_begin ] --START--
INFO: Run Behavior\ReadHtmlCacheBehavior [ RunTime:0.000541s ]
INFO: [ app_begin ] --END-- [ RunTime:0.000603s ]
ERR: 非法操作:css

[ 2018-08-30T01:39:49+08:00 ] 127.0.0.1 /Admin/Photo/photo_list.html
INFO: [ app_init ] --START--
INFO: Run Behavior\BuildLiteBehavior [ RunTime:0.000013s ]
INFO: [ app_init ] --END-- [ RunTime:0.000374s ]
INFO: [ app_begin ] --START--
INFO: Run Behavior\ReadHtmlCacheBehavior [ RunTime:0.000466s ]
INFO: [ app_begin ] --END-- [ RunTime:0.000521s ]
SQL: SHOW COLUMNS FROM `photo` [ RunTime:0.0034s ]
NOTIC: [8] Undefined index: p D:\wamp\www\photo\App\Admin\Controller\PhotoController.class.php 第 22 行.
NOTIC: [2] Missing argument 1 for Think\Model::where(), called in D:\wamp\www\photo\App\Admin\Controller\PhotoController.class.php on line 26 and defined D:\wamp\www\photo\ThinkPHP\Library\Think\Model.class.php 第 1797 行.
NOTIC: [8] Undefined variable: where D:\wamp\www\photo\ThinkPHP\Library\Think\Model.class.php 第 1805 行.
NOTIC: [8] Undefined variable: where D:\wamp\www\photo\ThinkPHP\Library\Think\Model.class.php 第 1808 行.
NOTIC: [8] Undefined variable: where D:\wamp\www\photo\ThinkPHP\Library\Think\Model.class.php 第 1816 行.
SQL: SELECT COUNT(*) AS tp_count FROM `photo` LIMIT 1   [ RunTime:0.0002s ]
NOTIC: [2] Missing argument 1 for Think\Model::where(), called in D:\wamp\www\photo\App\Admin\Controller\PhotoController.class.php on line 34 and defined D:\wamp\www\photo\ThinkPHP\Library\Think\Model.class.php 第 1797 行.
NOTIC: [8] Undefined variable: where D:\wamp\www\photo\ThinkPHP\Library\Think\Model.class.php 第 1805 行.
NOTIC: [8] Undefined variable: where D:\wamp\www\photo\ThinkPHP\Library\Think\Model.class.php 第 1808 行.
NOTIC: [8] Undefined variable: where D:\wamp\www\photo\ThinkPHP\Library\Think\Model.class.php 第 1816 行.
SQL: SELECT * FROM `photo` ORDER BY id LIMIT 0,10   [ RunTime:0.0003s ]
INFO: [ view_parse ] --START--
INFO: [ template_filter ] --START--
INFO: Run Behavior\ContentReplaceBehavior [ RunTime:0.000082s ]
INFO: [ template_filter ] --END-- [ RunTime:0.000140s ]
INFO: Run Behavior\ParseTemplateBehavior [ RunTime:0.008687s ]
INFO: [ view_parse ] --END-- [ RunTime:0.008759s ]
INFO: [ view_filter ] --START--
INFO: Run Behavior\WriteHtmlCacheBehavior [ RunTime:0.000305s ]
INFO: [ view_filter ] --END-- [ RunTime:0.000351s ]
INFO: [ app_end ] --START--
INFO: Run Behavior\ShowPageTraceBehavior [ RunTime:0.000481s ]
INFO: [ app_end ] --END-- [ RunTime:0.000531s ]

[ 2018-08-30T01:39:49+08:00 ] 127.0.0.1 /Admin/Photo/css/flat-ui.min.css
INFO: [ app_init ] --START--
INFO: Run Behavior\BuildLiteBehavior [ RunTime:0.000018s ]
INFO: [ app_init ] --END-- [ RunTime:0.000348s ]
INFO: [ app_begin ] --START--
INFO: Run Behavior\ReadHtmlCacheBehavior [ RunTime:0.000453s ]
INFO: [ app_begin ] --END-- [ RunTime:0.000519s ]
ERR: 非法操作:css

[ 2018-08-30T01:39:49+08:00 ] 127.0.0.1 /Admin/Photo/css/slide.css
INFO: [ app_init ] --START--
INFO: Run Behavior\BuildLiteBehavior [ RunTime:0.000017s ]
INFO: [ app_init ] --END-- [ RunTime:0.000468s ]
INFO: [ app_begin ] --START--
INFO: Run Behavior\ReadHtmlCacheBehavior [ RunTime:0.000752s ]
INFO: [ app_begin ] --END-- [ RunTime:0.000877s ]
ERR: 非法操作:css

[ 2018-08-30T01:39:49+08:00 ] 127.0.0.1 /Admin/Photo/css/jquery.nouislider.css
INFO: [ app_init ] --START--
INFO: Run Behavior\BuildLiteBehavior [ RunTime:0.000019s ]
INFO: [ app_init ] --END-- [ RunTime:0.000369s ]
INFO: [ app_begin ] --START--
INFO: Run Behavior\ReadHtmlCacheBehavior [ RunTime:0.000523s ]
INFO: [ app_begin ] --END-- [ RunTime:0.000604s ]
ERR: 非法操作:css

[ 2018-08-30T01:40:16+08:00 ] 127.0.0.1 /Admin/Album/relation_photo_list/id/1/p/1.html
INFO: [ app_init ] --START--
INFO: Run Behavior\BuildLiteBehavior [ RunTime:0.000014s ]
INFO: [ app_init ] --END-- [ RunTime:0.000375s ]
INFO: [ app_begin ] --START--
INFO: Run Behavior\ReadHtmlCacheBehavior [ RunTime:0.000455s ]
INFO: [ app_begin ] --END-- [ RunTime:0.000510s ]
SQL: SHOW COLUMNS FROM `album` [ RunTime:0.0037s ]
SQL: SHOW COLUMNS FROM `photo` [ RunTime:0.0037s ]
SQL: SELECT COUNT(*) AS tp_count FROM `photo` INNER JOIN photo_album_relation ON photo_album_relation.photo_id = photo.id  WHERE ( photo_album_relation.album_id='1' ) LIMIT 1   [ RunTime:0.0004s ]
SQL: SELECT * FROM `photo` INNER JOIN photo_album_relation ON photo_album_relation.photo_id = photo.id  WHERE ( photo_album_relation.album_id='1' )  [ RunTime:0.0004s ]
INFO: [ view_parse ] --START--
INFO: [ template_filter ] --START--
INFO: Run Behavior\ContentReplaceBehavior [ RunTime:0.000042s ]
INFO: [ template_filter ] --END-- [ RunTime:0.000096s ]
INFO: Run Behavior\ParseTemplateBehavior [ RunTime:0.005452s ]
INFO: [ view_parse ] --END-- [ RunTime:0.005518s ]
INFO: [ view_filter ] --START--
INFO: Run Behavior\WriteHtmlCacheBehavior [ RunTime:0.000429s ]
INFO: [ view_filter ] --END-- [ RunTime:0.000487s ]
INFO: [ app_end ] --START--
INFO: Run Behavior\ShowPageTraceBehavior [ RunTime:0.000554s ]
INFO: [ app_end ] --END-- [ RunTime:0.000658s ]

[ 2018-08-30T01:40:36+08:00 ] 127.0.0.1 /Admin/Album/relation_photo_list/id/1/p/1.html
INFO: [ app_init ] --START--
INFO: Run Behavior\BuildLiteBehavior [ RunTime:0.000014s ]
INFO: [ app_init ] --END-- [ RunTime:0.000390s ]
INFO: [ app_begin ] --START--
INFO: Run Behavior\ReadHtmlCacheBehavior [ RunTime:0.000543s ]
INFO: [ app_begin ] --END-- [ RunTime:0.000601s ]
SQL: SHOW COLUMNS FROM `album` [ RunTime:0.0153s ]
SQL: SHOW COLUMNS FROM `photo` [ RunTime:0.0054s ]
SQL: SELECT COUNT(*) AS tp_count FROM `photo` INNER JOIN photo_album_relation ON photo_album_relation.photo_id = photo.id  WHERE ( photo_album_relation.album_id='1' ) LIMIT 1   [ RunTime:0.0003s ]
SQL: SELECT * FROM `photo` INNER JOIN photo_album_relation ON photo_album_relation.photo_id = photo.id  WHERE ( photo_album_relation.album_id='1' )  [ RunTime:0.0002s ]
INFO: [ view_parse ] --START--
INFO: [ template_filter ] --START--
INFO: Run Behavior\ContentReplaceBehavior [ RunTime:0.000047s ]
INFO: [ template_filter ] --END-- [ RunTime:0.000102s ]
INFO: Run Behavior\ParseTemplateBehavior [ RunTime:0.005712s ]
INFO: [ view_parse ] --END-- [ RunTime:0.005773s ]
INFO: [ view_filter ] --START--
INFO: Run Behavior\WriteHtmlCacheBehavior [ RunTime:0.000392s ]
INFO: [ view_filter ] --END-- [ RunTime:0.000445s ]
INFO: [ app_end ] --START--
INFO: Run Behavior\ShowPageTraceBehavior [ RunTime:0.000594s ]
INFO: [ app_end ] --END-- [ RunTime:0.000644s ]

[ 2018-08-30T01:40:40+08:00 ] 127.0.0.1 /Admin/Album/relation_photo_del.html?id=1
INFO: [ app_init ] --START--
INFO: Run Behavior\BuildLiteBehavior [ RunTime:0.000016s ]
INFO: [ app_init ] --END-- [ RunTime:0.000434s ]
INFO: [ app_begin ] --START--
INFO: Run Behavior\ReadHtmlCacheBehavior [ RunTime:0.000625s ]
INFO: [ app_begin ] --END-- [ RunTime:0.000686s ]
SQL: SHOW COLUMNS FROM `photo_album_relation` [ RunTime:0.0114s ]
SQL: DELETE FROM `photo_album_relation` WHERE ( id=1 ) [ RunTime:0.0177s ]

[ 2018-08-30T01:40:41+08:00 ] 127.0.0.1 /Admin/Album/relation_photo_list/id/1/p/1.html
INFO: [ app_init ] --START--
INFO: Run Behavior\BuildLiteBehavior [ RunTime:0.000015s ]
INFO: [ app_init ] --END-- [ RunTime:0.000346s ]
INFO: [ app_begin ] --START--
INFO: Run Behavior\ReadHtmlCacheBehavior [ RunTime:0.000558s ]
INFO: [ app_begin ] --END-- [ RunTime:0.000615s ]
SQL: SHOW COLUMNS FROM `album` [ RunTime:0.0036s ]
SQL: SHOW COLUMNS FROM `photo` [ RunTime:0.0049s ]
SQL: SELECT COUNT(*) AS tp_count FROM `photo` INNER JOIN photo_album_relation ON photo_album_relation.photo_id = photo.id  WHERE ( photo_album_relation.album_id='1' ) LIMIT 1   [ RunTime:0.0005s ]
SQL: SELECT * FROM `photo` INNER JOIN photo_album_relation ON photo_album_relation.photo_id = photo.id  WHERE ( photo_album_relation.album_id='1' )  [ RunTime:0.0004s ]
INFO: [ view_parse ] --START--
INFO: [ template_filter ] --START--
INFO: Run Behavior\ContentReplaceBehavior [ RunTime:0.000046s ]
INFO: [ template_filter ] --END-- [ RunTime:0.000099s ]
INFO: Run Behavior\ParseTemplateBehavior [ RunTime:0.005618s ]
INFO: [ view_parse ] --END-- [ RunTime:0.005676s ]
INFO: [ view_filter ] --START--
INFO: Run Behavior\WriteHtmlCacheBehavior [ RunTime:0.000386s ]
INFO: [ view_filter ] --END-- [ RunTime:0.000436s ]
INFO: [ app_end ] --START--
INFO: Run Behavior\ShowPageTraceBehavior [ RunTime:0.000558s ]
INFO: [ app_end ] --END-- [ RunTime:0.000609s ]

[ 2018-08-30T01:40:49+08:00 ] 127.0.0.1 /Admin/Album/relation_photo_del.html?id=4
INFO: [ app_init ] --START--
INFO: Run Behavior\BuildLiteBehavior [ RunTime:0.000017s ]
INFO: [ app_init ] --END-- [ RunTime:0.000640s ]
INFO: [ app_begin ] --START--
INFO: Run Behavior\ReadHtmlCacheBehavior [ RunTime:0.000743s ]
INFO: [ app_begin ] --END-- [ RunTime:0.000815s ]
SQL: SHOW COLUMNS FROM `photo_album_relation` [ RunTime:0.0339s ]
SQL: DELETE FROM `photo_album_relation` WHERE ( id=4 ) [ RunTime:0.0014s ]

[ 2018-08-30T01:40:50+08:00 ] 127.0.0.1 /Admin/Album/relation_photo_list/id/1/p/1.html
INFO: [ app_init ] --START--
INFO: Run Behavior\BuildLiteBehavior [ RunTime:0.000015s ]
INFO: [ app_init ] --END-- [ RunTime:0.000365s ]
INFO: [ app_begin ] --START--
INFO: Run Behavior\ReadHtmlCacheBehavior [ RunTime:0.000470s ]
INFO: [ app_begin ] --END-- [ RunTime:0.000525s ]
SQL: SHOW COLUMNS FROM `album` [ RunTime:0.0041s ]
SQL: SHOW COLUMNS FROM `photo` [ RunTime:0.0036s ]
SQL: SELECT COUNT(*) AS tp_count FROM `photo` INNER JOIN photo_album_relation ON photo_album_relation.photo_id = photo.id  WHERE ( photo_album_relation.album_id='1' ) LIMIT 1   [ RunTime:0.0002s ]
SQL: SELECT * FROM `photo` INNER JOIN photo_album_relation ON photo_album_relation.photo_id = photo.id  WHERE ( photo_album_relation.album_id='1' )  [ RunTime:0.0003s ]
INFO: [ view_parse ] --START--
INFO: [ template_filter ] --START--
INFO: Run Behavior\ContentReplaceBehavior [ RunTime:0.000044s ]
INFO: [ template_filter ] --END-- [ RunTime:0.000096s ]
INFO: Run Behavior\ParseTemplateBehavior [ RunTime:0.005599s ]
INFO: [ view_parse ] --END-- [ RunTime:0.005656s ]
INFO: [ view_filter ] --START--
INFO: Run Behavior\WriteHtmlCacheBehavior [ RunTime:0.000350s ]
INFO: [ view_filter ] --END-- [ RunTime:0.000399s ]
INFO: [ app_end ] --START--
INFO: Run Behavior\ShowPageTraceBehavior [ RunTime:0.000504s ]
INFO: [ app_end ] --END-- [ RunTime:0.000554s ]

[ 2018-08-30T01:41:09+08:00 ] 127.0.0.1 /Admin/Album/album_list.html
INFO: [ app_init ] --START--
INFO: Run Behavior\BuildLiteBehavior [ RunTime:0.000015s ]
INFO: [ app_init ] --END-- [ RunTime:0.000407s ]
INFO: [ app_begin ] --START--
INFO: Run Behavior\ReadHtmlCacheBehavior [ RunTime:0.000555s ]
INFO: [ app_begin ] --END-- [ RunTime:0.000613s ]
SQL: SHOW COLUMNS FROM `album` [ RunTime:0.0314s ]
NOTIC: [8] Undefined index: p D:\wamp\www\photo\App\Admin\Controller\AlbumController.class.php 第 21 行.
NOTIC: [2] Missing argument 1 for Think\Model::where(), called in D:\wamp\www\photo\App\Admin\Controller\AlbumController.class.php on line 25 and defined D:\wamp\www\photo\ThinkPHP\Library\Think\Model.class.php 第 1797 行.
NOTIC: [8] Undefined variable: where D:\wamp\www\photo\ThinkPHP\Library\Think\Model.class.php 第 1805 行.
NOTIC: [8] Undefined variable: where D:\wamp\www\photo\ThinkPHP\Library\Think\Model.class.php 第 1808 行.
NOTIC: [8] Undefined variable: where D:\wamp\www\photo\ThinkPHP\Library\Think\Model.class.php 第 1816 行.
SQL: SELECT COUNT(*) AS tp_count FROM `album` LIMIT 1   [ RunTime:0.0002s ]
NOTIC: [2] Missing argument 1 for Think\Model::where(), called in D:\wamp\www\photo\App\Admin\Controller\AlbumController.class.php on line 33 and defined D:\wamp\www\photo\ThinkPHP\Library\Think\Model.class.php 第 1797 行.
NOTIC: [8] Undefined variable: where D:\wamp\www\photo\ThinkPHP\Library\Think\Model.class.php 第 1805 行.
NOTIC: [8] Undefined variable: where D:\wamp\www\photo\ThinkPHP\Library\Think\Model.class.php 第 1808 行.
NOTIC: [8] Undefined variable: where D:\wamp\www\photo\ThinkPHP\Library\Think\Model.class.php 第 1816 行.
SQL: SELECT * FROM `album` ORDER BY id LIMIT 0,10   [ RunTime:0.0002s ]
INFO: [ view_parse ] --START--
INFO: [ template_filter ] --START--
INFO: Run Behavior\ContentReplaceBehavior [ RunTime:0.000069s ]
INFO: [ template_filter ] --END-- [ RunTime:0.000127s ]
INFO: Run Behavior\ParseTemplateBehavior [ RunTime:0.010480s ]
INFO: [ view_parse ] --END-- [ RunTime:0.010535s ]
INFO: [ view_filter ] --START--
INFO: Run Behavior\WriteHtmlCacheBehavior [ RunTime:0.000387s ]
INFO: [ view_filter ] --END-- [ RunTime:0.000435s ]
INFO: [ app_end ] --START--
INFO: Run Behavior\ShowPageTraceBehavior [ RunTime:0.000602s ]
INFO: [ app_end ] --END-- [ RunTime:0.000653s ]

[ 2018-08-30T01:41:09+08:00 ] 127.0.0.1 /Admin/Album/css/flat-ui.min.css
INFO: [ app_init ] --START--
INFO: Run Behavior\BuildLiteBehavior [ RunTime:0.000022s ]
INFO: [ app_init ] --END-- [ RunTime:0.000596s ]
INFO: [ app_begin ] --START--
INFO: Run Behavior\ReadHtmlCacheBehavior [ RunTime:0.000659s ]
INFO: [ app_begin ] --END-- [ RunTime:0.000753s ]
ERR: 非法操作:css

[ 2018-08-30T01:41:09+08:00 ] 127.0.0.1 /Admin/Album/css/jquery.nouislider.css
INFO: [ app_init ] --START--
INFO: Run Behavior\BuildLiteBehavior [ RunTime:0.000027s ]
INFO: [ app_init ] --END-- [ RunTime:0.000491s ]
INFO: [ app_begin ] --START--
INFO: Run Behavior\ReadHtmlCacheBehavior [ RunTime:0.000936s ]
INFO: [ app_begin ] --END-- [ RunTime:0.001044s ]
ERR: 非法操作:css

[ 2018-08-30T01:41:09+08:00 ] 127.0.0.1 /Admin/Album/css/slide.css
INFO: [ app_init ] --START--
INFO: Run Behavior\BuildLiteBehavior [ RunTime:0.000022s ]
INFO: [ app_init ] --END-- [ RunTime:0.000429s ]
INFO: [ app_begin ] --START--
INFO: Run Behavior\ReadHtmlCacheBehavior [ RunTime:0.000459s ]
INFO: [ app_begin ] --END-- [ RunTime:0.000522s ]
ERR: 非法操作:css

[ 2018-08-30T01:41:10+08:00 ] 127.0.0.1 /Admin/Album/relation_photo_list.html?id=1
INFO: [ app_init ] --START--
INFO: Run Behavior\BuildLiteBehavior [ RunTime:0.000015s ]
INFO: [ app_init ] --END-- [ RunTime:0.000395s ]
INFO: [ app_begin ] --START--
INFO: Run Behavior\ReadHtmlCacheBehavior [ RunTime:0.000551s ]
INFO: [ app_begin ] --END-- [ RunTime:0.000609s ]
SQL: SHOW COLUMNS FROM `album` [ RunTime:0.0037s ]
SQL: SHOW COLUMNS FROM `photo` [ RunTime:0.0034s ]
NOTIC: [8] Undefined index: p D:\wamp\www\photo\App\Admin\Controller\AlbumController.class.php 第 159 行.
SQL: SELECT COUNT(*) AS tp_count FROM `photo` INNER JOIN photo_album_relation ON photo_album_relation.photo_id = photo.id  WHERE ( photo_album_relation.album_id='1' ) LIMIT 1   [ RunTime:0.0002s ]
SQL: SELECT * FROM `photo` INNER JOIN photo_album_relation ON photo_album_relation.photo_id = photo.id  WHERE ( photo_album_relation.album_id='1' )  [ RunTime:0.0002s ]
INFO: [ view_parse ] --START--
INFO: [ template_filter ] --START--
INFO: Run Behavior\ContentReplaceBehavior [ RunTime:0.000041s ]
INFO: [ template_filter ] --END-- [ RunTime:0.000093s ]
INFO: Run Behavior\ParseTemplateBehavior [ RunTime:0.005535s ]
INFO: [ view_parse ] --END-- [ RunTime:0.005606s ]
INFO: [ view_filter ] --START--
INFO: Run Behavior\WriteHtmlCacheBehavior [ RunTime:0.000416s ]
INFO: [ view_filter ] --END-- [ RunTime:0.000465s ]
INFO: [ app_end ] --START--
INFO: Run Behavior\ShowPageTraceBehavior [ RunTime:0.000636s ]
INFO: [ app_end ] --END-- [ RunTime:0.000691s ]

