[ 2018-09-10T19:37:17+08:00 ] 127.0.0.1 /admin
INFO: [ app_init ] --START--
INFO: Run Behavior\BuildLiteBehavior [ RunTime:0.000016s ]
INFO: [ app_init ] --END-- [ RunTime:0.000470s ]
INFO: [ app_begin ] --START--
INFO: Run Behavior\ReadHtmlCacheBehavior [ RunTime:0.000675s ]
INFO: [ app_begin ] --END-- [ RunTime:0.000750s ]
SQL: SHOW COLUMNS FROM `admin` [ RunTime:0.0113s ]
INFO: [ view_parse ] --START--
INFO: [ template_filter ] --START--
INFO: Run Behavior\ContentReplaceBehavior [ RunTime:0.000080s ]
INFO: [ template_filter ] --END-- [ RunTime:0.000149s ]
INFO: Run Behavior\ParseTemplateBehavior [ RunTime:0.009535s ]
INFO: [ view_parse ] --END-- [ RunTime:0.009595s ]
INFO: [ view_filter ] --START--
INFO: Run Behavior\WriteHtmlCacheBehavior [ RunTime:0.000457s ]
INFO: [ view_filter ] --END-- [ RunTime:0.000518s ]
INFO: [ app_end ] --START--
INFO: Run Behavior\ShowPageTraceBehavior [ RunTime:0.000668s ]
INFO: [ app_end ] --END-- [ RunTime:0.000720s ]

[ 2018-09-10T19:37:19+08:00 ] 127.0.0.1 /Admin/Theme/theme_list.html
INFO: [ app_init ] --START--
INFO: Run Behavior\BuildLiteBehavior [ RunTime:0.000016s ]
INFO: [ app_init ] --END-- [ RunTime:0.000553s ]
INFO: [ app_begin ] --START--
INFO: Run Behavior\ReadHtmlCacheBehavior [ RunTime:0.000659s ]
INFO: [ app_begin ] --END-- [ RunTime:0.000727s ]
SQL: SHOW COLUMNS FROM `theme` [ RunTime:0.0056s ]
NOTIC: [8] Undefined index: p D:\wamp\www\photo\App\Admin\Controller\ThemeController.class.php 第 21 行.
NOTIC: [2] Missing argument 1 for Think\Model::where(), called in D:\wamp\www\photo\App\Admin\Controller\ThemeController.class.php on line 25 and defined D:\wamp\www\photo\ThinkPHP\Library\Think\Model.class.php 第 1797 行.
NOTIC: [8] Undefined variable: where D:\wamp\www\photo\ThinkPHP\Library\Think\Model.class.php 第 1805 行.
NOTIC: [8] Undefined variable: where D:\wamp\www\photo\ThinkPHP\Library\Think\Model.class.php 第 1808 行.
NOTIC: [8] Undefined variable: where D:\wamp\www\photo\ThinkPHP\Library\Think\Model.class.php 第 1816 行.
SQL: SELECT COUNT(*) AS tp_count FROM `theme` LIMIT 1   [ RunTime:0.0002s ]
NOTIC: [2] Missing argument 1 for Think\Model::where(), called in D:\wamp\www\photo\App\Admin\Controller\ThemeController.class.php on line 33 and defined D:\wamp\www\photo\ThinkPHP\Library\Think\Model.class.php 第 1797 行.
NOTIC: [8] Undefined variable: where D:\wamp\www\photo\ThinkPHP\Library\Think\Model.class.php 第 1805 行.
NOTIC: [8] Undefined variable: where D:\wamp\www\photo\ThinkPHP\Library\Think\Model.class.php 第 1808 行.
NOTIC: [8] Undefined variable: where D:\wamp\www\photo\ThinkPHP\Library\Think\Model.class.php 第 1816 行.
SQL: SELECT * FROM `theme` ORDER BY `sort` desc,`id` LIMIT 0,10   [ RunTime:0.0002s ]
INFO: [ view_parse ] --START--
INFO: [ template_filter ] --START--
INFO: Run Behavior\ContentReplaceBehavior [ RunTime:0.000073s ]
INFO: [ template_filter ] --END-- [ RunTime:0.000135s ]
INFO: Run Behavior\ParseTemplateBehavior [ RunTime:0.011073s ]
INFO: [ view_parse ] --END-- [ RunTime:0.011163s ]
INFO: [ view_filter ] --START--
INFO: Run Behavior\WriteHtmlCacheBehavior [ RunTime:0.000712s ]
INFO: [ view_filter ] --END-- [ RunTime:0.000776s ]
INFO: [ app_end ] --START--
INFO: Run Behavior\ShowPageTraceBehavior [ RunTime:0.000825s ]
INFO: [ app_end ] --END-- [ RunTime:0.000908s ]

[ 2018-09-10T19:37:22+08:00 ] 127.0.0.1 /Admin/Theme/relation_album_list.html?id=1
INFO: [ app_init ] --START--
INFO: Run Behavior\BuildLiteBehavior [ RunTime:0.000014s ]
INFO: [ app_init ] --END-- [ RunTime:0.000489s ]
INFO: [ app_begin ] --START--
INFO: Run Behavior\ReadHtmlCacheBehavior [ RunTime:0.000611s ]
INFO: [ app_begin ] --END-- [ RunTime:0.000677s ]
SQL: SHOW COLUMNS FROM `theme` [ RunTime:0.0064s ]
SQL: SHOW COLUMNS FROM `album` [ RunTime:0.0048s ]
NOTIC: [8] Undefined index: p D:\wamp\www\photo\App\Admin\Controller\ThemeController.class.php 第 125 行.
SQL: SELECT COUNT(*) AS tp_count FROM `album` INNER JOIN album_theme_relation ON album_theme_relation.album_id = album.id  WHERE ( album_theme_relation.theme_id='1' ) LIMIT 1   [ RunTime:0.0003s ]
SQL: SELECT * FROM `album` INNER JOIN album_theme_relation ON album_theme_relation.album_id = album.id  WHERE ( album_theme_relation.theme_id='1' )  [ RunTime:0.0003s ]
INFO: [ view_parse ] --START--
INFO: [ template_filter ] --START--
INFO: Run Behavior\ContentReplaceBehavior [ RunTime:0.000111s ]
INFO: [ template_filter ] --END-- [ RunTime:0.000178s ]
INFO: Run Behavior\ParseTemplateBehavior [ RunTime:0.009951s ]
INFO: [ view_parse ] --END-- [ RunTime:0.010017s ]
INFO: [ view_filter ] --START--
INFO: Run Behavior\WriteHtmlCacheBehavior [ RunTime:0.000629s ]
INFO: [ view_filter ] --END-- [ RunTime:0.000706s ]
INFO: [ app_end ] --START--
INFO: Run Behavior\ShowPageTraceBehavior [ RunTime:0.000580s ]
INFO: [ app_end ] --END-- [ RunTime:0.000630s ]

[ 2018-09-10T19:37:25+08:00 ] 127.0.0.1 /Admin/Theme/relation_album_list.html?id=12
INFO: [ app_init ] --START--
INFO: Run Behavior\BuildLiteBehavior [ RunTime:0.000021s ]
INFO: [ app_init ] --END-- [ RunTime:0.000444s ]
INFO: [ app_begin ] --START--
INFO: Run Behavior\ReadHtmlCacheBehavior [ RunTime:0.000694s ]
INFO: [ app_begin ] --END-- [ RunTime:0.000791s ]
SQL: SHOW COLUMNS FROM `theme` [ RunTime:0.0054s ]
SQL: SHOW COLUMNS FROM `album` [ RunTime:0.0053s ]
NOTIC: [8] Undefined index: p D:\wamp\www\photo\App\Admin\Controller\ThemeController.class.php 第 125 行.
SQL: SELECT COUNT(*) AS tp_count FROM `album` INNER JOIN album_theme_relation ON album_theme_relation.album_id = album.id  WHERE ( album_theme_relation.theme_id='12' ) LIMIT 1   [ RunTime:0.0003s ]
SQL: SELECT * FROM `album` INNER JOIN album_theme_relation ON album_theme_relation.album_id = album.id  WHERE ( album_theme_relation.theme_id='12' )  [ RunTime:0.0002s ]
INFO: [ view_parse ] --START--
INFO: [ template_filter ] --START--
INFO: Run Behavior\ContentReplaceBehavior [ RunTime:0.000107s ]
INFO: [ template_filter ] --END-- [ RunTime:0.000179s ]
INFO: Run Behavior\ParseTemplateBehavior [ RunTime:0.008733s ]
INFO: [ view_parse ] --END-- [ RunTime:0.008803s ]
INFO: [ view_filter ] --START--
INFO: Run Behavior\WriteHtmlCacheBehavior [ RunTime:0.000450s ]
INFO: [ view_filter ] --END-- [ RunTime:0.000502s ]
INFO: [ app_end ] --START--
INFO: Run Behavior\ShowPageTraceBehavior [ RunTime:0.000579s ]
INFO: [ app_end ] --END-- [ RunTime:0.000632s ]

[ 2018-09-10T19:37:27+08:00 ] 127.0.0.1 /Admin/Theme/relation_album_add/theme_id/12.html
INFO: [ app_init ] --START--
INFO: Run Behavior\BuildLiteBehavior [ RunTime:0.000017s ]
INFO: [ app_init ] --END-- [ RunTime:0.000533s ]
INFO: [ app_begin ] --START--
INFO: Run Behavior\ReadHtmlCacheBehavior [ RunTime:0.000632s ]
INFO: [ app_begin ] --END-- [ RunTime:0.000705s ]
SQL: SHOW COLUMNS FROM `album` [ RunTime:0.0056s ]
SQL: SHOW COLUMNS FROM `album_theme_relation` [ RunTime:0.0056s ]
SQL: SELECT album_theme_relation.album_id FROM `album` INNER JOIN album_theme_relation ON album_theme_relation.album_id = album.id  WHERE ( album_theme_relation.theme_id='12' )  [ RunTime:0.0003s ]
SQL: SELECT * FROM `album`  [ RunTime:0.0002s ]
INFO: [ view_parse ] --START--
INFO: [ template_filter ] --START--
INFO: Run Behavior\ContentReplaceBehavior [ RunTime:0.000057s ]
INFO: [ template_filter ] --END-- [ RunTime:0.000136s ]
NOTIC: [8] Undefined variable: page D:\wamp\www\photo\App\Runtime\Cache\Admin\37a86c9c570a08659d549cb10ea5d511.php 第 53 行.
INFO: Run Behavior\ParseTemplateBehavior [ RunTime:0.008205s ]
INFO: [ view_parse ] --END-- [ RunTime:0.008278s ]
INFO: [ view_filter ] --START--
INFO: Run Behavior\WriteHtmlCacheBehavior [ RunTime:0.000715s ]
INFO: [ view_filter ] --END-- [ RunTime:0.000796s ]
INFO: [ app_end ] --START--
INFO: Run Behavior\ShowPageTraceBehavior [ RunTime:0.000797s ]
INFO: [ app_end ] --END-- [ RunTime:0.000902s ]

[ 2018-09-10T19:37:30+08:00 ] 127.0.0.1 /Admin/Theme/relation_album_add.html
INFO: [ app_init ] --START--
INFO: Run Behavior\BuildLiteBehavior [ RunTime:0.000016s ]
INFO: [ app_init ] --END-- [ RunTime:0.000441s ]
INFO: [ app_begin ] --START--
INFO: Run Behavior\ReadHtmlCacheBehavior [ RunTime:0.000844s ]
INFO: [ app_begin ] --END-- [ RunTime:0.000903s ]
SQL: SHOW COLUMNS FROM `album` [ RunTime:0.0053s ]
SQL: SHOW COLUMNS FROM `album_theme_relation` [ RunTime:0.0051s ]
SQL: SELECT album_theme_relation.album_id FROM `album` INNER JOIN album_theme_relation ON album_theme_relation.album_id = album.id  WHERE ( album_theme_relation.theme_id='12' )  [ RunTime:0.0002s ]
SQL: INSERT INTO `album_theme_relation` (`theme_id`,`album_id`) VALUES ('12','1') [ RunTime:0.0025s ]
SQL: INSERT INTO `album_theme_relation` (`theme_id`,`album_id`) VALUES ('12','2') [ RunTime:0.0012s ]
SQL: INSERT INTO `album_theme_relation` (`theme_id`,`album_id`) VALUES ('12','3') [ RunTime:0.0010s ]

[ 2018-09-10T19:37:31+08:00 ] 127.0.0.1 /Admin/Theme/relation_album_add/theme_id/12.html
INFO: [ app_init ] --START--
INFO: Run Behavior\BuildLiteBehavior [ RunTime:0.000015s ]
INFO: [ app_init ] --END-- [ RunTime:0.000431s ]
INFO: [ app_begin ] --START--
INFO: Run Behavior\ReadHtmlCacheBehavior [ RunTime:0.000631s ]
INFO: [ app_begin ] --END-- [ RunTime:0.000704s ]
SQL: SHOW COLUMNS FROM `album` [ RunTime:0.0053s ]
SQL: SHOW COLUMNS FROM `album_theme_relation` [ RunTime:0.0051s ]
SQL: SELECT album_theme_relation.album_id FROM `album` INNER JOIN album_theme_relation ON album_theme_relation.album_id = album.id  WHERE ( album_theme_relation.theme_id='12' )  [ RunTime:0.0003s ]
SQL: SELECT * FROM `album`  [ RunTime:0.0002s ]
INFO: [ view_parse ] --START--
INFO: [ template_filter ] --START--
INFO: Run Behavior\ContentReplaceBehavior [ RunTime:0.000049s ]
INFO: [ template_filter ] --END-- [ RunTime:0.000112s ]
NOTIC: [8] Undefined variable: page D:\wamp\www\photo\App\Runtime\Cache\Admin\37a86c9c570a08659d549cb10ea5d511.php 第 53 行.
INFO: Run Behavior\ParseTemplateBehavior [ RunTime:0.006104s ]
INFO: [ view_parse ] --END-- [ RunTime:0.006166s ]
INFO: [ view_filter ] --START--
INFO: Run Behavior\WriteHtmlCacheBehavior [ RunTime:0.000415s ]
INFO: [ view_filter ] --END-- [ RunTime:0.000464s ]
INFO: [ app_end ] --START--
INFO: Run Behavior\ShowPageTraceBehavior [ RunTime:0.000558s ]
INFO: [ app_end ] --END-- [ RunTime:0.000612s ]

[ 2018-09-10T19:37:34+08:00 ] 127.0.0.1 /Admin/Theme/relation_album_list.html?id=12
INFO: [ app_init ] --START--
INFO: Run Behavior\BuildLiteBehavior [ RunTime:0.000016s ]
INFO: [ app_init ] --END-- [ RunTime:0.000424s ]
INFO: [ app_begin ] --START--
INFO: Run Behavior\ReadHtmlCacheBehavior [ RunTime:0.000661s ]
INFO: [ app_begin ] --END-- [ RunTime:0.000729s ]
SQL: SHOW COLUMNS FROM `theme` [ RunTime:0.0046s ]
SQL: SHOW COLUMNS FROM `album` [ RunTime:0.0046s ]
NOTIC: [8] Undefined index: p D:\wamp\www\photo\App\Admin\Controller\ThemeController.class.php 第 125 行.
SQL: SELECT COUNT(*) AS tp_count FROM `album` INNER JOIN album_theme_relation ON album_theme_relation.album_id = album.id  WHERE ( album_theme_relation.theme_id='12' ) LIMIT 1   [ RunTime:0.0005s ]
SQL: SELECT * FROM `album` INNER JOIN album_theme_relation ON album_theme_relation.album_id = album.id  WHERE ( album_theme_relation.theme_id='12' )  [ RunTime:0.0003s ]
INFO: [ view_parse ] --START--
INFO: [ template_filter ] --START--
INFO: Run Behavior\ContentReplaceBehavior [ RunTime:0.000091s ]
INFO: [ template_filter ] --END-- [ RunTime:0.000153s ]
INFO: Run Behavior\ParseTemplateBehavior [ RunTime:0.008127s ]
INFO: [ view_parse ] --END-- [ RunTime:0.008192s ]
INFO: [ view_filter ] --START--
INFO: Run Behavior\WriteHtmlCacheBehavior [ RunTime:0.000450s ]
INFO: [ view_filter ] --END-- [ RunTime:0.000500s ]
INFO: [ app_end ] --START--
INFO: Run Behavior\ShowPageTraceBehavior [ RunTime:0.000588s ]
INFO: [ app_end ] --END-- [ RunTime:0.000643s ]

[ 2018-09-10T19:37:42+08:00 ] 127.0.0.1 /Admin/Theme/theme_list.html
INFO: [ app_init ] --START--
INFO: Run Behavior\BuildLiteBehavior [ RunTime:0.000015s ]
INFO: [ app_init ] --END-- [ RunTime:0.000454s ]
INFO: [ app_begin ] --START--
INFO: Run Behavior\ReadHtmlCacheBehavior [ RunTime:0.000670s ]
INFO: [ app_begin ] --END-- [ RunTime:0.000727s ]
SQL: SHOW COLUMNS FROM `theme` [ RunTime:0.0049s ]
NOTIC: [8] Undefined index: p D:\wamp\www\photo\App\Admin\Controller\ThemeController.class.php 第 21 行.
NOTIC: [2] Missing argument 1 for Think\Model::where(), called in D:\wamp\www\photo\App\Admin\Controller\ThemeController.class.php on line 25 and defined D:\wamp\www\photo\ThinkPHP\Library\Think\Model.class.php 第 1797 行.
NOTIC: [8] Undefined variable: where D:\wamp\www\photo\ThinkPHP\Library\Think\Model.class.php 第 1805 行.
NOTIC: [8] Undefined variable: where D:\wamp\www\photo\ThinkPHP\Library\Think\Model.class.php 第 1808 行.
NOTIC: [8] Undefined variable: where D:\wamp\www\photo\ThinkPHP\Library\Think\Model.class.php 第 1816 行.
SQL: SELECT COUNT(*) AS tp_count FROM `theme` LIMIT 1   [ RunTime:0.0002s ]
NOTIC: [2] Missing argument 1 for Think\Model::where(), called in D:\wamp\www\photo\App\Admin\Controller\ThemeController.class.php on line 33 and defined D:\wamp\www\photo\ThinkPHP\Library\Think\Model.class.php 第 1797 行.
NOTIC: [8] Undefined variable: where D:\wamp\www\photo\ThinkPHP\Library\Think\Model.class.php 第 1805 行.
NOTIC: [8] Undefined variable: where D:\wamp\www\photo\ThinkPHP\Library\Think\Model.class.php 第 1808 行.
NOTIC: [8] Undefined variable: where D:\wamp\www\photo\ThinkPHP\Library\Think\Model.class.php 第 1816 行.
SQL: SELECT * FROM `theme` ORDER BY `sort` desc,`id` LIMIT 0,10   [ RunTime:0.0002s ]
INFO: [ view_parse ] --START--
INFO: [ template_filter ] --START--
INFO: Run Behavior\ContentReplaceBehavior [ RunTime:0.000074s ]
INFO: [ template_filter ] --END-- [ RunTime:0.000139s ]
INFO: Run Behavior\ParseTemplateBehavior [ RunTime:0.010907s ]
INFO: [ view_parse ] --END-- [ RunTime:0.010993s ]
INFO: [ view_filter ] --START--
INFO: Run Behavior\WriteHtmlCacheBehavior [ RunTime:0.000522s ]
INFO: [ view_filter ] --END-- [ RunTime:0.000573s ]
INFO: [ app_end ] --START--
INFO: Run Behavior\ShowPageTraceBehavior [ RunTime:0.000642s ]
INFO: [ app_end ] --END-- [ RunTime:0.000694s ]

[ 2018-09-10T19:37:45+08:00 ] 127.0.0.1 /Admin/Theme/relation_album_list.html?id=3
INFO: [ app_init ] --START--
INFO: Run Behavior\BuildLiteBehavior [ RunTime:0.000016s ]
INFO: [ app_init ] --END-- [ RunTime:0.000439s ]
INFO: [ app_begin ] --START--
INFO: Run Behavior\ReadHtmlCacheBehavior [ RunTime:0.000599s ]
INFO: [ app_begin ] --END-- [ RunTime:0.000656s ]
SQL: SHOW COLUMNS FROM `theme` [ RunTime:0.0049s ]
SQL: SHOW COLUMNS FROM `album` [ RunTime:0.0051s ]
NOTIC: [8] Undefined index: p D:\wamp\www\photo\App\Admin\Controller\ThemeController.class.php 第 125 行.
SQL: SELECT COUNT(*) AS tp_count FROM `album` INNER JOIN album_theme_relation ON album_theme_relation.album_id = album.id  WHERE ( album_theme_relation.theme_id='3' ) LIMIT 1   [ RunTime:0.0003s ]
SQL: SELECT * FROM `album` INNER JOIN album_theme_relation ON album_theme_relation.album_id = album.id  WHERE ( album_theme_relation.theme_id='3' )  [ RunTime:0.0002s ]
INFO: [ view_parse ] --START--
INFO: [ template_filter ] --START--
INFO: Run Behavior\ContentReplaceBehavior [ RunTime:0.000079s ]
INFO: [ template_filter ] --END-- [ RunTime:0.000139s ]
INFO: Run Behavior\ParseTemplateBehavior [ RunTime:0.008091s ]
INFO: [ view_parse ] --END-- [ RunTime:0.008152s ]
INFO: [ view_filter ] --START--
INFO: Run Behavior\WriteHtmlCacheBehavior [ RunTime:0.000435s ]
INFO: [ view_filter ] --END-- [ RunTime:0.000485s ]
INFO: [ app_end ] --START--
INFO: Run Behavior\ShowPageTraceBehavior [ RunTime:0.000592s ]
INFO: [ app_end ] --END-- [ RunTime:0.000644s ]

[ 2018-09-10T19:37:47+08:00 ] 127.0.0.1 /Admin/Theme/relation_album_add/theme_id/3.html
INFO: [ app_init ] --START--
INFO: Run Behavior\BuildLiteBehavior [ RunTime:0.000021s ]
INFO: [ app_init ] --END-- [ RunTime:0.000548s ]
INFO: [ app_begin ] --START--
INFO: Run Behavior\ReadHtmlCacheBehavior [ RunTime:0.000721s ]
INFO: [ app_begin ] --END-- [ RunTime:0.000786s ]
SQL: SHOW COLUMNS FROM `album` [ RunTime:0.0058s ]
SQL: SHOW COLUMNS FROM `album_theme_relation` [ RunTime:0.0048s ]
SQL: SELECT album_theme_relation.album_id FROM `album` INNER JOIN album_theme_relation ON album_theme_relation.album_id = album.id  WHERE ( album_theme_relation.theme_id='3' )  [ RunTime:0.0002s ]
SQL: SELECT * FROM `album`  [ RunTime:0.0002s ]
INFO: [ view_parse ] --START--
INFO: [ template_filter ] --START--
INFO: Run Behavior\ContentReplaceBehavior [ RunTime:0.000056s ]
INFO: [ template_filter ] --END-- [ RunTime:0.000124s ]
NOTIC: [8] Undefined variable: page D:\wamp\www\photo\App\Runtime\Cache\Admin\37a86c9c570a08659d549cb10ea5d511.php 第 53 行.
INFO: Run Behavior\ParseTemplateBehavior [ RunTime:0.007335s ]
INFO: [ view_parse ] --END-- [ RunTime:0.007400s ]
INFO: [ view_filter ] --START--
INFO: Run Behavior\WriteHtmlCacheBehavior [ RunTime:0.000498s ]
INFO: [ view_filter ] --END-- [ RunTime:0.000549s ]
INFO: [ app_end ] --START--
INFO: Run Behavior\ShowPageTraceBehavior [ RunTime:0.000659s ]
INFO: [ app_end ] --END-- [ RunTime:0.000712s ]

[ 2018-09-10T19:37:51+08:00 ] 127.0.0.1 /Admin/Theme/relation_album_add.html
INFO: [ app_init ] --START--
INFO: Run Behavior\BuildLiteBehavior [ RunTime:0.000014s ]
INFO: [ app_init ] --END-- [ RunTime:0.000417s ]
INFO: [ app_begin ] --START--
INFO: Run Behavior\ReadHtmlCacheBehavior [ RunTime:0.000554s ]
INFO: [ app_begin ] --END-- [ RunTime:0.000603s ]
SQL: SHOW COLUMNS FROM `album` [ RunTime:0.0057s ]
SQL: SHOW COLUMNS FROM `album_theme_relation` [ RunTime:0.0052s ]
SQL: SELECT album_theme_relation.album_id FROM `album` INNER JOIN album_theme_relation ON album_theme_relation.album_id = album.id  WHERE ( album_theme_relation.theme_id='3' )  [ RunTime:0.0002s ]
SQL: INSERT INTO `album_theme_relation` (`theme_id`,`album_id`) VALUES ('3','6') [ RunTime:0.0015s ]
SQL: INSERT INTO `album_theme_relation` (`theme_id`,`album_id`) VALUES ('3','8') [ RunTime:0.0013s ]

[ 2018-09-10T19:37:52+08:00 ] 127.0.0.1 /Admin/Theme/relation_album_add/theme_id/3.html
INFO: [ app_init ] --START--
INFO: Run Behavior\BuildLiteBehavior [ RunTime:0.000015s ]
INFO: [ app_init ] --END-- [ RunTime:0.000415s ]
INFO: [ app_begin ] --START--
INFO: Run Behavior\ReadHtmlCacheBehavior [ RunTime:0.000605s ]
INFO: [ app_begin ] --END-- [ RunTime:0.000678s ]
SQL: SHOW COLUMNS FROM `album` [ RunTime:0.0052s ]
SQL: SHOW COLUMNS FROM `album_theme_relation` [ RunTime:0.0052s ]
SQL: SELECT album_theme_relation.album_id FROM `album` INNER JOIN album_theme_relation ON album_theme_relation.album_id = album.id  WHERE ( album_theme_relation.theme_id='3' )  [ RunTime:0.0003s ]
SQL: SELECT * FROM `album`  [ RunTime:0.0002s ]
INFO: [ view_parse ] --START--
INFO: [ template_filter ] --START--
INFO: Run Behavior\ContentReplaceBehavior [ RunTime:0.000054s ]
INFO: [ template_filter ] --END-- [ RunTime:0.000120s ]
NOTIC: [8] Undefined variable: page D:\wamp\www\photo\App\Runtime\Cache\Admin\37a86c9c570a08659d549cb10ea5d511.php 第 53 行.
INFO: Run Behavior\ParseTemplateBehavior [ RunTime:0.006377s ]
INFO: [ view_parse ] --END-- [ RunTime:0.006433s ]
INFO: [ view_filter ] --START--
INFO: Run Behavior\WriteHtmlCacheBehavior [ RunTime:0.000418s ]
INFO: [ view_filter ] --END-- [ RunTime:0.000467s ]
INFO: [ app_end ] --START--
INFO: Run Behavior\ShowPageTraceBehavior [ RunTime:0.000536s ]
INFO: [ app_end ] --END-- [ RunTime:0.000587s ]

[ 2018-09-10T19:37:54+08:00 ] 127.0.0.1 /Admin/Theme/relation_album_list.html?id=3
INFO: [ app_init ] --START--
INFO: Run Behavior\BuildLiteBehavior [ RunTime:0.000017s ]
INFO: [ app_init ] --END-- [ RunTime:0.000431s ]
INFO: [ app_begin ] --START--
INFO: Run Behavior\ReadHtmlCacheBehavior [ RunTime:0.000618s ]
INFO: [ app_begin ] --END-- [ RunTime:0.000683s ]
SQL: SHOW COLUMNS FROM `theme` [ RunTime:0.0061s ]
SQL: SHOW COLUMNS FROM `album` [ RunTime:0.0050s ]
NOTIC: [8] Undefined index: p D:\wamp\www\photo\App\Admin\Controller\ThemeController.class.php 第 125 行.
SQL: SELECT COUNT(*) AS tp_count FROM `album` INNER JOIN album_theme_relation ON album_theme_relation.album_id = album.id  WHERE ( album_theme_relation.theme_id='3' ) LIMIT 1   [ RunTime:0.0003s ]
SQL: SELECT * FROM `album` INNER JOIN album_theme_relation ON album_theme_relation.album_id = album.id  WHERE ( album_theme_relation.theme_id='3' )  [ RunTime:0.0003s ]
INFO: [ view_parse ] --START--
INFO: [ template_filter ] --START--
INFO: Run Behavior\ContentReplaceBehavior [ RunTime:0.000080s ]
INFO: [ template_filter ] --END-- [ RunTime:0.000145s ]
INFO: Run Behavior\ParseTemplateBehavior [ RunTime:0.008837s ]
INFO: [ view_parse ] --END-- [ RunTime:0.008937s ]
INFO: [ view_filter ] --START--
INFO: Run Behavior\WriteHtmlCacheBehavior [ RunTime:0.000422s ]
INFO: [ view_filter ] --END-- [ RunTime:0.000469s ]
INFO: [ app_end ] --START--
INFO: Run Behavior\ShowPageTraceBehavior [ RunTime:0.000540s ]
INFO: [ app_end ] --END-- [ RunTime:0.000593s ]

[ 2018-09-10T19:37:56+08:00 ] 127.0.0.1 /Admin/Theme/theme_list.html
INFO: [ app_init ] --START--
INFO: Run Behavior\BuildLiteBehavior [ RunTime:0.000016s ]
INFO: [ app_init ] --END-- [ RunTime:0.000439s ]
INFO: [ app_begin ] --START--
INFO: Run Behavior\ReadHtmlCacheBehavior [ RunTime:0.000631s ]
INFO: [ app_begin ] --END-- [ RunTime:0.000692s ]
SQL: SHOW COLUMNS FROM `theme` [ RunTime:0.0069s ]
NOTIC: [8] Undefined index: p D:\wamp\www\photo\App\Admin\Controller\ThemeController.class.php 第 21 行.
NOTIC: [2] Missing argument 1 for Think\Model::where(), called in D:\wamp\www\photo\App\Admin\Controller\ThemeController.class.php on line 25 and defined D:\wamp\www\photo\ThinkPHP\Library\Think\Model.class.php 第 1797 行.
NOTIC: [8] Undefined variable: where D:\wamp\www\photo\ThinkPHP\Library\Think\Model.class.php 第 1805 行.
NOTIC: [8] Undefined variable: where D:\wamp\www\photo\ThinkPHP\Library\Think\Model.class.php 第 1808 行.
NOTIC: [8] Undefined variable: where D:\wamp\www\photo\ThinkPHP\Library\Think\Model.class.php 第 1816 行.
SQL: SELECT COUNT(*) AS tp_count FROM `theme` LIMIT 1   [ RunTime:0.0002s ]
NOTIC: [2] Missing argument 1 for Think\Model::where(), called in D:\wamp\www\photo\App\Admin\Controller\ThemeController.class.php on line 33 and defined D:\wamp\www\photo\ThinkPHP\Library\Think\Model.class.php 第 1797 行.
NOTIC: [8] Undefined variable: where D:\wamp\www\photo\ThinkPHP\Library\Think\Model.class.php 第 1805 行.
NOTIC: [8] Undefined variable: where D:\wamp\www\photo\ThinkPHP\Library\Think\Model.class.php 第 1808 行.
NOTIC: [8] Undefined variable: where D:\wamp\www\photo\ThinkPHP\Library\Think\Model.class.php 第 1816 行.
SQL: SELECT * FROM `theme` ORDER BY `sort` desc,`id` LIMIT 0,10   [ RunTime:0.0002s ]
INFO: [ view_parse ] --START--
INFO: [ template_filter ] --START--
INFO: Run Behavior\ContentReplaceBehavior [ RunTime:0.000088s ]
INFO: [ template_filter ] --END-- [ RunTime:0.000155s ]
INFO: Run Behavior\ParseTemplateBehavior [ RunTime:0.010098s ]
INFO: [ view_parse ] --END-- [ RunTime:0.010182s ]
INFO: [ view_filter ] --START--
INFO: Run Behavior\WriteHtmlCacheBehavior [ RunTime:0.000706s ]
INFO: [ view_filter ] --END-- [ RunTime:0.000773s ]
INFO: [ app_end ] --START--
INFO: Run Behavior\ShowPageTraceBehavior [ RunTime:0.000727s ]
INFO: [ app_end ] --END-- [ RunTime:0.000792s ]

[ 2018-09-10T19:37:59+08:00 ] 127.0.0.1 /Admin/Theme/relation_album_list.html?id=9
INFO: [ app_init ] --START--
INFO: Run Behavior\BuildLiteBehavior [ RunTime:0.000016s ]
INFO: [ app_init ] --END-- [ RunTime:0.000468s ]
INFO: [ app_begin ] --START--
INFO: Run Behavior\ReadHtmlCacheBehavior [ RunTime:0.000571s ]
INFO: [ app_begin ] --END-- [ RunTime:0.000630s ]
SQL: SHOW COLUMNS FROM `theme` [ RunTime:0.0059s ]
SQL: SHOW COLUMNS FROM `album` [ RunTime:0.0048s ]
NOTIC: [8] Undefined index: p D:\wamp\www\photo\App\Admin\Controller\ThemeController.class.php 第 125 行.
SQL: SELECT COUNT(*) AS tp_count FROM `album` INNER JOIN album_theme_relation ON album_theme_relation.album_id = album.id  WHERE ( album_theme_relation.theme_id='9' ) LIMIT 1   [ RunTime:0.0003s ]
SQL: SELECT * FROM `album` INNER JOIN album_theme_relation ON album_theme_relation.album_id = album.id  WHERE ( album_theme_relation.theme_id='9' )  [ RunTime:0.0003s ]
INFO: [ view_parse ] --START--
INFO: [ template_filter ] --START--
INFO: Run Behavior\ContentReplaceBehavior [ RunTime:0.000084s ]
INFO: [ template_filter ] --END-- [ RunTime:0.000153s ]
INFO: Run Behavior\ParseTemplateBehavior [ RunTime:0.008409s ]
INFO: [ view_parse ] --END-- [ RunTime:0.008472s ]
INFO: [ view_filter ] --START--
INFO: Run Behavior\WriteHtmlCacheBehavior [ RunTime:0.000425s ]
INFO: [ view_filter ] --END-- [ RunTime:0.000475s ]
INFO: [ app_end ] --START--
INFO: Run Behavior\ShowPageTraceBehavior [ RunTime:0.000557s ]
INFO: [ app_end ] --END-- [ RunTime:0.000612s ]

[ 2018-09-10T19:38:00+08:00 ] 127.0.0.1 /Admin/Theme/relation_album_add/theme_id/9.html
INFO: [ app_init ] --START--
INFO: Run Behavior\BuildLiteBehavior [ RunTime:0.000017s ]
INFO: [ app_init ] --END-- [ RunTime:0.000510s ]
INFO: [ app_begin ] --START--
INFO: Run Behavior\ReadHtmlCacheBehavior [ RunTime:0.000627s ]
INFO: [ app_begin ] --END-- [ RunTime:0.000691s ]
SQL: SHOW COLUMNS FROM `album` [ RunTime:0.0058s ]
SQL: SHOW COLUMNS FROM `album_theme_relation` [ RunTime:0.0052s ]
SQL: SELECT album_theme_relation.album_id FROM `album` INNER JOIN album_theme_relation ON album_theme_relation.album_id = album.id  WHERE ( album_theme_relation.theme_id='9' )  [ RunTime:0.0002s ]
SQL: SELECT * FROM `album`  [ RunTime:0.0002s ]
INFO: [ view_parse ] --START--
INFO: [ template_filter ] --START--
INFO: Run Behavior\ContentReplaceBehavior [ RunTime:0.000063s ]
INFO: [ template_filter ] --END-- [ RunTime:0.000146s ]
NOTIC: [8] Undefined variable: page D:\wamp\www\photo\App\Runtime\Cache\Admin\37a86c9c570a08659d549cb10ea5d511.php 第 53 行.
INFO: Run Behavior\ParseTemplateBehavior [ RunTime:0.007208s ]
INFO: [ view_parse ] --END-- [ RunTime:0.007284s ]
INFO: [ view_filter ] --START--
INFO: Run Behavior\WriteHtmlCacheBehavior [ RunTime:0.000630s ]
INFO: [ view_filter ] --END-- [ RunTime:0.000690s ]
INFO: [ app_end ] --START--
INFO: Run Behavior\ShowPageTraceBehavior [ RunTime:0.000628s ]
INFO: [ app_end ] --END-- [ RunTime:0.000685s ]

[ 2018-09-10T19:38:03+08:00 ] 127.0.0.1 /Admin/Theme/relation_album_add.html
INFO: [ app_init ] --START--
INFO: Run Behavior\BuildLiteBehavior [ RunTime:0.000080s ]
INFO: [ app_init ] --END-- [ RunTime:0.000787s ]
INFO: [ app_begin ] --START--
INFO: Run Behavior\ReadHtmlCacheBehavior [ RunTime:0.000925s ]
INFO: [ app_begin ] --END-- [ RunTime:0.001017s ]
SQL: SHOW COLUMNS FROM `album` [ RunTime:0.0061s ]
SQL: SHOW COLUMNS FROM `album_theme_relation` [ RunTime:0.0058s ]
SQL: SELECT album_theme_relation.album_id FROM `album` INNER JOIN album_theme_relation ON album_theme_relation.album_id = album.id  WHERE ( album_theme_relation.theme_id='9' )  [ RunTime:0.0004s ]
SQL: INSERT INTO `album_theme_relation` (`theme_id`,`album_id`) VALUES ('9','2') [ RunTime:0.0033s ]
SQL: INSERT INTO `album_theme_relation` (`theme_id`,`album_id`) VALUES ('9','3') [ RunTime:0.0027s ]

[ 2018-09-10T19:38:04+08:00 ] 127.0.0.1 /Admin/Theme/relation_album_add/theme_id/9.html
INFO: [ app_init ] --START--
INFO: Run Behavior\BuildLiteBehavior [ RunTime:0.000016s ]
INFO: [ app_init ] --END-- [ RunTime:0.000437s ]
INFO: [ app_begin ] --START--
INFO: Run Behavior\ReadHtmlCacheBehavior [ RunTime:0.000553s ]
INFO: [ app_begin ] --END-- [ RunTime:0.000621s ]
SQL: SHOW COLUMNS FROM `album` [ RunTime:0.0057s ]
SQL: SHOW COLUMNS FROM `album_theme_relation` [ RunTime:0.0050s ]
SQL: SELECT album_theme_relation.album_id FROM `album` INNER JOIN album_theme_relation ON album_theme_relation.album_id = album.id  WHERE ( album_theme_relation.theme_id='9' )  [ RunTime:0.0003s ]
SQL: SELECT * FROM `album`  [ RunTime:0.0002s ]
INFO: [ view_parse ] --START--
INFO: [ template_filter ] --START--
INFO: Run Behavior\ContentReplaceBehavior [ RunTime:0.000078s ]
INFO: [ template_filter ] --END-- [ RunTime:0.000164s ]
NOTIC: [8] Undefined variable: page D:\wamp\www\photo\App\Runtime\Cache\Admin\37a86c9c570a08659d549cb10ea5d511.php 第 53 行.
INFO: Run Behavior\ParseTemplateBehavior [ RunTime:0.006890s ]
INFO: [ view_parse ] --END-- [ RunTime:0.006953s ]
INFO: [ view_filter ] --START--
INFO: Run Behavior\WriteHtmlCacheBehavior [ RunTime:0.000596s ]
INFO: [ view_filter ] --END-- [ RunTime:0.000652s ]
INFO: [ app_end ] --START--
INFO: Run Behavior\ShowPageTraceBehavior [ RunTime:0.000648s ]
INFO: [ app_end ] --END-- [ RunTime:0.000710s ]

