[ 2018-09-04T21:36:34+08:00 ] 127.0.0.1 /admin
INFO: [ app_init ] --START--
INFO: Run Behavior\BuildLiteBehavior [ RunTime:0.000018s ]
INFO: [ app_init ] --END-- [ RunTime:0.002420s ]
INFO: [ app_begin ] --START--
INFO: Run Behavior\ReadHtmlCacheBehavior [ RunTime:0.001027s ]
INFO: [ app_begin ] --END-- [ RunTime:0.001083s ]
SQL: SHOW COLUMNS FROM `admin` [ RunTime:0.0171s ]
INFO: [ view_parse ] --START--
INFO: [ template_filter ] --START--
INFO: Run Behavior\ContentReplaceBehavior [ RunTime:0.001809s ]
INFO: [ template_filter ] --END-- [ RunTime:0.001874s ]
INFO: Run Behavior\ParseTemplateBehavior [ RunTime:0.018810s ]
INFO: [ view_parse ] --END-- [ RunTime:0.018870s ]
INFO: [ view_filter ] --START--
INFO: Run Behavior\WriteHtmlCacheBehavior [ RunTime:0.000888s ]
INFO: [ view_filter ] --END-- [ RunTime:0.000934s ]
INFO: [ app_end ] --START--
INFO: Run Behavior\ShowPageTraceBehavior [ RunTime:0.000935s ]
INFO: [ app_end ] --END-- [ RunTime:0.000985s ]

[ 2018-09-04T21:36:36+08:00 ] 127.0.0.1 /Admin/Album/album_list.html
INFO: [ app_init ] --START--
INFO: Run Behavior\BuildLiteBehavior [ RunTime:0.000014s ]
INFO: [ app_init ] --END-- [ RunTime:0.000381s ]
INFO: [ app_begin ] --START--
INFO: Run Behavior\ReadHtmlCacheBehavior [ RunTime:0.000531s ]
INFO: [ app_begin ] --END-- [ RunTime:0.000587s ]
SQL: SHOW COLUMNS FROM `album` [ RunTime:0.0070s ]
NOTIC: [8] Undefined index: p D:\wamp\www\photo\App\Admin\Controller\AlbumController.class.php 第 21 行.
NOTIC: [2] Missing argument 1 for Think\Model::where(), called in D:\wamp\www\photo\App\Admin\Controller\AlbumController.class.php on line 25 and defined D:\wamp\www\photo\ThinkPHP\Library\Think\Model.class.php 第 1797 行.
NOTIC: [8] Undefined variable: where D:\wamp\www\photo\ThinkPHP\Library\Think\Model.class.php 第 1805 行.
NOTIC: [8] Undefined variable: where D:\wamp\www\photo\ThinkPHP\Library\Think\Model.class.php 第 1808 行.
NOTIC: [8] Undefined variable: where D:\wamp\www\photo\ThinkPHP\Library\Think\Model.class.php 第 1816 行.
SQL: SELECT COUNT(*) AS tp_count FROM `album` LIMIT 1   [ RunTime:0.0032s ]
NOTIC: [2] Missing argument 1 for Think\Model::where(), called in D:\wamp\www\photo\App\Admin\Controller\AlbumController.class.php on line 33 and defined D:\wamp\www\photo\ThinkPHP\Library\Think\Model.class.php 第 1797 行.
NOTIC: [8] Undefined variable: where D:\wamp\www\photo\ThinkPHP\Library\Think\Model.class.php 第 1805 行.
NOTIC: [8] Undefined variable: where D:\wamp\www\photo\ThinkPHP\Library\Think\Model.class.php 第 1808 行.
NOTIC: [8] Undefined variable: where D:\wamp\www\photo\ThinkPHP\Library\Think\Model.class.php 第 1816 行.
SQL: SELECT * FROM `album` ORDER BY id LIMIT 0,10   [ RunTime:0.0002s ]
INFO: [ view_parse ] --START--
INFO: [ template_filter ] --START--
INFO: Run Behavior\ContentReplaceBehavior [ RunTime:0.000087s ]
INFO: [ template_filter ] --END-- [ RunTime:0.000142s ]
INFO: Run Behavior\ParseTemplateBehavior [ RunTime:0.010125s ]
INFO: [ view_parse ] --END-- [ RunTime:0.010185s ]
INFO: [ view_filter ] --START--
INFO: Run Behavior\WriteHtmlCacheBehavior [ RunTime:0.000413s ]
INFO: [ view_filter ] --END-- [ RunTime:0.000461s ]
INFO: [ app_end ] --START--
INFO: Run Behavior\ShowPageTraceBehavior [ RunTime:0.000539s ]
INFO: [ app_end ] --END-- [ RunTime:0.000591s ]

[ 2018-09-04T21:36:37+08:00 ] 127.0.0.1 /Admin/Album/css/flat-ui.min.css
INFO: [ app_init ] --START--
INFO: Run Behavior\BuildLiteBehavior [ RunTime:0.000013s ]
INFO: [ app_init ] --END-- [ RunTime:0.000314s ]
INFO: [ app_begin ] --START--
INFO: Run Behavior\ReadHtmlCacheBehavior [ RunTime:0.001326s ]
INFO: [ app_begin ] --END-- [ RunTime:0.001396s ]
ERR: 非法操作:css

[ 2018-09-04T21:36:37+08:00 ] 127.0.0.1 /Admin/Album/css/slide.css
INFO: [ app_init ] --START--
INFO: Run Behavior\BuildLiteBehavior [ RunTime:0.000016s ]
INFO: [ app_init ] --END-- [ RunTime:0.000338s ]
INFO: [ app_begin ] --START--
INFO: Run Behavior\ReadHtmlCacheBehavior [ RunTime:0.001592s ]
INFO: [ app_begin ] --END-- [ RunTime:0.001672s ]
ERR: 非法操作:css

[ 2018-09-04T21:36:37+08:00 ] 127.0.0.1 /Admin/Album/css/jquery.nouislider.css
INFO: [ app_init ] --START--
INFO: Run Behavior\BuildLiteBehavior [ RunTime:0.000031s ]
INFO: [ app_init ] --END-- [ RunTime:0.000473s ]
INFO: [ app_begin ] --START--
INFO: Run Behavior\ReadHtmlCacheBehavior [ RunTime:0.000624s ]
INFO: [ app_begin ] --END-- [ RunTime:0.000712s ]
ERR: 非法操作:css

[ 2018-09-04T21:36:39+08:00 ] 127.0.0.1 /Admin/Album/album_edit.html?id=1
INFO: [ app_init ] --START--
INFO: Run Behavior\BuildLiteBehavior [ RunTime:0.000016s ]
INFO: [ app_init ] --END-- [ RunTime:0.000411s ]
INFO: [ app_begin ] --START--
INFO: Run Behavior\ReadHtmlCacheBehavior [ RunTime:0.000485s ]
INFO: [ app_begin ] --END-- [ RunTime:0.000561s ]
SQL: SHOW COLUMNS FROM `album` [ RunTime:0.0030s ]
SQL: SELECT * FROM `album` WHERE ( id=1 ) LIMIT 1   [ RunTime:0.0028s ]
INFO: [ view_parse ] --START--
INFO: [ template_filter ] --START--
INFO: Run Behavior\ContentReplaceBehavior [ RunTime:0.000092s ]
INFO: [ template_filter ] --END-- [ RunTime:0.000150s ]
NOTIC: [8] Array to string conversion D:\wamp\www\photo\App\Runtime\Cache\Admin\dab61424effc56330b7b1e5e47b432c2.php 第 158 行.
INFO: Run Behavior\ParseTemplateBehavior [ RunTime:0.007374s ]
INFO: [ view_parse ] --END-- [ RunTime:0.007429s ]
INFO: [ view_filter ] --START--
INFO: Run Behavior\WriteHtmlCacheBehavior [ RunTime:0.000315s ]
INFO: [ view_filter ] --END-- [ RunTime:0.000362s ]
INFO: [ app_end ] --START--
INFO: Run Behavior\ShowPageTraceBehavior [ RunTime:0.000466s ]
INFO: [ app_end ] --END-- [ RunTime:0.000523s ]

[ 2018-09-04T21:36:39+08:00 ] 127.0.0.1 /Admin/Album/css/flat-ui.min.css
INFO: [ app_init ] --START--
INFO: Run Behavior\BuildLiteBehavior [ RunTime:0.000014s ]
INFO: [ app_init ] --END-- [ RunTime:0.000314s ]
INFO: [ app_begin ] --START--
INFO: Run Behavior\ReadHtmlCacheBehavior [ RunTime:0.000443s ]
INFO: [ app_begin ] --END-- [ RunTime:0.000504s ]
ERR: 非法操作:css

[ 2018-09-04T21:36:39+08:00 ] 127.0.0.1 /Admin/Album/css/jquery.nouislider.css
INFO: [ app_init ] --START--
INFO: Run Behavior\BuildLiteBehavior [ RunTime:0.000016s ]
INFO: [ app_init ] --END-- [ RunTime:0.000328s ]
INFO: [ app_begin ] --START--
INFO: Run Behavior\ReadHtmlCacheBehavior [ RunTime:0.000494s ]
INFO: [ app_begin ] --END-- [ RunTime:0.000562s ]
ERR: 非法操作:css

[ 2018-09-04T21:36:39+08:00 ] 127.0.0.1 /Admin/Album/css/slide.css
INFO: [ app_init ] --START--
INFO: Run Behavior\BuildLiteBehavior [ RunTime:0.000045s ]
INFO: [ app_init ] --END-- [ RunTime:0.000375s ]
INFO: [ app_begin ] --START--
INFO: Run Behavior\ReadHtmlCacheBehavior [ RunTime:0.000593s ]
INFO: [ app_begin ] --END-- [ RunTime:0.000675s ]
ERR: 非法操作:css

[ 2018-09-04T21:36:41+08:00 ] 127.0.0.1 /Admin/Album/css/jquery.nouislider.css
INFO: [ app_init ] --START--
INFO: Run Behavior\BuildLiteBehavior [ RunTime:0.000017s ]
INFO: [ app_init ] --END-- [ RunTime:0.000351s ]
INFO: [ app_begin ] --START--
INFO: Run Behavior\ReadHtmlCacheBehavior [ RunTime:0.000466s ]
INFO: [ app_begin ] --END-- [ RunTime:0.000526s ]
ERR: 非法操作:css

[ 2018-09-04T21:36:41+08:00 ] 127.0.0.1 /Admin/Album/css/flat-ui.min.css
INFO: [ app_init ] --START--
INFO: Run Behavior\BuildLiteBehavior [ RunTime:0.000018s ]
INFO: [ app_init ] --END-- [ RunTime:0.000355s ]
INFO: [ app_begin ] --START--
INFO: Run Behavior\ReadHtmlCacheBehavior [ RunTime:0.000488s ]
INFO: [ app_begin ] --END-- [ RunTime:0.000559s ]
ERR: 非法操作:css

[ 2018-09-04T21:36:41+08:00 ] 127.0.0.1 /Admin/Album/css/slide.css
INFO: [ app_init ] --START--
INFO: Run Behavior\BuildLiteBehavior [ RunTime:0.000015s ]
INFO: [ app_init ] --END-- [ RunTime:0.000326s ]
INFO: [ app_begin ] --START--
INFO: Run Behavior\ReadHtmlCacheBehavior [ RunTime:0.000485s ]
INFO: [ app_begin ] --END-- [ RunTime:0.000555s ]
ERR: 非法操作:css

[ 2018-09-04T21:36:44+08:00 ] 127.0.0.1 /Admin/Album/relation_photo_list.html?id=1
INFO: [ app_init ] --START--
INFO: Run Behavior\BuildLiteBehavior [ RunTime:0.000016s ]
INFO: [ app_init ] --END-- [ RunTime:0.000376s ]
INFO: [ app_begin ] --START--
INFO: Run Behavior\ReadHtmlCacheBehavior [ RunTime:0.000454s ]
INFO: [ app_begin ] --END-- [ RunTime:0.000529s ]
SQL: SHOW COLUMNS FROM `album` [ RunTime:0.0029s ]
SQL: SHOW COLUMNS FROM `photo` [ RunTime:0.0045s ]
NOTIC: [8] Undefined index: p D:\wamp\www\photo\App\Admin\Controller\AlbumController.class.php 第 159 行.
SQL: SELECT COUNT(*) AS tp_count FROM `photo` INNER JOIN photo_album_relation ON photo_album_relation.photo_id = photo.id  WHERE ( photo_album_relation.album_id='1' ) LIMIT 1   [ RunTime:0.0025s ]
SQL: SELECT * FROM `photo` INNER JOIN photo_album_relation ON photo_album_relation.photo_id = photo.id  WHERE ( photo_album_relation.album_id='1' )  [ RunTime:0.0002s ]
INFO: [ view_parse ] --START--
INFO: [ template_filter ] --START--
INFO: Run Behavior\ContentReplaceBehavior [ RunTime:0.000071s ]
INFO: [ template_filter ] --END-- [ RunTime:0.000123s ]
INFO: Run Behavior\ParseTemplateBehavior [ RunTime:0.007004s ]
INFO: [ view_parse ] --END-- [ RunTime:0.007057s ]
INFO: [ view_filter ] --START--
INFO: Run Behavior\WriteHtmlCacheBehavior [ RunTime:0.000300s ]
INFO: [ view_filter ] --END-- [ RunTime:0.000346s ]
INFO: [ app_end ] --START--
INFO: Run Behavior\ShowPageTraceBehavior [ RunTime:0.000445s ]
INFO: [ app_end ] --END-- [ RunTime:0.000501s ]

[ 2018-09-04T21:36:44+08:00 ] 127.0.0.1 /Admin/Album/css/jquery.nouislider.css
INFO: [ app_init ] --START--
INFO: Run Behavior\BuildLiteBehavior [ RunTime:0.000014s ]
INFO: [ app_init ] --END-- [ RunTime:0.000323s ]
INFO: [ app_begin ] --START--
INFO: Run Behavior\ReadHtmlCacheBehavior [ RunTime:0.000507s ]
INFO: [ app_begin ] --END-- [ RunTime:0.000581s ]
ERR: 非法操作:css

[ 2018-09-04T21:36:44+08:00 ] 127.0.0.1 /Admin/Album/css/flat-ui.min.css
INFO: [ app_init ] --START--
INFO: Run Behavior\BuildLiteBehavior [ RunTime:0.000020s ]
INFO: [ app_init ] --END-- [ RunTime:0.000475s ]
INFO: [ app_begin ] --START--
INFO: Run Behavior\ReadHtmlCacheBehavior [ RunTime:0.000488s ]
INFO: [ app_begin ] --END-- [ RunTime:0.000563s ]
ERR: 非法操作:css

[ 2018-09-04T21:36:44+08:00 ] 127.0.0.1 /Admin/Album/css/slide.css
INFO: [ app_init ] --START--
INFO: Run Behavior\BuildLiteBehavior [ RunTime:0.000018s ]
INFO: [ app_init ] --END-- [ RunTime:0.000353s ]
INFO: [ app_begin ] --START--
INFO: Run Behavior\ReadHtmlCacheBehavior [ RunTime:0.000496s ]
INFO: [ app_begin ] --END-- [ RunTime:0.000573s ]
ERR: 非法操作:css

[ 2018-09-04T21:36:52+08:00 ] 127.0.0.1 /Admin/Album/relation_photo_add/album_id/1.html
INFO: [ app_init ] --START--
INFO: Run Behavior\BuildLiteBehavior [ RunTime:0.000015s ]
INFO: [ app_init ] --END-- [ RunTime:0.000391s ]
INFO: [ app_begin ] --START--
INFO: Run Behavior\ReadHtmlCacheBehavior [ RunTime:0.000479s ]
INFO: [ app_begin ] --END-- [ RunTime:0.000541s ]
SQL: SHOW COLUMNS FROM `photo` [ RunTime:0.0030s ]
SQL: SHOW COLUMNS FROM `photo_album_relation` [ RunTime:0.0027s ]
SQL: SELECT photo_album_relation.photo_id FROM `photo` INNER JOIN photo_album_relation ON photo_album_relation.photo_id = photo.id  WHERE ( photo_album_relation.album_id='1' )  [ RunTime:0.0003s ]
SQL: SELECT * FROM `photo`  [ RunTime:0.0002s ]
INFO: [ view_parse ] --START--
INFO: [ template_filter ] --START--
INFO: Run Behavior\ContentReplaceBehavior [ RunTime:0.000059s ]
INFO: [ template_filter ] --END-- [ RunTime:0.000119s ]
NOTIC: [8] Undefined variable: page D:\wamp\www\photo\App\Runtime\Cache\Admin\36ec74108eda82279e3c2f9f22c0387c.php 第 52 行.
INFO: Run Behavior\ParseTemplateBehavior [ RunTime:0.005920s ]
INFO: [ view_parse ] --END-- [ RunTime:0.005981s ]
INFO: [ view_filter ] --START--
INFO: Run Behavior\WriteHtmlCacheBehavior [ RunTime:0.000296s ]
INFO: [ view_filter ] --END-- [ RunTime:0.000343s ]
INFO: [ app_end ] --START--
INFO: Run Behavior\ShowPageTraceBehavior [ RunTime:0.000448s ]
INFO: [ app_end ] --END-- [ RunTime:0.000496s ]

[ 2018-09-04T21:37:43+08:00 ] 127.0.0.1 /Admin/Album/relation_photo_list.html?id=1
INFO: [ app_init ] --START--
INFO: Run Behavior\BuildLiteBehavior [ RunTime:0.000014s ]
INFO: [ app_init ] --END-- [ RunTime:0.000336s ]
INFO: [ app_begin ] --START--
INFO: Run Behavior\ReadHtmlCacheBehavior [ RunTime:0.000454s ]
INFO: [ app_begin ] --END-- [ RunTime:0.000516s ]
SQL: SHOW COLUMNS FROM `album` [ RunTime:0.0035s ]
SQL: SHOW COLUMNS FROM `photo` [ RunTime:0.0031s ]
NOTIC: [8] Undefined index: p D:\wamp\www\photo\App\Admin\Controller\AlbumController.class.php 第 159 行.
SQL: SELECT COUNT(*) AS tp_count FROM `photo` INNER JOIN photo_album_relation ON photo_album_relation.photo_id = photo.id  WHERE ( photo_album_relation.album_id='1' ) LIMIT 1   [ RunTime:0.0003s ]
SQL: SELECT * FROM `photo` INNER JOIN photo_album_relation ON photo_album_relation.photo_id = photo.id  WHERE ( photo_album_relation.album_id='1' )  [ RunTime:0.0002s ]
INFO: [ view_parse ] --START--
INFO: [ template_filter ] --START--
INFO: Run Behavior\ContentReplaceBehavior [ RunTime:0.000073s ]
INFO: [ template_filter ] --END-- [ RunTime:0.000126s ]
INFO: Run Behavior\ParseTemplateBehavior [ RunTime:0.007335s ]
INFO: [ view_parse ] --END-- [ RunTime:0.007403s ]
INFO: [ view_filter ] --START--
INFO: Run Behavior\WriteHtmlCacheBehavior [ RunTime:0.000340s ]
INFO: [ view_filter ] --END-- [ RunTime:0.000384s ]
INFO: [ app_end ] --START--
INFO: Run Behavior\ShowPageTraceBehavior [ RunTime:0.000491s ]
INFO: [ app_end ] --END-- [ RunTime:0.000538s ]

[ 2018-09-04T21:37:43+08:00 ] 127.0.0.1 /Admin/Album/css/flat-ui.min.css
INFO: [ app_init ] --START--
INFO: Run Behavior\BuildLiteBehavior [ RunTime:0.000018s ]
INFO: [ app_init ] --END-- [ RunTime:0.000372s ]
INFO: [ app_begin ] --START--
INFO: Run Behavior\ReadHtmlCacheBehavior [ RunTime:0.000480s ]
INFO: [ app_begin ] --END-- [ RunTime:0.000559s ]
ERR: 非法操作:css

[ 2018-09-04T21:37:43+08:00 ] 127.0.0.1 /Admin/Album/css/slide.css
INFO: [ app_init ] --START--
INFO: Run Behavior\BuildLiteBehavior [ RunTime:0.000014s ]
INFO: [ app_init ] --END-- [ RunTime:0.000323s ]
INFO: [ app_begin ] --START--
INFO: Run Behavior\ReadHtmlCacheBehavior [ RunTime:0.000501s ]
INFO: [ app_begin ] --END-- [ RunTime:0.000565s ]
ERR: 非法操作:css

[ 2018-09-04T21:37:43+08:00 ] 127.0.0.1 /Admin/Album/css/jquery.nouislider.css
INFO: [ app_init ] --START--
INFO: Run Behavior\BuildLiteBehavior [ RunTime:0.000016s ]
INFO: [ app_init ] --END-- [ RunTime:0.000401s ]
INFO: [ app_begin ] --START--
INFO: Run Behavior\ReadHtmlCacheBehavior [ RunTime:0.000523s ]
INFO: [ app_begin ] --END-- [ RunTime:0.000596s ]
ERR: 非法操作:css

[ 2018-09-04T21:37:45+08:00 ] 127.0.0.1 /Admin/Album/relation_photo_add/album_id/1.html
INFO: [ app_init ] --START--
INFO: Run Behavior\BuildLiteBehavior [ RunTime:0.000015s ]
INFO: [ app_init ] --END-- [ RunTime:0.000363s ]
INFO: [ app_begin ] --START--
INFO: Run Behavior\ReadHtmlCacheBehavior [ RunTime:0.000455s ]
INFO: [ app_begin ] --END-- [ RunTime:0.000510s ]
SQL: SHOW COLUMNS FROM `photo` [ RunTime:0.0035s ]
SQL: SHOW COLUMNS FROM `photo_album_relation` [ RunTime:0.0031s ]
SQL: SELECT photo_album_relation.photo_id FROM `photo` INNER JOIN photo_album_relation ON photo_album_relation.photo_id = photo.id  WHERE ( photo_album_relation.album_id='1' )  [ RunTime:0.0003s ]
SQL: SELECT * FROM `photo`  [ RunTime:0.0002s ]
INFO: [ view_parse ] --START--
INFO: [ template_filter ] --START--
INFO: Run Behavior\ContentReplaceBehavior [ RunTime:0.000054s ]
INFO: [ template_filter ] --END-- [ RunTime:0.000124s ]
NOTIC: [8] Undefined variable: page D:\wamp\www\photo\App\Runtime\Cache\Admin\36ec74108eda82279e3c2f9f22c0387c.php 第 52 行.
INFO: Run Behavior\ParseTemplateBehavior [ RunTime:0.005791s ]
INFO: [ view_parse ] --END-- [ RunTime:0.005849s ]
INFO: [ view_filter ] --START--
INFO: Run Behavior\WriteHtmlCacheBehavior [ RunTime:0.000303s ]
INFO: [ view_filter ] --END-- [ RunTime:0.000350s ]
INFO: [ app_end ] --START--
INFO: Run Behavior\ShowPageTraceBehavior [ RunTime:0.000476s ]
INFO: [ app_end ] --END-- [ RunTime:0.000527s ]

[ 2018-09-04T21:38:26+08:00 ] 127.0.0.1 /Admin/Album/relation_photo_add/album_id/1.html
INFO: [ app_init ] --START--
INFO: Run Behavior\BuildLiteBehavior [ RunTime:0.000013s ]
INFO: [ app_init ] --END-- [ RunTime:0.000355s ]
INFO: [ app_begin ] --START--
INFO: Run Behavior\ReadHtmlCacheBehavior [ RunTime:0.000520s ]
INFO: [ app_begin ] --END-- [ RunTime:0.000603s ]
SQL: SHOW COLUMNS FROM `photo` [ RunTime:0.0032s ]
SQL: SHOW COLUMNS FROM `photo_album_relation` [ RunTime:0.0026s ]
SQL: SELECT photo_album_relation.photo_id FROM `photo` INNER JOIN photo_album_relation ON photo_album_relation.photo_id = photo.id  WHERE ( photo_album_relation.album_id='1' )  [ RunTime:0.0002s ]
SQL: SELECT * FROM `photo`  [ RunTime:0.0002s ]
INFO: [ view_parse ] --START--
INFO: [ template_filter ] --START--
INFO: Run Behavior\ContentReplaceBehavior [ RunTime:0.000045s ]
INFO: [ template_filter ] --END-- [ RunTime:0.000097s ]
NOTIC: [8] Undefined variable: page D:\wamp\www\photo\App\Runtime\Cache\Admin\36ec74108eda82279e3c2f9f22c0387c.php 第 52 行.
INFO: Run Behavior\ParseTemplateBehavior [ RunTime:0.005081s ]
INFO: [ view_parse ] --END-- [ RunTime:0.005133s ]
INFO: [ view_filter ] --START--
INFO: Run Behavior\WriteHtmlCacheBehavior [ RunTime:0.000334s ]
INFO: [ view_filter ] --END-- [ RunTime:0.000382s ]
INFO: [ app_end ] --START--
INFO: Run Behavior\ShowPageTraceBehavior [ RunTime:0.000449s ]
INFO: [ app_end ] --END-- [ RunTime:0.000506s ]

[ 2018-09-04T21:39:38+08:00 ] 127.0.0.1 /Admin/Album/relation_photo_list.html?id=1
INFO: [ app_init ] --START--
INFO: Run Behavior\BuildLiteBehavior [ RunTime:0.000018s ]
INFO: [ app_init ] --END-- [ RunTime:0.000341s ]
INFO: [ app_begin ] --START--
INFO: Run Behavior\ReadHtmlCacheBehavior [ RunTime:0.000487s ]
INFO: [ app_begin ] --END-- [ RunTime:0.000544s ]
SQL: SHOW COLUMNS FROM `album` [ RunTime:0.0124s ]
SQL: SHOW COLUMNS FROM `photo` [ RunTime:0.0068s ]
NOTIC: [8] Undefined index: p D:\wamp\www\photo\App\Admin\Controller\AlbumController.class.php 第 159 行.
SQL: SELECT COUNT(*) AS tp_count FROM `photo` INNER JOIN photo_album_relation ON photo_album_relation.photo_id = photo.id  WHERE ( photo_album_relation.album_id='1' ) LIMIT 1   [ RunTime:0.0004s ]
SQL: SELECT * FROM `photo` INNER JOIN photo_album_relation ON photo_album_relation.photo_id = photo.id  WHERE ( photo_album_relation.album_id='1' )  [ RunTime:0.0004s ]
INFO: [ view_parse ] --START--
INFO: [ template_filter ] --START--
INFO: Run Behavior\ContentReplaceBehavior [ RunTime:0.000083s ]
INFO: [ template_filter ] --END-- [ RunTime:0.000139s ]
INFO: Run Behavior\ParseTemplateBehavior [ RunTime:0.007813s ]
INFO: [ view_parse ] --END-- [ RunTime:0.007894s ]
INFO: [ view_filter ] --START--
INFO: Run Behavior\WriteHtmlCacheBehavior [ RunTime:0.000332s ]
INFO: [ view_filter ] --END-- [ RunTime:0.000378s ]
INFO: [ app_end ] --START--
INFO: Run Behavior\ShowPageTraceBehavior [ RunTime:0.000484s ]
INFO: [ app_end ] --END-- [ RunTime:0.000532s ]

[ 2018-09-04T21:39:38+08:00 ] 127.0.0.1 /Admin/Album/css/jquery.nouislider.css
INFO: [ app_init ] --START--
INFO: Run Behavior\BuildLiteBehavior [ RunTime:0.000017s ]
INFO: [ app_init ] --END-- [ RunTime:0.000336s ]
INFO: [ app_begin ] --START--
INFO: Run Behavior\ReadHtmlCacheBehavior [ RunTime:0.000475s ]
INFO: [ app_begin ] --END-- [ RunTime:0.000535s ]
ERR: 非法操作:css

[ 2018-09-04T21:39:38+08:00 ] 127.0.0.1 /Admin/Album/css/flat-ui.min.css
INFO: [ app_init ] --START--
INFO: Run Behavior\BuildLiteBehavior [ RunTime:0.000016s ]
INFO: [ app_init ] --END-- [ RunTime:0.000361s ]
INFO: [ app_begin ] --START--
INFO: Run Behavior\ReadHtmlCacheBehavior [ RunTime:0.000493s ]
INFO: [ app_begin ] --END-- [ RunTime:0.000562s ]
ERR: 非法操作:css

[ 2018-09-04T21:39:38+08:00 ] 127.0.0.1 /Admin/Album/css/slide.css
INFO: [ app_init ] --START--
INFO: Run Behavior\BuildLiteBehavior [ RunTime:0.000013s ]
INFO: [ app_init ] --END-- [ RunTime:0.000337s ]
INFO: [ app_begin ] --START--
INFO: Run Behavior\ReadHtmlCacheBehavior [ RunTime:0.000517s ]
INFO: [ app_begin ] --END-- [ RunTime:0.000586s ]
ERR: 非法操作:css

[ 2018-09-04T21:39:39+08:00 ] 127.0.0.1 /Admin/Album/relation_photo_add/album_id/1.html
INFO: [ app_init ] --START--
INFO: Run Behavior\BuildLiteBehavior [ RunTime:0.000016s ]
INFO: [ app_init ] --END-- [ RunTime:0.000437s ]
INFO: [ app_begin ] --START--
INFO: Run Behavior\ReadHtmlCacheBehavior [ RunTime:0.000461s ]
INFO: [ app_begin ] --END-- [ RunTime:0.000520s ]
SQL: SHOW COLUMNS FROM `photo` [ RunTime:0.0038s ]
SQL: SHOW COLUMNS FROM `photo_album_relation` [ RunTime:0.0033s ]
SQL: SELECT photo_album_relation.photo_id FROM `photo` INNER JOIN photo_album_relation ON photo_album_relation.photo_id = photo.id  WHERE ( photo_album_relation.album_id='1' )  [ RunTime:0.0005s ]
SQL: SELECT * FROM `photo`  [ RunTime:0.0002s ]
INFO: [ view_parse ] --START--
INFO: [ template_filter ] --START--
INFO: Run Behavior\ContentReplaceBehavior [ RunTime:0.000047s ]
INFO: [ template_filter ] --END-- [ RunTime:0.000108s ]
NOTIC: [8] Undefined variable: page D:\wamp\www\photo\App\Runtime\Cache\Admin\36ec74108eda82279e3c2f9f22c0387c.php 第 52 行.
INFO: Run Behavior\ParseTemplateBehavior [ RunTime:0.006042s ]
INFO: [ view_parse ] --END-- [ RunTime:0.006098s ]
INFO: [ view_filter ] --START--
INFO: Run Behavior\WriteHtmlCacheBehavior [ RunTime:0.000340s ]
INFO: [ view_filter ] --END-- [ RunTime:0.000392s ]
INFO: [ app_end ] --START--
INFO: Run Behavior\ShowPageTraceBehavior [ RunTime:0.000477s ]
INFO: [ app_end ] --END-- [ RunTime:0.000529s ]

[ 2018-09-04T21:41:07+08:00 ] 127.0.0.1 /Admin/Album/relation_photo_add.html
INFO: [ app_init ] --START--
INFO: Run Behavior\BuildLiteBehavior [ RunTime:0.000017s ]
INFO: [ app_init ] --END-- [ RunTime:0.000406s ]
INFO: [ app_begin ] --START--
INFO: Run Behavior\ReadHtmlCacheBehavior [ RunTime:0.000545s ]
INFO: [ app_begin ] --END-- [ RunTime:0.000604s ]
SQL: SHOW COLUMNS FROM `photo` [ RunTime:0.0030s ]
SQL: SHOW COLUMNS FROM `photo_album_relation` [ RunTime:0.0026s ]
SQL: SELECT photo_album_relation.photo_id FROM `photo` INNER JOIN photo_album_relation ON photo_album_relation.photo_id = photo.id  WHERE ( photo_album_relation.album_id='1' )  [ RunTime:0.0002s ]
SQL: INSERT INTO `photo_album_relation` (`album_id`,`photo_id`) VALUES ('1','9') [ RunTime:0.0041s ]
SQL: INSERT INTO `photo_album_relation` (`album_id`,`photo_id`) VALUES ('1','10') [ RunTime:0.0020s ]

[ 2018-09-04T21:41:08+08:00 ] 127.0.0.1 /Admin/Album/relation_photo_add/album_id/1.html
INFO: [ app_init ] --START--
INFO: Run Behavior\BuildLiteBehavior [ RunTime:0.000016s ]
INFO: [ app_init ] --END-- [ RunTime:0.000376s ]
INFO: [ app_begin ] --START--
INFO: Run Behavior\ReadHtmlCacheBehavior [ RunTime:0.000455s ]
INFO: [ app_begin ] --END-- [ RunTime:0.000512s ]
SQL: SHOW COLUMNS FROM `photo` [ RunTime:0.0031s ]
SQL: SHOW COLUMNS FROM `photo_album_relation` [ RunTime:0.0034s ]
SQL: SELECT photo_album_relation.photo_id FROM `photo` INNER JOIN photo_album_relation ON photo_album_relation.photo_id = photo.id  WHERE ( photo_album_relation.album_id='1' )  [ RunTime:0.0004s ]
SQL: SELECT * FROM `photo`  [ RunTime:0.0002s ]
INFO: [ view_parse ] --START--
INFO: [ template_filter ] --START--
INFO: Run Behavior\ContentReplaceBehavior [ RunTime:0.000047s ]
INFO: [ template_filter ] --END-- [ RunTime:0.000108s ]
NOTIC: [8] Undefined variable: page D:\wamp\www\photo\App\Runtime\Cache\Admin\36ec74108eda82279e3c2f9f22c0387c.php 第 52 行.
INFO: Run Behavior\ParseTemplateBehavior [ RunTime:0.006164s ]
INFO: [ view_parse ] --END-- [ RunTime:0.006246s ]
INFO: [ view_filter ] --START--
INFO: Run Behavior\WriteHtmlCacheBehavior [ RunTime:0.000413s ]
INFO: [ view_filter ] --END-- [ RunTime:0.000460s ]
INFO: [ app_end ] --START--
INFO: Run Behavior\ShowPageTraceBehavior [ RunTime:0.000489s ]
INFO: [ app_end ] --END-- [ RunTime:0.000539s ]

[ 2018-09-04T21:41:30+08:00 ] 127.0.0.1 /Admin/Album/relation_photo_add/album_id/1.html
INFO: [ app_init ] --START--
INFO: Run Behavior\BuildLiteBehavior [ RunTime:0.000014s ]
INFO: [ app_init ] --END-- [ RunTime:0.000368s ]
INFO: [ app_begin ] --START--
INFO: Run Behavior\ReadHtmlCacheBehavior [ RunTime:0.000494s ]
INFO: [ app_begin ] --END-- [ RunTime:0.000550s ]
SQL: SHOW COLUMNS FROM `photo` [ RunTime:0.0031s ]
SQL: SHOW COLUMNS FROM `photo_album_relation` [ RunTime:0.0029s ]
SQL: SELECT photo_album_relation.photo_id FROM `photo` INNER JOIN photo_album_relation ON photo_album_relation.photo_id = photo.id  WHERE ( photo_album_relation.album_id='1' )  [ RunTime:0.0002s ]
SQL: SELECT * FROM `photo`  [ RunTime:0.0002s ]
INFO: [ view_parse ] --START--
INFO: [ template_filter ] --START--
INFO: Run Behavior\ContentReplaceBehavior [ RunTime:0.000045s ]
INFO: [ template_filter ] --END-- [ RunTime:0.000098s ]
NOTIC: [8] Undefined variable: page D:\wamp\www\photo\App\Runtime\Cache\Admin\36ec74108eda82279e3c2f9f22c0387c.php 第 52 行.
INFO: Run Behavior\ParseTemplateBehavior [ RunTime:0.005495s ]
INFO: [ view_parse ] --END-- [ RunTime:0.005547s ]
INFO: [ view_filter ] --START--
INFO: Run Behavior\WriteHtmlCacheBehavior [ RunTime:0.000370s ]
INFO: [ view_filter ] --END-- [ RunTime:0.000417s ]
INFO: [ app_end ] --START--
INFO: Run Behavior\ShowPageTraceBehavior [ RunTime:0.000480s ]
INFO: [ app_end ] --END-- [ RunTime:0.000531s ]

[ 2018-09-04T21:41:34+08:00 ] 127.0.0.1 /Admin/Album/relation_photo_add/album_id/1.html
INFO: [ app_init ] --START--
INFO: Run Behavior\BuildLiteBehavior [ RunTime:0.000015s ]
INFO: [ app_init ] --END-- [ RunTime:0.000342s ]
INFO: [ app_begin ] --START--
INFO: Run Behavior\ReadHtmlCacheBehavior [ RunTime:0.000504s ]
INFO: [ app_begin ] --END-- [ RunTime:0.000565s ]
SQL: SHOW COLUMNS FROM `photo` [ RunTime:0.0029s ]
SQL: SHOW COLUMNS FROM `photo_album_relation` [ RunTime:0.0026s ]
SQL: SELECT photo_album_relation.photo_id FROM `photo` INNER JOIN photo_album_relation ON photo_album_relation.photo_id = photo.id  WHERE ( photo_album_relation.album_id='1' )  [ RunTime:0.0003s ]
SQL: SELECT * FROM `photo`  [ RunTime:0.0002s ]
INFO: [ view_parse ] --START--
INFO: [ template_filter ] --START--
INFO: Run Behavior\ContentReplaceBehavior [ RunTime:0.000045s ]
INFO: [ template_filter ] --END-- [ RunTime:0.000102s ]
NOTIC: [8] Undefined variable: page D:\wamp\www\photo\App\Runtime\Cache\Admin\36ec74108eda82279e3c2f9f22c0387c.php 第 52 行.
INFO: Run Behavior\ParseTemplateBehavior [ RunTime:0.005356s ]
INFO: [ view_parse ] --END-- [ RunTime:0.005408s ]
INFO: [ view_filter ] --START--
INFO: Run Behavior\WriteHtmlCacheBehavior [ RunTime:0.000296s ]
INFO: [ view_filter ] --END-- [ RunTime:0.000341s ]
INFO: [ app_end ] --START--
INFO: Run Behavior\ShowPageTraceBehavior [ RunTime:0.000439s ]
INFO: [ app_end ] --END-- [ RunTime:0.000488s ]

[ 2018-09-04T21:41:38+08:00 ] 127.0.0.1 /Admin/Album/relation_photo_add/album_id/1.html
INFO: [ app_init ] --START--
INFO: Run Behavior\BuildLiteBehavior [ RunTime:0.000015s ]
INFO: [ app_init ] --END-- [ RunTime:0.000358s ]
INFO: [ app_begin ] --START--
INFO: Run Behavior\ReadHtmlCacheBehavior [ RunTime:0.000457s ]
INFO: [ app_begin ] --END-- [ RunTime:0.000513s ]
SQL: SHOW COLUMNS FROM `photo` [ RunTime:0.0030s ]
SQL: SHOW COLUMNS FROM `photo_album_relation` [ RunTime:0.0027s ]
SQL: SELECT photo_album_relation.photo_id FROM `photo` INNER JOIN photo_album_relation ON photo_album_relation.photo_id = photo.id  WHERE ( photo_album_relation.album_id='1' )  [ RunTime:0.0002s ]
SQL: SELECT * FROM `photo`  [ RunTime:0.0003s ]
INFO: [ view_parse ] --START--
INFO: [ template_filter ] --START--
INFO: Run Behavior\ContentReplaceBehavior [ RunTime:0.000046s ]
INFO: [ template_filter ] --END-- [ RunTime:0.000102s ]
NOTIC: [8] Undefined variable: page D:\wamp\www\photo\App\Runtime\Cache\Admin\36ec74108eda82279e3c2f9f22c0387c.php 第 52 行.
INFO: Run Behavior\ParseTemplateBehavior [ RunTime:0.005357s ]
INFO: [ view_parse ] --END-- [ RunTime:0.005410s ]
INFO: [ view_filter ] --START--
INFO: Run Behavior\WriteHtmlCacheBehavior [ RunTime:0.000311s ]
INFO: [ view_filter ] --END-- [ RunTime:0.000357s ]
INFO: [ app_end ] --START--
INFO: Run Behavior\ShowPageTraceBehavior [ RunTime:0.000454s ]
INFO: [ app_end ] --END-- [ RunTime:0.000504s ]

[ 2018-09-04T21:41:42+08:00 ] 127.0.0.1 /Admin/Album/relation_photo_add/album_id/1.html
INFO: [ app_init ] --START--
INFO: Run Behavior\BuildLiteBehavior [ RunTime:0.000044s ]
INFO: [ app_init ] --END-- [ RunTime:0.000490s ]
INFO: [ app_begin ] --START--
INFO: Run Behavior\ReadHtmlCacheBehavior [ RunTime:0.000473s ]
INFO: [ app_begin ] --END-- [ RunTime:0.000531s ]
SQL: SHOW COLUMNS FROM `photo` [ RunTime:0.0031s ]
SQL: SHOW COLUMNS FROM `photo_album_relation` [ RunTime:0.0027s ]
SQL: SELECT photo_album_relation.photo_id FROM `photo` INNER JOIN photo_album_relation ON photo_album_relation.photo_id = photo.id  WHERE ( photo_album_relation.album_id='1' )  [ RunTime:0.0002s ]
SQL: SELECT * FROM `photo`  [ RunTime:0.0002s ]
INFO: [ view_parse ] --START--
INFO: [ template_filter ] --START--
INFO: Run Behavior\ContentReplaceBehavior [ RunTime:0.000046s ]
INFO: [ template_filter ] --END-- [ RunTime:0.000097s ]
NOTIC: [8] Undefined variable: page D:\wamp\www\photo\App\Runtime\Cache\Admin\36ec74108eda82279e3c2f9f22c0387c.php 第 52 行.
INFO: Run Behavior\ParseTemplateBehavior [ RunTime:0.005136s ]
INFO: [ view_parse ] --END-- [ RunTime:0.005187s ]
INFO: [ view_filter ] --START--
INFO: Run Behavior\WriteHtmlCacheBehavior [ RunTime:0.000308s ]
INFO: [ view_filter ] --END-- [ RunTime:0.000354s ]
INFO: [ app_end ] --START--
INFO: Run Behavior\ShowPageTraceBehavior [ RunTime:0.000449s ]
INFO: [ app_end ] --END-- [ RunTime:0.000500s ]

[ 2018-09-04T21:41:47+08:00 ] 127.0.0.1 /Admin/Album/relation_photo_add/album_id/1.html
INFO: [ app_init ] --START--
INFO: Run Behavior\BuildLiteBehavior [ RunTime:0.000014s ]
INFO: [ app_init ] --END-- [ RunTime:0.000343s ]
INFO: [ app_begin ] --START--
INFO: Run Behavior\ReadHtmlCacheBehavior [ RunTime:0.000731s ]
INFO: [ app_begin ] --END-- [ RunTime:0.000800s ]
SQL: SHOW COLUMNS FROM `photo` [ RunTime:0.0030s ]
SQL: SHOW COLUMNS FROM `photo_album_relation` [ RunTime:0.0028s ]
SQL: SELECT photo_album_relation.photo_id FROM `photo` INNER JOIN photo_album_relation ON photo_album_relation.photo_id = photo.id  WHERE ( photo_album_relation.album_id='1' )  [ RunTime:0.0002s ]
SQL: SELECT * FROM `photo`  [ RunTime:0.0002s ]
INFO: [ view_parse ] --START--
INFO: [ template_filter ] --START--
INFO: Run Behavior\ContentReplaceBehavior [ RunTime:0.000050s ]
INFO: [ template_filter ] --END-- [ RunTime:0.000101s ]
NOTIC: [8] Undefined variable: page D:\wamp\www\photo\App\Runtime\Cache\Admin\36ec74108eda82279e3c2f9f22c0387c.php 第 52 行.
INFO: Run Behavior\ParseTemplateBehavior [ RunTime:0.005116s ]
INFO: [ view_parse ] --END-- [ RunTime:0.005168s ]
INFO: [ view_filter ] --START--
INFO: Run Behavior\WriteHtmlCacheBehavior [ RunTime:0.000316s ]
INFO: [ view_filter ] --END-- [ RunTime:0.000360s ]
INFO: [ app_end ] --START--
INFO: Run Behavior\ShowPageTraceBehavior [ RunTime:0.000449s ]
INFO: [ app_end ] --END-- [ RunTime:0.000499s ]

[ 2018-09-04T21:42:46+08:00 ] 127.0.0.1 /Admin/Album/relation_photo_add.html
INFO: [ app_init ] --START--
INFO: Run Behavior\BuildLiteBehavior [ RunTime:0.000013s ]
INFO: [ app_init ] --END-- [ RunTime:0.000340s ]
INFO: [ app_begin ] --START--
INFO: Run Behavior\ReadHtmlCacheBehavior [ RunTime:0.000440s ]
INFO: [ app_begin ] --END-- [ RunTime:0.000489s ]
SQL: SHOW COLUMNS FROM `photo` [ RunTime:0.0031s ]
SQL: SHOW COLUMNS FROM `photo_album_relation` [ RunTime:0.0028s ]
SQL: SELECT photo_album_relation.photo_id FROM `photo` INNER JOIN photo_album_relation ON photo_album_relation.photo_id = photo.id  WHERE ( photo_album_relation.album_id='1' )  [ RunTime:0.0003s ]
SQL: INSERT INTO `photo_album_relation` (`album_id`,`photo_id`) VALUES ('1','1') [ RunTime:0.0017s ]
SQL: INSERT INTO `photo_album_relation` (`album_id`,`photo_id`) VALUES ('1','4') [ RunTime:0.0013s ]
SQL: INSERT INTO `photo_album_relation` (`album_id`,`photo_id`) VALUES ('1','12') [ RunTime:0.0022s ]

[ 2018-09-04T21:42:47+08:00 ] 127.0.0.1 /Admin/Album/relation_photo_add/album_id/1.html
INFO: [ app_init ] --START--
INFO: Run Behavior\BuildLiteBehavior [ RunTime:0.000016s ]
INFO: [ app_init ] --END-- [ RunTime:0.000310s ]
INFO: [ app_begin ] --START--
INFO: Run Behavior\ReadHtmlCacheBehavior [ RunTime:0.000489s ]
INFO: [ app_begin ] --END-- [ RunTime:0.000546s ]
SQL: SHOW COLUMNS FROM `photo` [ RunTime:0.0032s ]
SQL: SHOW COLUMNS FROM `photo_album_relation` [ RunTime:0.0034s ]
SQL: SELECT photo_album_relation.photo_id FROM `photo` INNER JOIN photo_album_relation ON photo_album_relation.photo_id = photo.id  WHERE ( photo_album_relation.album_id='1' )  [ RunTime:0.0003s ]
SQL: SELECT * FROM `photo`  [ RunTime:0.0002s ]
INFO: [ view_parse ] --START--
INFO: [ template_filter ] --START--
INFO: Run Behavior\ContentReplaceBehavior [ RunTime:0.000045s ]
INFO: [ template_filter ] --END-- [ RunTime:0.000099s ]
NOTIC: [8] Undefined variable: page D:\wamp\www\photo\App\Runtime\Cache\Admin\36ec74108eda82279e3c2f9f22c0387c.php 第 52 行.
INFO: Run Behavior\ParseTemplateBehavior [ RunTime:0.005302s ]
INFO: [ view_parse ] --END-- [ RunTime:0.005353s ]
INFO: [ view_filter ] --START--
INFO: Run Behavior\WriteHtmlCacheBehavior [ RunTime:0.000312s ]
INFO: [ view_filter ] --END-- [ RunTime:0.000356s ]
INFO: [ app_end ] --START--
INFO: Run Behavior\ShowPageTraceBehavior [ RunTime:0.000479s ]
INFO: [ app_end ] --END-- [ RunTime:0.000527s ]

[ 2018-09-04T21:42:51+08:00 ] 127.0.0.1 /Admin/Album/relation_photo_add.html
INFO: [ app_init ] --START--
INFO: Run Behavior\BuildLiteBehavior [ RunTime:0.000013s ]
INFO: [ app_init ] --END-- [ RunTime:0.000384s ]
INFO: [ app_begin ] --START--
INFO: Run Behavior\ReadHtmlCacheBehavior [ RunTime:0.000446s ]
INFO: [ app_begin ] --END-- [ RunTime:0.000495s ]
SQL: SHOW COLUMNS FROM `photo` [ RunTime:0.0030s ]
SQL: SHOW COLUMNS FROM `photo_album_relation` [ RunTime:0.0027s ]
SQL: SELECT photo_album_relation.photo_id FROM `photo` INNER JOIN photo_album_relation ON photo_album_relation.photo_id = photo.id  WHERE ( photo_album_relation.album_id='1' )  [ RunTime:0.0002s ]
SQL: INSERT INTO `photo_album_relation` (`album_id`,`photo_id`) VALUES ('1','6') [ RunTime:0.0014s ]
SQL: INSERT INTO `photo_album_relation` (`album_id`,`photo_id`) VALUES ('1','7') [ RunTime:0.0012s ]

[ 2018-09-04T21:42:52+08:00 ] 127.0.0.1 /Admin/Album/relation_photo_add/album_id/1.html
INFO: [ app_init ] --START--
INFO: Run Behavior\BuildLiteBehavior [ RunTime:0.000017s ]
INFO: [ app_init ] --END-- [ RunTime:0.000541s ]
INFO: [ app_begin ] --START--
INFO: Run Behavior\ReadHtmlCacheBehavior [ RunTime:0.000587s ]
INFO: [ app_begin ] --END-- [ RunTime:0.000674s ]
SQL: SHOW COLUMNS FROM `photo` [ RunTime:0.0039s ]
SQL: SHOW COLUMNS FROM `photo_album_relation` [ RunTime:0.0030s ]
SQL: SELECT photo_album_relation.photo_id FROM `photo` INNER JOIN photo_album_relation ON photo_album_relation.photo_id = photo.id  WHERE ( photo_album_relation.album_id='1' )  [ RunTime:0.0003s ]
SQL: SELECT * FROM `photo`  [ RunTime:0.0002s ]
INFO: [ view_parse ] --START--
INFO: [ template_filter ] --START--
INFO: Run Behavior\ContentReplaceBehavior [ RunTime:0.000045s ]
INFO: [ template_filter ] --END-- [ RunTime:0.000097s ]
NOTIC: [8] Undefined variable: page D:\wamp\www\photo\App\Runtime\Cache\Admin\36ec74108eda82279e3c2f9f22c0387c.php 第 52 行.
INFO: Run Behavior\ParseTemplateBehavior [ RunTime:0.005205s ]
INFO: [ view_parse ] --END-- [ RunTime:0.005270s ]
INFO: [ view_filter ] --START--
INFO: Run Behavior\WriteHtmlCacheBehavior [ RunTime:0.000300s ]
INFO: [ view_filter ] --END-- [ RunTime:0.000346s ]
INFO: [ app_end ] --START--
INFO: Run Behavior\ShowPageTraceBehavior [ RunTime:0.000447s ]
INFO: [ app_end ] --END-- [ RunTime:0.000496s ]

[ 2018-09-04T21:42:54+08:00 ] 127.0.0.1 /Admin/Album/relation_photo_add.html
INFO: [ app_init ] --START--
INFO: Run Behavior\BuildLiteBehavior [ RunTime:0.000014s ]
INFO: [ app_init ] --END-- [ RunTime:0.000345s ]
INFO: [ app_begin ] --START--
INFO: Run Behavior\ReadHtmlCacheBehavior [ RunTime:0.000440s ]
INFO: [ app_begin ] --END-- [ RunTime:0.000487s ]
SQL: SHOW COLUMNS FROM `photo` [ RunTime:0.0030s ]
SQL: SHOW COLUMNS FROM `photo_album_relation` [ RunTime:0.0030s ]
SQL: SELECT photo_album_relation.photo_id FROM `photo` INNER JOIN photo_album_relation ON photo_album_relation.photo_id = photo.id  WHERE ( photo_album_relation.album_id='1' )  [ RunTime:0.0002s ]
SQL: INSERT INTO `photo_album_relation` (`album_id`,`photo_id`) VALUES ('1','8') [ RunTime:0.0021s ]

[ 2018-09-04T21:42:55+08:00 ] 127.0.0.1 /Admin/Album/relation_photo_add/album_id/1.html
INFO: [ app_init ] --START--
INFO: Run Behavior\BuildLiteBehavior [ RunTime:0.000012s ]
INFO: [ app_init ] --END-- [ RunTime:0.000336s ]
INFO: [ app_begin ] --START--
INFO: Run Behavior\ReadHtmlCacheBehavior [ RunTime:0.000500s ]
INFO: [ app_begin ] --END-- [ RunTime:0.000564s ]
SQL: SHOW COLUMNS FROM `photo` [ RunTime:0.0034s ]
SQL: SHOW COLUMNS FROM `photo_album_relation` [ RunTime:0.0027s ]
SQL: SELECT photo_album_relation.photo_id FROM `photo` INNER JOIN photo_album_relation ON photo_album_relation.photo_id = photo.id  WHERE ( photo_album_relation.album_id='1' )  [ RunTime:0.0002s ]
SQL: SELECT * FROM `photo`  [ RunTime:0.0002s ]
INFO: [ view_parse ] --START--
INFO: [ template_filter ] --START--
INFO: Run Behavior\ContentReplaceBehavior [ RunTime:0.000047s ]
INFO: [ template_filter ] --END-- [ RunTime:0.000099s ]
NOTIC: [8] Undefined variable: page D:\wamp\www\photo\App\Runtime\Cache\Admin\36ec74108eda82279e3c2f9f22c0387c.php 第 52 行.
INFO: Run Behavior\ParseTemplateBehavior [ RunTime:0.005232s ]
INFO: [ view_parse ] --END-- [ RunTime:0.005315s ]
INFO: [ view_filter ] --START--
INFO: Run Behavior\WriteHtmlCacheBehavior [ RunTime:0.000320s ]
INFO: [ view_filter ] --END-- [ RunTime:0.000364s ]
INFO: [ app_end ] --START--
INFO: Run Behavior\ShowPageTraceBehavior [ RunTime:0.000465s ]
INFO: [ app_end ] --END-- [ RunTime:0.000514s ]

