[ 2018-08-15T15:38:29+08:00 ] 127.0.0.1 /admin
INFO: [ app_init ] --START--
INFO: Run Behavior\BuildLiteBehavior [ RunTime:0.000023s ]
INFO: [ app_init ] --END-- [ RunTime:0.001082s ]
INFO: [ app_begin ] --START--
INFO: Run Behavior\ReadHtmlCacheBehavior [ RunTime:0.013925s ]
INFO: [ app_begin ] --END-- [ RunTime:0.014104s ]
SQL: SHOW COLUMNS FROM `admin` [ RunTime:0.0239s ]
INFO: [ view_parse ] --START--
INFO: [ template_filter ] --START--
INFO: Run Behavior\ContentReplaceBehavior [ RunTime:0.000502s ]
INFO: [ template_filter ] --END-- [ RunTime:0.000588s ]
INFO: Run Behavior\ParseTemplateBehavior [ RunTime:0.061317s ]
INFO: [ view_parse ] --END-- [ RunTime:0.061406s ]
INFO: [ view_filter ] --START--
INFO: Run Behavior\WriteHtmlCacheBehavior [ RunTime:0.013141s ]
INFO: [ view_filter ] --END-- [ RunTime:0.013225s ]
INFO: [ app_end ] --START--
INFO: Run Behavior\ShowPageTraceBehavior [ RunTime:0.053571s ]
INFO: [ app_end ] --END-- [ RunTime:0.053663s ]

[ 2018-08-15T15:38:37+08:00 ] 127.0.0.1 /Admin/Index/index.html
INFO: [ app_init ] --START--
INFO: Run Behavior\BuildLiteBehavior [ RunTime:0.000021s ]
INFO: [ app_init ] --END-- [ RunTime:0.000439s ]
INFO: [ app_begin ] --START--
INFO: Run Behavior\ReadHtmlCacheBehavior [ RunTime:0.000634s ]
INFO: [ app_begin ] --END-- [ RunTime:0.000724s ]
SQL: SHOW COLUMNS FROM `admin` [ RunTime:0.0086s ]
INFO: [ view_parse ] --START--
INFO: [ template_filter ] --START--
INFO: Run Behavior\ContentReplaceBehavior [ RunTime:0.000085s ]
INFO: [ template_filter ] --END-- [ RunTime:0.000175s ]
INFO: Run Behavior\ParseTemplateBehavior [ RunTime:0.008652s ]
INFO: [ view_parse ] --END-- [ RunTime:0.008741s ]
INFO: [ view_filter ] --START--
INFO: Run Behavior\WriteHtmlCacheBehavior [ RunTime:0.000366s ]
INFO: [ view_filter ] --END-- [ RunTime:0.000431s ]
INFO: [ app_end ] --START--
INFO: Run Behavior\ShowPageTraceBehavior [ RunTime:0.000533s ]
INFO: [ app_end ] --END-- [ RunTime:0.000599s ]

[ 2018-08-15T15:38:38+08:00 ] 127.0.0.1 /Admin/Index/index.html
INFO: [ app_init ] --START--
INFO: Run Behavior\BuildLiteBehavior [ RunTime:0.000020s ]
INFO: [ app_init ] --END-- [ RunTime:0.000464s ]
INFO: [ app_begin ] --START--
INFO: Run Behavior\ReadHtmlCacheBehavior [ RunTime:0.000468s ]
INFO: [ app_begin ] --END-- [ RunTime:0.000544s ]
SQL: SHOW COLUMNS FROM `admin` [ RunTime:0.0027s ]
INFO: [ view_parse ] --START--
INFO: [ template_filter ] --START--
INFO: Run Behavior\ContentReplaceBehavior [ RunTime:0.000083s ]
INFO: [ template_filter ] --END-- [ RunTime:0.000163s ]
INFO: Run Behavior\ParseTemplateBehavior [ RunTime:0.008038s ]
INFO: [ view_parse ] --END-- [ RunTime:0.008110s ]
INFO: [ view_filter ] --START--
INFO: Run Behavior\WriteHtmlCacheBehavior [ RunTime:0.000215s ]
INFO: [ view_filter ] --END-- [ RunTime:0.000276s ]
INFO: [ app_end ] --START--
INFO: Run Behavior\ShowPageTraceBehavior [ RunTime:0.000432s ]
INFO: [ app_end ] --END-- [ RunTime:0.000502s ]

[ 2018-08-15T15:38:39+08:00 ] 127.0.0.1 /Admin/Index/user_add.html
INFO: [ app_init ] --START--
INFO: Run Behavior\BuildLiteBehavior [ RunTime:0.000017s ]
INFO: [ app_init ] --END-- [ RunTime:0.000343s ]
INFO: [ app_begin ] --START--
INFO: Run Behavior\ReadHtmlCacheBehavior [ RunTime:0.000424s ]
INFO: [ app_begin ] --END-- [ RunTime:0.000500s ]
INFO: [ view_parse ] --START--
INFO: [ template_filter ] --START--
INFO: Run Behavior\ContentReplaceBehavior [ RunTime:0.000099s ]
INFO: [ template_filter ] --END-- [ RunTime:0.000180s ]
NOTIC: [8] Undefined index: User D:\wamp\www\photo\App\Runtime\Cache\Admin\d9fbf73d52c2acde347a379a08c0a23c.php 第 103 行.
INFO: Run Behavior\ParseTemplateBehavior [ RunTime:0.008092s ]
INFO: [ view_parse ] --END-- [ RunTime:0.008177s ]
INFO: [ view_filter ] --START--
INFO: Run Behavior\WriteHtmlCacheBehavior [ RunTime:0.000218s ]
INFO: [ view_filter ] --END-- [ RunTime:0.000279s ]
INFO: [ app_end ] --START--
INFO: Run Behavior\ShowPageTraceBehavior [ RunTime:0.000453s ]
INFO: [ app_end ] --END-- [ RunTime:0.000518s ]

[ 2018-08-15T15:38:42+08:00 ] 127.0.0.1 /Admin/Index/user_edit.html
INFO: [ app_init ] --START--
INFO: Run Behavior\BuildLiteBehavior [ RunTime:0.000019s ]
INFO: [ app_init ] --END-- [ RunTime:0.000370s ]
INFO: [ app_begin ] --START--
INFO: Run Behavior\ReadHtmlCacheBehavior [ RunTime:0.000430s ]
INFO: [ app_begin ] --END-- [ RunTime:0.000509s ]
INFO: [ view_parse ] --START--
INFO: [ template_filter ] --START--
INFO: Run Behavior\ContentReplaceBehavior [ RunTime:0.000081s ]
INFO: [ template_filter ] --END-- [ RunTime:0.000159s ]
NOTIC: [8] Undefined index: User D:\wamp\www\photo\App\Runtime\Cache\Admin\3bd23611e9b1103784779f627447a818.php 第 104 行.
NOTIC: [8] Undefined variable: result D:\wamp\www\photo\App\Runtime\Cache\Admin\3bd23611e9b1103784779f627447a818.php 第 135 行.
NOTIC: [8] Undefined variable: result D:\wamp\www\photo\App\Runtime\Cache\Admin\3bd23611e9b1103784779f627447a818.php 第 136 行.
NOTIC: [8] Undefined variable: result D:\wamp\www\photo\App\Runtime\Cache\Admin\3bd23611e9b1103784779f627447a818.php 第 137 行.
NOTIC: [8] Undefined variable: result D:\wamp\www\photo\App\Runtime\Cache\Admin\3bd23611e9b1103784779f627447a818.php 第 138 行.
INFO: Run Behavior\ParseTemplateBehavior [ RunTime:0.008412s ]
INFO: [ view_parse ] --END-- [ RunTime:0.008491s ]
INFO: [ view_filter ] --START--
INFO: Run Behavior\WriteHtmlCacheBehavior [ RunTime:0.000253s ]
INFO: [ view_filter ] --END-- [ RunTime:0.000312s ]
INFO: [ app_end ] --START--
INFO: Run Behavior\ShowPageTraceBehavior [ RunTime:0.000429s ]
INFO: [ app_end ] --END-- [ RunTime:0.000494s ]

[ 2018-08-15T15:54:14+08:00 ] 127.0.0.1 /Admin/Index/user_edit.html
INFO: [ app_init ] --START--
INFO: Run Behavior\BuildLiteBehavior [ RunTime:0.000019s ]
INFO: [ app_init ] --END-- [ RunTime:0.000445s ]
INFO: [ app_begin ] --START--
INFO: Run Behavior\ReadHtmlCacheBehavior [ RunTime:0.000609s ]
INFO: [ app_begin ] --END-- [ RunTime:0.000689s ]
INFO: [ view_parse ] --START--
INFO: [ template_filter ] --START--
INFO: Run Behavior\ContentReplaceBehavior [ RunTime:0.000085s ]
INFO: [ template_filter ] --END-- [ RunTime:0.000162s ]
NOTIC: [8] Undefined index: User D:\wamp\www\photo\App\Runtime\Cache\Admin\3bd23611e9b1103784779f627447a818.php 第 104 行.
NOTIC: [8] Undefined variable: result D:\wamp\www\photo\App\Runtime\Cache\Admin\3bd23611e9b1103784779f627447a818.php 第 135 行.
NOTIC: [8] Undefined variable: result D:\wamp\www\photo\App\Runtime\Cache\Admin\3bd23611e9b1103784779f627447a818.php 第 136 行.
NOTIC: [8] Undefined variable: result D:\wamp\www\photo\App\Runtime\Cache\Admin\3bd23611e9b1103784779f627447a818.php 第 137 行.
NOTIC: [8] Undefined variable: result D:\wamp\www\photo\App\Runtime\Cache\Admin\3bd23611e9b1103784779f627447a818.php 第 138 行.
INFO: Run Behavior\ParseTemplateBehavior [ RunTime:0.009222s ]
INFO: [ view_parse ] --END-- [ RunTime:0.009304s ]
INFO: [ view_filter ] --START--
INFO: Run Behavior\WriteHtmlCacheBehavior [ RunTime:0.000812s ]
INFO: [ view_filter ] --END-- [ RunTime:0.000880s ]
INFO: [ app_end ] --START--
INFO: Run Behavior\ShowPageTraceBehavior [ RunTime:0.000598s ]
INFO: [ app_end ] --END-- [ RunTime:0.000683s ]

[ 2018-08-15T15:54:17+08:00 ] 127.0.0.1 /Admin/Index/user_add.html
INFO: [ app_init ] --START--
INFO: Run Behavior\BuildLiteBehavior [ RunTime:0.000020s ]
INFO: [ app_init ] --END-- [ RunTime:0.000403s ]
INFO: [ app_begin ] --START--
INFO: Run Behavior\ReadHtmlCacheBehavior [ RunTime:0.000484s ]
INFO: [ app_begin ] --END-- [ RunTime:0.000572s ]
INFO: [ view_parse ] --START--
INFO: [ template_filter ] --START--
INFO: Run Behavior\ContentReplaceBehavior [ RunTime:0.000087s ]
INFO: [ template_filter ] --END-- [ RunTime:0.000169s ]
NOTIC: [8] Undefined index: User D:\wamp\www\photo\App\Runtime\Cache\Admin\d9fbf73d52c2acde347a379a08c0a23c.php 第 103 行.
INFO: Run Behavior\ParseTemplateBehavior [ RunTime:0.007959s ]
INFO: [ view_parse ] --END-- [ RunTime:0.008033s ]
INFO: [ view_filter ] --START--
INFO: Run Behavior\WriteHtmlCacheBehavior [ RunTime:0.000224s ]
INFO: [ view_filter ] --END-- [ RunTime:0.000284s ]
INFO: [ app_end ] --START--
INFO: Run Behavior\ShowPageTraceBehavior [ RunTime:0.000459s ]
INFO: [ app_end ] --END-- [ RunTime:0.000534s ]

[ 2018-08-15T15:54:21+08:00 ] 127.0.0.1 /Admin/Index/user_list.html
INFO: [ app_init ] --START--
INFO: Run Behavior\BuildLiteBehavior [ RunTime:0.000018s ]
INFO: [ app_init ] --END-- [ RunTime:0.000335s ]
INFO: [ app_begin ] --START--
INFO: Run Behavior\ReadHtmlCacheBehavior [ RunTime:0.000418s ]
INFO: [ app_begin ] --END-- [ RunTime:0.000493s ]
SQL: SHOW COLUMNS FROM `user` [ RunTime:0.0079s ]
NOTIC: [8] Undefined index: p D:\wamp\www\photo\App\Admin\Controller\IndexController.class.php 第 71 行.
NOTIC: [8] Undefined index: by_name D:\wamp\www\photo\App\Admin\Controller\IndexController.class.php 第 73 行.
NOTIC: [8] Undefined index: User D:\wamp\www\photo\App\Admin\Controller\IndexController.class.php 第 74 行.
SQL: SELECT COUNT(*) AS tp_count FROM `user` LIMIT 1   [ RunTime:0.0248s ]
SQL: SELECT * FROM `user` ORDER BY User_id LIMIT 0,4   [ RunTime:0.0002s ]
NOTIC: [8] Undefined index: Status D:\wamp\www\photo\App\Admin\Controller\IndexController.class.php 第 94 行.
NOTIC: [8] Undefined index:  D:\wamp\www\photo\App\Admin\Controller\IndexController.class.php 第 94 行.
NOTIC: [8] Undefined index: Role D:\wamp\www\photo\App\Admin\Controller\IndexController.class.php 第 95 行.
NOTIC: [8] Undefined index:  D:\wamp\www\photo\App\Admin\Controller\IndexController.class.php 第 95 行.
NOTIC: [8] Undefined index: Status D:\wamp\www\photo\App\Admin\Controller\IndexController.class.php 第 94 行.
NOTIC: [8] Undefined index:  D:\wamp\www\photo\App\Admin\Controller\IndexController.class.php 第 94 行.
NOTIC: [8] Undefined index: Role D:\wamp\www\photo\App\Admin\Controller\IndexController.class.php 第 95 行.
NOTIC: [8] Undefined index:  D:\wamp\www\photo\App\Admin\Controller\IndexController.class.php 第 95 行.
NOTIC: [8] Undefined index: Status D:\wamp\www\photo\App\Admin\Controller\IndexController.class.php 第 94 行.
NOTIC: [8] Undefined index:  D:\wamp\www\photo\App\Admin\Controller\IndexController.class.php 第 94 行.
NOTIC: [8] Undefined index: Role D:\wamp\www\photo\App\Admin\Controller\IndexController.class.php 第 95 行.
NOTIC: [8] Undefined index:  D:\wamp\www\photo\App\Admin\Controller\IndexController.class.php 第 95 行.
NOTIC: [8] Undefined index: Status D:\wamp\www\photo\App\Admin\Controller\IndexController.class.php 第 94 行.
NOTIC: [8] Undefined index:  D:\wamp\www\photo\App\Admin\Controller\IndexController.class.php 第 94 行.
NOTIC: [8] Undefined index: Role D:\wamp\www\photo\App\Admin\Controller\IndexController.class.php 第 95 行.
NOTIC: [8] Undefined index:  D:\wamp\www\photo\App\Admin\Controller\IndexController.class.php 第 95 行.
INFO: [ view_parse ] --START--
INFO: [ template_filter ] --START--
INFO: Run Behavior\ContentReplaceBehavior [ RunTime:0.000116s ]
INFO: [ template_filter ] --END-- [ RunTime:0.000217s ]
NOTIC: [8] Undefined index: User_id D:\wamp\www\photo\App\Runtime\Cache\Admin\d294958eb6b6b9b8702c045c73fd4bcc.php 第 99 行.
NOTIC: [8] Undefined index: User_name D:\wamp\www\photo\App\Runtime\Cache\Admin\d294958eb6b6b9b8702c045c73fd4bcc.php 第 101 行.
NOTIC: [8] Undefined index: Face D:\wamp\www\photo\App\Runtime\Cache\Admin\d294958eb6b6b9b8702c045c73fd4bcc.php 第 103 行.
NOTIC: [8] Undefined index: User_id D:\wamp\www\photo\App\Runtime\Cache\Admin\d294958eb6b6b9b8702c045c73fd4bcc.php 第 99 行.
NOTIC: [8] Undefined index: User_name D:\wamp\www\photo\App\Runtime\Cache\Admin\d294958eb6b6b9b8702c045c73fd4bcc.php 第 101 行.
NOTIC: [8] Undefined index: Face D:\wamp\www\photo\App\Runtime\Cache\Admin\d294958eb6b6b9b8702c045c73fd4bcc.php 第 103 行.
NOTIC: [8] Undefined index: User_id D:\wamp\www\photo\App\Runtime\Cache\Admin\d294958eb6b6b9b8702c045c73fd4bcc.php 第 99 行.
NOTIC: [8] Undefined index: User_name D:\wamp\www\photo\App\Runtime\Cache\Admin\d294958eb6b6b9b8702c045c73fd4bcc.php 第 101 行.
NOTIC: [8] Undefined index: Face D:\wamp\www\photo\App\Runtime\Cache\Admin\d294958eb6b6b9b8702c045c73fd4bcc.php 第 103 行.
NOTIC: [8] Undefined index: User_id D:\wamp\www\photo\App\Runtime\Cache\Admin\d294958eb6b6b9b8702c045c73fd4bcc.php 第 99 行.
NOTIC: [8] Undefined index: User_name D:\wamp\www\photo\App\Runtime\Cache\Admin\d294958eb6b6b9b8702c045c73fd4bcc.php 第 101 行.
NOTIC: [8] Undefined index: Face D:\wamp\www\photo\App\Runtime\Cache\Admin\d294958eb6b6b9b8702c045c73fd4bcc.php 第 103 行.
NOTIC: [8] Undefined index: User_id D:\wamp\www\photo\App\Runtime\Cache\Admin\d294958eb6b6b9b8702c045c73fd4bcc.php 第 112 行.
NOTIC: [8] Undefined index: User_id D:\wamp\www\photo\App\Runtime\Cache\Admin\d294958eb6b6b9b8702c045c73fd4bcc.php 第 112 行.
NOTIC: [8] Undefined index: User_id D:\wamp\www\photo\App\Runtime\Cache\Admin\d294958eb6b6b9b8702c045c73fd4bcc.php 第 112 行.
NOTIC: [8] Undefined index: User_id D:\wamp\www\photo\App\Runtime\Cache\Admin\d294958eb6b6b9b8702c045c73fd4bcc.php 第 112 行.
NOTIC: [8] Undefined index: User_id D:\wamp\www\photo\App\Runtime\Cache\Admin\d294958eb6b6b9b8702c045c73fd4bcc.php 第 117 行.
NOTIC: [8] Undefined index: Email D:\wamp\www\photo\App\Runtime\Cache\Admin\d294958eb6b6b9b8702c045c73fd4bcc.php 第 117 行.
NOTIC: [8] Undefined index: User_id D:\wamp\www\photo\App\Runtime\Cache\Admin\d294958eb6b6b9b8702c045c73fd4bcc.php 第 117 行.
NOTIC: [8] Undefined index: Email D:\wamp\www\photo\App\Runtime\Cache\Admin\d294958eb6b6b9b8702c045c73fd4bcc.php 第 117 行.
NOTIC: [8] Undefined index: User_id D:\wamp\www\photo\App\Runtime\Cache\Admin\d294958eb6b6b9b8702c045c73fd4bcc.php 第 117 行.
NOTIC: [8] Undefined index: Email D:\wamp\www\photo\App\Runtime\Cache\Admin\d294958eb6b6b9b8702c045c73fd4bcc.php 第 117 行.
NOTIC: [8] Undefined index: User_id D:\wamp\www\photo\App\Runtime\Cache\Admin\d294958eb6b6b9b8702c045c73fd4bcc.php 第 117 行.
NOTIC: [8] Undefined index: Email D:\wamp\www\photo\App\Runtime\Cache\Admin\d294958eb6b6b9b8702c045c73fd4bcc.php 第 117 行.
NOTIC: [8] Undefined index: User_id D:\wamp\www\photo\App\Runtime\Cache\Admin\d294958eb6b6b9b8702c045c73fd4bcc.php 第 121 行.
NOTIC: [8] Undefined index: User_tel D:\wamp\www\photo\App\Runtime\Cache\Admin\d294958eb6b6b9b8702c045c73fd4bcc.php 第 121 行.
NOTIC: [8] Undefined index: User_id D:\wamp\www\photo\App\Runtime\Cache\Admin\d294958eb6b6b9b8702c045c73fd4bcc.php 第 121 行.
NOTIC: [8] Undefined index: User_tel D:\wamp\www\photo\App\Runtime\Cache\Admin\d294958eb6b6b9b8702c045c73fd4bcc.php 第 121 行.
NOTIC: [8] Undefined index: User_id D:\wamp\www\photo\App\Runtime\Cache\Admin\d294958eb6b6b9b8702c045c73fd4bcc.php 第 121 行.
NOTIC: [8] Undefined index: User_tel D:\wamp\www\photo\App\Runtime\Cache\Admin\d294958eb6b6b9b8702c045c73fd4bcc.php 第 121 行.
NOTIC: [8] Undefined index: User_id D:\wamp\www\photo\App\Runtime\Cache\Admin\d294958eb6b6b9b8702c045c73fd4bcc.php 第 121 行.
NOTIC: [8] Undefined index: User_tel D:\wamp\www\photo\App\Runtime\Cache\Admin\d294958eb6b6b9b8702c045c73fd4bcc.php 第 121 行.
NOTIC: [8] Undefined index: User_id D:\wamp\www\photo\App\Runtime\Cache\Admin\d294958eb6b6b9b8702c045c73fd4bcc.php 第 125 行.
NOTIC: [8] Undefined index: User_introduction D:\wamp\www\photo\App\Runtime\Cache\Admin\d294958eb6b6b9b8702c045c73fd4bcc.php 第 125 行.
NOTIC: [8] Undefined index: User_id D:\wamp\www\photo\App\Runtime\Cache\Admin\d294958eb6b6b9b8702c045c73fd4bcc.php 第 125 行.
NOTIC: [8] Undefined index: User_introduction D:\wamp\www\photo\App\Runtime\Cache\Admin\d294958eb6b6b9b8702c045c73fd4bcc.php 第 125 行.
NOTIC: [8] Undefined index: User_id D:\wamp\www\photo\App\Runtime\Cache\Admin\d294958eb6b6b9b8702c045c73fd4bcc.php 第 125 行.
NOTIC: [8] Undefined index: User_introduction D:\wamp\www\photo\App\Runtime\Cache\Admin\d294958eb6b6b9b8702c045c73fd4bcc.php 第 125 行.
NOTIC: [8] Undefined index: User_id D:\wamp\www\photo\App\Runtime\Cache\Admin\d294958eb6b6b9b8702c045c73fd4bcc.php 第 125 行.
NOTIC: [8] Undefined index: User_introduction D:\wamp\www\photo\App\Runtime\Cache\Admin\d294958eb6b6b9b8702c045c73fd4bcc.php 第 125 行.
NOTIC: [8] Undefined index: User_id D:\wamp\www\photo\App\Runtime\Cache\Admin\d294958eb6b6b9b8702c045c73fd4bcc.php 第 129 行.
NOTIC: [8] Undefined index: User_id D:\wamp\www\photo\App\Runtime\Cache\Admin\d294958eb6b6b9b8702c045c73fd4bcc.php 第 129 行.
NOTIC: [8] Undefined index: User_id D:\wamp\www\photo\App\Runtime\Cache\Admin\d294958eb6b6b9b8702c045c73fd4bcc.php 第 129 行.
NOTIC: [8] Undefined index: User_id D:\wamp\www\photo\App\Runtime\Cache\Admin\d294958eb6b6b9b8702c045c73fd4bcc.php 第 129 行.
NOTIC: [8] Undefined index: User_id D:\wamp\www\photo\App\Runtime\Cache\Admin\d294958eb6b6b9b8702c045c73fd4bcc.php 第 133 行.
NOTIC: [8] Undefined index: User_id D:\wamp\www\photo\App\Runtime\Cache\Admin\d294958eb6b6b9b8702c045c73fd4bcc.php 第 133 行.
NOTIC: [8] Undefined index: User_id D:\wamp\www\photo\App\Runtime\Cache\Admin\d294958eb6b6b9b8702c045c73fd4bcc.php 第 133 行.
NOTIC: [8] Undefined index: User_id D:\wamp\www\photo\App\Runtime\Cache\Admin\d294958eb6b6b9b8702c045c73fd4bcc.php 第 133 行.
NOTIC: [8] Undefined index: User_id D:\wamp\www\photo\App\Runtime\Cache\Admin\d294958eb6b6b9b8702c045c73fd4bcc.php 第 139 行.
NOTIC: [8] Undefined index: User_id D:\wamp\www\photo\App\Runtime\Cache\Admin\d294958eb6b6b9b8702c045c73fd4bcc.php 第 139 行.
NOTIC: [8] Undefined index: User_id D:\wamp\www\photo\App\Runtime\Cache\Admin\d294958eb6b6b9b8702c045c73fd4bcc.php 第 139 行.
NOTIC: [8] Undefined index: User_id D:\wamp\www\photo\App\Runtime\Cache\Admin\d294958eb6b6b9b8702c045c73fd4bcc.php 第 139 行.
INFO: Run Behavior\ParseTemplateBehavior [ RunTime:0.022850s ]
INFO: [ view_parse ] --END-- [ RunTime:0.022928s ]
INFO: [ view_filter ] --START--
INFO: Run Behavior\WriteHtmlCacheBehavior [ RunTime:0.000231s ]
INFO: [ view_filter ] --END-- [ RunTime:0.000291s ]
INFO: [ app_end ] --START--
INFO: Run Behavior\ShowPageTraceBehavior [ RunTime:0.000424s ]
INFO: [ app_end ] --END-- [ RunTime:0.000486s ]

[ 2018-08-15T15:54:32+08:00 ] 127.0.0.1 /Admin/Index/user_edit.html?userid=
INFO: [ app_init ] --START--
INFO: Run Behavior\BuildLiteBehavior [ RunTime:0.000049s ]
INFO: [ app_init ] --END-- [ RunTime:0.000592s ]
INFO: [ app_begin ] --START--
INFO: Run Behavior\ReadHtmlCacheBehavior [ RunTime:0.000572s ]
INFO: [ app_begin ] --END-- [ RunTime:0.000668s ]
INFO: [ view_parse ] --START--
INFO: [ template_filter ] --START--
INFO: Run Behavior\ContentReplaceBehavior [ RunTime:0.000085s ]
INFO: [ template_filter ] --END-- [ RunTime:0.000165s ]
NOTIC: [8] Undefined index: User D:\wamp\www\photo\App\Runtime\Cache\Admin\3bd23611e9b1103784779f627447a818.php 第 104 行.
NOTIC: [8] Undefined variable: result D:\wamp\www\photo\App\Runtime\Cache\Admin\3bd23611e9b1103784779f627447a818.php 第 135 行.
NOTIC: [8] Undefined variable: result D:\wamp\www\photo\App\Runtime\Cache\Admin\3bd23611e9b1103784779f627447a818.php 第 136 行.
NOTIC: [8] Undefined variable: result D:\wamp\www\photo\App\Runtime\Cache\Admin\3bd23611e9b1103784779f627447a818.php 第 137 行.
NOTIC: [8] Undefined variable: result D:\wamp\www\photo\App\Runtime\Cache\Admin\3bd23611e9b1103784779f627447a818.php 第 138 行.
INFO: Run Behavior\ParseTemplateBehavior [ RunTime:0.008203s ]
INFO: [ view_parse ] --END-- [ RunTime:0.008272s ]
INFO: [ view_filter ] --START--
INFO: Run Behavior\WriteHtmlCacheBehavior [ RunTime:0.000228s ]
INFO: [ view_filter ] --END-- [ RunTime:0.000287s ]
INFO: [ app_end ] --START--
INFO: Run Behavior\ShowPageTraceBehavior [ RunTime:0.000461s ]
INFO: [ app_end ] --END-- [ RunTime:0.000529s ]

[ 2018-08-15T15:54:39+08:00 ] 127.0.0.1 /Admin/Index/user_list/p/2.html
INFO: [ app_init ] --START--
INFO: Run Behavior\BuildLiteBehavior [ RunTime:0.000021s ]
INFO: [ app_init ] --END-- [ RunTime:0.000538s ]
INFO: [ app_begin ] --START--
INFO: Run Behavior\ReadHtmlCacheBehavior [ RunTime:0.000856s ]
INFO: [ app_begin ] --END-- [ RunTime:0.001007s ]
SQL: SHOW COLUMNS FROM `user` [ RunTime:0.0022s ]
NOTIC: [8] Undefined index: by_name D:\wamp\www\photo\App\Admin\Controller\IndexController.class.php 第 73 行.
NOTIC: [8] Undefined index: User D:\wamp\www\photo\App\Admin\Controller\IndexController.class.php 第 74 行.
SQL: SELECT COUNT(*) AS tp_count FROM `user` LIMIT 1   [ RunTime:0.0002s ]
SQL: SELECT * FROM `user` ORDER BY User_id LIMIT 4,4   [ RunTime:0.0002s ]
NOTIC: [8] Undefined index: Status D:\wamp\www\photo\App\Admin\Controller\IndexController.class.php 第 94 行.
NOTIC: [8] Undefined index:  D:\wamp\www\photo\App\Admin\Controller\IndexController.class.php 第 94 行.
NOTIC: [8] Undefined index: Role D:\wamp\www\photo\App\Admin\Controller\IndexController.class.php 第 95 行.
NOTIC: [8] Undefined index:  D:\wamp\www\photo\App\Admin\Controller\IndexController.class.php 第 95 行.
NOTIC: [8] Undefined index: Status D:\wamp\www\photo\App\Admin\Controller\IndexController.class.php 第 94 行.
NOTIC: [8] Undefined index:  D:\wamp\www\photo\App\Admin\Controller\IndexController.class.php 第 94 行.
NOTIC: [8] Undefined index: Role D:\wamp\www\photo\App\Admin\Controller\IndexController.class.php 第 95 行.
NOTIC: [8] Undefined index:  D:\wamp\www\photo\App\Admin\Controller\IndexController.class.php 第 95 行.
INFO: [ view_parse ] --START--
INFO: [ template_filter ] --START--
INFO: Run Behavior\ContentReplaceBehavior [ RunTime:0.000100s ]
INFO: [ template_filter ] --END-- [ RunTime:0.000193s ]
NOTIC: [8] Undefined index: User_id D:\wamp\www\photo\App\Runtime\Cache\Admin\d294958eb6b6b9b8702c045c73fd4bcc.php 第 99 行.
NOTIC: [8] Undefined index: User_name D:\wamp\www\photo\App\Runtime\Cache\Admin\d294958eb6b6b9b8702c045c73fd4bcc.php 第 101 行.
NOTIC: [8] Undefined index: Face D:\wamp\www\photo\App\Runtime\Cache\Admin\d294958eb6b6b9b8702c045c73fd4bcc.php 第 103 行.
NOTIC: [8] Undefined index: User_id D:\wamp\www\photo\App\Runtime\Cache\Admin\d294958eb6b6b9b8702c045c73fd4bcc.php 第 99 行.
NOTIC: [8] Undefined index: User_name D:\wamp\www\photo\App\Runtime\Cache\Admin\d294958eb6b6b9b8702c045c73fd4bcc.php 第 101 行.
NOTIC: [8] Undefined index: Face D:\wamp\www\photo\App\Runtime\Cache\Admin\d294958eb6b6b9b8702c045c73fd4bcc.php 第 103 行.
NOTIC: [8] Undefined index: User_id D:\wamp\www\photo\App\Runtime\Cache\Admin\d294958eb6b6b9b8702c045c73fd4bcc.php 第 112 行.
NOTIC: [8] Undefined index: User_id D:\wamp\www\photo\App\Runtime\Cache\Admin\d294958eb6b6b9b8702c045c73fd4bcc.php 第 112 行.
NOTIC: [8] Undefined index: User_id D:\wamp\www\photo\App\Runtime\Cache\Admin\d294958eb6b6b9b8702c045c73fd4bcc.php 第 117 行.
NOTIC: [8] Undefined index: Email D:\wamp\www\photo\App\Runtime\Cache\Admin\d294958eb6b6b9b8702c045c73fd4bcc.php 第 117 行.
NOTIC: [8] Undefined index: User_id D:\wamp\www\photo\App\Runtime\Cache\Admin\d294958eb6b6b9b8702c045c73fd4bcc.php 第 117 行.
NOTIC: [8] Undefined index: Email D:\wamp\www\photo\App\Runtime\Cache\Admin\d294958eb6b6b9b8702c045c73fd4bcc.php 第 117 行.
NOTIC: [8] Undefined index: User_id D:\wamp\www\photo\App\Runtime\Cache\Admin\d294958eb6b6b9b8702c045c73fd4bcc.php 第 121 行.
NOTIC: [8] Undefined index: User_tel D:\wamp\www\photo\App\Runtime\Cache\Admin\d294958eb6b6b9b8702c045c73fd4bcc.php 第 121 行.
NOTIC: [8] Undefined index: User_id D:\wamp\www\photo\App\Runtime\Cache\Admin\d294958eb6b6b9b8702c045c73fd4bcc.php 第 121 行.
NOTIC: [8] Undefined index: User_tel D:\wamp\www\photo\App\Runtime\Cache\Admin\d294958eb6b6b9b8702c045c73fd4bcc.php 第 121 行.
NOTIC: [8] Undefined index: User_id D:\wamp\www\photo\App\Runtime\Cache\Admin\d294958eb6b6b9b8702c045c73fd4bcc.php 第 125 行.
NOTIC: [8] Undefined index: User_introduction D:\wamp\www\photo\App\Runtime\Cache\Admin\d294958eb6b6b9b8702c045c73fd4bcc.php 第 125 行.
NOTIC: [8] Undefined index: User_id D:\wamp\www\photo\App\Runtime\Cache\Admin\d294958eb6b6b9b8702c045c73fd4bcc.php 第 125 行.
NOTIC: [8] Undefined index: User_introduction D:\wamp\www\photo\App\Runtime\Cache\Admin\d294958eb6b6b9b8702c045c73fd4bcc.php 第 125 行.
NOTIC: [8] Undefined index: User_id D:\wamp\www\photo\App\Runtime\Cache\Admin\d294958eb6b6b9b8702c045c73fd4bcc.php 第 129 行.
NOTIC: [8] Undefined index: User_id D:\wamp\www\photo\App\Runtime\Cache\Admin\d294958eb6b6b9b8702c045c73fd4bcc.php 第 129 行.
NOTIC: [8] Undefined index: User_id D:\wamp\www\photo\App\Runtime\Cache\Admin\d294958eb6b6b9b8702c045c73fd4bcc.php 第 133 行.
NOTIC: [8] Undefined index: User_id D:\wamp\www\photo\App\Runtime\Cache\Admin\d294958eb6b6b9b8702c045c73fd4bcc.php 第 133 行.
NOTIC: [8] Undefined index: User_id D:\wamp\www\photo\App\Runtime\Cache\Admin\d294958eb6b6b9b8702c045c73fd4bcc.php 第 139 行.
NOTIC: [8] Undefined index: User_id D:\wamp\www\photo\App\Runtime\Cache\Admin\d294958eb6b6b9b8702c045c73fd4bcc.php 第 139 行.
INFO: Run Behavior\ParseTemplateBehavior [ RunTime:0.015321s ]
INFO: [ view_parse ] --END-- [ RunTime:0.015392s ]
INFO: [ view_filter ] --START--
INFO: Run Behavior\WriteHtmlCacheBehavior [ RunTime:0.000243s ]
INFO: [ view_filter ] --END-- [ RunTime:0.000302s ]
INFO: [ app_end ] --START--
INFO: Run Behavior\ShowPageTraceBehavior [ RunTime:0.000416s ]
INFO: [ app_end ] --END-- [ RunTime:0.000483s ]

[ 2018-08-15T15:54:49+08:00 ] 127.0.0.1 /Admin/Index/user_list/p/1.html
INFO: [ app_init ] --START--
INFO: Run Behavior\BuildLiteBehavior [ RunTime:0.000019s ]
INFO: [ app_init ] --END-- [ RunTime:0.000329s ]
INFO: [ app_begin ] --START--
INFO: Run Behavior\ReadHtmlCacheBehavior [ RunTime:0.000545s ]
INFO: [ app_begin ] --END-- [ RunTime:0.000622s ]
SQL: SHOW COLUMNS FROM `user` [ RunTime:0.0022s ]
NOTIC: [8] Undefined index: by_name D:\wamp\www\photo\App\Admin\Controller\IndexController.class.php 第 73 行.
NOTIC: [8] Undefined index: User D:\wamp\www\photo\App\Admin\Controller\IndexController.class.php 第 74 行.
SQL: SELECT COUNT(*) AS tp_count FROM `user` LIMIT 1   [ RunTime:0.0002s ]
SQL: SELECT * FROM `user` ORDER BY User_id LIMIT 0,4   [ RunTime:0.0002s ]
NOTIC: [8] Undefined index: Status D:\wamp\www\photo\App\Admin\Controller\IndexController.class.php 第 94 行.
NOTIC: [8] Undefined index:  D:\wamp\www\photo\App\Admin\Controller\IndexController.class.php 第 94 行.
NOTIC: [8] Undefined index: Role D:\wamp\www\photo\App\Admin\Controller\IndexController.class.php 第 95 行.
NOTIC: [8] Undefined index:  D:\wamp\www\photo\App\Admin\Controller\IndexController.class.php 第 95 行.
NOTIC: [8] Undefined index: Status D:\wamp\www\photo\App\Admin\Controller\IndexController.class.php 第 94 行.
NOTIC: [8] Undefined index:  D:\wamp\www\photo\App\Admin\Controller\IndexController.class.php 第 94 行.
NOTIC: [8] Undefined index: Role D:\wamp\www\photo\App\Admin\Controller\IndexController.class.php 第 95 行.
NOTIC: [8] Undefined index:  D:\wamp\www\photo\App\Admin\Controller\IndexController.class.php 第 95 行.
NOTIC: [8] Undefined index: Status D:\wamp\www\photo\App\Admin\Controller\IndexController.class.php 第 94 行.
NOTIC: [8] Undefined index:  D:\wamp\www\photo\App\Admin\Controller\IndexController.class.php 第 94 行.
NOTIC: [8] Undefined index: Role D:\wamp\www\photo\App\Admin\Controller\IndexController.class.php 第 95 行.
NOTIC: [8] Undefined index:  D:\wamp\www\photo\App\Admin\Controller\IndexController.class.php 第 95 行.
NOTIC: [8] Undefined index: Status D:\wamp\www\photo\App\Admin\Controller\IndexController.class.php 第 94 行.
NOTIC: [8] Undefined index:  D:\wamp\www\photo\App\Admin\Controller\IndexController.class.php 第 94 行.
NOTIC: [8] Undefined index: Role D:\wamp\www\photo\App\Admin\Controller\IndexController.class.php 第 95 行.
NOTIC: [8] Undefined index:  D:\wamp\www\photo\App\Admin\Controller\IndexController.class.php 第 95 行.
INFO: [ view_parse ] --START--
INFO: [ template_filter ] --START--
INFO: Run Behavior\ContentReplaceBehavior [ RunTime:0.000092s ]
INFO: [ template_filter ] --END-- [ RunTime:0.000173s ]
NOTIC: [8] Undefined index: User_id D:\wamp\www\photo\App\Runtime\Cache\Admin\d294958eb6b6b9b8702c045c73fd4bcc.php 第 99 行.
NOTIC: [8] Undefined index: User_name D:\wamp\www\photo\App\Runtime\Cache\Admin\d294958eb6b6b9b8702c045c73fd4bcc.php 第 101 行.
NOTIC: [8] Undefined index: Face D:\wamp\www\photo\App\Runtime\Cache\Admin\d294958eb6b6b9b8702c045c73fd4bcc.php 第 103 行.
NOTIC: [8] Undefined index: User_id D:\wamp\www\photo\App\Runtime\Cache\Admin\d294958eb6b6b9b8702c045c73fd4bcc.php 第 99 行.
NOTIC: [8] Undefined index: User_name D:\wamp\www\photo\App\Runtime\Cache\Admin\d294958eb6b6b9b8702c045c73fd4bcc.php 第 101 行.
NOTIC: [8] Undefined index: Face D:\wamp\www\photo\App\Runtime\Cache\Admin\d294958eb6b6b9b8702c045c73fd4bcc.php 第 103 行.
NOTIC: [8] Undefined index: User_id D:\wamp\www\photo\App\Runtime\Cache\Admin\d294958eb6b6b9b8702c045c73fd4bcc.php 第 99 行.
NOTIC: [8] Undefined index: User_name D:\wamp\www\photo\App\Runtime\Cache\Admin\d294958eb6b6b9b8702c045c73fd4bcc.php 第 101 行.
NOTIC: [8] Undefined index: Face D:\wamp\www\photo\App\Runtime\Cache\Admin\d294958eb6b6b9b8702c045c73fd4bcc.php 第 103 行.
NOTIC: [8] Undefined index: User_id D:\wamp\www\photo\App\Runtime\Cache\Admin\d294958eb6b6b9b8702c045c73fd4bcc.php 第 99 行.
NOTIC: [8] Undefined index: User_name D:\wamp\www\photo\App\Runtime\Cache\Admin\d294958eb6b6b9b8702c045c73fd4bcc.php 第 101 行.
NOTIC: [8] Undefined index: Face D:\wamp\www\photo\App\Runtime\Cache\Admin\d294958eb6b6b9b8702c045c73fd4bcc.php 第 103 行.
NOTIC: [8] Undefined index: User_id D:\wamp\www\photo\App\Runtime\Cache\Admin\d294958eb6b6b9b8702c045c73fd4bcc.php 第 112 行.
NOTIC: [8] Undefined index: User_id D:\wamp\www\photo\App\Runtime\Cache\Admin\d294958eb6b6b9b8702c045c73fd4bcc.php 第 112 行.
NOTIC: [8] Undefined index: User_id D:\wamp\www\photo\App\Runtime\Cache\Admin\d294958eb6b6b9b8702c045c73fd4bcc.php 第 112 行.
NOTIC: [8] Undefined index: User_id D:\wamp\www\photo\App\Runtime\Cache\Admin\d294958eb6b6b9b8702c045c73fd4bcc.php 第 112 行.
NOTIC: [8] Undefined index: User_id D:\wamp\www\photo\App\Runtime\Cache\Admin\d294958eb6b6b9b8702c045c73fd4bcc.php 第 117 行.
NOTIC: [8] Undefined index: Email D:\wamp\www\photo\App\Runtime\Cache\Admin\d294958eb6b6b9b8702c045c73fd4bcc.php 第 117 行.
NOTIC: [8] Undefined index: User_id D:\wamp\www\photo\App\Runtime\Cache\Admin\d294958eb6b6b9b8702c045c73fd4bcc.php 第 117 行.
NOTIC: [8] Undefined index: Email D:\wamp\www\photo\App\Runtime\Cache\Admin\d294958eb6b6b9b8702c045c73fd4bcc.php 第 117 行.
NOTIC: [8] Undefined index: User_id D:\wamp\www\photo\App\Runtime\Cache\Admin\d294958eb6b6b9b8702c045c73fd4bcc.php 第 117 行.
NOTIC: [8] Undefined index: Email D:\wamp\www\photo\App\Runtime\Cache\Admin\d294958eb6b6b9b8702c045c73fd4bcc.php 第 117 行.
NOTIC: [8] Undefined index: User_id D:\wamp\www\photo\App\Runtime\Cache\Admin\d294958eb6b6b9b8702c045c73fd4bcc.php 第 117 行.
NOTIC: [8] Undefined index: Email D:\wamp\www\photo\App\Runtime\Cache\Admin\d294958eb6b6b9b8702c045c73fd4bcc.php 第 117 行.
NOTIC: [8] Undefined index: User_id D:\wamp\www\photo\App\Runtime\Cache\Admin\d294958eb6b6b9b8702c045c73fd4bcc.php 第 121 行.
NOTIC: [8] Undefined index: User_tel D:\wamp\www\photo\App\Runtime\Cache\Admin\d294958eb6b6b9b8702c045c73fd4bcc.php 第 121 行.
NOTIC: [8] Undefined index: User_id D:\wamp\www\photo\App\Runtime\Cache\Admin\d294958eb6b6b9b8702c045c73fd4bcc.php 第 121 行.
NOTIC: [8] Undefined index: User_tel D:\wamp\www\photo\App\Runtime\Cache\Admin\d294958eb6b6b9b8702c045c73fd4bcc.php 第 121 行.
NOTIC: [8] Undefined index: User_id D:\wamp\www\photo\App\Runtime\Cache\Admin\d294958eb6b6b9b8702c045c73fd4bcc.php 第 121 行.
NOTIC: [8] Undefined index: User_tel D:\wamp\www\photo\App\Runtime\Cache\Admin\d294958eb6b6b9b8702c045c73fd4bcc.php 第 121 行.
NOTIC: [8] Undefined index: User_id D:\wamp\www\photo\App\Runtime\Cache\Admin\d294958eb6b6b9b8702c045c73fd4bcc.php 第 121 行.
NOTIC: [8] Undefined index: User_tel D:\wamp\www\photo\App\Runtime\Cache\Admin\d294958eb6b6b9b8702c045c73fd4bcc.php 第 121 行.
NOTIC: [8] Undefined index: User_id D:\wamp\www\photo\App\Runtime\Cache\Admin\d294958eb6b6b9b8702c045c73fd4bcc.php 第 125 行.
NOTIC: [8] Undefined index: User_introduction D:\wamp\www\photo\App\Runtime\Cache\Admin\d294958eb6b6b9b8702c045c73fd4bcc.php 第 125 行.
NOTIC: [8] Undefined index: User_id D:\wamp\www\photo\App\Runtime\Cache\Admin\d294958eb6b6b9b8702c045c73fd4bcc.php 第 125 行.
NOTIC: [8] Undefined index: User_introduction D:\wamp\www\photo\App\Runtime\Cache\Admin\d294958eb6b6b9b8702c045c73fd4bcc.php 第 125 行.
NOTIC: [8] Undefined index: User_id D:\wamp\www\photo\App\Runtime\Cache\Admin\d294958eb6b6b9b8702c045c73fd4bcc.php 第 125 行.
NOTIC: [8] Undefined index: User_introduction D:\wamp\www\photo\App\Runtime\Cache\Admin\d294958eb6b6b9b8702c045c73fd4bcc.php 第 125 行.
NOTIC: [8] Undefined index: User_id D:\wamp\www\photo\App\Runtime\Cache\Admin\d294958eb6b6b9b8702c045c73fd4bcc.php 第 125 行.
NOTIC: [8] Undefined index: User_introduction D:\wamp\www\photo\App\Runtime\Cache\Admin\d294958eb6b6b9b8702c045c73fd4bcc.php 第 125 行.
NOTIC: [8] Undefined index: User_id D:\wamp\www\photo\App\Runtime\Cache\Admin\d294958eb6b6b9b8702c045c73fd4bcc.php 第 129 行.
NOTIC: [8] Undefined index: User_id D:\wamp\www\photo\App\Runtime\Cache\Admin\d294958eb6b6b9b8702c045c73fd4bcc.php 第 129 行.
NOTIC: [8] Undefined index: User_id D:\wamp\www\photo\App\Runtime\Cache\Admin\d294958eb6b6b9b8702c045c73fd4bcc.php 第 129 行.
NOTIC: [8] Undefined index: User_id D:\wamp\www\photo\App\Runtime\Cache\Admin\d294958eb6b6b9b8702c045c73fd4bcc.php 第 129 行.
NOTIC: [8] Undefined index: User_id D:\wamp\www\photo\App\Runtime\Cache\Admin\d294958eb6b6b9b8702c045c73fd4bcc.php 第 133 行.
NOTIC: [8] Undefined index: User_id D:\wamp\www\photo\App\Runtime\Cache\Admin\d294958eb6b6b9b8702c045c73fd4bcc.php 第 133 行.
NOTIC: [8] Undefined index: User_id D:\wamp\www\photo\App\Runtime\Cache\Admin\d294958eb6b6b9b8702c045c73fd4bcc.php 第 133 行.
NOTIC: [8] Undefined index: User_id D:\wamp\www\photo\App\Runtime\Cache\Admin\d294958eb6b6b9b8702c045c73fd4bcc.php 第 133 行.
NOTIC: [8] Undefined index: User_id D:\wamp\www\photo\App\Runtime\Cache\Admin\d294958eb6b6b9b8702c045c73fd4bcc.php 第 139 行.
NOTIC: [8] Undefined index: User_id D:\wamp\www\photo\App\Runtime\Cache\Admin\d294958eb6b6b9b8702c045c73fd4bcc.php 第 139 行.
NOTIC: [8] Undefined index: User_id D:\wamp\www\photo\App\Runtime\Cache\Admin\d294958eb6b6b9b8702c045c73fd4bcc.php 第 139 行.
NOTIC: [8] Undefined index: User_id D:\wamp\www\photo\App\Runtime\Cache\Admin\d294958eb6b6b9b8702c045c73fd4bcc.php 第 139 行.
INFO: Run Behavior\ParseTemplateBehavior [ RunTime:0.016189s ]
INFO: [ view_parse ] --END-- [ RunTime:0.016272s ]
INFO: [ view_filter ] --START--
INFO: Run Behavior\WriteHtmlCacheBehavior [ RunTime:0.000333s ]
INFO: [ view_filter ] --END-- [ RunTime:0.000393s ]
INFO: [ app_end ] --START--
INFO: Run Behavior\ShowPageTraceBehavior [ RunTime:0.000492s ]
INFO: [ app_end ] --END-- [ RunTime:0.000557s ]

[ 2018-08-15T16:39:39+08:00 ] 127.0.0.1 /Admin/Index/user_list/p/1.html
INFO: [ app_init ] --START--
INFO: Run Behavior\BuildLiteBehavior [ RunTime:0.000019s ]
INFO: [ app_init ] --END-- [ RunTime:0.000397s ]
INFO: [ app_begin ] --START--
INFO: Run Behavior\ReadHtmlCacheBehavior [ RunTime:0.000546s ]
INFO: [ app_begin ] --END-- [ RunTime:0.000617s ]
SQL: SHOW COLUMNS FROM `user` [ RunTime:0.0024s ]

[ 2018-08-15T16:40:14+08:00 ] 127.0.0.1 /Admin/Index/user_list/p/1.html
INFO: [ app_init ] --START--
INFO: Run Behavior\BuildLiteBehavior [ RunTime:0.000018s ]
INFO: [ app_init ] --END-- [ RunTime:0.000344s ]
INFO: [ app_begin ] --START--
INFO: Run Behavior\ReadHtmlCacheBehavior [ RunTime:0.000418s ]
INFO: [ app_begin ] --END-- [ RunTime:0.000490s ]
SQL: SHOW COLUMNS FROM `user` [ RunTime:0.0022s ]
NOTIC: [8] Undefined index: by_name D:\wamp\www\photo\App\Admin\Controller\IndexController.class.php 第 73 行.
NOTIC: [8] Undefined index: User D:\wamp\www\photo\App\Admin\Controller\IndexController.class.php 第 74 行.
SQL: SELECT COUNT(*) AS tp_count FROM `user` LIMIT 1   [ RunTime:0.0002s ]
SQL: SELECT * FROM `user` ORDER BY User_id LIMIT 0,4   [ RunTime:0.0002s ]
NOTIC: [8] Undefined index: Status D:\wamp\www\photo\App\Admin\Controller\IndexController.class.php 第 94 行.
NOTIC: [8] Undefined index:  D:\wamp\www\photo\App\Admin\Controller\IndexController.class.php 第 94 行.
NOTIC: [8] Undefined index: Role D:\wamp\www\photo\App\Admin\Controller\IndexController.class.php 第 95 行.
NOTIC: [8] Undefined index:  D:\wamp\www\photo\App\Admin\Controller\IndexController.class.php 第 95 行.
NOTIC: [8] Undefined index: Status D:\wamp\www\photo\App\Admin\Controller\IndexController.class.php 第 94 行.
NOTIC: [8] Undefined index:  D:\wamp\www\photo\App\Admin\Controller\IndexController.class.php 第 94 行.
NOTIC: [8] Undefined index: Role D:\wamp\www\photo\App\Admin\Controller\IndexController.class.php 第 95 行.
NOTIC: [8] Undefined index:  D:\wamp\www\photo\App\Admin\Controller\IndexController.class.php 第 95 行.
NOTIC: [8] Undefined index: Status D:\wamp\www\photo\App\Admin\Controller\IndexController.class.php 第 94 行.
NOTIC: [8] Undefined index:  D:\wamp\www\photo\App\Admin\Controller\IndexController.class.php 第 94 行.
NOTIC: [8] Undefined index: Role D:\wamp\www\photo\App\Admin\Controller\IndexController.class.php 第 95 行.
NOTIC: [8] Undefined index:  D:\wamp\www\photo\App\Admin\Controller\IndexController.class.php 第 95 行.
NOTIC: [8] Undefined index: Status D:\wamp\www\photo\App\Admin\Controller\IndexController.class.php 第 94 行.
NOTIC: [8] Undefined index:  D:\wamp\www\photo\App\Admin\Controller\IndexController.class.php 第 94 行.
NOTIC: [8] Undefined index: Role D:\wamp\www\photo\App\Admin\Controller\IndexController.class.php 第 95 行.
NOTIC: [8] Undefined index:  D:\wamp\www\photo\App\Admin\Controller\IndexController.class.php 第 95 行.

[ 2018-08-15T16:40:33+08:00 ] 127.0.0.1 /Admin/Index/user_list/p/1.html
INFO: [ app_init ] --START--
INFO: Run Behavior\BuildLiteBehavior [ RunTime:0.000021s ]
INFO: [ app_init ] --END-- [ RunTime:0.000368s ]
INFO: [ app_begin ] --START--
INFO: Run Behavior\ReadHtmlCacheBehavior [ RunTime:0.000420s ]
INFO: [ app_begin ] --END-- [ RunTime:0.000492s ]
SQL: SHOW COLUMNS FROM `user` [ RunTime:0.0024s ]
NOTIC: [8] Undefined index: by_name D:\wamp\www\photo\App\Admin\Controller\IndexController.class.php 第 73 行.
NOTIC: [8] Undefined index: User D:\wamp\www\photo\App\Admin\Controller\IndexController.class.php 第 74 行.
SQL: SELECT COUNT(*) AS tp_count FROM `user` LIMIT 1   [ RunTime:0.0002s ]
SQL: SELECT * FROM `user` ORDER BY User_id LIMIT 0,4   [ RunTime:0.0002s ]
NOTIC: [8] Undefined index: Status D:\wamp\www\photo\App\Admin\Controller\IndexController.class.php 第 94 行.
NOTIC: [8] Undefined index:  D:\wamp\www\photo\App\Admin\Controller\IndexController.class.php 第 94 行.
NOTIC: [8] Undefined index: Role D:\wamp\www\photo\App\Admin\Controller\IndexController.class.php 第 95 行.
NOTIC: [8] Undefined index:  D:\wamp\www\photo\App\Admin\Controller\IndexController.class.php 第 95 行.
NOTIC: [8] Undefined index: Status D:\wamp\www\photo\App\Admin\Controller\IndexController.class.php 第 94 行.
NOTIC: [8] Undefined index:  D:\wamp\www\photo\App\Admin\Controller\IndexController.class.php 第 94 行.
NOTIC: [8] Undefined index: Role D:\wamp\www\photo\App\Admin\Controller\IndexController.class.php 第 95 行.
NOTIC: [8] Undefined index:  D:\wamp\www\photo\App\Admin\Controller\IndexController.class.php 第 95 行.
NOTIC: [8] Undefined index: Status D:\wamp\www\photo\App\Admin\Controller\IndexController.class.php 第 94 行.
NOTIC: [8] Undefined index:  D:\wamp\www\photo\App\Admin\Controller\IndexController.class.php 第 94 行.
NOTIC: [8] Undefined index: Role D:\wamp\www\photo\App\Admin\Controller\IndexController.class.php 第 95 行.
NOTIC: [8] Undefined index:  D:\wamp\www\photo\App\Admin\Controller\IndexController.class.php 第 95 行.
NOTIC: [8] Undefined index: Status D:\wamp\www\photo\App\Admin\Controller\IndexController.class.php 第 94 行.
NOTIC: [8] Undefined index:  D:\wamp\www\photo\App\Admin\Controller\IndexController.class.php 第 94 行.
NOTIC: [8] Undefined index: Role D:\wamp\www\photo\App\Admin\Controller\IndexController.class.php 第 95 行.
NOTIC: [8] Undefined index:  D:\wamp\www\photo\App\Admin\Controller\IndexController.class.php 第 95 行.
INFO: [ view_parse ] --START--
INFO: [ template_filter ] --START--
INFO: Run Behavior\ContentReplaceBehavior [ RunTime:0.000131s ]
INFO: [ template_filter ] --END-- [ RunTime:0.000216s ]
NOTIC: [8] Undefined index: User_id D:\wamp\www\photo\App\Runtime\Cache\Admin\d294958eb6b6b9b8702c045c73fd4bcc.php 第 99 行.
NOTIC: [8] Undefined index: User_name D:\wamp\www\photo\App\Runtime\Cache\Admin\d294958eb6b6b9b8702c045c73fd4bcc.php 第 101 行.
NOTIC: [8] Undefined index: User_id D:\wamp\www\photo\App\Runtime\Cache\Admin\d294958eb6b6b9b8702c045c73fd4bcc.php 第 99 行.
NOTIC: [8] Undefined index: User_name D:\wamp\www\photo\App\Runtime\Cache\Admin\d294958eb6b6b9b8702c045c73fd4bcc.php 第 101 行.
NOTIC: [8] Undefined index: User_id D:\wamp\www\photo\App\Runtime\Cache\Admin\d294958eb6b6b9b8702c045c73fd4bcc.php 第 99 行.
NOTIC: [8] Undefined index: User_name D:\wamp\www\photo\App\Runtime\Cache\Admin\d294958eb6b6b9b8702c045c73fd4bcc.php 第 101 行.
NOTIC: [8] Undefined index: User_id D:\wamp\www\photo\App\Runtime\Cache\Admin\d294958eb6b6b9b8702c045c73fd4bcc.php 第 99 行.
NOTIC: [8] Undefined index: User_name D:\wamp\www\photo\App\Runtime\Cache\Admin\d294958eb6b6b9b8702c045c73fd4bcc.php 第 101 行.
NOTIC: [8] Undefined index: User_id D:\wamp\www\photo\App\Runtime\Cache\Admin\d294958eb6b6b9b8702c045c73fd4bcc.php 第 112 行.
NOTIC: [8] Undefined index: User_id D:\wamp\www\photo\App\Runtime\Cache\Admin\d294958eb6b6b9b8702c045c73fd4bcc.php 第 112 行.
NOTIC: [8] Undefined index: User_id D:\wamp\www\photo\App\Runtime\Cache\Admin\d294958eb6b6b9b8702c045c73fd4bcc.php 第 112 行.
NOTIC: [8] Undefined index: User_id D:\wamp\www\photo\App\Runtime\Cache\Admin\d294958eb6b6b9b8702c045c73fd4bcc.php 第 112 行.
NOTIC: [8] Undefined index: User_id D:\wamp\www\photo\App\Runtime\Cache\Admin\d294958eb6b6b9b8702c045c73fd4bcc.php 第 117 行.
NOTIC: [8] Undefined index: Email D:\wamp\www\photo\App\Runtime\Cache\Admin\d294958eb6b6b9b8702c045c73fd4bcc.php 第 117 行.
NOTIC: [8] Undefined index: User_id D:\wamp\www\photo\App\Runtime\Cache\Admin\d294958eb6b6b9b8702c045c73fd4bcc.php 第 117 行.
NOTIC: [8] Undefined index: Email D:\wamp\www\photo\App\Runtime\Cache\Admin\d294958eb6b6b9b8702c045c73fd4bcc.php 第 117 行.
NOTIC: [8] Undefined index: User_id D:\wamp\www\photo\App\Runtime\Cache\Admin\d294958eb6b6b9b8702c045c73fd4bcc.php 第 117 行.
NOTIC: [8] Undefined index: Email D:\wamp\www\photo\App\Runtime\Cache\Admin\d294958eb6b6b9b8702c045c73fd4bcc.php 第 117 行.
NOTIC: [8] Undefined index: User_id D:\wamp\www\photo\App\Runtime\Cache\Admin\d294958eb6b6b9b8702c045c73fd4bcc.php 第 117 行.
NOTIC: [8] Undefined index: Email D:\wamp\www\photo\App\Runtime\Cache\Admin\d294958eb6b6b9b8702c045c73fd4bcc.php 第 117 行.
NOTIC: [8] Undefined index: User_id D:\wamp\www\photo\App\Runtime\Cache\Admin\d294958eb6b6b9b8702c045c73fd4bcc.php 第 121 行.
NOTIC: [8] Undefined index: User_tel D:\wamp\www\photo\App\Runtime\Cache\Admin\d294958eb6b6b9b8702c045c73fd4bcc.php 第 121 行.
NOTIC: [8] Undefined index: User_id D:\wamp\www\photo\App\Runtime\Cache\Admin\d294958eb6b6b9b8702c045c73fd4bcc.php 第 121 行.
NOTIC: [8] Undefined index: User_tel D:\wamp\www\photo\App\Runtime\Cache\Admin\d294958eb6b6b9b8702c045c73fd4bcc.php 第 121 行.
NOTIC: [8] Undefined index: User_id D:\wamp\www\photo\App\Runtime\Cache\Admin\d294958eb6b6b9b8702c045c73fd4bcc.php 第 121 行.
NOTIC: [8] Undefined index: User_tel D:\wamp\www\photo\App\Runtime\Cache\Admin\d294958eb6b6b9b8702c045c73fd4bcc.php 第 121 行.
NOTIC: [8] Undefined index: User_id D:\wamp\www\photo\App\Runtime\Cache\Admin\d294958eb6b6b9b8702c045c73fd4bcc.php 第 121 行.
NOTIC: [8] Undefined index: User_tel D:\wamp\www\photo\App\Runtime\Cache\Admin\d294958eb6b6b9b8702c045c73fd4bcc.php 第 121 行.
NOTIC: [8] Undefined index: User_id D:\wamp\www\photo\App\Runtime\Cache\Admin\d294958eb6b6b9b8702c045c73fd4bcc.php 第 125 行.
NOTIC: [8] Undefined index: User_introduction D:\wamp\www\photo\App\Runtime\Cache\Admin\d294958eb6b6b9b8702c045c73fd4bcc.php 第 125 行.
NOTIC: [8] Undefined index: User_id D:\wamp\www\photo\App\Runtime\Cache\Admin\d294958eb6b6b9b8702c045c73fd4bcc.php 第 125 行.
NOTIC: [8] Undefined index: User_introduction D:\wamp\www\photo\App\Runtime\Cache\Admin\d294958eb6b6b9b8702c045c73fd4bcc.php 第 125 行.
NOTIC: [8] Undefined index: User_id D:\wamp\www\photo\App\Runtime\Cache\Admin\d294958eb6b6b9b8702c045c73fd4bcc.php 第 125 行.
NOTIC: [8] Undefined index: User_introduction D:\wamp\www\photo\App\Runtime\Cache\Admin\d294958eb6b6b9b8702c045c73fd4bcc.php 第 125 行.
NOTIC: [8] Undefined index: User_id D:\wamp\www\photo\App\Runtime\Cache\Admin\d294958eb6b6b9b8702c045c73fd4bcc.php 第 125 行.
NOTIC: [8] Undefined index: User_introduction D:\wamp\www\photo\App\Runtime\Cache\Admin\d294958eb6b6b9b8702c045c73fd4bcc.php 第 125 行.
NOTIC: [8] Undefined index: User_id D:\wamp\www\photo\App\Runtime\Cache\Admin\d294958eb6b6b9b8702c045c73fd4bcc.php 第 129 行.
NOTIC: [8] Undefined index: User_id D:\wamp\www\photo\App\Runtime\Cache\Admin\d294958eb6b6b9b8702c045c73fd4bcc.php 第 129 行.
NOTIC: [8] Undefined index: User_id D:\wamp\www\photo\App\Runtime\Cache\Admin\d294958eb6b6b9b8702c045c73fd4bcc.php 第 129 行.
NOTIC: [8] Undefined index: User_id D:\wamp\www\photo\App\Runtime\Cache\Admin\d294958eb6b6b9b8702c045c73fd4bcc.php 第 129 行.
NOTIC: [8] Undefined index: User_id D:\wamp\www\photo\App\Runtime\Cache\Admin\d294958eb6b6b9b8702c045c73fd4bcc.php 第 133 行.
NOTIC: [8] Undefined index: User_id D:\wamp\www\photo\App\Runtime\Cache\Admin\d294958eb6b6b9b8702c045c73fd4bcc.php 第 133 行.
NOTIC: [8] Undefined index: User_id D:\wamp\www\photo\App\Runtime\Cache\Admin\d294958eb6b6b9b8702c045c73fd4bcc.php 第 133 行.
NOTIC: [8] Undefined index: User_id D:\wamp\www\photo\App\Runtime\Cache\Admin\d294958eb6b6b9b8702c045c73fd4bcc.php 第 133 行.
NOTIC: [8] Undefined index: User_id D:\wamp\www\photo\App\Runtime\Cache\Admin\d294958eb6b6b9b8702c045c73fd4bcc.php 第 139 行.
NOTIC: [8] Undefined index: User_id D:\wamp\www\photo\App\Runtime\Cache\Admin\d294958eb6b6b9b8702c045c73fd4bcc.php 第 139 行.
NOTIC: [8] Undefined index: User_id D:\wamp\www\photo\App\Runtime\Cache\Admin\d294958eb6b6b9b8702c045c73fd4bcc.php 第 139 行.
NOTIC: [8] Undefined index: User_id D:\wamp\www\photo\App\Runtime\Cache\Admin\d294958eb6b6b9b8702c045c73fd4bcc.php 第 139 行.
INFO: Run Behavior\ParseTemplateBehavior [ RunTime:0.020489s ]
INFO: [ view_parse ] --END-- [ RunTime:0.020589s ]
INFO: [ view_filter ] --START--
INFO: Run Behavior\WriteHtmlCacheBehavior [ RunTime:0.000386s ]
INFO: [ view_filter ] --END-- [ RunTime:0.000448s ]
INFO: [ app_end ] --START--
INFO: Run Behavior\ShowPageTraceBehavior [ RunTime:0.000550s ]
INFO: [ app_end ] --END-- [ RunTime:0.000617s ]

[ 2018-08-15T16:44:06+08:00 ] 127.0.0.1 /Admin/Index/user_list/p/1.html
INFO: [ app_init ] --START--
INFO: Run Behavior\BuildLiteBehavior [ RunTime:0.000023s ]
INFO: [ app_init ] --END-- [ RunTime:0.000489s ]
INFO: [ app_begin ] --START--
INFO: Run Behavior\ReadHtmlCacheBehavior [ RunTime:0.001113s ]
INFO: [ app_begin ] --END-- [ RunTime:0.001276s ]
SQL: SHOW COLUMNS FROM `user` [ RunTime:0.0024s ]
NOTIC: [8] Undefined index: by_name D:\wamp\www\photo\App\Admin\Controller\IndexController.class.php 第 73 行.
NOTIC: [8] Undefined index: User D:\wamp\www\photo\App\Admin\Controller\IndexController.class.php 第 74 行.
SQL: SELECT COUNT(*) AS tp_count FROM `user` LIMIT 1   [ RunTime:0.0002s ]
SQL: SELECT * FROM `user` ORDER BY User_id LIMIT 0,4   [ RunTime:0.0002s ]
NOTIC: [8] Undefined index: Status D:\wamp\www\photo\App\Admin\Controller\IndexController.class.php 第 94 行.
NOTIC: [8] Undefined index:  D:\wamp\www\photo\App\Admin\Controller\IndexController.class.php 第 94 行.
NOTIC: [8] Undefined index: Role D:\wamp\www\photo\App\Admin\Controller\IndexController.class.php 第 95 行.
NOTIC: [8] Undefined index:  D:\wamp\www\photo\App\Admin\Controller\IndexController.class.php 第 95 行.
NOTIC: [8] Undefined index: Status D:\wamp\www\photo\App\Admin\Controller\IndexController.class.php 第 94 行.
NOTIC: [8] Undefined index:  D:\wamp\www\photo\App\Admin\Controller\IndexController.class.php 第 94 行.
NOTIC: [8] Undefined index: Role D:\wamp\www\photo\App\Admin\Controller\IndexController.class.php 第 95 行.
NOTIC: [8] Undefined index:  D:\wamp\www\photo\App\Admin\Controller\IndexController.class.php 第 95 行.
NOTIC: [8] Undefined index: Status D:\wamp\www\photo\App\Admin\Controller\IndexController.class.php 第 94 行.
NOTIC: [8] Undefined index:  D:\wamp\www\photo\App\Admin\Controller\IndexController.class.php 第 94 行.
NOTIC: [8] Undefined index: Role D:\wamp\www\photo\App\Admin\Controller\IndexController.class.php 第 95 行.
NOTIC: [8] Undefined index:  D:\wamp\www\photo\App\Admin\Controller\IndexController.class.php 第 95 行.
NOTIC: [8] Undefined index: Status D:\wamp\www\photo\App\Admin\Controller\IndexController.class.php 第 94 行.
NOTIC: [8] Undefined index:  D:\wamp\www\photo\App\Admin\Controller\IndexController.class.php 第 94 行.
NOTIC: [8] Undefined index: Role D:\wamp\www\photo\App\Admin\Controller\IndexController.class.php 第 95 行.
NOTIC: [8] Undefined index:  D:\wamp\www\photo\App\Admin\Controller\IndexController.class.php 第 95 行.
INFO: [ view_parse ] --START--
INFO: [ template_filter ] --START--
INFO: Run Behavior\ContentReplaceBehavior [ RunTime:0.000100s ]
INFO: [ template_filter ] --END-- [ RunTime:0.000191s ]
NOTIC: [8] Undefined index: User_id D:\wamp\www\photo\App\Runtime\Cache\Admin\d294958eb6b6b9b8702c045c73fd4bcc.php 第 99 行.
NOTIC: [8] Undefined index: User_name D:\wamp\www\photo\App\Runtime\Cache\Admin\d294958eb6b6b9b8702c045c73fd4bcc.php 第 101 行.
NOTIC: [8] Undefined index: User_id D:\wamp\www\photo\App\Runtime\Cache\Admin\d294958eb6b6b9b8702c045c73fd4bcc.php 第 99 行.
NOTIC: [8] Undefined index: User_name D:\wamp\www\photo\App\Runtime\Cache\Admin\d294958eb6b6b9b8702c045c73fd4bcc.php 第 101 行.
NOTIC: [8] Undefined index: User_id D:\wamp\www\photo\App\Runtime\Cache\Admin\d294958eb6b6b9b8702c045c73fd4bcc.php 第 99 行.
NOTIC: [8] Undefined index: User_name D:\wamp\www\photo\App\Runtime\Cache\Admin\d294958eb6b6b9b8702c045c73fd4bcc.php 第 101 行.
NOTIC: [8] Undefined index: User_id D:\wamp\www\photo\App\Runtime\Cache\Admin\d294958eb6b6b9b8702c045c73fd4bcc.php 第 99 行.
NOTIC: [8] Undefined index: User_name D:\wamp\www\photo\App\Runtime\Cache\Admin\d294958eb6b6b9b8702c045c73fd4bcc.php 第 101 行.
NOTIC: [8] Undefined index: User_id D:\wamp\www\photo\App\Runtime\Cache\Admin\d294958eb6b6b9b8702c045c73fd4bcc.php 第 112 行.
NOTIC: [8] Undefined index: User_id D:\wamp\www\photo\App\Runtime\Cache\Admin\d294958eb6b6b9b8702c045c73fd4bcc.php 第 112 行.
NOTIC: [8] Undefined index: User_id D:\wamp\www\photo\App\Runtime\Cache\Admin\d294958eb6b6b9b8702c045c73fd4bcc.php 第 112 行.
NOTIC: [8] Undefined index: User_id D:\wamp\www\photo\App\Runtime\Cache\Admin\d294958eb6b6b9b8702c045c73fd4bcc.php 第 112 行.
NOTIC: [8] Undefined index: User_id D:\wamp\www\photo\App\Runtime\Cache\Admin\d294958eb6b6b9b8702c045c73fd4bcc.php 第 117 行.
NOTIC: [8] Undefined index: Email D:\wamp\www\photo\App\Runtime\Cache\Admin\d294958eb6b6b9b8702c045c73fd4bcc.php 第 117 行.
NOTIC: [8] Undefined index: User_id D:\wamp\www\photo\App\Runtime\Cache\Admin\d294958eb6b6b9b8702c045c73fd4bcc.php 第 117 行.
NOTIC: [8] Undefined index: Email D:\wamp\www\photo\App\Runtime\Cache\Admin\d294958eb6b6b9b8702c045c73fd4bcc.php 第 117 行.
NOTIC: [8] Undefined index: User_id D:\wamp\www\photo\App\Runtime\Cache\Admin\d294958eb6b6b9b8702c045c73fd4bcc.php 第 117 行.
NOTIC: [8] Undefined index: Email D:\wamp\www\photo\App\Runtime\Cache\Admin\d294958eb6b6b9b8702c045c73fd4bcc.php 第 117 行.
NOTIC: [8] Undefined index: User_id D:\wamp\www\photo\App\Runtime\Cache\Admin\d294958eb6b6b9b8702c045c73fd4bcc.php 第 117 行.
NOTIC: [8] Undefined index: Email D:\wamp\www\photo\App\Runtime\Cache\Admin\d294958eb6b6b9b8702c045c73fd4bcc.php 第 117 行.
NOTIC: [8] Undefined index: User_id D:\wamp\www\photo\App\Runtime\Cache\Admin\d294958eb6b6b9b8702c045c73fd4bcc.php 第 121 行.
NOTIC: [8] Undefined index: User_tel D:\wamp\www\photo\App\Runtime\Cache\Admin\d294958eb6b6b9b8702c045c73fd4bcc.php 第 121 行.
NOTIC: [8] Undefined index: User_id D:\wamp\www\photo\App\Runtime\Cache\Admin\d294958eb6b6b9b8702c045c73fd4bcc.php 第 121 行.
NOTIC: [8] Undefined index: User_tel D:\wamp\www\photo\App\Runtime\Cache\Admin\d294958eb6b6b9b8702c045c73fd4bcc.php 第 121 行.
NOTIC: [8] Undefined index: User_id D:\wamp\www\photo\App\Runtime\Cache\Admin\d294958eb6b6b9b8702c045c73fd4bcc.php 第 121 行.
NOTIC: [8] Undefined index: User_tel D:\wamp\www\photo\App\Runtime\Cache\Admin\d294958eb6b6b9b8702c045c73fd4bcc.php 第 121 行.
NOTIC: [8] Undefined index: User_id D:\wamp\www\photo\App\Runtime\Cache\Admin\d294958eb6b6b9b8702c045c73fd4bcc.php 第 121 行.
NOTIC: [8] Undefined index: User_tel D:\wamp\www\photo\App\Runtime\Cache\Admin\d294958eb6b6b9b8702c045c73fd4bcc.php 第 121 行.
NOTIC: [8] Undefined index: User_id D:\wamp\www\photo\App\Runtime\Cache\Admin\d294958eb6b6b9b8702c045c73fd4bcc.php 第 125 行.
NOTIC: [8] Undefined index: User_introduction D:\wamp\www\photo\App\Runtime\Cache\Admin\d294958eb6b6b9b8702c045c73fd4bcc.php 第 125 行.
NOTIC: [8] Undefined index: User_id D:\wamp\www\photo\App\Runtime\Cache\Admin\d294958eb6b6b9b8702c045c73fd4bcc.php 第 125 行.
NOTIC: [8] Undefined index: User_introduction D:\wamp\www\photo\App\Runtime\Cache\Admin\d294958eb6b6b9b8702c045c73fd4bcc.php 第 125 行.
NOTIC: [8] Undefined index: User_id D:\wamp\www\photo\App\Runtime\Cache\Admin\d294958eb6b6b9b8702c045c73fd4bcc.php 第 125 行.
NOTIC: [8] Undefined index: User_introduction D:\wamp\www\photo\App\Runtime\Cache\Admin\d294958eb6b6b9b8702c045c73fd4bcc.php 第 125 行.
NOTIC: [8] Undefined index: User_id D:\wamp\www\photo\App\Runtime\Cache\Admin\d294958eb6b6b9b8702c045c73fd4bcc.php 第 125 行.
NOTIC: [8] Undefined index: User_introduction D:\wamp\www\photo\App\Runtime\Cache\Admin\d294958eb6b6b9b8702c045c73fd4bcc.php 第 125 行.
NOTIC: [8] Undefined index: User_id D:\wamp\www\photo\App\Runtime\Cache\Admin\d294958eb6b6b9b8702c045c73fd4bcc.php 第 129 行.
NOTIC: [8] Undefined index: User_id D:\wamp\www\photo\App\Runtime\Cache\Admin\d294958eb6b6b9b8702c045c73fd4bcc.php 第 129 行.
NOTIC: [8] Undefined index: User_id D:\wamp\www\photo\App\Runtime\Cache\Admin\d294958eb6b6b9b8702c045c73fd4bcc.php 第 129 行.
NOTIC: [8] Undefined index: User_id D:\wamp\www\photo\App\Runtime\Cache\Admin\d294958eb6b6b9b8702c045c73fd4bcc.php 第 129 行.
NOTIC: [8] Undefined index: User_id D:\wamp\www\photo\App\Runtime\Cache\Admin\d294958eb6b6b9b8702c045c73fd4bcc.php 第 133 行.
NOTIC: [8] Undefined index: User_id D:\wamp\www\photo\App\Runtime\Cache\Admin\d294958eb6b6b9b8702c045c73fd4bcc.php 第 133 行.
NOTIC: [8] Undefined index: User_id D:\wamp\www\photo\App\Runtime\Cache\Admin\d294958eb6b6b9b8702c045c73fd4bcc.php 第 133 行.
NOTIC: [8] Undefined index: User_id D:\wamp\www\photo\App\Runtime\Cache\Admin\d294958eb6b6b9b8702c045c73fd4bcc.php 第 133 行.
NOTIC: [8] Undefined index: User_id D:\wamp\www\photo\App\Runtime\Cache\Admin\d294958eb6b6b9b8702c045c73fd4bcc.php 第 139 行.
NOTIC: [8] Undefined index: User_id D:\wamp\www\photo\App\Runtime\Cache\Admin\d294958eb6b6b9b8702c045c73fd4bcc.php 第 139 行.
NOTIC: [8] Undefined index: User_id D:\wamp\www\photo\App\Runtime\Cache\Admin\d294958eb6b6b9b8702c045c73fd4bcc.php 第 139 行.
NOTIC: [8] Undefined index: User_id D:\wamp\www\photo\App\Runtime\Cache\Admin\d294958eb6b6b9b8702c045c73fd4bcc.php 第 139 行.
INFO: Run Behavior\ParseTemplateBehavior [ RunTime:0.020081s ]
INFO: [ view_parse ] --END-- [ RunTime:0.020154s ]
INFO: [ view_filter ] --START--
INFO: Run Behavior\WriteHtmlCacheBehavior [ RunTime:0.000364s ]
INFO: [ view_filter ] --END-- [ RunTime:0.000493s ]
INFO: [ app_end ] --START--
INFO: Run Behavior\ShowPageTraceBehavior [ RunTime:0.000613s ]
INFO: [ app_end ] --END-- [ RunTime:0.000733s ]

[ 2018-08-15T16:44:10+08:00 ] 127.0.0.1 /Admin/Index/user_list.html?by_name=&by_status=0
INFO: [ app_init ] --START--
INFO: Run Behavior\BuildLiteBehavior [ RunTime:0.000021s ]
INFO: [ app_init ] --END-- [ RunTime:0.000385s ]
INFO: [ app_begin ] --START--
INFO: Run Behavior\ReadHtmlCacheBehavior [ RunTime:0.000598s ]
INFO: [ app_begin ] --END-- [ RunTime:0.000689s ]
SQL: SHOW COLUMNS FROM `user` [ RunTime:0.0024s ]
NOTIC: [8] Undefined index: p D:\wamp\www\photo\App\Admin\Controller\IndexController.class.php 第 71 行.
NOTIC: [8] Undefined index: User D:\wamp\www\photo\App\Admin\Controller\IndexController.class.php 第 74 行.
SQL: SELECT COUNT(*) AS tp_count FROM `user` LIMIT 1   [ RunTime:0.0007s ]
SQL: SELECT * FROM `user` ORDER BY User_id LIMIT 0,4   [ RunTime:0.0002s ]
NOTIC: [8] Undefined index: Status D:\wamp\www\photo\App\Admin\Controller\IndexController.class.php 第 94 行.
NOTIC: [8] Undefined index:  D:\wamp\www\photo\App\Admin\Controller\IndexController.class.php 第 94 行.
NOTIC: [8] Undefined index: Role D:\wamp\www\photo\App\Admin\Controller\IndexController.class.php 第 95 行.
NOTIC: [8] Undefined index:  D:\wamp\www\photo\App\Admin\Controller\IndexController.class.php 第 95 行.
NOTIC: [8] Undefined index: Status D:\wamp\www\photo\App\Admin\Controller\IndexController.class.php 第 94 行.
NOTIC: [8] Undefined index:  D:\wamp\www\photo\App\Admin\Controller\IndexController.class.php 第 94 行.
NOTIC: [8] Undefined index: Role D:\wamp\www\photo\App\Admin\Controller\IndexController.class.php 第 95 行.
NOTIC: [8] Undefined index:  D:\wamp\www\photo\App\Admin\Controller\IndexController.class.php 第 95 行.
NOTIC: [8] Undefined index: Status D:\wamp\www\photo\App\Admin\Controller\IndexController.class.php 第 94 行.
NOTIC: [8] Undefined index:  D:\wamp\www\photo\App\Admin\Controller\IndexController.class.php 第 94 行.
NOTIC: [8] Undefined index: Role D:\wamp\www\photo\App\Admin\Controller\IndexController.class.php 第 95 行.
NOTIC: [8] Undefined index:  D:\wamp\www\photo\App\Admin\Controller\IndexController.class.php 第 95 行.
NOTIC: [8] Undefined index: Status D:\wamp\www\photo\App\Admin\Controller\IndexController.class.php 第 94 行.
NOTIC: [8] Undefined index:  D:\wamp\www\photo\App\Admin\Controller\IndexController.class.php 第 94 行.
NOTIC: [8] Undefined index: Role D:\wamp\www\photo\App\Admin\Controller\IndexController.class.php 第 95 行.
NOTIC: [8] Undefined index:  D:\wamp\www\photo\App\Admin\Controller\IndexController.class.php 第 95 行.
INFO: [ view_parse ] --START--
INFO: [ template_filter ] --START--
INFO: Run Behavior\ContentReplaceBehavior [ RunTime:0.000106s ]
INFO: [ template_filter ] --END-- [ RunTime:0.000197s ]
NOTIC: [8] Undefined index: User_id D:\wamp\www\photo\App\Runtime\Cache\Admin\d294958eb6b6b9b8702c045c73fd4bcc.php 第 99 行.
NOTIC: [8] Undefined index: User_name D:\wamp\www\photo\App\Runtime\Cache\Admin\d294958eb6b6b9b8702c045c73fd4bcc.php 第 101 行.
NOTIC: [8] Undefined index: User_id D:\wamp\www\photo\App\Runtime\Cache\Admin\d294958eb6b6b9b8702c045c73fd4bcc.php 第 99 行.
NOTIC: [8] Undefined index: User_name D:\wamp\www\photo\App\Runtime\Cache\Admin\d294958eb6b6b9b8702c045c73fd4bcc.php 第 101 行.
NOTIC: [8] Undefined index: User_id D:\wamp\www\photo\App\Runtime\Cache\Admin\d294958eb6b6b9b8702c045c73fd4bcc.php 第 99 行.
NOTIC: [8] Undefined index: User_name D:\wamp\www\photo\App\Runtime\Cache\Admin\d294958eb6b6b9b8702c045c73fd4bcc.php 第 101 行.
NOTIC: [8] Undefined index: User_id D:\wamp\www\photo\App\Runtime\Cache\Admin\d294958eb6b6b9b8702c045c73fd4bcc.php 第 99 行.
NOTIC: [8] Undefined index: User_name D:\wamp\www\photo\App\Runtime\Cache\Admin\d294958eb6b6b9b8702c045c73fd4bcc.php 第 101 行.
NOTIC: [8] Undefined index: User_id D:\wamp\www\photo\App\Runtime\Cache\Admin\d294958eb6b6b9b8702c045c73fd4bcc.php 第 112 行.
NOTIC: [8] Undefined index: User_id D:\wamp\www\photo\App\Runtime\Cache\Admin\d294958eb6b6b9b8702c045c73fd4bcc.php 第 112 行.
NOTIC: [8] Undefined index: User_id D:\wamp\www\photo\App\Runtime\Cache\Admin\d294958eb6b6b9b8702c045c73fd4bcc.php 第 112 行.
NOTIC: [8] Undefined index: User_id D:\wamp\www\photo\App\Runtime\Cache\Admin\d294958eb6b6b9b8702c045c73fd4bcc.php 第 112 行.
NOTIC: [8] Undefined index: User_id D:\wamp\www\photo\App\Runtime\Cache\Admin\d294958eb6b6b9b8702c045c73fd4bcc.php 第 117 行.
NOTIC: [8] Undefined index: Email D:\wamp\www\photo\App\Runtime\Cache\Admin\d294958eb6b6b9b8702c045c73fd4bcc.php 第 117 行.
NOTIC: [8] Undefined index: User_id D:\wamp\www\photo\App\Runtime\Cache\Admin\d294958eb6b6b9b8702c045c73fd4bcc.php 第 117 行.
NOTIC: [8] Undefined index: Email D:\wamp\www\photo\App\Runtime\Cache\Admin\d294958eb6b6b9b8702c045c73fd4bcc.php 第 117 行.
NOTIC: [8] Undefined index: User_id D:\wamp\www\photo\App\Runtime\Cache\Admin\d294958eb6b6b9b8702c045c73fd4bcc.php 第 117 行.
NOTIC: [8] Undefined index: Email D:\wamp\www\photo\App\Runtime\Cache\Admin\d294958eb6b6b9b8702c045c73fd4bcc.php 第 117 行.
NOTIC: [8] Undefined index: User_id D:\wamp\www\photo\App\Runtime\Cache\Admin\d294958eb6b6b9b8702c045c73fd4bcc.php 第 117 行.
NOTIC: [8] Undefined index: Email D:\wamp\www\photo\App\Runtime\Cache\Admin\d294958eb6b6b9b8702c045c73fd4bcc.php 第 117 行.
NOTIC: [8] Undefined index: User_id D:\wamp\www\photo\App\Runtime\Cache\Admin\d294958eb6b6b9b8702c045c73fd4bcc.php 第 121 行.
NOTIC: [8] Undefined index: User_tel D:\wamp\www\photo\App\Runtime\Cache\Admin\d294958eb6b6b9b8702c045c73fd4bcc.php 第 121 行.
NOTIC: [8] Undefined index: User_id D:\wamp\www\photo\App\Runtime\Cache\Admin\d294958eb6b6b9b8702c045c73fd4bcc.php 第 121 行.
NOTIC: [8] Undefined index: User_tel D:\wamp\www\photo\App\Runtime\Cache\Admin\d294958eb6b6b9b8702c045c73fd4bcc.php 第 121 行.
NOTIC: [8] Undefined index: User_id D:\wamp\www\photo\App\Runtime\Cache\Admin\d294958eb6b6b9b8702c045c73fd4bcc.php 第 121 行.
NOTIC: [8] Undefined index: User_tel D:\wamp\www\photo\App\Runtime\Cache\Admin\d294958eb6b6b9b8702c045c73fd4bcc.php 第 121 行.
NOTIC: [8] Undefined index: User_id D:\wamp\www\photo\App\Runtime\Cache\Admin\d294958eb6b6b9b8702c045c73fd4bcc.php 第 121 行.
NOTIC: [8] Undefined index: User_tel D:\wamp\www\photo\App\Runtime\Cache\Admin\d294958eb6b6b9b8702c045c73fd4bcc.php 第 121 行.
NOTIC: [8] Undefined index: User_id D:\wamp\www\photo\App\Runtime\Cache\Admin\d294958eb6b6b9b8702c045c73fd4bcc.php 第 125 行.
NOTIC: [8] Undefined index: User_introduction D:\wamp\www\photo\App\Runtime\Cache\Admin\d294958eb6b6b9b8702c045c73fd4bcc.php 第 125 行.
NOTIC: [8] Undefined index: User_id D:\wamp\www\photo\App\Runtime\Cache\Admin\d294958eb6b6b9b8702c045c73fd4bcc.php 第 125 行.
NOTIC: [8] Undefined index: User_introduction D:\wamp\www\photo\App\Runtime\Cache\Admin\d294958eb6b6b9b8702c045c73fd4bcc.php 第 125 行.
NOTIC: [8] Undefined index: User_id D:\wamp\www\photo\App\Runtime\Cache\Admin\d294958eb6b6b9b8702c045c73fd4bcc.php 第 125 行.
NOTIC: [8] Undefined index: User_introduction D:\wamp\www\photo\App\Runtime\Cache\Admin\d294958eb6b6b9b8702c045c73fd4bcc.php 第 125 行.
NOTIC: [8] Undefined index: User_id D:\wamp\www\photo\App\Runtime\Cache\Admin\d294958eb6b6b9b8702c045c73fd4bcc.php 第 125 行.
NOTIC: [8] Undefined index: User_introduction D:\wamp\www\photo\App\Runtime\Cache\Admin\d294958eb6b6b9b8702c045c73fd4bcc.php 第 125 行.
NOTIC: [8] Undefined index: User_id D:\wamp\www\photo\App\Runtime\Cache\Admin\d294958eb6b6b9b8702c045c73fd4bcc.php 第 129 行.
NOTIC: [8] Undefined index: User_id D:\wamp\www\photo\App\Runtime\Cache\Admin\d294958eb6b6b9b8702c045c73fd4bcc.php 第 129 行.
NOTIC: [8] Undefined index: User_id D:\wamp\www\photo\App\Runtime\Cache\Admin\d294958eb6b6b9b8702c045c73fd4bcc.php 第 129 行.
NOTIC: [8] Undefined index: User_id D:\wamp\www\photo\App\Runtime\Cache\Admin\d294958eb6b6b9b8702c045c73fd4bcc.php 第 129 行.
NOTIC: [8] Undefined index: User_id D:\wamp\www\photo\App\Runtime\Cache\Admin\d294958eb6b6b9b8702c045c73fd4bcc.php 第 133 行.
NOTIC: [8] Undefined index: User_id D:\wamp\www\photo\App\Runtime\Cache\Admin\d294958eb6b6b9b8702c045c73fd4bcc.php 第 133 行.
NOTIC: [8] Undefined index: User_id D:\wamp\www\photo\App\Runtime\Cache\Admin\d294958eb6b6b9b8702c045c73fd4bcc.php 第 133 行.
NOTIC: [8] Undefined index: User_id D:\wamp\www\photo\App\Runtime\Cache\Admin\d294958eb6b6b9b8702c045c73fd4bcc.php 第 133 行.
NOTIC: [8] Undefined index: User_id D:\wamp\www\photo\App\Runtime\Cache\Admin\d294958eb6b6b9b8702c045c73fd4bcc.php 第 139 行.
NOTIC: [8] Undefined index: User_id D:\wamp\www\photo\App\Runtime\Cache\Admin\d294958eb6b6b9b8702c045c73fd4bcc.php 第 139 行.
NOTIC: [8] Undefined index: User_id D:\wamp\www\photo\App\Runtime\Cache\Admin\d294958eb6b6b9b8702c045c73fd4bcc.php 第 139 行.
NOTIC: [8] Undefined index: User_id D:\wamp\www\photo\App\Runtime\Cache\Admin\d294958eb6b6b9b8702c045c73fd4bcc.php 第 139 行.
INFO: Run Behavior\ParseTemplateBehavior [ RunTime:0.017094s ]
INFO: [ view_parse ] --END-- [ RunTime:0.017165s ]
INFO: [ view_filter ] --START--
INFO: Run Behavior\WriteHtmlCacheBehavior [ RunTime:0.000256s ]
INFO: [ view_filter ] --END-- [ RunTime:0.000315s ]
INFO: [ app_end ] --START--
INFO: Run Behavior\ShowPageTraceBehavior [ RunTime:0.000553s ]
INFO: [ app_end ] --END-- [ RunTime:0.000626s ]

[ 2018-08-15T16:44:13+08:00 ] 127.0.0.1 /Admin/Index/user_list.html?by_name=&by_status=1
INFO: [ app_init ] --START--
INFO: Run Behavior\BuildLiteBehavior [ RunTime:0.000019s ]
INFO: [ app_init ] --END-- [ RunTime:0.000389s ]
INFO: [ app_begin ] --START--
INFO: Run Behavior\ReadHtmlCacheBehavior [ RunTime:0.000467s ]
INFO: [ app_begin ] --END-- [ RunTime:0.000564s ]
SQL: SHOW COLUMNS FROM `user` [ RunTime:0.0026s ]
NOTIC: [8] Undefined index: p D:\wamp\www\photo\App\Admin\Controller\IndexController.class.php 第 71 行.
NOTIC: [8] Undefined index: User D:\wamp\www\photo\App\Admin\Controller\IndexController.class.php 第 74 行.
SQL: SELECT COUNT(*) AS tp_count FROM `user` LIMIT 1   [ RunTime:0.0002s ]
SQL: SELECT * FROM `user` ORDER BY User_id LIMIT 0,4   [ RunTime:0.0002s ]
NOTIC: [8] Undefined index: Status D:\wamp\www\photo\App\Admin\Controller\IndexController.class.php 第 94 行.
NOTIC: [8] Undefined index:  D:\wamp\www\photo\App\Admin\Controller\IndexController.class.php 第 94 行.
NOTIC: [8] Undefined index: Role D:\wamp\www\photo\App\Admin\Controller\IndexController.class.php 第 95 行.
NOTIC: [8] Undefined index:  D:\wamp\www\photo\App\Admin\Controller\IndexController.class.php 第 95 行.
NOTIC: [8] Undefined index: Status D:\wamp\www\photo\App\Admin\Controller\IndexController.class.php 第 94 行.
NOTIC: [8] Undefined index:  D:\wamp\www\photo\App\Admin\Controller\IndexController.class.php 第 94 行.
NOTIC: [8] Undefined index: Role D:\wamp\www\photo\App\Admin\Controller\IndexController.class.php 第 95 行.
NOTIC: [8] Undefined index:  D:\wamp\www\photo\App\Admin\Controller\IndexController.class.php 第 95 行.
NOTIC: [8] Undefined index: Status D:\wamp\www\photo\App\Admin\Controller\IndexController.class.php 第 94 行.
NOTIC: [8] Undefined index:  D:\wamp\www\photo\App\Admin\Controller\IndexController.class.php 第 94 行.
NOTIC: [8] Undefined index: Role D:\wamp\www\photo\App\Admin\Controller\IndexController.class.php 第 95 行.
NOTIC: [8] Undefined index:  D:\wamp\www\photo\App\Admin\Controller\IndexController.class.php 第 95 行.
NOTIC: [8] Undefined index: Status D:\wamp\www\photo\App\Admin\Controller\IndexController.class.php 第 94 行.
NOTIC: [8] Undefined index:  D:\wamp\www\photo\App\Admin\Controller\IndexController.class.php 第 94 行.
NOTIC: [8] Undefined index: Role D:\wamp\www\photo\App\Admin\Controller\IndexController.class.php 第 95 行.
NOTIC: [8] Undefined index:  D:\wamp\www\photo\App\Admin\Controller\IndexController.class.php 第 95 行.
INFO: [ view_parse ] --START--
INFO: [ template_filter ] --START--
INFO: Run Behavior\ContentReplaceBehavior [ RunTime:0.000184s ]
INFO: [ template_filter ] --END-- [ RunTime:0.000353s ]
NOTIC: [8] Undefined index: User_id D:\wamp\www\photo\App\Runtime\Cache\Admin\d294958eb6b6b9b8702c045c73fd4bcc.php 第 99 行.
NOTIC: [8] Undefined index: User_name D:\wamp\www\photo\App\Runtime\Cache\Admin\d294958eb6b6b9b8702c045c73fd4bcc.php 第 101 行.
NOTIC: [8] Undefined index: User_id D:\wamp\www\photo\App\Runtime\Cache\Admin\d294958eb6b6b9b8702c045c73fd4bcc.php 第 99 行.
NOTIC: [8] Undefined index: User_name D:\wamp\www\photo\App\Runtime\Cache\Admin\d294958eb6b6b9b8702c045c73fd4bcc.php 第 101 行.
NOTIC: [8] Undefined index: User_id D:\wamp\www\photo\App\Runtime\Cache\Admin\d294958eb6b6b9b8702c045c73fd4bcc.php 第 99 行.
NOTIC: [8] Undefined index: User_name D:\wamp\www\photo\App\Runtime\Cache\Admin\d294958eb6b6b9b8702c045c73fd4bcc.php 第 101 行.
NOTIC: [8] Undefined index: User_id D:\wamp\www\photo\App\Runtime\Cache\Admin\d294958eb6b6b9b8702c045c73fd4bcc.php 第 99 行.
NOTIC: [8] Undefined index: User_name D:\wamp\www\photo\App\Runtime\Cache\Admin\d294958eb6b6b9b8702c045c73fd4bcc.php 第 101 行.
NOTIC: [8] Undefined index: User_id D:\wamp\www\photo\App\Runtime\Cache\Admin\d294958eb6b6b9b8702c045c73fd4bcc.php 第 112 行.
NOTIC: [8] Undefined index: User_id D:\wamp\www\photo\App\Runtime\Cache\Admin\d294958eb6b6b9b8702c045c73fd4bcc.php 第 112 行.
NOTIC: [8] Undefined index: User_id D:\wamp\www\photo\App\Runtime\Cache\Admin\d294958eb6b6b9b8702c045c73fd4bcc.php 第 112 行.
NOTIC: [8] Undefined index: User_id D:\wamp\www\photo\App\Runtime\Cache\Admin\d294958eb6b6b9b8702c045c73fd4bcc.php 第 112 行.
NOTIC: [8] Undefined index: User_id D:\wamp\www\photo\App\Runtime\Cache\Admin\d294958eb6b6b9b8702c045c73fd4bcc.php 第 117 行.
NOTIC: [8] Undefined index: Email D:\wamp\www\photo\App\Runtime\Cache\Admin\d294958eb6b6b9b8702c045c73fd4bcc.php 第 117 行.
NOTIC: [8] Undefined index: User_id D:\wamp\www\photo\App\Runtime\Cache\Admin\d294958eb6b6b9b8702c045c73fd4bcc.php 第 117 行.
NOTIC: [8] Undefined index: Email D:\wamp\www\photo\App\Runtime\Cache\Admin\d294958eb6b6b9b8702c045c73fd4bcc.php 第 117 行.
NOTIC: [8] Undefined index: User_id D:\wamp\www\photo\App\Runtime\Cache\Admin\d294958eb6b6b9b8702c045c73fd4bcc.php 第 117 行.
NOTIC: [8] Undefined index: Email D:\wamp\www\photo\App\Runtime\Cache\Admin\d294958eb6b6b9b8702c045c73fd4bcc.php 第 117 行.
NOTIC: [8] Undefined index: User_id D:\wamp\www\photo\App\Runtime\Cache\Admin\d294958eb6b6b9b8702c045c73fd4bcc.php 第 117 行.
NOTIC: [8] Undefined index: Email D:\wamp\www\photo\App\Runtime\Cache\Admin\d294958eb6b6b9b8702c045c73fd4bcc.php 第 117 行.
NOTIC: [8] Undefined index: User_id D:\wamp\www\photo\App\Runtime\Cache\Admin\d294958eb6b6b9b8702c045c73fd4bcc.php 第 121 行.
NOTIC: [8] Undefined index: User_tel D:\wamp\www\photo\App\Runtime\Cache\Admin\d294958eb6b6b9b8702c045c73fd4bcc.php 第 121 行.
NOTIC: [8] Undefined index: User_id D:\wamp\www\photo\App\Runtime\Cache\Admin\d294958eb6b6b9b8702c045c73fd4bcc.php 第 121 行.
NOTIC: [8] Undefined index: User_tel D:\wamp\www\photo\App\Runtime\Cache\Admin\d294958eb6b6b9b8702c045c73fd4bcc.php 第 121 行.
NOTIC: [8] Undefined index: User_id D:\wamp\www\photo\App\Runtime\Cache\Admin\d294958eb6b6b9b8702c045c73fd4bcc.php 第 121 行.
NOTIC: [8] Undefined index: User_tel D:\wamp\www\photo\App\Runtime\Cache\Admin\d294958eb6b6b9b8702c045c73fd4bcc.php 第 121 行.
NOTIC: [8] Undefined index: User_id D:\wamp\www\photo\App\Runtime\Cache\Admin\d294958eb6b6b9b8702c045c73fd4bcc.php 第 121 行.
NOTIC: [8] Undefined index: User_tel D:\wamp\www\photo\App\Runtime\Cache\Admin\d294958eb6b6b9b8702c045c73fd4bcc.php 第 121 行.
NOTIC: [8] Undefined index: User_id D:\wamp\www\photo\App\Runtime\Cache\Admin\d294958eb6b6b9b8702c045c73fd4bcc.php 第 125 行.
NOTIC: [8] Undefined index: User_introduction D:\wamp\www\photo\App\Runtime\Cache\Admin\d294958eb6b6b9b8702c045c73fd4bcc.php 第 125 行.
NOTIC: [8] Undefined index: User_id D:\wamp\www\photo\App\Runtime\Cache\Admin\d294958eb6b6b9b8702c045c73fd4bcc.php 第 125 行.
NOTIC: [8] Undefined index: User_introduction D:\wamp\www\photo\App\Runtime\Cache\Admin\d294958eb6b6b9b8702c045c73fd4bcc.php 第 125 行.
NOTIC: [8] Undefined index: User_id D:\wamp\www\photo\App\Runtime\Cache\Admin\d294958eb6b6b9b8702c045c73fd4bcc.php 第 125 行.
NOTIC: [8] Undefined index: User_introduction D:\wamp\www\photo\App\Runtime\Cache\Admin\d294958eb6b6b9b8702c045c73fd4bcc.php 第 125 行.
NOTIC: [8] Undefined index: User_id D:\wamp\www\photo\App\Runtime\Cache\Admin\d294958eb6b6b9b8702c045c73fd4bcc.php 第 125 行.
NOTIC: [8] Undefined index: User_introduction D:\wamp\www\photo\App\Runtime\Cache\Admin\d294958eb6b6b9b8702c045c73fd4bcc.php 第 125 行.
NOTIC: [8] Undefined index: User_id D:\wamp\www\photo\App\Runtime\Cache\Admin\d294958eb6b6b9b8702c045c73fd4bcc.php 第 129 行.
NOTIC: [8] Undefined index: User_id D:\wamp\www\photo\App\Runtime\Cache\Admin\d294958eb6b6b9b8702c045c73fd4bcc.php 第 129 行.
NOTIC: [8] Undefined index: User_id D:\wamp\www\photo\App\Runtime\Cache\Admin\d294958eb6b6b9b8702c045c73fd4bcc.php 第 129 行.
NOTIC: [8] Undefined index: User_id D:\wamp\www\photo\App\Runtime\Cache\Admin\d294958eb6b6b9b8702c045c73fd4bcc.php 第 129 行.
NOTIC: [8] Undefined index: User_id D:\wamp\www\photo\App\Runtime\Cache\Admin\d294958eb6b6b9b8702c045c73fd4bcc.php 第 133 行.
NOTIC: [8] Undefined index: User_id D:\wamp\www\photo\App\Runtime\Cache\Admin\d294958eb6b6b9b8702c045c73fd4bcc.php 第 133 行.
NOTIC: [8] Undefined index: User_id D:\wamp\www\photo\App\Runtime\Cache\Admin\d294958eb6b6b9b8702c045c73fd4bcc.php 第 133 行.
NOTIC: [8] Undefined index: User_id D:\wamp\www\photo\App\Runtime\Cache\Admin\d294958eb6b6b9b8702c045c73fd4bcc.php 第 133 行.
NOTIC: [8] Undefined index: User_id D:\wamp\www\photo\App\Runtime\Cache\Admin\d294958eb6b6b9b8702c045c73fd4bcc.php 第 139 行.
NOTIC: [8] Undefined index: User_id D:\wamp\www\photo\App\Runtime\Cache\Admin\d294958eb6b6b9b8702c045c73fd4bcc.php 第 139 行.
NOTIC: [8] Undefined index: User_id D:\wamp\www\photo\App\Runtime\Cache\Admin\d294958eb6b6b9b8702c045c73fd4bcc.php 第 139 行.
NOTIC: [8] Undefined index: User_id D:\wamp\www\photo\App\Runtime\Cache\Admin\d294958eb6b6b9b8702c045c73fd4bcc.php 第 139 行.
INFO: Run Behavior\ParseTemplateBehavior [ RunTime:0.017788s ]
INFO: [ view_parse ] --END-- [ RunTime:0.017867s ]
INFO: [ view_filter ] --START--
INFO: Run Behavior\WriteHtmlCacheBehavior [ RunTime:0.000224s ]
INFO: [ view_filter ] --END-- [ RunTime:0.000283s ]
INFO: [ app_end ] --START--
INFO: Run Behavior\ShowPageTraceBehavior [ RunTime:0.000417s ]
INFO: [ app_end ] --END-- [ RunTime:0.000483s ]

[ 2018-08-15T16:46:19+08:00 ] 127.0.0.1 /Admin/Index/user_list.html?by_name=&by_status=1
INFO: [ app_init ] --START--
INFO: Run Behavior\BuildLiteBehavior [ RunTime:0.000021s ]
INFO: [ app_init ] --END-- [ RunTime:0.000411s ]
INFO: [ app_begin ] --START--
INFO: Run Behavior\ReadHtmlCacheBehavior [ RunTime:0.000581s ]
INFO: [ app_begin ] --END-- [ RunTime:0.000667s ]
SQL: SHOW COLUMNS FROM `user` [ RunTime:0.0023s ]
NOTIC: [8] Undefined index: p D:\wamp\www\photo\App\Admin\Controller\IndexController.class.php 第 71 行.
NOTIC: [8] Undefined index: User D:\wamp\www\photo\App\Admin\Controller\IndexController.class.php 第 74 行.
SQL: SELECT COUNT(*) AS tp_count FROM `user` LIMIT 1   [ RunTime:0.0002s ]
SQL: SELECT * FROM `user` ORDER BY User_id LIMIT 0,4   [ RunTime:0.0002s ]
NOTIC: [8] Undefined index: Status D:\wamp\www\photo\App\Admin\Controller\IndexController.class.php 第 94 行.
NOTIC: [8] Undefined index:  D:\wamp\www\photo\App\Admin\Controller\IndexController.class.php 第 94 行.
NOTIC: [8] Undefined index: Role D:\wamp\www\photo\App\Admin\Controller\IndexController.class.php 第 95 行.
NOTIC: [8] Undefined index:  D:\wamp\www\photo\App\Admin\Controller\IndexController.class.php 第 95 行.
NOTIC: [8] Undefined index: Status D:\wamp\www\photo\App\Admin\Controller\IndexController.class.php 第 94 行.
NOTIC: [8] Undefined index:  D:\wamp\www\photo\App\Admin\Controller\IndexController.class.php 第 94 行.
NOTIC: [8] Undefined index: Role D:\wamp\www\photo\App\Admin\Controller\IndexController.class.php 第 95 行.
NOTIC: [8] Undefined index:  D:\wamp\www\photo\App\Admin\Controller\IndexController.class.php 第 95 行.
NOTIC: [8] Undefined index: Status D:\wamp\www\photo\App\Admin\Controller\IndexController.class.php 第 94 行.
NOTIC: [8] Undefined index:  D:\wamp\www\photo\App\Admin\Controller\IndexController.class.php 第 94 行.
NOTIC: [8] Undefined index: Role D:\wamp\www\photo\App\Admin\Controller\IndexController.class.php 第 95 行.
NOTIC: [8] Undefined index:  D:\wamp\www\photo\App\Admin\Controller\IndexController.class.php 第 95 行.
NOTIC: [8] Undefined index: Status D:\wamp\www\photo\App\Admin\Controller\IndexController.class.php 第 94 行.
NOTIC: [8] Undefined index:  D:\wamp\www\photo\App\Admin\Controller\IndexController.class.php 第 94 行.
NOTIC: [8] Undefined index: Role D:\wamp\www\photo\App\Admin\Controller\IndexController.class.php 第 95 行.
NOTIC: [8] Undefined index:  D:\wamp\www\photo\App\Admin\Controller\IndexController.class.php 第 95 行.
INFO: [ view_parse ] --START--
INFO: [ template_filter ] --START--
INFO: Run Behavior\ContentReplaceBehavior [ RunTime:0.000115s ]
INFO: [ template_filter ] --END-- [ RunTime:0.000206s ]
NOTIC: [8] Undefined index: User_name D:\wamp\www\photo\App\Runtime\Cache\Admin\d294958eb6b6b9b8702c045c73fd4bcc.php 第 101 行.
NOTIC: [8] Undefined index: face D:\wamp\www\photo\App\Runtime\Cache\Admin\d294958eb6b6b9b8702c045c73fd4bcc.php 第 103 行.
NOTIC: [8] Undefined index: User_name D:\wamp\www\photo\App\Runtime\Cache\Admin\d294958eb6b6b9b8702c045c73fd4bcc.php 第 101 行.
NOTIC: [8] Undefined index: face D:\wamp\www\photo\App\Runtime\Cache\Admin\d294958eb6b6b9b8702c045c73fd4bcc.php 第 103 行.
NOTIC: [8] Undefined index: User_name D:\wamp\www\photo\App\Runtime\Cache\Admin\d294958eb6b6b9b8702c045c73fd4bcc.php 第 101 行.
NOTIC: [8] Undefined index: face D:\wamp\www\photo\App\Runtime\Cache\Admin\d294958eb6b6b9b8702c045c73fd4bcc.php 第 103 行.
NOTIC: [8] Undefined index: User_name D:\wamp\www\photo\App\Runtime\Cache\Admin\d294958eb6b6b9b8702c045c73fd4bcc.php 第 101 行.
NOTIC: [8] Undefined index: face D:\wamp\www\photo\App\Runtime\Cache\Admin\d294958eb6b6b9b8702c045c73fd4bcc.php 第 103 行.
INFO: Run Behavior\ParseTemplateBehavior [ RunTime:0.016420s ]
INFO: [ view_parse ] --END-- [ RunTime:0.016511s ]
INFO: [ view_filter ] --START--
INFO: Run Behavior\WriteHtmlCacheBehavior [ RunTime:0.000364s ]
INFO: [ view_filter ] --END-- [ RunTime:0.000432s ]
INFO: [ app_end ] --START--
INFO: Run Behavior\ShowPageTraceBehavior [ RunTime:0.000516s ]
INFO: [ app_end ] --END-- [ RunTime:0.000586s ]

[ 2018-08-15T16:46:19+08:00 ] 127.0.0.1 /Admin/Index/user_list.html?by_name=&by_status=1
INFO: [ app_init ] --START--
INFO: Run Behavior\BuildLiteBehavior [ RunTime:0.000021s ]
INFO: [ app_init ] --END-- [ RunTime:0.000396s ]
INFO: [ app_begin ] --START--
INFO: Run Behavior\ReadHtmlCacheBehavior [ RunTime:0.000658s ]
INFO: [ app_begin ] --END-- [ RunTime:0.000738s ]
SQL: SHOW COLUMNS FROM `user` [ RunTime:0.0031s ]
NOTIC: [8] Undefined index: p D:\wamp\www\photo\App\Admin\Controller\IndexController.class.php 第 71 行.
NOTIC: [8] Undefined index: User D:\wamp\www\photo\App\Admin\Controller\IndexController.class.php 第 74 行.
SQL: SELECT COUNT(*) AS tp_count FROM `user` LIMIT 1   [ RunTime:0.0003s ]
SQL: SELECT * FROM `user` ORDER BY User_id LIMIT 0,4   [ RunTime:0.0002s ]
NOTIC: [8] Undefined index: Status D:\wamp\www\photo\App\Admin\Controller\IndexController.class.php 第 94 行.
NOTIC: [8] Undefined index:  D:\wamp\www\photo\App\Admin\Controller\IndexController.class.php 第 94 行.
NOTIC: [8] Undefined index: Role D:\wamp\www\photo\App\Admin\Controller\IndexController.class.php 第 95 行.
NOTIC: [8] Undefined index:  D:\wamp\www\photo\App\Admin\Controller\IndexController.class.php 第 95 行.
NOTIC: [8] Undefined index: Status D:\wamp\www\photo\App\Admin\Controller\IndexController.class.php 第 94 行.
NOTIC: [8] Undefined index:  D:\wamp\www\photo\App\Admin\Controller\IndexController.class.php 第 94 行.
NOTIC: [8] Undefined index: Role D:\wamp\www\photo\App\Admin\Controller\IndexController.class.php 第 95 行.
NOTIC: [8] Undefined index:  D:\wamp\www\photo\App\Admin\Controller\IndexController.class.php 第 95 行.
NOTIC: [8] Undefined index: Status D:\wamp\www\photo\App\Admin\Controller\IndexController.class.php 第 94 行.
NOTIC: [8] Undefined index:  D:\wamp\www\photo\App\Admin\Controller\IndexController.class.php 第 94 行.
NOTIC: [8] Undefined index: Role D:\wamp\www\photo\App\Admin\Controller\IndexController.class.php 第 95 行.
NOTIC: [8] Undefined index:  D:\wamp\www\photo\App\Admin\Controller\IndexController.class.php 第 95 行.
NOTIC: [8] Undefined index: Status D:\wamp\www\photo\App\Admin\Controller\IndexController.class.php 第 94 行.
NOTIC: [8] Undefined index:  D:\wamp\www\photo\App\Admin\Controller\IndexController.class.php 第 94 行.
NOTIC: [8] Undefined index: Role D:\wamp\www\photo\App\Admin\Controller\IndexController.class.php 第 95 行.
NOTIC: [8] Undefined index:  D:\wamp\www\photo\App\Admin\Controller\IndexController.class.php 第 95 行.
INFO: [ view_parse ] --START--
INFO: [ template_filter ] --START--
INFO: Run Behavior\ContentReplaceBehavior [ RunTime:0.000100s ]
INFO: [ template_filter ] --END-- [ RunTime:0.000184s ]
NOTIC: [8] Undefined index: User_name D:\wamp\www\photo\App\Runtime\Cache\Admin\d294958eb6b6b9b8702c045c73fd4bcc.php 第 101 行.
NOTIC: [8] Undefined index: face D:\wamp\www\photo\App\Runtime\Cache\Admin\d294958eb6b6b9b8702c045c73fd4bcc.php 第 103 行.
NOTIC: [8] Undefined index: User_name D:\wamp\www\photo\App\Runtime\Cache\Admin\d294958eb6b6b9b8702c045c73fd4bcc.php 第 101 行.
NOTIC: [8] Undefined index: face D:\wamp\www\photo\App\Runtime\Cache\Admin\d294958eb6b6b9b8702c045c73fd4bcc.php 第 103 行.
NOTIC: [8] Undefined index: User_name D:\wamp\www\photo\App\Runtime\Cache\Admin\d294958eb6b6b9b8702c045c73fd4bcc.php 第 101 行.
NOTIC: [8] Undefined index: face D:\wamp\www\photo\App\Runtime\Cache\Admin\d294958eb6b6b9b8702c045c73fd4bcc.php 第 103 行.
NOTIC: [8] Undefined index: User_name D:\wamp\www\photo\App\Runtime\Cache\Admin\d294958eb6b6b9b8702c045c73fd4bcc.php 第 101 行.
NOTIC: [8] Undefined index: face D:\wamp\www\photo\App\Runtime\Cache\Admin\d294958eb6b6b9b8702c045c73fd4bcc.php 第 103 行.
INFO: Run Behavior\ParseTemplateBehavior [ RunTime:0.019321s ]
INFO: [ view_parse ] --END-- [ RunTime:0.019624s ]
INFO: [ view_filter ] --START--
INFO: Run Behavior\WriteHtmlCacheBehavior [ RunTime:0.000575s ]
INFO: [ view_filter ] --END-- [ RunTime:0.000649s ]
INFO: [ app_end ] --START--
INFO: Run Behavior\ShowPageTraceBehavior [ RunTime:0.001360s ]
INFO: [ app_end ] --END-- [ RunTime:0.001446s ]

[ 2018-08-15T16:46:38+08:00 ] 127.0.0.1 /Admin/Index/user_list.html?by_name=&by_status=1
INFO: [ app_init ] --START--
INFO: Run Behavior\BuildLiteBehavior [ RunTime:0.000022s ]
INFO: [ app_init ] --END-- [ RunTime:0.000371s ]
INFO: [ app_begin ] --START--
INFO: Run Behavior\ReadHtmlCacheBehavior [ RunTime:0.001425s ]
INFO: [ app_begin ] --END-- [ RunTime:0.001658s ]
SQL: SHOW COLUMNS FROM `user` [ RunTime:0.0031s ]
NOTIC: [8] Undefined index: p D:\wamp\www\photo\App\Admin\Controller\IndexController.class.php 第 71 行.
NOTIC: [8] Undefined index: User D:\wamp\www\photo\App\Admin\Controller\IndexController.class.php 第 74 行.
SQL: SELECT COUNT(*) AS tp_count FROM `user` LIMIT 1   [ RunTime:0.0003s ]
SQL: SELECT * FROM `user` ORDER BY User_id LIMIT 0,4   [ RunTime:0.0005s ]
NOTIC: [8] Undefined index: Status D:\wamp\www\photo\App\Admin\Controller\IndexController.class.php 第 94 行.
NOTIC: [8] Undefined index:  D:\wamp\www\photo\App\Admin\Controller\IndexController.class.php 第 94 行.
NOTIC: [8] Undefined index: Role D:\wamp\www\photo\App\Admin\Controller\IndexController.class.php 第 95 行.
NOTIC: [8] Undefined index:  D:\wamp\www\photo\App\Admin\Controller\IndexController.class.php 第 95 行.
NOTIC: [8] Undefined index: Status D:\wamp\www\photo\App\Admin\Controller\IndexController.class.php 第 94 行.
NOTIC: [8] Undefined index:  D:\wamp\www\photo\App\Admin\Controller\IndexController.class.php 第 94 行.
NOTIC: [8] Undefined index: Role D:\wamp\www\photo\App\Admin\Controller\IndexController.class.php 第 95 行.
NOTIC: [8] Undefined index:  D:\wamp\www\photo\App\Admin\Controller\IndexController.class.php 第 95 行.
NOTIC: [8] Undefined index: Status D:\wamp\www\photo\App\Admin\Controller\IndexController.class.php 第 94 行.
NOTIC: [8] Undefined index:  D:\wamp\www\photo\App\Admin\Controller\IndexController.class.php 第 94 行.
NOTIC: [8] Undefined index: Role D:\wamp\www\photo\App\Admin\Controller\IndexController.class.php 第 95 行.
NOTIC: [8] Undefined index:  D:\wamp\www\photo\App\Admin\Controller\IndexController.class.php 第 95 行.
NOTIC: [8] Undefined index: Status D:\wamp\www\photo\App\Admin\Controller\IndexController.class.php 第 94 行.
NOTIC: [8] Undefined index:  D:\wamp\www\photo\App\Admin\Controller\IndexController.class.php 第 94 行.
NOTIC: [8] Undefined index: Role D:\wamp\www\photo\App\Admin\Controller\IndexController.class.php 第 95 行.
NOTIC: [8] Undefined index:  D:\wamp\www\photo\App\Admin\Controller\IndexController.class.php 第 95 行.
INFO: [ view_parse ] --START--
INFO: [ template_filter ] --START--
INFO: Run Behavior\ContentReplaceBehavior [ RunTime:0.000103s ]
INFO: [ template_filter ] --END-- [ RunTime:0.000202s ]
NOTIC: [8] Undefined index: User_name D:\wamp\www\photo\App\Runtime\Cache\Admin\d294958eb6b6b9b8702c045c73fd4bcc.php 第 101 行.
NOTIC: [8] Undefined index: User_name D:\wamp\www\photo\App\Runtime\Cache\Admin\d294958eb6b6b9b8702c045c73fd4bcc.php 第 101 行.
NOTIC: [8] Undefined index: User_name D:\wamp\www\photo\App\Runtime\Cache\Admin\d294958eb6b6b9b8702c045c73fd4bcc.php 第 101 行.
NOTIC: [8] Undefined index: User_name D:\wamp\www\photo\App\Runtime\Cache\Admin\d294958eb6b6b9b8702c045c73fd4bcc.php 第 101 行.
INFO: Run Behavior\ParseTemplateBehavior [ RunTime:0.021650s ]
INFO: [ view_parse ] --END-- [ RunTime:0.021764s ]
INFO: [ view_filter ] --START--
INFO: Run Behavior\WriteHtmlCacheBehavior [ RunTime:0.001360s ]
INFO: [ view_filter ] --END-- [ RunTime:0.001514s ]
INFO: [ app_end ] --START--
INFO: Run Behavior\ShowPageTraceBehavior [ RunTime:0.001446s ]
INFO: [ app_end ] --END-- [ RunTime:0.001767s ]

[ 2018-08-15T16:56:16+08:00 ] 127.0.0.1 /Admin/Index/user_list.html?by_name=&by_status=1
INFO: [ app_init ] --START--
INFO: Run Behavior\BuildLiteBehavior [ RunTime:0.000023s ]
INFO: [ app_init ] --END-- [ RunTime:0.000419s ]
INFO: [ app_begin ] --START--
INFO: Run Behavior\ReadHtmlCacheBehavior [ RunTime:0.000773s ]
INFO: [ app_begin ] --END-- [ RunTime:0.000853s ]
SQL: SHOW COLUMNS FROM `user` [ RunTime:0.0027s ]
NOTIC: [8] Undefined index: p D:\wamp\www\photo\App\Admin\Controller\IndexController.class.php 第 71 行.
NOTIC: [8] Undefined index: User D:\wamp\www\photo\App\Admin\Controller\IndexController.class.php 第 74 行.
SQL: SELECT COUNT(*) AS tp_count FROM `user` LIMIT 1   [ RunTime:0.0003s ]
SQL: SELECT * FROM `user` ORDER BY User_id LIMIT 0,4   [ RunTime:0.0002s ]
NOTIC: [8] Undefined index: Status D:\wamp\www\photo\App\Admin\Controller\IndexController.class.php 第 94 行.
NOTIC: [8] Undefined index:  D:\wamp\www\photo\App\Admin\Controller\IndexController.class.php 第 94 行.
NOTIC: [8] Undefined index: Role D:\wamp\www\photo\App\Admin\Controller\IndexController.class.php 第 95 行.
NOTIC: [8] Undefined index:  D:\wamp\www\photo\App\Admin\Controller\IndexController.class.php 第 95 行.
NOTIC: [8] Undefined index: Status D:\wamp\www\photo\App\Admin\Controller\IndexController.class.php 第 94 行.
NOTIC: [8] Undefined index:  D:\wamp\www\photo\App\Admin\Controller\IndexController.class.php 第 94 行.
NOTIC: [8] Undefined index: Role D:\wamp\www\photo\App\Admin\Controller\IndexController.class.php 第 95 行.
NOTIC: [8] Undefined index:  D:\wamp\www\photo\App\Admin\Controller\IndexController.class.php 第 95 行.
NOTIC: [8] Undefined index: Status D:\wamp\www\photo\App\Admin\Controller\IndexController.class.php 第 94 行.
NOTIC: [8] Undefined index:  D:\wamp\www\photo\App\Admin\Controller\IndexController.class.php 第 94 行.
NOTIC: [8] Undefined index: Role D:\wamp\www\photo\App\Admin\Controller\IndexController.class.php 第 95 行.
NOTIC: [8] Undefined index:  D:\wamp\www\photo\App\Admin\Controller\IndexController.class.php 第 95 行.
NOTIC: [8] Undefined index: Status D:\wamp\www\photo\App\Admin\Controller\IndexController.class.php 第 94 行.
NOTIC: [8] Undefined index:  D:\wamp\www\photo\App\Admin\Controller\IndexController.class.php 第 94 行.
NOTIC: [8] Undefined index: Role D:\wamp\www\photo\App\Admin\Controller\IndexController.class.php 第 95 行.
NOTIC: [8] Undefined index:  D:\wamp\www\photo\App\Admin\Controller\IndexController.class.php 第 95 行.
INFO: [ view_parse ] --START--
INFO: [ template_filter ] --START--
INFO: Run Behavior\ContentReplaceBehavior [ RunTime:0.000138s ]
INFO: [ template_filter ] --END-- [ RunTime:0.000228s ]
NOTIC: [8] Undefined index: User_name D:\wamp\www\photo\App\Runtime\Cache\Admin\d294958eb6b6b9b8702c045c73fd4bcc.php 第 115 行.
NOTIC: [8] Undefined index: User_name D:\wamp\www\photo\App\Runtime\Cache\Admin\d294958eb6b6b9b8702c045c73fd4bcc.php 第 115 行.
NOTIC: [8] Undefined index: User_name D:\wamp\www\photo\App\Runtime\Cache\Admin\d294958eb6b6b9b8702c045c73fd4bcc.php 第 115 行.
NOTIC: [8] Undefined index: User_name D:\wamp\www\photo\App\Runtime\Cache\Admin\d294958eb6b6b9b8702c045c73fd4bcc.php 第 115 行.
INFO: Run Behavior\ParseTemplateBehavior [ RunTime:0.017441s ]
INFO: [ view_parse ] --END-- [ RunTime:0.017523s ]
INFO: [ view_filter ] --START--
INFO: Run Behavior\WriteHtmlCacheBehavior [ RunTime:0.000540s ]
INFO: [ view_filter ] --END-- [ RunTime:0.000608s ]
INFO: [ app_end ] --START--
INFO: Run Behavior\ShowPageTraceBehavior [ RunTime:0.000712s ]
INFO: [ app_end ] --END-- [ RunTime:0.000778s ]

[ 2018-08-15T16:56:18+08:00 ] 127.0.0.1 /Admin/Index/album_list.html
INFO: [ app_init ] --START--
INFO: Run Behavior\BuildLiteBehavior [ RunTime:0.000023s ]
INFO: [ app_init ] --END-- [ RunTime:0.000433s ]
INFO: [ app_begin ] --START--
INFO: Run Behavior\ReadHtmlCacheBehavior [ RunTime:0.001351s ]
INFO: [ app_begin ] --END-- [ RunTime:0.001444s ]
ERR: 非法操作:album_list

