[ 2018-08-01T14:09:35+08:00 ] 127.0.0.1 /favicon.ico
INFO: [ app_init ] --START--
INFO: Run Behavior\BuildLiteBehavior [ RunTime:0.000018s ]
INFO: [ app_init ] --END-- [ RunTime:0.000335s ]
ERR: 无法加载模块:Favicon

[ 2018-08-01T14:09:50+08:00 ] 127.0.0.1 /Public/fonts/glyphicons-halflings-regular.woff2
INFO: [ app_init ] --START--
INFO: Run Behavior\BuildLiteBehavior [ RunTime:0.000024s ]
INFO: [ app_init ] --END-- [ RunTime:0.000458s ]
ERR: 无法加载模块:Public

[ 2018-08-01T14:09:50+08:00 ] 127.0.0.1 /Public/fonts/glyphicons-halflings-regular.woff
INFO: [ app_init ] --START--
INFO: Run Behavior\BuildLiteBehavior [ RunTime:0.000028s ]
INFO: [ app_init ] --END-- [ RunTime:0.000520s ]
ERR: 无法加载模块:Public

[ 2018-08-01T14:09:50+08:00 ] 127.0.0.1 /Public/fonts/fontawesome-webfont.woff2?v=4.5.0
INFO: [ app_init ] --START--
INFO: Run Behavior\BuildLiteBehavior [ RunTime:0.000032s ]
INFO: [ app_init ] --END-- [ RunTime:0.000532s ]
ERR: 无法加载模块:Public

[ 2018-08-01T14:09:50+08:00 ] 127.0.0.1 /Public/fonts/fontawesome-webfont.woff?v=4.5.0
INFO: [ app_init ] --START--
INFO: Run Behavior\BuildLiteBehavior [ RunTime:0.000019s ]
INFO: [ app_init ] --END-- [ RunTime:0.000343s ]
ERR: 无法加载模块:Public

[ 2018-08-01T16:36:38+08:00 ] 127.0.0.1 /favicon.ico
INFO: [ app_init ] --START--
INFO: Run Behavior\BuildLiteBehavior [ RunTime:0.000023s ]
INFO: [ app_init ] --END-- [ RunTime:0.000439s ]
ERR: 无法加载模块:Favicon

[ 2018-08-01T16:36:38+08:00 ] 127.0.0.1 /favicon.ico
INFO: [ app_init ] --START--
INFO: Run Behavior\BuildLiteBehavior [ RunTime:0.000023s ]
INFO: [ app_init ] --END-- [ RunTime:0.000816s ]
ERR: 无法加载模块:Favicon

[ 2018-08-01T16:36:46+08:00 ] 127.0.0.1 /Public/fonts/glyphicons-halflings-regular.woff2
INFO: [ app_init ] --START--
INFO: Run Behavior\BuildLiteBehavior [ RunTime:0.000021s ]
INFO: [ app_init ] --END-- [ RunTime:0.000413s ]
ERR: 无法加载模块:Public

[ 2018-08-01T16:36:47+08:00 ] 127.0.0.1 /Public/fonts/glyphicons-halflings-regular.woff
INFO: [ app_init ] --START--
INFO: Run Behavior\BuildLiteBehavior [ RunTime:0.000020s ]
INFO: [ app_init ] --END-- [ RunTime:0.000404s ]
ERR: 无法加载模块:Public

[ 2018-08-01T16:36:47+08:00 ] 127.0.0.1 /Public/fonts/fontawesome-webfont.woff2?v=4.5.0
INFO: [ app_init ] --START--
INFO: Run Behavior\BuildLiteBehavior [ RunTime:0.000025s ]
INFO: [ app_init ] --END-- [ RunTime:0.048359s ]
ERR: 无法加载模块:Public

[ 2018-08-01T16:36:47+08:00 ] 127.0.0.1 /Public/fonts/fontawesome-webfont.woff?v=4.5.0
INFO: [ app_init ] --START--
INFO: Run Behavior\BuildLiteBehavior [ RunTime:0.000019s ]
INFO: [ app_init ] --END-- [ RunTime:0.002659s ]
ERR: 无法加载模块:Public

